<?xml version="1.0" encoding="UTF-8"?>
<testsuites name="Flujo Completo Mov Inventario" time="338.616" tests="3" failures="1" errors="0">
   <testsuite name="Flujo Completo Mov Inventario" tests="3" failures="1" errors="0" time="338.616" timestamp="2020-02-28 12:31:00" hostname="kaizen - LAPTOP-K43U1BVQ" id="Test Suites/Funcionalidades_Pedidos/Flujo Completo Mov Inventario">
      <properties>
         <property name="deviceName" value=""/>
         <property name="devicePlatform" value=""/>
         <property name="logFolder" value="C:\\Users\\kaizen\\git\\AutomatizacionKatalon\\Reports\\20200228_123052\\Funcionalidades_Pedidos\\Flujo Completo Mov Inventario\\20200228_123052"/>
         <property name="logFiles" value="C:\\Users\\kaizen\\git\\AutomatizacionKatalon\\Reports\\20200228_123052\\Funcionalidades_Pedidos\\Flujo Completo Mov Inventario\\20200228_123052\\execution0.log"/>
         <property name="attachments" value="C:\\Users\\kaizen\\git\\AutomatizacionKatalon\\Reports\\20200228_123052\\Funcionalidades_Pedidos\\Flujo Completo Mov Inventario\\20200228_123052\\1582907792753.png, C:\\Users\\kaizen\\git\\AutomatizacionKatalon\\Reports\\20200228_123052\\Funcionalidades_Pedidos\\Flujo Completo Mov Inventario\\20200228_123052\\1582907793183.png"/>
         <property name="hostName" value="kaizen - LAPTOP-K43U1BVQ"/>
         <property name="os" value="Windows 10 64bit"/>
         <property name="katalonVersion" value="7.2.1.1"/>
         <property name="browser" value="Chrome 80.0.3987.122"/>
         <property name="hostAddress" value="192.168.99.1"/>
         <property name="sessionId" value="6ab9705890ee74d7b8b991c791335acf"/>
         <property name="seleniumVersion" value="3.141.59"/>
         <property name="proxyInformation" value="ProxyInformation{proxyOption=NO_PROXY, proxyServerType=HTTP, password=, proxyServerAddress=, proxyServerPort=0, executionList=}"/>
         <property name="platform" value="Windows 10"/>
      </properties>
      <testcase name="Test Cases/Generar_Excels_Secuencias/TC_Generar_Excel_Mov_Inventario" time="9.119" classname="Test Cases/Generar_Excels_Secuencias/TC_Generar_Excel_Mov_Inventario" status="PASSED">
         <system-out><![CDATA[2020-02-28 12:31:00 - [TEST_CASE][PASSED] - Test Cases/Generar_Excels_Secuencias/TC_Generar_Excel_Mov_Inventario: Test Cases/Generar_Excels_Secuencias/TC_Generar_Excel_Mov_Inventario

2020-02-28 12:31:00 - [TEST_STEP][PASSED] - python.ejecutarAleatoriosPython.runPython("MovimientoInventario"): python.ejecutarAleatoriosPython.runPython is PASSED

2020-02-28 12:31:09 - [MESSAGE][PASSED] - python.ejecutarAleatoriosPython.runPython is PASSED]]></system-out>
         <system-err><![CDATA[]]></system-err>
      </testcase>
      <testcase name="Test Cases/Secuencias de Ejecucion/TC_Agregar_Movimiento_Inventario" time="323.896" classname="Test Cases/Secuencias de Ejecucion/TC_Agregar_Movimiento_Inventario" status="FAILED">
         <failure type="FAILED" message="Test Cases/Secuencias de Ejecucion/TC_Agregar_Movimiento_Inventario FAILED.
Reason:
com.kms.katalon.core.exception.StepFailedException: Call Test Case 'Test Cases/Individual_Tests/Movimientos_Inventario' failed
	at com.kms.katalon.core.keyword.builtin.CallTestCaseKeyword$_callTestCase_closure1.doCall(CallTestCaseKeyword.groovy:63)
	at com.kms.katalon.core.keyword.builtin.CallTestCaseKeyword$_callTestCase_closure1.call(CallTestCaseKeyword.groovy)
	at com.kms.katalon.core.keyword.internal.KeywordMain.runKeyword(KeywordMain.groovy:68)
	at com.kms.katalon.core.keyword.builtin.CallTestCaseKeyword.callTestCase(CallTestCaseKeyword.groovy:81)
	at com.kms.katalon.core.keyword.builtin.CallTestCaseKeyword.execute(CallTestCaseKeyword.groovy:44)
	at com.kms.katalon.core.keyword.internal.KeywordExecutor.executeKeywordForPlatform(KeywordExecutor.groovy:72)
	at com.kms.katalon.core.keyword.BuiltinKeywords.callTestCase(BuiltinKeywords.groovy:334)
	at TC_Agregar_Movimiento_Inventario.run(TC_Agregar_Movimiento_Inventario:31)
	at com.kms.katalon.core.main.ScriptEngine.run(ScriptEngine.java:194)
	at com.kms.katalon.core.main.ScriptEngine.runScriptAsRawText(ScriptEngine.java:119)
	at com.kms.katalon.core.main.TestCaseExecutor.runScript(TestCaseExecutor.java:337)
	at com.kms.katalon.core.main.TestCaseExecutor.doExecute(TestCaseExecutor.java:328)
	at com.kms.katalon.core.main.TestCaseExecutor.processExecutionPhase(TestCaseExecutor.java:307)
	at com.kms.katalon.core.main.TestCaseExecutor.accessMainPhase(TestCaseExecutor.java:299)
	at com.kms.katalon.core.main.TestCaseExecutor.execute(TestCaseExecutor.java:233)
	at com.kms.katalon.core.main.TestSuiteExecutor.accessTestCaseMainPhase(TestSuiteExecutor.java:169)
	at com.kms.katalon.core.main.TestSuiteExecutor.accessTestSuiteMainPhase(TestSuiteExecutor.java:142)
	at com.kms.katalon.core.main.TestSuiteExecutor.execute(TestSuiteExecutor.java:91)
	at com.kms.katalon.core.main.TestCaseMain.startTestSuite(TestCaseMain.java:157)
	at com.kms.katalon.core.main.TestCaseMain$startTestSuite$0.call(Unknown Source)
	at TempTestSuite1582907457420.run(TempTestSuite1582907457420.groovy:36)
Caused by: com.kms.katalon.core.exception.StepFailedException: Unable to verify object 'Object Repository/Page_Index - KAIZEN/mi_btn_agregar' is present
	at com.kms.katalon.core.webui.keyword.internal.WebUIKeywordMain.stepFailed(WebUIKeywordMain.groovy:64)
	at com.kms.katalon.core.webui.keyword.internal.WebUIKeywordMain.runKeyword(WebUIKeywordMain.groovy:26)
	at com.kms.katalon.core.webui.keyword.builtin.VerifyElementPresentKeyword.verifyElementPresent(VerifyElementPresentKeyword.groovy:92)
	at com.kms.katalon.core.webui.keyword.builtin.VerifyElementPresentKeyword.execute(VerifyElementPresentKeyword.groovy:68)
	at com.kms.katalon.core.keyword.internal.KeywordExecutor.executeKeywordForPlatform(KeywordExecutor.groovy:72)
	at com.kms.katalon.core.webui.keyword.WebUiBuiltInKeywords.verifyElementPresent(WebUiBuiltInKeywords.groovy:1434)
	at com.kms.katalon.core.webui.keyword.WebUiBuiltInKeywords$verifyElementPresent$6.call(Unknown Source)
	at Movimientos_Inventario.run(Movimientos_Inventario:63)
	at com.kms.katalon.core.main.ScriptEngine.run(ScriptEngine.java:194)
	at com.kms.katalon.core.main.ScriptEngine.runScriptAsRawText(ScriptEngine.java:119)
	at com.kms.katalon.core.main.TestCaseExecutor.runScript(TestCaseExecutor.java:337)
	at com.kms.katalon.core.main.TestCaseExecutor.doExecute(TestCaseExecutor.java:328)
	at com.kms.katalon.core.main.TestCaseExecutor.processExecutionPhase(TestCaseExecutor.java:307)
	at com.kms.katalon.core.main.TestCaseExecutor.accessMainPhase(TestCaseExecutor.java:299)
	at com.kms.katalon.core.main.TestCaseExecutor.execute(TestCaseExecutor.java:233)
	at com.kms.katalon.core.main.TestCaseMain.runTestCase(TestCaseMain.java:114)
	at com.kms.katalon.core.keyword.builtin.CallTestCaseKeyword$_callTestCase_closure1.doCall(CallTestCaseKeyword.groovy:59)
	... 20 more
Caused by: com.kms.katalon.core.exception.StepFailedException: com.kms.katalon.core.webui.exception.WebElementNotFoundException: Web element with id: 'Object Repository/Page_Index - KAIZEN/mi_btn_agregar' located by 'By.xpath: //div[@id='page-wrapper']/div/div/div/a' not found
	at com.kms.katalon.core.webui.keyword.internal.WebUIKeywordMain.stepFailed(WebUIKeywordMain.groovy:64)
	at com.kms.katalon.core.webui.keyword.builtin.VerifyElementPresentKeyword$_verifyElementPresent_closure1.doCall(VerifyElementPresentKeyword.groovy:85)
	at com.kms.katalon.core.webui.keyword.builtin.VerifyElementPresentKeyword$_verifyElementPresent_closure1.call(VerifyElementPresentKeyword.groovy)
	at com.kms.katalon.core.webui.keyword.internal.WebUIKeywordMain.runKeyword(WebUIKeywordMain.groovy:20)
	... 35 more
"/>
         <system-out><![CDATA[2020-02-28 12:31:09 - [TEST_CASE][FAILED] - Test Cases/Secuencias de Ejecucion/TC_Agregar_Movimiento_Inventario: Test Cases/Secuencias de Ejecucion/TC_Agregar_Movimiento_Inventario FAILED.
Reason:
com.kms.katalon.core.exception.StepFailedException: Call Test Case 'Test Cases/Individual_Tests/Movimientos_Inventario' failed
	at com.kms.katalon.core.keyword.builtin.CallTestCaseKeyword$_callTestCase_closure1.doCall(CallTestCaseKeyword.groovy:63)
	at com.kms.katalon.core.keyword.builtin.CallTestCaseKeyword$_callTestCase_closure1.call(CallTestCaseKeyword.groovy)
	at com.kms.katalon.core.keyword.internal.KeywordMain.runKeyword(KeywordMain.groovy:68)
	at com.kms.katalon.core.keyword.builtin.CallTestCaseKeyword.callTestCase(CallTestCaseKeyword.groovy:81)
	at com.kms.katalon.core.keyword.builtin.CallTestCaseKeyword.execute(CallTestCaseKeyword.groovy:44)
	at com.kms.katalon.core.keyword.internal.KeywordExecutor.executeKeywordForPlatform(KeywordExecutor.groovy:72)
	at com.kms.katalon.core.keyword.BuiltinKeywords.callTestCase(BuiltinKeywords.groovy:334)
	at TC_Agregar_Movimiento_Inventario.run(TC_Agregar_Movimiento_Inventario:31)
	at com.kms.katalon.core.main.ScriptEngine.run(ScriptEngine.java:194)
	at com.kms.katalon.core.main.ScriptEngine.runScriptAsRawText(ScriptEngine.java:119)
	at com.kms.katalon.core.main.TestCaseExecutor.runScript(TestCaseExecutor.java:337)
	at com.kms.katalon.core.main.TestCaseExecutor.doExecute(TestCaseExecutor.java:328)
	at com.kms.katalon.core.main.TestCaseExecutor.processExecutionPhase(TestCaseExecutor.java:307)
	at com.kms.katalon.core.main.TestCaseExecutor.accessMainPhase(TestCaseExecutor.java:299)
	at com.kms.katalon.core.main.TestCaseExecutor.execute(TestCaseExecutor.java:233)
	at com.kms.katalon.core.main.TestSuiteExecutor.accessTestCaseMainPhase(TestSuiteExecutor.java:169)
	at com.kms.katalon.core.main.TestSuiteExecutor.accessTestSuiteMainPhase(TestSuiteExecutor.java:142)
	at com.kms.katalon.core.main.TestSuiteExecutor.execute(TestSuiteExecutor.java:91)
	at com.kms.katalon.core.main.TestCaseMain.startTestSuite(TestCaseMain.java:157)
	at com.kms.katalon.core.main.TestCaseMain$startTestSuite$0.call(Unknown Source)
	at TempTestSuite1582907457420.run(TempTestSuite1582907457420.groovy:36)
Caused by: com.kms.katalon.core.exception.StepFailedException: Unable to verify object 'Object Repository/Page_Index - KAIZEN/mi_btn_agregar' is present
	at com.kms.katalon.core.webui.keyword.internal.WebUIKeywordMain.stepFailed(WebUIKeywordMain.groovy:64)
	at com.kms.katalon.core.webui.keyword.internal.WebUIKeywordMain.runKeyword(WebUIKeywordMain.groovy:26)
	at com.kms.katalon.core.webui.keyword.builtin.VerifyElementPresentKeyword.verifyElementPresent(VerifyElementPresentKeyword.groovy:92)
	at com.kms.katalon.core.webui.keyword.builtin.VerifyElementPresentKeyword.execute(VerifyElementPresentKeyword.groovy:68)
	at com.kms.katalon.core.keyword.internal.KeywordExecutor.executeKeywordForPlatform(KeywordExecutor.groovy:72)
	at com.kms.katalon.core.webui.keyword.WebUiBuiltInKeywords.verifyElementPresent(WebUiBuiltInKeywords.groovy:1434)
	at com.kms.katalon.core.webui.keyword.WebUiBuiltInKeywords$verifyElementPresent$6.call(Unknown Source)
	at Movimientos_Inventario.run(Movimientos_Inventario:63)
	at com.kms.katalon.core.main.ScriptEngine.run(ScriptEngine.java:194)
	at com.kms.katalon.core.main.ScriptEngine.runScriptAsRawText(ScriptEngine.java:119)
	at com.kms.katalon.core.main.TestCaseExecutor.runScript(TestCaseExecutor.java:337)
	at com.kms.katalon.core.main.TestCaseExecutor.doExecute(TestCaseExecutor.java:328)
	at com.kms.katalon.core.main.TestCaseExecutor.processExecutionPhase(TestCaseExecutor.java:307)
	at com.kms.katalon.core.main.TestCaseExecutor.accessMainPhase(TestCaseExecutor.java:299)
	at com.kms.katalon.core.main.TestCaseExecutor.execute(TestCaseExecutor.java:233)
	at com.kms.katalon.core.main.TestCaseMain.runTestCase(TestCaseMain.java:114)
	at com.kms.katalon.core.keyword.builtin.CallTestCaseKeyword$_callTestCase_closure1.doCall(CallTestCaseKeyword.groovy:59)
	... 20 more
Caused by: com.kms.katalon.core.exception.StepFailedException: com.kms.katalon.core.webui.exception.WebElementNotFoundException: Web element with id: 'Object Repository/Page_Index - KAIZEN/mi_btn_agregar' located by 'By.xpath: //div[@id='page-wrapper']/div/div/div/a' not found
	at com.kms.katalon.core.webui.keyword.internal.WebUIKeywordMain.stepFailed(WebUIKeywordMain.groovy:64)
	at com.kms.katalon.core.webui.keyword.builtin.VerifyElementPresentKeyword$_verifyElementPresent_closure1.doCall(VerifyElementPresentKeyword.groovy:85)
	at com.kms.katalon.core.webui.keyword.builtin.VerifyElementPresentKeyword$_verifyElementPresent_closure1.call(VerifyElementPresentKeyword.groovy)
	at com.kms.katalon.core.webui.keyword.internal.WebUIKeywordMain.runKeyword(WebUIKeywordMain.groovy:20)
	... 35 more


2020-02-28 12:31:09 - [TEST_STEP][PASSED] - archivo = $RunConfiguration.getProjectDir()/Pedidos/DataExcel/MovimientoDeInventario.xlsx: null

2020-02-28 12:31:10 - [TEST_STEP][PASSED] - excelData = getExcelDataWithDefaultSheet(archivo, "Sheet1", true): null

2020-02-28 12:31:10 - [TEST_STEP][FAILED] - for ([Index = 1, Index <= excelData.getRowNumbers(), (Index++)]): Unable to call Test Case 'Test Cases/Individual_Tests/Movimientos_Inventario' (Root cause: com.kms.katalon.core.exception.StepFailedException: Call Test Case 'Test Cases/Individual_Tests/Movimientos_Inventario' failed
	at com.kms.katalon.core.keyword.builtin.CallTestCaseKeyword$_callTestCase_closure1.doCall(CallTestCaseKeyword.groovy:63)
	at com.kms.katalon.core.keyword.builtin.CallTestCaseKeyword$_callTestCase_closure1.call(CallTestCaseKeyword.groovy)
	at com.kms.katalon.core.keyword.internal.KeywordMain.runKeyword(KeywordMain.groovy:68)
	at com.kms.katalon.core.keyword.builtin.CallTestCaseKeyword.callTestCase(CallTestCaseKeyword.groovy:81)
	at com.kms.katalon.core.keyword.builtin.CallTestCaseKeyword.execute(CallTestCaseKeyword.groovy:44)
	at com.kms.katalon.core.keyword.internal.KeywordExecutor.executeKeywordForPlatform(KeywordExecutor.groovy:72)
	at com.kms.katalon.core.keyword.BuiltinKeywords.callTestCase(BuiltinKeywords.groovy:334)
	at TC_Agregar_Movimiento_Inventario.run(TC_Agregar_Movimiento_Inventario:31)
	at com.kms.katalon.core.main.ScriptEngine.run(ScriptEngine.java:194)
	at com.kms.katalon.core.main.ScriptEngine.runScriptAsRawText(ScriptEngine.java:119)
	at com.kms.katalon.core.main.TestCaseExecutor.runScript(TestCaseExecutor.java:337)
	at com.kms.katalon.core.main.TestCaseExecutor.doExecute(TestCaseExecutor.java:328)
	at com.kms.katalon.core.main.TestCaseExecutor.processExecutionPhase(TestCaseExecutor.java:307)
	at com.kms.katalon.core.main.TestCaseExecutor.accessMainPhase(TestCaseExecutor.java:299)
	at com.kms.katalon.core.main.TestCaseExecutor.execute(TestCaseExecutor.java:233)
	at com.kms.katalon.core.main.TestSuiteExecutor.accessTestCaseMainPhase(TestSuiteExecutor.java:169)
	at com.kms.katalon.core.main.TestSuiteExecutor.accessTestSuiteMainPhase(TestSuiteExecutor.java:142)
	at com.kms.katalon.core.main.TestSuiteExecutor.execute(TestSuiteExecutor.java:91)
	at com.kms.katalon.core.main.TestCaseMain.startTestSuite(TestCaseMain.java:157)
	at com.kms.katalon.core.main.TestCaseMain$startTestSuite$0.call(Unknown Source)
	at TempTestSuite1582907457420.run(TempTestSuite1582907457420.groovy:36)
Caused by: com.kms.katalon.core.exception.StepFailedException: Unable to verify object 'Object Repository/Page_Index - KAIZEN/mi_btn_agregar' is present
	at com.kms.katalon.core.webui.keyword.internal.WebUIKeywordMain.stepFailed(WebUIKeywordMain.groovy:64)
	at com.kms.katalon.core.webui.keyword.internal.WebUIKeywordMain.runKeyword(WebUIKeywordMain.groovy:26)
	at com.kms.katalon.core.webui.keyword.builtin.VerifyElementPresentKeyword.verifyElementPresent(VerifyElementPresentKeyword.groovy:92)
	at com.kms.katalon.core.webui.keyword.builtin.VerifyElementPresentKeyword.execute(VerifyElementPresentKeyword.groovy:68)
	at com.kms.katalon.core.keyword.internal.KeywordExecutor.executeKeywordForPlatform(KeywordExecutor.groovy:72)
	at com.kms.katalon.core.webui.keyword.WebUiBuiltInKeywords.verifyElementPresent(WebUiBuiltInKeywords.groovy:1434)
	at com.kms.katalon.core.webui.keyword.WebUiBuiltInKeywords$verifyElementPresent$6.call(Unknown Source)
	at Movimientos_Inventario.run(Movimientos_Inventario:63)
	at com.kms.katalon.core.main.ScriptEngine.run(ScriptEngine.java:194)
	at com.kms.katalon.core.main.ScriptEngine.runScriptAsRawText(ScriptEngine.java:119)
	at com.kms.katalon.core.main.TestCaseExecutor.runScript(TestCaseExecutor.java:337)
	at com.kms.katalon.core.main.TestCaseExecutor.doExecute(TestCaseExecutor.java:328)
	at com.kms.katalon.core.main.TestCaseExecutor.processExecutionPhase(TestCaseExecutor.java:307)
	at com.kms.katalon.core.main.TestCaseExecutor.accessMainPhase(TestCaseExecutor.java:299)
	at com.kms.katalon.core.main.TestCaseExecutor.execute(TestCaseExecutor.java:233)
	at com.kms.katalon.core.main.TestCaseMain.runTestCase(TestCaseMain.java:114)
	at com.kms.katalon.core.keyword.builtin.CallTestCaseKeyword$_callTestCase_closure1.doCall(CallTestCaseKeyword.groovy:59)
	... 20 more
Caused by: com.kms.katalon.core.exception.StepFailedException: com.kms.katalon.core.webui.exception.WebElementNotFoundException: Web element with id: 'Object Repository/Page_Index - KAIZEN/mi_btn_agregar' located by 'By.xpath: //div[@id='page-wrapper']/div/div/div/a' not found
	at com.kms.katalon.core.webui.keyword.internal.WebUIKeywordMain.stepFailed(WebUIKeywordMain.groovy:64)
	at com.kms.katalon.core.webui.keyword.builtin.VerifyElementPresentKeyword$_verifyElementPresent_closure1.doCall(VerifyElementPresentKeyword.groovy:85)
	at com.kms.katalon.core.webui.keyword.builtin.VerifyElementPresentKeyword$_verifyElementPresent_closure1.call(VerifyElementPresentKeyword.groovy)
	at com.kms.katalon.core.webui.keyword.internal.WebUIKeywordMain.runKeyword(WebUIKeywordMain.groovy:20)
	... 35 more
)

2020-02-28 12:31:10 - [TEST_STEP][PASSED] - callTestCase(findTestCase("Individual_Tests/Login"), ["Evento":"MovimientoDeInventario", "Index":Index, "Usuario":"", "Contrasena":""], STOP_ON_FAILURE): Call Test Case 'Test Cases/Individual_Tests/Login' successfully

2020-02-28 12:31:10 - [TEST_CASE][PASSED] - Test Cases/Individual_Tests/Login: Test Cases/Individual_Tests/Login

2020-02-28 12:31:11 - [TEST_STEP][PASSED] - print("Evento Seleccionado: " + Evento + "
"): null

2020-02-28 12:31:11 - [TEST_STEP][PASSED] - openBrowser(Web): Browser is opened with url: 'http://test.kaizendev.net/Login/Accesar?salir=true'

2020-02-28 12:31:11 - [MESSAGE][INFO] - Starting 'Chrome' driver

2020-02-28 12:31:11 - [MESSAGE][INFO] - Action delay is set to 0 seconds

2020-02-28 12:32:09 - [MESSAGE][PASSED] - Browser is opened with url: 'http://test.kaizendev.net/Login/Accesar?salir=true'

2020-02-28 12:32:09 - [TEST_STEP][PASSED] - maximizeWindow(): Current window maximized

2020-02-28 12:32:11 - [MESSAGE][PASSED] - Current window maximized

2020-02-28 12:32:11 - [TEST_STEP][PASSED] - if (Evento == "Crear20"): null

2020-02-28 12:32:11 - [TEST_STEP][PASSED] - else if (Evento == "Crear40"): null

2020-02-28 12:32:11 - [TEST_STEP][PASSED] - else if (Evento == "Aprobar"): null

2020-02-28 12:32:11 - [TEST_STEP][PASSED] - else if (Evento == "Logistica"): null

2020-02-28 12:32:11 - [TEST_STEP][PASSED] - else if (Evento == "Produccion"): null

2020-02-28 12:32:11 - [TEST_STEP][PASSED] - else if (Evento == "Inventario"): null

2020-02-28 12:32:11 - [TEST_STEP][PASSED] - else if (Evento == "Despacho"): null

2020-02-28 12:32:11 - [TEST_STEP][PASSED] - else if (Evento == "ProductoAlmacen"): null

2020-02-28 12:32:11 - [TEST_STEP][PASSED] - else if (Evento == "MovimientoDeInventario"): Object: 'Object Repository/Page_Iniciar Sesion - KAIZEN/is_btn_ingresar_sistema' is clicked on

2020-02-28 12:32:11 - [TEST_STEP][PASSED] - data8 = obtener_excels.obtener_mov_inventario.getValuesExcelMovInventario(Index): obtener_excels.obtener_mov_inventario.getValuesExcelMovInventario is PASSED

2020-02-28 12:32:11 - [MESSAGE][PASSED] - obtener_excels.obtener_mov_inventario.getValuesExcelMovInventario is PASSED

2020-02-28 12:32:11 - [TEST_STEP][PASSED] - Usuario = data8[1]: null

2020-02-28 12:32:11 - [TEST_STEP][PASSED] - Contrasena = data8[2]: null

2020-02-28 12:32:11 - [TEST_STEP][PASSED] - setText(findTestObject("Page_Iniciar Sesion - KAIZEN/is_input_email"), Usuario): Text 'automated.test@grupokaizen.net' is set on object 'Object Repository/Page_Iniciar Sesion - KAIZEN/is_input_email'

2020-02-28 12:32:12 - [MESSAGE][PASSED] - Text 'automated.test@grupokaizen.net' is set on object 'Object Repository/Page_Iniciar Sesion - KAIZEN/is_input_email'

2020-02-28 12:32:12 - [TEST_STEP][PASSED] - setEncryptedText(findTestObject("Page_Iniciar Sesion - KAIZEN/IS_input_contrasena"), Contrasena): Text ****** has been set on object 'Object Repository/Page_Iniciar Sesion - KAIZEN/IS_input_contrasena'

2020-02-28 12:32:12 - [MESSAGE][PASSED] - Text ****** has been set on object 'Object Repository/Page_Iniciar Sesion - KAIZEN/IS_input_contrasena'

2020-02-28 12:32:12 - [TEST_STEP][PASSED] - click(findTestObject("Page_Iniciar Sesion - KAIZEN/is_btn_ingresar_sistema")): Object: 'Object Repository/Page_Iniciar Sesion - KAIZEN/is_btn_ingresar_sistema' is clicked on

2020-02-28 12:33:56 - [MESSAGE][PASSED] - Object: 'Object Repository/Page_Iniciar Sesion - KAIZEN/is_btn_ingresar_sistema' is clicked on

2020-02-28 12:33:56 - [MESSAGE][PASSED] - Call Test Case 'Test Cases/Individual_Tests/Login' successfully

2020-02-28 12:33:56 - [TEST_STEP][PASSED] - callTestCase(findTestCase("Individual_Tests/Seleccionar_Idioma"), ["Evento":"MovimientoDeInventario", "Index":Index], STOP_ON_FAILURE): Call Test Case 'Test Cases/Individual_Tests/Seleccionar_Idioma' successfully

2020-02-28 12:33:56 - [TEST_CASE][PASSED] - Test Cases/Individual_Tests/Seleccionar_Idioma: Test Cases/Individual_Tests/Seleccionar_Idioma

2020-02-28 12:33:56 - [TEST_STEP][PASSED] - Idioma = 0: null

2020-02-28 12:33:56 - [TEST_STEP][PASSED] - if (Evento == "Crear20"): null

2020-02-28 12:33:56 - [TEST_STEP][PASSED] - else if (Evento == "Crear40"): null

2020-02-28 12:33:56 - [TEST_STEP][PASSED] - else if (Evento == "Aprobar"): null

2020-02-28 12:33:56 - [TEST_STEP][PASSED] - else if (Evento == "Logistica"): null

2020-02-28 12:33:56 - [TEST_STEP][PASSED] - else if (Evento == "Produccion"): null

2020-02-28 12:33:56 - [TEST_STEP][PASSED] - else if (Evento == "Inventario"): null

2020-02-28 12:33:56 - [TEST_STEP][PASSED] - else if (Evento == "Despacho"): null

2020-02-28 12:33:56 - [TEST_STEP][PASSED] - else if (Evento == "ProductoAlmacen"): null

2020-02-28 12:33:56 - [TEST_STEP][PASSED] - else if (Evento == "MovimientoDeInventario"): null

2020-02-28 12:33:56 - [TEST_STEP][PASSED] - data7 = obtener_excels.obtener_mov_inventario.getValuesExcelMovInventario(Index): obtener_excels.obtener_mov_inventario.getValuesExcelMovInventario is PASSED

2020-02-28 12:33:56 - [MESSAGE][PASSED] - obtener_excels.obtener_mov_inventario.getValuesExcelMovInventario is PASSED

2020-02-28 12:33:56 - [TEST_STEP][PASSED] - Idioma = data7[0]: null

2020-02-28 12:33:56 - [TEST_STEP][PASSED] - click(findTestObject("Page_- KAIZEN/si_btn_idioma")): Object: 'Object Repository/Page_- KAIZEN/si_btn_idioma' is clicked on

2020-02-28 12:33:57 - [MESSAGE][PASSED] - Object: 'Object Repository/Page_- KAIZEN/si_btn_idioma' is clicked on

2020-02-28 12:33:57 - [TEST_STEP][PASSED] - if (Idioma == "0"): null

2020-02-28 12:33:57 - [TEST_STEP][PASSED] - else: Object: 'Object Repository/Page_- KAIZEN/si_Spanish' is clicked on

2020-02-28 12:33:57 - [TEST_STEP][PASSED] - click(findTestObject("Page_- KAIZEN/si_Spanish")): Object: 'Object Repository/Page_- KAIZEN/si_Spanish' is clicked on

2020-02-28 12:33:59 - [MESSAGE][PASSED] - Object: 'Object Repository/Page_- KAIZEN/si_Spanish' is clicked on

2020-02-28 12:33:59 - [MESSAGE][PASSED] - Call Test Case 'Test Cases/Individual_Tests/Seleccionar_Idioma' successfully

2020-02-28 12:33:59 - [TEST_STEP][PASSED] - callTestCase(findTestCase("Individual_Tests/Movimientos_Inventario"), ["Index":Index], STOP_ON_FAILURE): Call Test Case 'Test Cases/Individual_Tests/Movimientos_Inventario' successfully

2020-02-28 12:33:59 - [TEST_CASE][PASSED] - Test Cases/Individual_Tests/Movimientos_Inventario: Test Cases/Individual_Tests/Movimientos_Inventario

2020-02-28 12:33:59 - [TEST_STEP][PASSED] - data = obtener_excels.obtener_mov_inventario.getValuesExcelMovInventario(Index): obtener_excels.obtener_mov_inventario.getValuesExcelMovInventario is PASSED

2020-02-28 12:34:00 - [MESSAGE][PASSED] - obtener_excels.obtener_mov_inventario.getValuesExcelMovInventario is PASSED

2020-02-28 12:34:00 - [TEST_STEP][PASSED] - concepto = data[3]: null

2020-02-28 12:34:00 - [TEST_STEP][PASSED] - motivo = data[4]: null

2020-02-28 12:34:00 - [TEST_STEP][PASSED] - codProducto = data[5]: null

2020-02-28 12:34:00 - [TEST_STEP][PASSED] - IdAlmacen1 = data[9]: null

2020-02-28 12:34:00 - [TEST_STEP][PASSED] - IdAlmacen2 = data[11]: null

2020-02-28 12:34:00 - [TEST_STEP][PASSED] - cantidad = data[13]: null

2020-02-28 12:34:00 - [TEST_STEP][PASSED] - click(findTestObject("Object Repository/Page_- KAIZEN/mi_menu_Pedidos")): Object: 'Object Repository/Page_- KAIZEN/mi_menu_Pedidos' is clicked on

2020-02-28 12:34:00 - [MESSAGE][PASSED] - Object: 'Object Repository/Page_- KAIZEN/mi_menu_Pedidos' is clicked on

2020-02-28 12:34:00 - [TEST_STEP][PASSED] - click(findTestObject("Object Repository/Page_- KAIZEN/mi_menu_Inventario")): Object: 'Object Repository/Page_- KAIZEN/mi_menu_Inventario' is clicked on

2020-02-28 12:34:01 - [MESSAGE][PASSED] - Object: 'Object Repository/Page_- KAIZEN/mi_menu_Inventario' is clicked on

2020-02-28 12:34:01 - [TEST_STEP][PASSED] - click(findTestObject("Object Repository/Page_- KAIZEN/mi_menu_Movimientos")): Object: 'Object Repository/Page_- KAIZEN/mi_menu_Movimientos' is clicked on

2020-02-28 12:34:07 - [MESSAGE][PASSED] - Object: 'Object Repository/Page_- KAIZEN/mi_menu_Movimientos' is clicked on

2020-02-28 12:34:07 - [TEST_STEP][PASSED] - click(findTestObject("Object Repository/Page_Index - KAIZEN/mi_btn_agregar")): Object: 'Object Repository/Page_Index - KAIZEN/mi_btn_agregar' is clicked on

2020-02-28 12:34:17 - [MESSAGE][PASSED] - Object: 'Object Repository/Page_Index - KAIZEN/mi_btn_agregar' is clicked on

2020-02-28 12:34:17 - [TEST_STEP][PASSED] - selectOptionByValue(findTestObject("Object Repository/Page_Create - KAIZEN/mi_select_concepto"), concepto, true): All options with value 'EntradaDeMercancias' are selected in object 'Object Repository/Page_Create - KAIZEN/mi_select_concepto'  using regular expression

2020-02-28 12:34:20 - [MESSAGE][PASSED] - All options with value 'EntradaDeMercancias' are selected in object 'Object Repository/Page_Create - KAIZEN/mi_select_concepto'  using regular expression

2020-02-28 12:34:20 - [TEST_STEP][PASSED] - selectOptionByValue(findTestObject("Object Repository/Page_Create - KAIZEN/mi_select_motivo"), motivo, true): All options with value 'CompraProductos' are selected in object 'Object Repository/Page_Create - KAIZEN/mi_select_motivo'  using regular expression

2020-02-28 12:34:21 - [MESSAGE][PASSED] - All options with value 'CompraProductos' are selected in object 'Object Repository/Page_Create - KAIZEN/mi_select_motivo'  using regular expression

2020-02-28 12:34:21 - [TEST_STEP][PASSED] - click(findTestObject("Object Repository/Page_Create - KAIZEN/mi_select_buscar_Producto")): Object: 'Object Repository/Page_Create - KAIZEN/mi_select_buscar_Producto' is clicked on

2020-02-28 12:34:22 - [MESSAGE][PASSED] - Object: 'Object Repository/Page_Create - KAIZEN/mi_select_buscar_Producto' is clicked on

2020-02-28 12:34:22 - [TEST_STEP][PASSED] - setText(findTestObject("Object Repository/Page_Create - KAIZEN/mi_assing_producto"), codProducto): Text '9511-101-140' is set on object 'Object Repository/Page_Create - KAIZEN/mi_assing_producto'

2020-02-28 12:34:23 - [MESSAGE][PASSED] - Text '9511-101-140' is set on object 'Object Repository/Page_Create - KAIZEN/mi_assing_producto'

2020-02-28 12:34:23 - [TEST_STEP][PASSED] - sendKeys(findTestObject("Object Repository/Page_Create - KAIZEN/mi_assing_producto"), Keys.chord(ENTER)): Keys 'ENTER + ' sent to object: 'Object Repository/Page_Create - KAIZEN/mi_assing_producto'

2020-02-28 12:34:23 - [MESSAGE][PASSED] - Keys 'ENTER + ' sent to object: 'Object Repository/Page_Create - KAIZEN/mi_assing_producto'

2020-02-28 12:34:24 - [TEST_STEP][PASSED] - setText(findTestObject("Object Repository/Page_Create - KAIZEN/mi_assing_cantidad"), cantidad): Text '116' is set on object 'Object Repository/Page_Create - KAIZEN/mi_assing_cantidad'

2020-02-28 12:34:24 - [MESSAGE][PASSED] - Text '116' is set on object 'Object Repository/Page_Create - KAIZEN/mi_assing_cantidad'

2020-02-28 12:34:24 - [TEST_STEP][PASSED] - if (motivo == "EntradaPorFabricacion"): null

2020-02-28 12:34:24 - [TEST_STEP][PASSED] - else: Object 'Object Repository/Page_Index - KAIZEN/mi_btn_agregar' is present

2020-02-28 12:34:24 - [TEST_STEP][PASSED] - selectOptionByValue(findTestObject("Object Repository/Page_Create - KAIZEN/mi_assing_almacen1"), IdAlmacen1, true): All options with value '1' are selected in object 'Object Repository/Page_Create - KAIZEN/mi_assing_almacen1'  using regular expression

2020-02-28 12:34:28 - [MESSAGE][PASSED] - All options with value '1' are selected in object 'Object Repository/Page_Create - KAIZEN/mi_assing_almacen1'  using regular expression

2020-02-28 12:34:28 - [TEST_STEP][PASSED] - if (concepto == "TransferenciaDeMercancias"): null

2020-02-28 12:34:28 - [TEST_STEP][PASSED] - else: Object 'Object Repository/Page_Index - KAIZEN/mi_btn_agregar' is present

2020-02-28 12:34:28 - [TEST_STEP][PASSED] - click(findTestObject("Object Repository/Page_Create - KAIZEN/mi_btn_Guardar")): Object: 'Object Repository/Page_Create - KAIZEN/mi_btn_Guardar' is clicked on

2020-02-28 12:34:33 - [MESSAGE][PASSED] - Object: 'Object Repository/Page_Create - KAIZEN/mi_btn_Guardar' is clicked on

2020-02-28 12:34:33 - [TEST_STEP][PASSED] - verifyElementPresent(findTestObject("Object Repository/Page_Index - KAIZEN/mi_btn_agregar"), 5): Object 'Object Repository/Page_Index - KAIZEN/mi_btn_agregar' is present

2020-02-28 12:34:35 - [MESSAGE][PASSED] - Object 'Object Repository/Page_Index - KAIZEN/mi_btn_agregar' is present

2020-02-28 12:34:35 - [MESSAGE][PASSED] - Call Test Case 'Test Cases/Individual_Tests/Movimientos_Inventario' successfully

2020-02-28 12:34:35 - [TEST_STEP][PASSED] - callTestCase(findTestCase("Individual_Tests/Login"), ["Evento":"MovimientoDeInventario", "Index":Index, "Usuario":"", "Contrasena":""], STOP_ON_FAILURE): Call Test Case 'Test Cases/Individual_Tests/Login' successfully

2020-02-28 12:34:35 - [TEST_CASE][PASSED] - Test Cases/Individual_Tests/Login: Test Cases/Individual_Tests/Login

2020-02-28 12:34:35 - [TEST_STEP][PASSED] - print("Evento Seleccionado: " + Evento + "
"): null

2020-02-28 12:34:35 - [TEST_STEP][PASSED] - openBrowser(Web): Browser is opened with url: 'http://test.kaizendev.net/Login/Accesar?salir=true'

2020-02-28 12:34:35 - [MESSAGE][WARNING] - A browser is already opened. Closing browser and opening a new one

2020-02-28 12:34:36 - [MESSAGE][INFO] - Starting 'Chrome' driver

2020-02-28 12:34:57 - [MESSAGE][PASSED] - Browser is opened with url: 'http://test.kaizendev.net/Login/Accesar?salir=true'

2020-02-28 12:34:57 - [TEST_STEP][PASSED] - maximizeWindow(): Current window maximized

2020-02-28 12:34:58 - [MESSAGE][PASSED] - Current window maximized

2020-02-28 12:34:58 - [TEST_STEP][PASSED] - if (Evento == "Crear20"): null

2020-02-28 12:34:58 - [TEST_STEP][PASSED] - else if (Evento == "Crear40"): null

2020-02-28 12:34:58 - [TEST_STEP][PASSED] - else if (Evento == "Aprobar"): null

2020-02-28 12:34:58 - [TEST_STEP][PASSED] - else if (Evento == "Logistica"): null

2020-02-28 12:34:58 - [TEST_STEP][PASSED] - else if (Evento == "Produccion"): null

2020-02-28 12:34:58 - [TEST_STEP][PASSED] - else if (Evento == "Inventario"): null

2020-02-28 12:34:58 - [TEST_STEP][PASSED] - else if (Evento == "Despacho"): null

2020-02-28 12:34:58 - [TEST_STEP][PASSED] - else if (Evento == "ProductoAlmacen"): null

2020-02-28 12:34:58 - [TEST_STEP][PASSED] - else if (Evento == "MovimientoDeInventario"): Object: 'Object Repository/Page_Iniciar Sesion - KAIZEN/is_btn_ingresar_sistema' is clicked on

2020-02-28 12:34:58 - [TEST_STEP][PASSED] - data8 = obtener_excels.obtener_mov_inventario.getValuesExcelMovInventario(Index): obtener_excels.obtener_mov_inventario.getValuesExcelMovInventario is PASSED

2020-02-28 12:34:58 - [MESSAGE][PASSED] - obtener_excels.obtener_mov_inventario.getValuesExcelMovInventario is PASSED

2020-02-28 12:34:58 - [TEST_STEP][PASSED] - Usuario = data8[1]: null

2020-02-28 12:34:58 - [TEST_STEP][PASSED] - Contrasena = data8[2]: null

2020-02-28 12:34:58 - [TEST_STEP][PASSED] - setText(findTestObject("Page_Iniciar Sesion - KAIZEN/is_input_email"), Usuario): Text 'automated.test@grupokaizen.net' is set on object 'Object Repository/Page_Iniciar Sesion - KAIZEN/is_input_email'

2020-02-28 12:34:59 - [MESSAGE][PASSED] - Text 'automated.test@grupokaizen.net' is set on object 'Object Repository/Page_Iniciar Sesion - KAIZEN/is_input_email'

2020-02-28 12:34:59 - [TEST_STEP][PASSED] - setEncryptedText(findTestObject("Page_Iniciar Sesion - KAIZEN/IS_input_contrasena"), Contrasena): Text ****** has been set on object 'Object Repository/Page_Iniciar Sesion - KAIZEN/IS_input_contrasena'

2020-02-28 12:35:00 - [MESSAGE][PASSED] - Text ****** has been set on object 'Object Repository/Page_Iniciar Sesion - KAIZEN/IS_input_contrasena'

2020-02-28 12:35:00 - [TEST_STEP][PASSED] - click(findTestObject("Page_Iniciar Sesion - KAIZEN/is_btn_ingresar_sistema")): Object: 'Object Repository/Page_Iniciar Sesion - KAIZEN/is_btn_ingresar_sistema' is clicked on

2020-02-28 12:35:04 - [MESSAGE][PASSED] - Object: 'Object Repository/Page_Iniciar Sesion - KAIZEN/is_btn_ingresar_sistema' is clicked on

2020-02-28 12:35:04 - [MESSAGE][PASSED] - Call Test Case 'Test Cases/Individual_Tests/Login' successfully

2020-02-28 12:35:04 - [TEST_STEP][PASSED] - callTestCase(findTestCase("Individual_Tests/Seleccionar_Idioma"), ["Evento":"MovimientoDeInventario", "Index":Index], STOP_ON_FAILURE): Call Test Case 'Test Cases/Individual_Tests/Seleccionar_Idioma' successfully

2020-02-28 12:35:04 - [TEST_CASE][PASSED] - Test Cases/Individual_Tests/Seleccionar_Idioma: Test Cases/Individual_Tests/Seleccionar_Idioma

2020-02-28 12:35:04 - [TEST_STEP][PASSED] - Idioma = 0: null

2020-02-28 12:35:04 - [TEST_STEP][PASSED] - if (Evento == "Crear20"): null

2020-02-28 12:35:04 - [TEST_STEP][PASSED] - else if (Evento == "Crear40"): null

2020-02-28 12:35:04 - [TEST_STEP][PASSED] - else if (Evento == "Aprobar"): null

2020-02-28 12:35:04 - [TEST_STEP][PASSED] - else if (Evento == "Logistica"): null

2020-02-28 12:35:04 - [TEST_STEP][PASSED] - else if (Evento == "Produccion"): null

2020-02-28 12:35:04 - [TEST_STEP][PASSED] - else if (Evento == "Inventario"): null

2020-02-28 12:35:04 - [TEST_STEP][PASSED] - else if (Evento == "Despacho"): null

2020-02-28 12:35:04 - [TEST_STEP][PASSED] - else if (Evento == "ProductoAlmacen"): null

2020-02-28 12:35:04 - [TEST_STEP][PASSED] - else if (Evento == "MovimientoDeInventario"): null

2020-02-28 12:35:04 - [TEST_STEP][PASSED] - data7 = obtener_excels.obtener_mov_inventario.getValuesExcelMovInventario(Index): obtener_excels.obtener_mov_inventario.getValuesExcelMovInventario is PASSED

2020-02-28 12:35:04 - [MESSAGE][PASSED] - obtener_excels.obtener_mov_inventario.getValuesExcelMovInventario is PASSED

2020-02-28 12:35:04 - [TEST_STEP][PASSED] - Idioma = data7[0]: null

2020-02-28 12:35:04 - [TEST_STEP][PASSED] - click(findTestObject("Page_- KAIZEN/si_btn_idioma")): Object: 'Object Repository/Page_- KAIZEN/si_btn_idioma' is clicked on

2020-02-28 12:35:05 - [MESSAGE][PASSED] - Object: 'Object Repository/Page_- KAIZEN/si_btn_idioma' is clicked on

2020-02-28 12:35:05 - [TEST_STEP][PASSED] - if (Idioma == "0"): null

2020-02-28 12:35:05 - [TEST_STEP][PASSED] - else: Object: 'Object Repository/Page_- KAIZEN/si_Spanish' is clicked on

2020-02-28 12:35:05 - [TEST_STEP][PASSED] - click(findTestObject("Page_- KAIZEN/si_Spanish")): Object: 'Object Repository/Page_- KAIZEN/si_Spanish' is clicked on

2020-02-28 12:35:07 - [MESSAGE][PASSED] - Object: 'Object Repository/Page_- KAIZEN/si_Spanish' is clicked on

2020-02-28 12:35:07 - [MESSAGE][PASSED] - Call Test Case 'Test Cases/Individual_Tests/Seleccionar_Idioma' successfully

2020-02-28 12:35:07 - [TEST_STEP][PASSED] - callTestCase(findTestCase("Individual_Tests/Movimientos_Inventario"), ["Index":Index], STOP_ON_FAILURE): Call Test Case 'Test Cases/Individual_Tests/Movimientos_Inventario' successfully

2020-02-28 12:35:08 - [TEST_CASE][PASSED] - Test Cases/Individual_Tests/Movimientos_Inventario: Test Cases/Individual_Tests/Movimientos_Inventario

2020-02-28 12:35:08 - [TEST_STEP][PASSED] - data = obtener_excels.obtener_mov_inventario.getValuesExcelMovInventario(Index): obtener_excels.obtener_mov_inventario.getValuesExcelMovInventario is PASSED

2020-02-28 12:35:08 - [MESSAGE][PASSED] - obtener_excels.obtener_mov_inventario.getValuesExcelMovInventario is PASSED

2020-02-28 12:35:08 - [TEST_STEP][PASSED] - concepto = data[3]: null

2020-02-28 12:35:08 - [TEST_STEP][PASSED] - motivo = data[4]: null

2020-02-28 12:35:08 - [TEST_STEP][PASSED] - codProducto = data[5]: null

2020-02-28 12:35:08 - [TEST_STEP][PASSED] - IdAlmacen1 = data[9]: null

2020-02-28 12:35:08 - [TEST_STEP][PASSED] - IdAlmacen2 = data[11]: null

2020-02-28 12:35:08 - [TEST_STEP][PASSED] - cantidad = data[13]: null

2020-02-28 12:35:08 - [TEST_STEP][PASSED] - click(findTestObject("Object Repository/Page_- KAIZEN/mi_menu_Pedidos")): Object: 'Object Repository/Page_- KAIZEN/mi_menu_Pedidos' is clicked on

2020-02-28 12:35:08 - [MESSAGE][PASSED] - Object: 'Object Repository/Page_- KAIZEN/mi_menu_Pedidos' is clicked on

2020-02-28 12:35:08 - [TEST_STEP][PASSED] - click(findTestObject("Object Repository/Page_- KAIZEN/mi_menu_Inventario")): Object: 'Object Repository/Page_- KAIZEN/mi_menu_Inventario' is clicked on

2020-02-28 12:35:09 - [MESSAGE][PASSED] - Object: 'Object Repository/Page_- KAIZEN/mi_menu_Inventario' is clicked on

2020-02-28 12:35:09 - [TEST_STEP][PASSED] - click(findTestObject("Object Repository/Page_- KAIZEN/mi_menu_Movimientos")): Object: 'Object Repository/Page_- KAIZEN/mi_menu_Movimientos' is clicked on

2020-02-28 12:35:11 - [MESSAGE][PASSED] - Object: 'Object Repository/Page_- KAIZEN/mi_menu_Movimientos' is clicked on

2020-02-28 12:35:11 - [TEST_STEP][PASSED] - click(findTestObject("Object Repository/Page_Index - KAIZEN/mi_btn_agregar")): Object: 'Object Repository/Page_Index - KAIZEN/mi_btn_agregar' is clicked on

2020-02-28 12:35:21 - [MESSAGE][PASSED] - Object: 'Object Repository/Page_Index - KAIZEN/mi_btn_agregar' is clicked on

2020-02-28 12:35:21 - [TEST_STEP][PASSED] - selectOptionByValue(findTestObject("Object Repository/Page_Create - KAIZEN/mi_select_concepto"), concepto, true): All options with value 'EntradaDeMercancias' are selected in object 'Object Repository/Page_Create - KAIZEN/mi_select_concepto'  using regular expression

2020-02-28 12:35:22 - [MESSAGE][PASSED] - All options with value 'EntradaDeMercancias' are selected in object 'Object Repository/Page_Create - KAIZEN/mi_select_concepto'  using regular expression

2020-02-28 12:35:22 - [TEST_STEP][PASSED] - selectOptionByValue(findTestObject("Object Repository/Page_Create - KAIZEN/mi_select_motivo"), motivo, true): All options with value 'DevolucionProducto' are selected in object 'Object Repository/Page_Create - KAIZEN/mi_select_motivo'  using regular expression

2020-02-28 12:35:24 - [MESSAGE][PASSED] - All options with value 'DevolucionProducto' are selected in object 'Object Repository/Page_Create - KAIZEN/mi_select_motivo'  using regular expression

2020-02-28 12:35:24 - [TEST_STEP][PASSED] - click(findTestObject("Object Repository/Page_Create - KAIZEN/mi_select_buscar_Producto")): Object: 'Object Repository/Page_Create - KAIZEN/mi_select_buscar_Producto' is clicked on

2020-02-28 12:35:24 - [MESSAGE][PASSED] - Object: 'Object Repository/Page_Create - KAIZEN/mi_select_buscar_Producto' is clicked on

2020-02-28 12:35:24 - [TEST_STEP][PASSED] - setText(findTestObject("Object Repository/Page_Create - KAIZEN/mi_assing_producto"), codProducto): Text '9511-202-111' is set on object 'Object Repository/Page_Create - KAIZEN/mi_assing_producto'

2020-02-28 12:35:25 - [MESSAGE][PASSED] - Text '9511-202-111' is set on object 'Object Repository/Page_Create - KAIZEN/mi_assing_producto'

2020-02-28 12:35:25 - [TEST_STEP][PASSED] - sendKeys(findTestObject("Object Repository/Page_Create - KAIZEN/mi_assing_producto"), Keys.chord(ENTER)): Keys 'ENTER + ' sent to object: 'Object Repository/Page_Create - KAIZEN/mi_assing_producto'

2020-02-28 12:35:26 - [MESSAGE][PASSED] - Keys 'ENTER + ' sent to object: 'Object Repository/Page_Create - KAIZEN/mi_assing_producto'

2020-02-28 12:35:26 - [TEST_STEP][PASSED] - setText(findTestObject("Object Repository/Page_Create - KAIZEN/mi_assing_cantidad"), cantidad): Text '1' is set on object 'Object Repository/Page_Create - KAIZEN/mi_assing_cantidad'

2020-02-28 12:35:26 - [MESSAGE][PASSED] - Text '1' is set on object 'Object Repository/Page_Create - KAIZEN/mi_assing_cantidad'

2020-02-28 12:35:26 - [TEST_STEP][PASSED] - if (motivo == "EntradaPorFabricacion"): null

2020-02-28 12:35:26 - [TEST_STEP][PASSED] - else: Object 'Object Repository/Page_Index - KAIZEN/mi_btn_agregar' is present

2020-02-28 12:35:26 - [TEST_STEP][PASSED] - selectOptionByValue(findTestObject("Object Repository/Page_Create - KAIZEN/mi_assing_almacen1"), IdAlmacen1, true): All options with value '1' are selected in object 'Object Repository/Page_Create - KAIZEN/mi_assing_almacen1'  using regular expression

2020-02-28 12:35:28 - [MESSAGE][PASSED] - All options with value '1' are selected in object 'Object Repository/Page_Create - KAIZEN/mi_assing_almacen1'  using regular expression

2020-02-28 12:35:28 - [TEST_STEP][PASSED] - if (concepto == "TransferenciaDeMercancias"): null

2020-02-28 12:35:28 - [TEST_STEP][PASSED] - else: Object 'Object Repository/Page_Index - KAIZEN/mi_btn_agregar' is present

2020-02-28 12:35:28 - [TEST_STEP][PASSED] - click(findTestObject("Object Repository/Page_Create - KAIZEN/mi_btn_Guardar")): Object: 'Object Repository/Page_Create - KAIZEN/mi_btn_Guardar' is clicked on

2020-02-28 12:35:37 - [MESSAGE][PASSED] - Object: 'Object Repository/Page_Create - KAIZEN/mi_btn_Guardar' is clicked on

2020-02-28 12:35:37 - [TEST_STEP][PASSED] - verifyElementPresent(findTestObject("Object Repository/Page_Index - KAIZEN/mi_btn_agregar"), 5): Object 'Object Repository/Page_Index - KAIZEN/mi_btn_agregar' is present

2020-02-28 12:35:38 - [MESSAGE][PASSED] - Object 'Object Repository/Page_Index - KAIZEN/mi_btn_agregar' is present

2020-02-28 12:35:38 - [MESSAGE][PASSED] - Call Test Case 'Test Cases/Individual_Tests/Movimientos_Inventario' successfully

2020-02-28 12:35:38 - [TEST_STEP][PASSED] - callTestCase(findTestCase("Individual_Tests/Login"), ["Evento":"MovimientoDeInventario", "Index":Index, "Usuario":"", "Contrasena":""], STOP_ON_FAILURE): Call Test Case 'Test Cases/Individual_Tests/Login' successfully

2020-02-28 12:35:38 - [TEST_CASE][PASSED] - Test Cases/Individual_Tests/Login: Test Cases/Individual_Tests/Login

2020-02-28 12:35:38 - [TEST_STEP][PASSED] - print("Evento Seleccionado: " + Evento + "
"): null

2020-02-28 12:35:38 - [TEST_STEP][PASSED] - openBrowser(Web): Browser is opened with url: 'http://test.kaizendev.net/Login/Accesar?salir=true'

2020-02-28 12:35:38 - [MESSAGE][WARNING] - A browser is already opened. Closing browser and opening a new one

2020-02-28 12:35:38 - [MESSAGE][INFO] - Starting 'Chrome' driver

2020-02-28 12:35:51 - [MESSAGE][PASSED] - Browser is opened with url: 'http://test.kaizendev.net/Login/Accesar?salir=true'

2020-02-28 12:35:51 - [TEST_STEP][PASSED] - maximizeWindow(): Current window maximized

2020-02-28 12:35:52 - [MESSAGE][PASSED] - Current window maximized

2020-02-28 12:35:52 - [TEST_STEP][PASSED] - if (Evento == "Crear20"): null

2020-02-28 12:35:52 - [TEST_STEP][PASSED] - else if (Evento == "Crear40"): null

2020-02-28 12:35:52 - [TEST_STEP][PASSED] - else if (Evento == "Aprobar"): null

2020-02-28 12:35:52 - [TEST_STEP][PASSED] - else if (Evento == "Logistica"): null

2020-02-28 12:35:52 - [TEST_STEP][PASSED] - else if (Evento == "Produccion"): null

2020-02-28 12:35:52 - [TEST_STEP][PASSED] - else if (Evento == "Inventario"): null

2020-02-28 12:35:52 - [TEST_STEP][PASSED] - else if (Evento == "Despacho"): null

2020-02-28 12:35:52 - [TEST_STEP][PASSED] - else if (Evento == "ProductoAlmacen"): null

2020-02-28 12:35:52 - [TEST_STEP][PASSED] - else if (Evento == "MovimientoDeInventario"): Object: 'Object Repository/Page_Iniciar Sesion - KAIZEN/is_btn_ingresar_sistema' is clicked on

2020-02-28 12:35:52 - [TEST_STEP][PASSED] - data8 = obtener_excels.obtener_mov_inventario.getValuesExcelMovInventario(Index): obtener_excels.obtener_mov_inventario.getValuesExcelMovInventario is PASSED

2020-02-28 12:35:52 - [MESSAGE][PASSED] - obtener_excels.obtener_mov_inventario.getValuesExcelMovInventario is PASSED

2020-02-28 12:35:52 - [TEST_STEP][PASSED] - Usuario = data8[1]: null

2020-02-28 12:35:52 - [TEST_STEP][PASSED] - Contrasena = data8[2]: null

2020-02-28 12:35:52 - [TEST_STEP][PASSED] - setText(findTestObject("Page_Iniciar Sesion - KAIZEN/is_input_email"), Usuario): Text 'automated.test@grupokaizen.net' is set on object 'Object Repository/Page_Iniciar Sesion - KAIZEN/is_input_email'

2020-02-28 12:35:53 - [MESSAGE][PASSED] - Text 'automated.test@grupokaizen.net' is set on object 'Object Repository/Page_Iniciar Sesion - KAIZEN/is_input_email'

2020-02-28 12:35:53 - [TEST_STEP][PASSED] - setEncryptedText(findTestObject("Page_Iniciar Sesion - KAIZEN/IS_input_contrasena"), Contrasena): Text ****** has been set on object 'Object Repository/Page_Iniciar Sesion - KAIZEN/IS_input_contrasena'

2020-02-28 12:35:54 - [MESSAGE][PASSED] - Text ****** has been set on object 'Object Repository/Page_Iniciar Sesion - KAIZEN/IS_input_contrasena'

2020-02-28 12:35:54 - [TEST_STEP][PASSED] - click(findTestObject("Page_Iniciar Sesion - KAIZEN/is_btn_ingresar_sistema")): Object: 'Object Repository/Page_Iniciar Sesion - KAIZEN/is_btn_ingresar_sistema' is clicked on

2020-02-28 12:35:56 - [MESSAGE][PASSED] - Object: 'Object Repository/Page_Iniciar Sesion - KAIZEN/is_btn_ingresar_sistema' is clicked on

2020-02-28 12:35:56 - [MESSAGE][PASSED] - Call Test Case 'Test Cases/Individual_Tests/Login' successfully

2020-02-28 12:35:56 - [TEST_STEP][PASSED] - callTestCase(findTestCase("Individual_Tests/Seleccionar_Idioma"), ["Evento":"MovimientoDeInventario", "Index":Index], STOP_ON_FAILURE): Call Test Case 'Test Cases/Individual_Tests/Seleccionar_Idioma' successfully

2020-02-28 12:35:56 - [TEST_CASE][PASSED] - Test Cases/Individual_Tests/Seleccionar_Idioma: Test Cases/Individual_Tests/Seleccionar_Idioma

2020-02-28 12:35:56 - [TEST_STEP][PASSED] - Idioma = 0: null

2020-02-28 12:35:56 - [TEST_STEP][PASSED] - if (Evento == "Crear20"): null

2020-02-28 12:35:56 - [TEST_STEP][PASSED] - else if (Evento == "Crear40"): null

2020-02-28 12:35:56 - [TEST_STEP][PASSED] - else if (Evento == "Aprobar"): null

2020-02-28 12:35:56 - [TEST_STEP][PASSED] - else if (Evento == "Logistica"): null

2020-02-28 12:35:56 - [TEST_STEP][PASSED] - else if (Evento == "Produccion"): null

2020-02-28 12:35:56 - [TEST_STEP][PASSED] - else if (Evento == "Inventario"): null

2020-02-28 12:35:56 - [TEST_STEP][PASSED] - else if (Evento == "Despacho"): null

2020-02-28 12:35:56 - [TEST_STEP][PASSED] - else if (Evento == "ProductoAlmacen"): null

2020-02-28 12:35:56 - [TEST_STEP][PASSED] - else if (Evento == "MovimientoDeInventario"): null

2020-02-28 12:35:56 - [TEST_STEP][PASSED] - data7 = obtener_excels.obtener_mov_inventario.getValuesExcelMovInventario(Index): obtener_excels.obtener_mov_inventario.getValuesExcelMovInventario is PASSED

2020-02-28 12:35:56 - [MESSAGE][PASSED] - obtener_excels.obtener_mov_inventario.getValuesExcelMovInventario is PASSED

2020-02-28 12:35:56 - [TEST_STEP][PASSED] - Idioma = data7[0]: null

2020-02-28 12:35:56 - [TEST_STEP][PASSED] - click(findTestObject("Page_- KAIZEN/si_btn_idioma")): Object: 'Object Repository/Page_- KAIZEN/si_btn_idioma' is clicked on

2020-02-28 12:35:56 - [MESSAGE][PASSED] - Object: 'Object Repository/Page_- KAIZEN/si_btn_idioma' is clicked on

2020-02-28 12:35:56 - [TEST_STEP][PASSED] - if (Idioma == "0"): null

2020-02-28 12:35:56 - [TEST_STEP][PASSED] - else: Object: 'Object Repository/Page_- KAIZEN/si_Spanish' is clicked on

2020-02-28 12:35:56 - [TEST_STEP][PASSED] - click(findTestObject("Page_- KAIZEN/si_Spanish")): Object: 'Object Repository/Page_- KAIZEN/si_Spanish' is clicked on

2020-02-28 12:35:58 - [MESSAGE][PASSED] - Object: 'Object Repository/Page_- KAIZEN/si_Spanish' is clicked on

2020-02-28 12:35:58 - [MESSAGE][PASSED] - Call Test Case 'Test Cases/Individual_Tests/Seleccionar_Idioma' successfully

2020-02-28 12:35:58 - [TEST_STEP][FAILED] - callTestCase(findTestCase("Individual_Tests/Movimientos_Inventario"), ["Index":Index], STOP_ON_FAILURE): Unable to call Test Case 'Test Cases/Individual_Tests/Movimientos_Inventario' (Root cause: com.kms.katalon.core.exception.StepFailedException: Call Test Case 'Test Cases/Individual_Tests/Movimientos_Inventario' failed
	at com.kms.katalon.core.keyword.builtin.CallTestCaseKeyword$_callTestCase_closure1.doCall(CallTestCaseKeyword.groovy:63)
	at com.kms.katalon.core.keyword.builtin.CallTestCaseKeyword$_callTestCase_closure1.call(CallTestCaseKeyword.groovy)
	at com.kms.katalon.core.keyword.internal.KeywordMain.runKeyword(KeywordMain.groovy:68)
	at com.kms.katalon.core.keyword.builtin.CallTestCaseKeyword.callTestCase(CallTestCaseKeyword.groovy:81)
	at com.kms.katalon.core.keyword.builtin.CallTestCaseKeyword.execute(CallTestCaseKeyword.groovy:44)
	at com.kms.katalon.core.keyword.internal.KeywordExecutor.executeKeywordForPlatform(KeywordExecutor.groovy:72)
	at com.kms.katalon.core.keyword.BuiltinKeywords.callTestCase(BuiltinKeywords.groovy:334)
	at TC_Agregar_Movimiento_Inventario.run(TC_Agregar_Movimiento_Inventario:31)
	at com.kms.katalon.core.main.ScriptEngine.run(ScriptEngine.java:194)
	at com.kms.katalon.core.main.ScriptEngine.runScriptAsRawText(ScriptEngine.java:119)
	at com.kms.katalon.core.main.TestCaseExecutor.runScript(TestCaseExecutor.java:337)
	at com.kms.katalon.core.main.TestCaseExecutor.doExecute(TestCaseExecutor.java:328)
	at com.kms.katalon.core.main.TestCaseExecutor.processExecutionPhase(TestCaseExecutor.java:307)
	at com.kms.katalon.core.main.TestCaseExecutor.accessMainPhase(TestCaseExecutor.java:299)
	at com.kms.katalon.core.main.TestCaseExecutor.execute(TestCaseExecutor.java:233)
	at com.kms.katalon.core.main.TestSuiteExecutor.accessTestCaseMainPhase(TestSuiteExecutor.java:169)
	at com.kms.katalon.core.main.TestSuiteExecutor.accessTestSuiteMainPhase(TestSuiteExecutor.java:142)
	at com.kms.katalon.core.main.TestSuiteExecutor.execute(TestSuiteExecutor.java:91)
	at com.kms.katalon.core.main.TestCaseMain.startTestSuite(TestCaseMain.java:157)
	at com.kms.katalon.core.main.TestCaseMain$startTestSuite$0.call(Unknown Source)
	at TempTestSuite1582907457420.run(TempTestSuite1582907457420.groovy:36)
Caused by: com.kms.katalon.core.exception.StepFailedException: Unable to verify object 'Object Repository/Page_Index - KAIZEN/mi_btn_agregar' is present
	at com.kms.katalon.core.webui.keyword.internal.WebUIKeywordMain.stepFailed(WebUIKeywordMain.groovy:64)
	at com.kms.katalon.core.webui.keyword.internal.WebUIKeywordMain.runKeyword(WebUIKeywordMain.groovy:26)
	at com.kms.katalon.core.webui.keyword.builtin.VerifyElementPresentKeyword.verifyElementPresent(VerifyElementPresentKeyword.groovy:92)
	at com.kms.katalon.core.webui.keyword.builtin.VerifyElementPresentKeyword.execute(VerifyElementPresentKeyword.groovy:68)
	at com.kms.katalon.core.keyword.internal.KeywordExecutor.executeKeywordForPlatform(KeywordExecutor.groovy:72)
	at com.kms.katalon.core.webui.keyword.WebUiBuiltInKeywords.verifyElementPresent(WebUiBuiltInKeywords.groovy:1434)
	at com.kms.katalon.core.webui.keyword.WebUiBuiltInKeywords$verifyElementPresent$6.call(Unknown Source)
	at Movimientos_Inventario.run(Movimientos_Inventario:63)
	at com.kms.katalon.core.main.ScriptEngine.run(ScriptEngine.java:194)
	at com.kms.katalon.core.main.ScriptEngine.runScriptAsRawText(ScriptEngine.java:119)
	at com.kms.katalon.core.main.TestCaseExecutor.runScript(TestCaseExecutor.java:337)
	at com.kms.katalon.core.main.TestCaseExecutor.doExecute(TestCaseExecutor.java:328)
	at com.kms.katalon.core.main.TestCaseExecutor.processExecutionPhase(TestCaseExecutor.java:307)
	at com.kms.katalon.core.main.TestCaseExecutor.accessMainPhase(TestCaseExecutor.java:299)
	at com.kms.katalon.core.main.TestCaseExecutor.execute(TestCaseExecutor.java:233)
	at com.kms.katalon.core.main.TestCaseMain.runTestCase(TestCaseMain.java:114)
	at com.kms.katalon.core.keyword.builtin.CallTestCaseKeyword$_callTestCase_closure1.doCall(CallTestCaseKeyword.groovy:59)
	... 20 more
Caused by: com.kms.katalon.core.exception.StepFailedException: com.kms.katalon.core.webui.exception.WebElementNotFoundException: Web element with id: 'Object Repository/Page_Index - KAIZEN/mi_btn_agregar' located by 'By.xpath: //div[@id='page-wrapper']/div/div/div/a' not found
	at com.kms.katalon.core.webui.keyword.internal.WebUIKeywordMain.stepFailed(WebUIKeywordMain.groovy:64)
	at com.kms.katalon.core.webui.keyword.builtin.VerifyElementPresentKeyword$_verifyElementPresent_closure1.doCall(VerifyElementPresentKeyword.groovy:85)
	at com.kms.katalon.core.webui.keyword.builtin.VerifyElementPresentKeyword$_verifyElementPresent_closure1.call(VerifyElementPresentKeyword.groovy)
	at com.kms.katalon.core.webui.keyword.internal.WebUIKeywordMain.runKeyword(WebUIKeywordMain.groovy:20)
	... 35 more
)

2020-02-28 12:35:58 - [TEST_CASE][FAILED] - Test Cases/Individual_Tests/Movimientos_Inventario: Test Cases/Individual_Tests/Movimientos_Inventario FAILED.
Reason:
com.kms.katalon.core.exception.StepFailedException: Unable to verify object 'Object Repository/Page_Index - KAIZEN/mi_btn_agregar' is present
	at com.kms.katalon.core.webui.keyword.internal.WebUIKeywordMain.stepFailed(WebUIKeywordMain.groovy:64)
	at com.kms.katalon.core.webui.keyword.internal.WebUIKeywordMain.runKeyword(WebUIKeywordMain.groovy:26)
	at com.kms.katalon.core.webui.keyword.builtin.VerifyElementPresentKeyword.verifyElementPresent(VerifyElementPresentKeyword.groovy:92)
	at com.kms.katalon.core.webui.keyword.builtin.VerifyElementPresentKeyword.execute(VerifyElementPresentKeyword.groovy:68)
	at com.kms.katalon.core.keyword.internal.KeywordExecutor.executeKeywordForPlatform(KeywordExecutor.groovy:72)
	at com.kms.katalon.core.webui.keyword.WebUiBuiltInKeywords.verifyElementPresent(WebUiBuiltInKeywords.groovy:1434)
	at com.kms.katalon.core.webui.keyword.WebUiBuiltInKeywords$verifyElementPresent$6.call(Unknown Source)
	at Movimientos_Inventario.run(Movimientos_Inventario:63)
	at com.kms.katalon.core.main.ScriptEngine.run(ScriptEngine.java:194)
	at com.kms.katalon.core.main.ScriptEngine.runScriptAsRawText(ScriptEngine.java:119)
	at com.kms.katalon.core.main.TestCaseExecutor.runScript(TestCaseExecutor.java:337)
	at com.kms.katalon.core.main.TestCaseExecutor.doExecute(TestCaseExecutor.java:328)
	at com.kms.katalon.core.main.TestCaseExecutor.processExecutionPhase(TestCaseExecutor.java:307)
	at com.kms.katalon.core.main.TestCaseExecutor.accessMainPhase(TestCaseExecutor.java:299)
	at com.kms.katalon.core.main.TestCaseExecutor.execute(TestCaseExecutor.java:233)
	at com.kms.katalon.core.main.TestCaseMain.runTestCase(TestCaseMain.java:114)
	at com.kms.katalon.core.keyword.builtin.CallTestCaseKeyword$_callTestCase_closure1.doCall(CallTestCaseKeyword.groovy:59)
	at com.kms.katalon.core.keyword.builtin.CallTestCaseKeyword$_callTestCase_closure1.call(CallTestCaseKeyword.groovy)
	at com.kms.katalon.core.keyword.internal.KeywordMain.runKeyword(KeywordMain.groovy:68)
	at com.kms.katalon.core.keyword.builtin.CallTestCaseKeyword.callTestCase(CallTestCaseKeyword.groovy:81)
	at com.kms.katalon.core.keyword.builtin.CallTestCaseKeyword.execute(CallTestCaseKeyword.groovy:44)
	at com.kms.katalon.core.keyword.internal.KeywordExecutor.executeKeywordForPlatform(KeywordExecutor.groovy:72)
	at com.kms.katalon.core.keyword.BuiltinKeywords.callTestCase(BuiltinKeywords.groovy:334)
	at TC_Agregar_Movimiento_Inventario.run(TC_Agregar_Movimiento_Inventario:31)
	at com.kms.katalon.core.main.ScriptEngine.run(ScriptEngine.java:194)
	at com.kms.katalon.core.main.ScriptEngine.runScriptAsRawText(ScriptEngine.java:119)
	at com.kms.katalon.core.main.TestCaseExecutor.runScript(TestCaseExecutor.java:337)
	at com.kms.katalon.core.main.TestCaseExecutor.doExecute(TestCaseExecutor.java:328)
	at com.kms.katalon.core.main.TestCaseExecutor.processExecutionPhase(TestCaseExecutor.java:307)
	at com.kms.katalon.core.main.TestCaseExecutor.accessMainPhase(TestCaseExecutor.java:299)
	at com.kms.katalon.core.main.TestCaseExecutor.execute(TestCaseExecutor.java:233)
	at com.kms.katalon.core.main.TestSuiteExecutor.accessTestCaseMainPhase(TestSuiteExecutor.java:169)
	at com.kms.katalon.core.main.TestSuiteExecutor.accessTestSuiteMainPhase(TestSuiteExecutor.java:142)
	at com.kms.katalon.core.main.TestSuiteExecutor.execute(TestSuiteExecutor.java:91)
	at com.kms.katalon.core.main.TestCaseMain.startTestSuite(TestCaseMain.java:157)
	at com.kms.katalon.core.main.TestCaseMain$startTestSuite$0.call(Unknown Source)
	at TempTestSuite1582907457420.run(TempTestSuite1582907457420.groovy:36)
Caused by: com.kms.katalon.core.exception.StepFailedException: com.kms.katalon.core.webui.exception.WebElementNotFoundException: Web element with id: 'Object Repository/Page_Index - KAIZEN/mi_btn_agregar' located by 'By.xpath: //div[@id='page-wrapper']/div/div/div/a' not found
	at com.kms.katalon.core.webui.keyword.internal.WebUIKeywordMain.stepFailed(WebUIKeywordMain.groovy:64)
	at com.kms.katalon.core.webui.keyword.builtin.VerifyElementPresentKeyword$_verifyElementPresent_closure1.doCall(VerifyElementPresentKeyword.groovy:85)
	at com.kms.katalon.core.webui.keyword.builtin.VerifyElementPresentKeyword$_verifyElementPresent_closure1.call(VerifyElementPresentKeyword.groovy)
	at com.kms.katalon.core.webui.keyword.internal.WebUIKeywordMain.runKeyword(WebUIKeywordMain.groovy:20)
	... 35 more


2020-02-28 12:35:58 - [TEST_STEP][PASSED] - data = obtener_excels.obtener_mov_inventario.getValuesExcelMovInventario(Index): obtener_excels.obtener_mov_inventario.getValuesExcelMovInventario is PASSED

2020-02-28 12:35:58 - [MESSAGE][PASSED] - obtener_excels.obtener_mov_inventario.getValuesExcelMovInventario is PASSED

2020-02-28 12:35:58 - [TEST_STEP][PASSED] - concepto = data[3]: null

2020-02-28 12:35:58 - [TEST_STEP][PASSED] - motivo = data[4]: null

2020-02-28 12:35:58 - [TEST_STEP][PASSED] - codProducto = data[5]: null

2020-02-28 12:35:58 - [TEST_STEP][PASSED] - IdAlmacen1 = data[9]: null

2020-02-28 12:35:58 - [TEST_STEP][PASSED] - IdAlmacen2 = data[11]: null

2020-02-28 12:35:58 - [TEST_STEP][PASSED] - cantidad = data[13]: null

2020-02-28 12:35:58 - [TEST_STEP][PASSED] - click(findTestObject("Object Repository/Page_- KAIZEN/mi_menu_Pedidos")): Object: 'Object Repository/Page_- KAIZEN/mi_menu_Pedidos' is clicked on

2020-02-28 12:35:59 - [MESSAGE][PASSED] - Object: 'Object Repository/Page_- KAIZEN/mi_menu_Pedidos' is clicked on

2020-02-28 12:35:59 - [TEST_STEP][PASSED] - click(findTestObject("Object Repository/Page_- KAIZEN/mi_menu_Inventario")): Object: 'Object Repository/Page_- KAIZEN/mi_menu_Inventario' is clicked on

2020-02-28 12:35:59 - [MESSAGE][PASSED] - Object: 'Object Repository/Page_- KAIZEN/mi_menu_Inventario' is clicked on

2020-02-28 12:35:59 - [TEST_STEP][PASSED] - click(findTestObject("Object Repository/Page_- KAIZEN/mi_menu_Movimientos")): Object: 'Object Repository/Page_- KAIZEN/mi_menu_Movimientos' is clicked on

2020-02-28 12:36:03 - [MESSAGE][PASSED] - Object: 'Object Repository/Page_- KAIZEN/mi_menu_Movimientos' is clicked on

2020-02-28 12:36:03 - [TEST_STEP][PASSED] - click(findTestObject("Object Repository/Page_Index - KAIZEN/mi_btn_agregar")): Object: 'Object Repository/Page_Index - KAIZEN/mi_btn_agregar' is clicked on

2020-02-28 12:36:15 - [MESSAGE][PASSED] - Object: 'Object Repository/Page_Index - KAIZEN/mi_btn_agregar' is clicked on

2020-02-28 12:36:15 - [TEST_STEP][PASSED] - selectOptionByValue(findTestObject("Object Repository/Page_Create - KAIZEN/mi_select_concepto"), concepto, true): All options with value 'EntradaDeMercancias' are selected in object 'Object Repository/Page_Create - KAIZEN/mi_select_concepto'  using regular expression

2020-02-28 12:36:18 - [MESSAGE][PASSED] - All options with value 'EntradaDeMercancias' are selected in object 'Object Repository/Page_Create - KAIZEN/mi_select_concepto'  using regular expression

2020-02-28 12:36:18 - [TEST_STEP][PASSED] - selectOptionByValue(findTestObject("Object Repository/Page_Create - KAIZEN/mi_select_motivo"), motivo, true): All options with value 'EntradaPorFabricacion' are selected in object 'Object Repository/Page_Create - KAIZEN/mi_select_motivo'  using regular expression

2020-02-28 12:36:19 - [MESSAGE][PASSED] - All options with value 'EntradaPorFabricacion' are selected in object 'Object Repository/Page_Create - KAIZEN/mi_select_motivo'  using regular expression

2020-02-28 12:36:19 - [TEST_STEP][PASSED] - click(findTestObject("Object Repository/Page_Create - KAIZEN/mi_select_buscar_Producto")): Object: 'Object Repository/Page_Create - KAIZEN/mi_select_buscar_Producto' is clicked on

2020-02-28 12:36:20 - [MESSAGE][PASSED] - Object: 'Object Repository/Page_Create - KAIZEN/mi_select_buscar_Producto' is clicked on

2020-02-28 12:36:20 - [TEST_STEP][PASSED] - setText(findTestObject("Object Repository/Page_Create - KAIZEN/mi_assing_producto"), codProducto): Text '9440-303-304' is set on object 'Object Repository/Page_Create - KAIZEN/mi_assing_producto'

2020-02-28 12:36:21 - [MESSAGE][PASSED] - Text '9440-303-304' is set on object 'Object Repository/Page_Create - KAIZEN/mi_assing_producto'

2020-02-28 12:36:21 - [TEST_STEP][PASSED] - sendKeys(findTestObject("Object Repository/Page_Create - KAIZEN/mi_assing_producto"), Keys.chord(ENTER)): Keys 'ENTER + ' sent to object: 'Object Repository/Page_Create - KAIZEN/mi_assing_producto'

2020-02-28 12:36:21 - [MESSAGE][PASSED] - Keys 'ENTER + ' sent to object: 'Object Repository/Page_Create - KAIZEN/mi_assing_producto'

2020-02-28 12:36:21 - [TEST_STEP][PASSED] - setText(findTestObject("Object Repository/Page_Create - KAIZEN/mi_assing_cantidad"), cantidad): Text '69085' is set on object 'Object Repository/Page_Create - KAIZEN/mi_assing_cantidad'

2020-02-28 12:36:22 - [MESSAGE][PASSED] - Text '69085' is set on object 'Object Repository/Page_Create - KAIZEN/mi_assing_cantidad'

2020-02-28 12:36:22 - [TEST_STEP][FAILED] - if (motivo == "EntradaPorFabricacion"): Unable to verify object 'Object Repository/Page_Index - KAIZEN/mi_btn_agregar' is present (Root cause: com.kms.katalon.core.exception.StepFailedException: Unable to verify object 'Object Repository/Page_Index - KAIZEN/mi_btn_agregar' is present
	at com.kms.katalon.core.webui.keyword.internal.WebUIKeywordMain.stepFailed(WebUIKeywordMain.groovy:64)
	at com.kms.katalon.core.webui.keyword.internal.WebUIKeywordMain.runKeyword(WebUIKeywordMain.groovy:26)
	at com.kms.katalon.core.webui.keyword.builtin.VerifyElementPresentKeyword.verifyElementPresent(VerifyElementPresentKeyword.groovy:92)
	at com.kms.katalon.core.webui.keyword.builtin.VerifyElementPresentKeyword.execute(VerifyElementPresentKeyword.groovy:68)
	at com.kms.katalon.core.keyword.internal.KeywordExecutor.executeKeywordForPlatform(KeywordExecutor.groovy:72)
	at com.kms.katalon.core.webui.keyword.WebUiBuiltInKeywords.verifyElementPresent(WebUiBuiltInKeywords.groovy:1434)
	at com.kms.katalon.core.webui.keyword.WebUiBuiltInKeywords$verifyElementPresent$6.call(Unknown Source)
	at Movimientos_Inventario.run(Movimientos_Inventario:63)
	at com.kms.katalon.core.main.ScriptEngine.run(ScriptEngine.java:194)
	at com.kms.katalon.core.main.ScriptEngine.runScriptAsRawText(ScriptEngine.java:119)
	at com.kms.katalon.core.main.TestCaseExecutor.runScript(TestCaseExecutor.java:337)
	at com.kms.katalon.core.main.TestCaseExecutor.doExecute(TestCaseExecutor.java:328)
	at com.kms.katalon.core.main.TestCaseExecutor.processExecutionPhase(TestCaseExecutor.java:307)
	at com.kms.katalon.core.main.TestCaseExecutor.accessMainPhase(TestCaseExecutor.java:299)
	at com.kms.katalon.core.main.TestCaseExecutor.execute(TestCaseExecutor.java:233)
	at com.kms.katalon.core.main.TestCaseMain.runTestCase(TestCaseMain.java:114)
	at com.kms.katalon.core.keyword.builtin.CallTestCaseKeyword$_callTestCase_closure1.doCall(CallTestCaseKeyword.groovy:59)
	at com.kms.katalon.core.keyword.builtin.CallTestCaseKeyword$_callTestCase_closure1.call(CallTestCaseKeyword.groovy)
	at com.kms.katalon.core.keyword.internal.KeywordMain.runKeyword(KeywordMain.groovy:68)
	at com.kms.katalon.core.keyword.builtin.CallTestCaseKeyword.callTestCase(CallTestCaseKeyword.groovy:81)
	at com.kms.katalon.core.keyword.builtin.CallTestCaseKeyword.execute(CallTestCaseKeyword.groovy:44)
	at com.kms.katalon.core.keyword.internal.KeywordExecutor.executeKeywordForPlatform(KeywordExecutor.groovy:72)
	at com.kms.katalon.core.keyword.BuiltinKeywords.callTestCase(BuiltinKeywords.groovy:334)
	at TC_Agregar_Movimiento_Inventario.run(TC_Agregar_Movimiento_Inventario:31)
	at com.kms.katalon.core.main.ScriptEngine.run(ScriptEngine.java:194)
	at com.kms.katalon.core.main.ScriptEngine.runScriptAsRawText(ScriptEngine.java:119)
	at com.kms.katalon.core.main.TestCaseExecutor.runScript(TestCaseExecutor.java:337)
	at com.kms.katalon.core.main.TestCaseExecutor.doExecute(TestCaseExecutor.java:328)
	at com.kms.katalon.core.main.TestCaseExecutor.processExecutionPhase(TestCaseExecutor.java:307)
	at com.kms.katalon.core.main.TestCaseExecutor.accessMainPhase(TestCaseExecutor.java:299)
	at com.kms.katalon.core.main.TestCaseExecutor.execute(TestCaseExecutor.java:233)
	at com.kms.katalon.core.main.TestSuiteExecutor.accessTestCaseMainPhase(TestSuiteExecutor.java:169)
	at com.kms.katalon.core.main.TestSuiteExecutor.accessTestSuiteMainPhase(TestSuiteExecutor.java:142)
	at com.kms.katalon.core.main.TestSuiteExecutor.execute(TestSuiteExecutor.java:91)
	at com.kms.katalon.core.main.TestCaseMain.startTestSuite(TestCaseMain.java:157)
	at com.kms.katalon.core.main.TestCaseMain$startTestSuite$0.call(Unknown Source)
	at TempTestSuite1582907457420.run(TempTestSuite1582907457420.groovy:36)
Caused by: com.kms.katalon.core.exception.StepFailedException: com.kms.katalon.core.webui.exception.WebElementNotFoundException: Web element with id: 'Object Repository/Page_Index - KAIZEN/mi_btn_agregar' located by 'By.xpath: //div[@id='page-wrapper']/div/div/div/a' not found
	at com.kms.katalon.core.webui.keyword.internal.WebUIKeywordMain.stepFailed(WebUIKeywordMain.groovy:64)
	at com.kms.katalon.core.webui.keyword.builtin.VerifyElementPresentKeyword$_verifyElementPresent_closure1.doCall(VerifyElementPresentKeyword.groovy:85)
	at com.kms.katalon.core.webui.keyword.builtin.VerifyElementPresentKeyword$_verifyElementPresent_closure1.call(VerifyElementPresentKeyword.groovy)
	at com.kms.katalon.core.webui.keyword.internal.WebUIKeywordMain.runKeyword(WebUIKeywordMain.groovy:20)
	... 35 more
)

2020-02-28 12:36:22 - [TEST_STEP][PASSED] - click(findTestObject("Object Repository/Page_Create - KAIZEN/mi_btn_Guardar")): Object: 'Object Repository/Page_Create - KAIZEN/mi_btn_Guardar' is clicked on

2020-02-28 12:36:24 - [MESSAGE][PASSED] - Object: 'Object Repository/Page_Create - KAIZEN/mi_btn_Guardar' is clicked on

2020-02-28 12:36:24 - [TEST_STEP][FAILED] - verifyElementPresent(findTestObject("Object Repository/Page_Index - KAIZEN/mi_btn_agregar"), 5): Unable to verify object 'Object Repository/Page_Index - KAIZEN/mi_btn_agregar' is present (Root cause: com.kms.katalon.core.exception.StepFailedException: Unable to verify object 'Object Repository/Page_Index - KAIZEN/mi_btn_agregar' is present
	at com.kms.katalon.core.webui.keyword.internal.WebUIKeywordMain.stepFailed(WebUIKeywordMain.groovy:64)
	at com.kms.katalon.core.webui.keyword.internal.WebUIKeywordMain.runKeyword(WebUIKeywordMain.groovy:26)
	at com.kms.katalon.core.webui.keyword.builtin.VerifyElementPresentKeyword.verifyElementPresent(VerifyElementPresentKeyword.groovy:92)
	at com.kms.katalon.core.webui.keyword.builtin.VerifyElementPresentKeyword.execute(VerifyElementPresentKeyword.groovy:68)
	at com.kms.katalon.core.keyword.internal.KeywordExecutor.executeKeywordForPlatform(KeywordExecutor.groovy:72)
	at com.kms.katalon.core.webui.keyword.WebUiBuiltInKeywords.verifyElementPresent(WebUiBuiltInKeywords.groovy:1434)
	at com.kms.katalon.core.webui.keyword.WebUiBuiltInKeywords$verifyElementPresent$6.call(Unknown Source)
	at Movimientos_Inventario.run(Movimientos_Inventario:63)
	at com.kms.katalon.core.main.ScriptEngine.run(ScriptEngine.java:194)
	at com.kms.katalon.core.main.ScriptEngine.runScriptAsRawText(ScriptEngine.java:119)
	at com.kms.katalon.core.main.TestCaseExecutor.runScript(TestCaseExecutor.java:337)
	at com.kms.katalon.core.main.TestCaseExecutor.doExecute(TestCaseExecutor.java:328)
	at com.kms.katalon.core.main.TestCaseExecutor.processExecutionPhase(TestCaseExecutor.java:307)
	at com.kms.katalon.core.main.TestCaseExecutor.accessMainPhase(TestCaseExecutor.java:299)
	at com.kms.katalon.core.main.TestCaseExecutor.execute(TestCaseExecutor.java:233)
	at com.kms.katalon.core.main.TestCaseMain.runTestCase(TestCaseMain.java:114)
	at com.kms.katalon.core.keyword.builtin.CallTestCaseKeyword$_callTestCase_closure1.doCall(CallTestCaseKeyword.groovy:59)
	at com.kms.katalon.core.keyword.builtin.CallTestCaseKeyword$_callTestCase_closure1.call(CallTestCaseKeyword.groovy)
	at com.kms.katalon.core.keyword.internal.KeywordMain.runKeyword(KeywordMain.groovy:68)
	at com.kms.katalon.core.keyword.builtin.CallTestCaseKeyword.callTestCase(CallTestCaseKeyword.groovy:81)
	at com.kms.katalon.core.keyword.builtin.CallTestCaseKeyword.execute(CallTestCaseKeyword.groovy:44)
	at com.kms.katalon.core.keyword.internal.KeywordExecutor.executeKeywordForPlatform(KeywordExecutor.groovy:72)
	at com.kms.katalon.core.keyword.BuiltinKeywords.callTestCase(BuiltinKeywords.groovy:334)
	at TC_Agregar_Movimiento_Inventario.run(TC_Agregar_Movimiento_Inventario:31)
	at com.kms.katalon.core.main.ScriptEngine.run(ScriptEngine.java:194)
	at com.kms.katalon.core.main.ScriptEngine.runScriptAsRawText(ScriptEngine.java:119)
	at com.kms.katalon.core.main.TestCaseExecutor.runScript(TestCaseExecutor.java:337)
	at com.kms.katalon.core.main.TestCaseExecutor.doExecute(TestCaseExecutor.java:328)
	at com.kms.katalon.core.main.TestCaseExecutor.processExecutionPhase(TestCaseExecutor.java:307)
	at com.kms.katalon.core.main.TestCaseExecutor.accessMainPhase(TestCaseExecutor.java:299)
	at com.kms.katalon.core.main.TestCaseExecutor.execute(TestCaseExecutor.java:233)
	at com.kms.katalon.core.main.TestSuiteExecutor.accessTestCaseMainPhase(TestSuiteExecutor.java:169)
	at com.kms.katalon.core.main.TestSuiteExecutor.accessTestSuiteMainPhase(TestSuiteExecutor.java:142)
	at com.kms.katalon.core.main.TestSuiteExecutor.execute(TestSuiteExecutor.java:91)
	at com.kms.katalon.core.main.TestCaseMain.startTestSuite(TestCaseMain.java:157)
	at com.kms.katalon.core.main.TestCaseMain$startTestSuite$0.call(Unknown Source)
	at TempTestSuite1582907457420.run(TempTestSuite1582907457420.groovy:36)
Caused by: com.kms.katalon.core.exception.StepFailedException: com.kms.katalon.core.webui.exception.WebElementNotFoundException: Web element with id: 'Object Repository/Page_Index - KAIZEN/mi_btn_agregar' located by 'By.xpath: //div[@id='page-wrapper']/div/div/div/a' not found
	at com.kms.katalon.core.webui.keyword.internal.WebUIKeywordMain.stepFailed(WebUIKeywordMain.groovy:64)
	at com.kms.katalon.core.webui.keyword.builtin.VerifyElementPresentKeyword$_verifyElementPresent_closure1.doCall(VerifyElementPresentKeyword.groovy:85)
	at com.kms.katalon.core.webui.keyword.builtin.VerifyElementPresentKeyword$_verifyElementPresent_closure1.call(VerifyElementPresentKeyword.groovy)
	at com.kms.katalon.core.webui.keyword.internal.WebUIKeywordMain.runKeyword(WebUIKeywordMain.groovy:20)
	... 35 more
)

2020-02-28 12:36:32 - [MESSAGE][INFO] - Unable to find the element located by 'By.xpath: //div[@id='page-wrapper']/div/div/div/a'. Please recheck the objects properties to make sure the desired element is located. 

2020-02-28 12:36:33 - [MESSAGE][FAILED] - com.kms.katalon.core.webui.exception.WebElementNotFoundException: Web element with id: 'Object Repository/Page_Index - KAIZEN/mi_btn_agregar' located by 'By.xpath: //div[@id='page-wrapper']/div/div/div/a' not found (Root cause: com.kms.katalon.core.exception.StepFailedException: com.kms.katalon.core.webui.exception.WebElementNotFoundException: Web element with id: 'Object Repository/Page_Index - KAIZEN/mi_btn_agregar' located by 'By.xpath: //div[@id='page-wrapper']/div/div/div/a' not found
	at com.kms.katalon.core.webui.keyword.internal.WebUIKeywordMain.stepFailed(WebUIKeywordMain.groovy:64)
	at com.kms.katalon.core.webui.keyword.builtin.VerifyElementPresentKeyword$_verifyElementPresent_closure1.doCall(VerifyElementPresentKeyword.groovy:85)
	at com.kms.katalon.core.webui.keyword.builtin.VerifyElementPresentKeyword$_verifyElementPresent_closure1.call(VerifyElementPresentKeyword.groovy)
	at com.kms.katalon.core.webui.keyword.internal.WebUIKeywordMain.runKeyword(WebUIKeywordMain.groovy:20)
	at com.kms.katalon.core.webui.keyword.builtin.VerifyElementPresentKeyword.verifyElementPresent(VerifyElementPresentKeyword.groovy:92)
	at com.kms.katalon.core.webui.keyword.builtin.VerifyElementPresentKeyword.execute(VerifyElementPresentKeyword.groovy:68)
	at com.kms.katalon.core.keyword.internal.KeywordExecutor.executeKeywordForPlatform(KeywordExecutor.groovy:72)
	at com.kms.katalon.core.webui.keyword.WebUiBuiltInKeywords.verifyElementPresent(WebUiBuiltInKeywords.groovy:1434)
	at com.kms.katalon.core.webui.keyword.WebUiBuiltInKeywords$verifyElementPresent$6.call(Unknown Source)
	at Movimientos_Inventario.run(Movimientos_Inventario:63)
	at com.kms.katalon.core.main.ScriptEngine.run(ScriptEngine.java:194)
	at com.kms.katalon.core.main.ScriptEngine.runScriptAsRawText(ScriptEngine.java:119)
	at com.kms.katalon.core.main.TestCaseExecutor.runScript(TestCaseExecutor.java:337)
	at com.kms.katalon.core.main.TestCaseExecutor.doExecute(TestCaseExecutor.java:328)
	at com.kms.katalon.core.main.TestCaseExecutor.processExecutionPhase(TestCaseExecutor.java:307)
	at com.kms.katalon.core.main.TestCaseExecutor.accessMainPhase(TestCaseExecutor.java:299)
	at com.kms.katalon.core.main.TestCaseExecutor.execute(TestCaseExecutor.java:233)
	at com.kms.katalon.core.main.TestCaseMain.runTestCase(TestCaseMain.java:114)
	at com.kms.katalon.core.keyword.builtin.CallTestCaseKeyword$_callTestCase_closure1.doCall(CallTestCaseKeyword.groovy:59)
	at com.kms.katalon.core.keyword.builtin.CallTestCaseKeyword$_callTestCase_closure1.call(CallTestCaseKeyword.groovy)
	at com.kms.katalon.core.keyword.internal.KeywordMain.runKeyword(KeywordMain.groovy:68)
	at com.kms.katalon.core.keyword.builtin.CallTestCaseKeyword.callTestCase(CallTestCaseKeyword.groovy:81)
	at com.kms.katalon.core.keyword.builtin.CallTestCaseKeyword.execute(CallTestCaseKeyword.groovy:44)
	at com.kms.katalon.core.keyword.internal.KeywordExecutor.executeKeywordForPlatform(KeywordExecutor.groovy:72)
	at com.kms.katalon.core.keyword.BuiltinKeywords.callTestCase(BuiltinKeywords.groovy:334)
	at TC_Agregar_Movimiento_Inventario.run(TC_Agregar_Movimiento_Inventario:31)
	at com.kms.katalon.core.main.ScriptEngine.run(ScriptEngine.java:194)
	at com.kms.katalon.core.main.ScriptEngine.runScriptAsRawText(ScriptEngine.java:119)
	at com.kms.katalon.core.main.TestCaseExecutor.runScript(TestCaseExecutor.java:337)
	at com.kms.katalon.core.main.TestCaseExecutor.doExecute(TestCaseExecutor.java:328)
	at com.kms.katalon.core.main.TestCaseExecutor.processExecutionPhase(TestCaseExecutor.java:307)
	at com.kms.katalon.core.main.TestCaseExecutor.accessMainPhase(TestCaseExecutor.java:299)
	at com.kms.katalon.core.main.TestCaseExecutor.execute(TestCaseExecutor.java:233)
	at com.kms.katalon.core.main.TestSuiteExecutor.accessTestCaseMainPhase(TestSuiteExecutor.java:169)
	at com.kms.katalon.core.main.TestSuiteExecutor.accessTestSuiteMainPhase(TestSuiteExecutor.java:142)
	at com.kms.katalon.core.main.TestSuiteExecutor.execute(TestSuiteExecutor.java:91)
	at com.kms.katalon.core.main.TestCaseMain.startTestSuite(TestCaseMain.java:157)
	at com.kms.katalon.core.main.TestCaseMain$startTestSuite$0.call(Unknown Source)
	at TempTestSuite1582907457420.run(TempTestSuite1582907457420.groovy:36)
)
[[ATTACHMENT|C:\\Users\\kaizen\\git\\AutomatizacionKatalon\\Reports\\20200228_123052\\Funcionalidades_Pedidos\\Flujo Completo Mov Inventario\\20200228_123052\\1582907792753.png]]

2020-02-28 12:36:33 - [MESSAGE][FAILED] - Unable to verify object 'Object Repository/Page_Index - KAIZEN/mi_btn_agregar' is present (Root cause: com.kms.katalon.core.exception.StepFailedException: Unable to verify object 'Object Repository/Page_Index - KAIZEN/mi_btn_agregar' is present
	at com.kms.katalon.core.webui.keyword.internal.WebUIKeywordMain.stepFailed(WebUIKeywordMain.groovy:64)
	at com.kms.katalon.core.webui.keyword.internal.WebUIKeywordMain.runKeyword(WebUIKeywordMain.groovy:26)
	at com.kms.katalon.core.webui.keyword.builtin.VerifyElementPresentKeyword.verifyElementPresent(VerifyElementPresentKeyword.groovy:92)
	at com.kms.katalon.core.webui.keyword.builtin.VerifyElementPresentKeyword.execute(VerifyElementPresentKeyword.groovy:68)
	at com.kms.katalon.core.keyword.internal.KeywordExecutor.executeKeywordForPlatform(KeywordExecutor.groovy:72)
	at com.kms.katalon.core.webui.keyword.WebUiBuiltInKeywords.verifyElementPresent(WebUiBuiltInKeywords.groovy:1434)
	at com.kms.katalon.core.webui.keyword.WebUiBuiltInKeywords$verifyElementPresent$6.call(Unknown Source)
	at Movimientos_Inventario.run(Movimientos_Inventario:63)
	at com.kms.katalon.core.main.ScriptEngine.run(ScriptEngine.java:194)
	at com.kms.katalon.core.main.ScriptEngine.runScriptAsRawText(ScriptEngine.java:119)
	at com.kms.katalon.core.main.TestCaseExecutor.runScript(TestCaseExecutor.java:337)
	at com.kms.katalon.core.main.TestCaseExecutor.doExecute(TestCaseExecutor.java:328)
	at com.kms.katalon.core.main.TestCaseExecutor.processExecutionPhase(TestCaseExecutor.java:307)
	at com.kms.katalon.core.main.TestCaseExecutor.accessMainPhase(TestCaseExecutor.java:299)
	at com.kms.katalon.core.main.TestCaseExecutor.execute(TestCaseExecutor.java:233)
	at com.kms.katalon.core.main.TestCaseMain.runTestCase(TestCaseMain.java:114)
	at com.kms.katalon.core.keyword.builtin.CallTestCaseKeyword$_callTestCase_closure1.doCall(CallTestCaseKeyword.groovy:59)
	at com.kms.katalon.core.keyword.builtin.CallTestCaseKeyword$_callTestCase_closure1.call(CallTestCaseKeyword.groovy)
	at com.kms.katalon.core.keyword.internal.KeywordMain.runKeyword(KeywordMain.groovy:68)
	at com.kms.katalon.core.keyword.builtin.CallTestCaseKeyword.callTestCase(CallTestCaseKeyword.groovy:81)
	at com.kms.katalon.core.keyword.builtin.CallTestCaseKeyword.execute(CallTestCaseKeyword.groovy:44)
	at com.kms.katalon.core.keyword.internal.KeywordExecutor.executeKeywordForPlatform(KeywordExecutor.groovy:72)
	at com.kms.katalon.core.keyword.BuiltinKeywords.callTestCase(BuiltinKeywords.groovy:334)
	at TC_Agregar_Movimiento_Inventario.run(TC_Agregar_Movimiento_Inventario:31)
	at com.kms.katalon.core.main.ScriptEngine.run(ScriptEngine.java:194)
	at com.kms.katalon.core.main.ScriptEngine.runScriptAsRawText(ScriptEngine.java:119)
	at com.kms.katalon.core.main.TestCaseExecutor.runScript(TestCaseExecutor.java:337)
	at com.kms.katalon.core.main.TestCaseExecutor.doExecute(TestCaseExecutor.java:328)
	at com.kms.katalon.core.main.TestCaseExecutor.processExecutionPhase(TestCaseExecutor.java:307)
	at com.kms.katalon.core.main.TestCaseExecutor.accessMainPhase(TestCaseExecutor.java:299)
	at com.kms.katalon.core.main.TestCaseExecutor.execute(TestCaseExecutor.java:233)
	at com.kms.katalon.core.main.TestSuiteExecutor.accessTestCaseMainPhase(TestSuiteExecutor.java:169)
	at com.kms.katalon.core.main.TestSuiteExecutor.accessTestSuiteMainPhase(TestSuiteExecutor.java:142)
	at com.kms.katalon.core.main.TestSuiteExecutor.execute(TestSuiteExecutor.java:91)
	at com.kms.katalon.core.main.TestCaseMain.startTestSuite(TestCaseMain.java:157)
	at com.kms.katalon.core.main.TestCaseMain$startTestSuite$0.call(Unknown Source)
	at TempTestSuite1582907457420.run(TempTestSuite1582907457420.groovy:36)
Caused by: com.kms.katalon.core.exception.StepFailedException: com.kms.katalon.core.webui.exception.WebElementNotFoundException: Web element with id: 'Object Repository/Page_Index - KAIZEN/mi_btn_agregar' located by 'By.xpath: //div[@id='page-wrapper']/div/div/div/a' not found
	at com.kms.katalon.core.webui.keyword.internal.WebUIKeywordMain.stepFailed(WebUIKeywordMain.groovy:64)
	at com.kms.katalon.core.webui.keyword.builtin.VerifyElementPresentKeyword$_verifyElementPresent_closure1.doCall(VerifyElementPresentKeyword.groovy:85)
	at com.kms.katalon.core.webui.keyword.builtin.VerifyElementPresentKeyword$_verifyElementPresent_closure1.call(VerifyElementPresentKeyword.groovy)
	at com.kms.katalon.core.webui.keyword.internal.WebUIKeywordMain.runKeyword(WebUIKeywordMain.groovy:20)
	... 35 more
)
[[ATTACHMENT|C:\\Users\\kaizen\\git\\AutomatizacionKatalon\\Reports\\20200228_123052\\Funcionalidades_Pedidos\\Flujo Completo Mov Inventario\\20200228_123052\\1582907793183.png]]

2020-02-28 12:36:33 - [MESSAGE][FAILED] - Unable to call Test Case 'Test Cases/Individual_Tests/Movimientos_Inventario' (Root cause: com.kms.katalon.core.exception.StepFailedException: Call Test Case 'Test Cases/Individual_Tests/Movimientos_Inventario' failed
	at com.kms.katalon.core.keyword.builtin.CallTestCaseKeyword$_callTestCase_closure1.doCall(CallTestCaseKeyword.groovy:63)
	at com.kms.katalon.core.keyword.builtin.CallTestCaseKeyword$_callTestCase_closure1.call(CallTestCaseKeyword.groovy)
	at com.kms.katalon.core.keyword.internal.KeywordMain.runKeyword(KeywordMain.groovy:68)
	at com.kms.katalon.core.keyword.builtin.CallTestCaseKeyword.callTestCase(CallTestCaseKeyword.groovy:81)
	at com.kms.katalon.core.keyword.builtin.CallTestCaseKeyword.execute(CallTestCaseKeyword.groovy:44)
	at com.kms.katalon.core.keyword.internal.KeywordExecutor.executeKeywordForPlatform(KeywordExecutor.groovy:72)
	at com.kms.katalon.core.keyword.BuiltinKeywords.callTestCase(BuiltinKeywords.groovy:334)
	at TC_Agregar_Movimiento_Inventario.run(TC_Agregar_Movimiento_Inventario:31)
	at com.kms.katalon.core.main.ScriptEngine.run(ScriptEngine.java:194)
	at com.kms.katalon.core.main.ScriptEngine.runScriptAsRawText(ScriptEngine.java:119)
	at com.kms.katalon.core.main.TestCaseExecutor.runScript(TestCaseExecutor.java:337)
	at com.kms.katalon.core.main.TestCaseExecutor.doExecute(TestCaseExecutor.java:328)
	at com.kms.katalon.core.main.TestCaseExecutor.processExecutionPhase(TestCaseExecutor.java:307)
	at com.kms.katalon.core.main.TestCaseExecutor.accessMainPhase(TestCaseExecutor.java:299)
	at com.kms.katalon.core.main.TestCaseExecutor.execute(TestCaseExecutor.java:233)
	at com.kms.katalon.core.main.TestSuiteExecutor.accessTestCaseMainPhase(TestSuiteExecutor.java:169)
	at com.kms.katalon.core.main.TestSuiteExecutor.accessTestSuiteMainPhase(TestSuiteExecutor.java:142)
	at com.kms.katalon.core.main.TestSuiteExecutor.execute(TestSuiteExecutor.java:91)
	at com.kms.katalon.core.main.TestCaseMain.startTestSuite(TestCaseMain.java:157)
	at com.kms.katalon.core.main.TestCaseMain$startTestSuite$0.call(Unknown Source)
	at TempTestSuite1582907457420.run(TempTestSuite1582907457420.groovy:36)
Caused by: com.kms.katalon.core.exception.StepFailedException: Unable to verify object 'Object Repository/Page_Index - KAIZEN/mi_btn_agregar' is present
	at com.kms.katalon.core.webui.keyword.internal.WebUIKeywordMain.stepFailed(WebUIKeywordMain.groovy:64)
	at com.kms.katalon.core.webui.keyword.internal.WebUIKeywordMain.runKeyword(WebUIKeywordMain.groovy:26)
	at com.kms.katalon.core.webui.keyword.builtin.VerifyElementPresentKeyword.verifyElementPresent(VerifyElementPresentKeyword.groovy:92)
	at com.kms.katalon.core.webui.keyword.builtin.VerifyElementPresentKeyword.execute(VerifyElementPresentKeyword.groovy:68)
	at com.kms.katalon.core.keyword.internal.KeywordExecutor.executeKeywordForPlatform(KeywordExecutor.groovy:72)
	at com.kms.katalon.core.webui.keyword.WebUiBuiltInKeywords.verifyElementPresent(WebUiBuiltInKeywords.groovy:1434)
	at com.kms.katalon.core.webui.keyword.WebUiBuiltInKeywords$verifyElementPresent$6.call(Unknown Source)
	at Movimientos_Inventario.run(Movimientos_Inventario:63)
	at com.kms.katalon.core.main.ScriptEngine.run(ScriptEngine.java:194)
	at com.kms.katalon.core.main.ScriptEngine.runScriptAsRawText(ScriptEngine.java:119)
	at com.kms.katalon.core.main.TestCaseExecutor.runScript(TestCaseExecutor.java:337)
	at com.kms.katalon.core.main.TestCaseExecutor.doExecute(TestCaseExecutor.java:328)
	at com.kms.katalon.core.main.TestCaseExecutor.processExecutionPhase(TestCaseExecutor.java:307)
	at com.kms.katalon.core.main.TestCaseExecutor.accessMainPhase(TestCaseExecutor.java:299)
	at com.kms.katalon.core.main.TestCaseExecutor.execute(TestCaseExecutor.java:233)
	at com.kms.katalon.core.main.TestCaseMain.runTestCase(TestCaseMain.java:114)
	at com.kms.katalon.core.keyword.builtin.CallTestCaseKeyword$_callTestCase_closure1.doCall(CallTestCaseKeyword.groovy:59)
	... 20 more
Caused by: com.kms.katalon.core.exception.StepFailedException: com.kms.katalon.core.webui.exception.WebElementNotFoundException: Web element with id: 'Object Repository/Page_Index - KAIZEN/mi_btn_agregar' located by 'By.xpath: //div[@id='page-wrapper']/div/div/div/a' not found
	at com.kms.katalon.core.webui.keyword.internal.WebUIKeywordMain.stepFailed(WebUIKeywordMain.groovy:64)
	at com.kms.katalon.core.webui.keyword.builtin.VerifyElementPresentKeyword$_verifyElementPresent_closure1.doCall(VerifyElementPresentKeyword.groovy:85)
	at com.kms.katalon.core.webui.keyword.builtin.VerifyElementPresentKeyword$_verifyElementPresent_closure1.call(VerifyElementPresentKeyword.groovy)
	at com.kms.katalon.core.webui.keyword.internal.WebUIKeywordMain.runKeyword(WebUIKeywordMain.groovy:20)
	... 35 more
)]]></system-out>
         <system-err><![CDATA[2020-02-28 12:31:09 - [TEST_CASE][FAILED] - Test Cases/Secuencias de Ejecucion/TC_Agregar_Movimiento_Inventario: Test Cases/Secuencias de Ejecucion/TC_Agregar_Movimiento_Inventario FAILED.
Reason:
com.kms.katalon.core.exception.StepFailedException: Call Test Case 'Test Cases/Individual_Tests/Movimientos_Inventario' failed
	at com.kms.katalon.core.keyword.builtin.CallTestCaseKeyword$_callTestCase_closure1.doCall(CallTestCaseKeyword.groovy:63)
	at com.kms.katalon.core.keyword.builtin.CallTestCaseKeyword$_callTestCase_closure1.call(CallTestCaseKeyword.groovy)
	at com.kms.katalon.core.keyword.internal.KeywordMain.runKeyword(KeywordMain.groovy:68)
	at com.kms.katalon.core.keyword.builtin.CallTestCaseKeyword.callTestCase(CallTestCaseKeyword.groovy:81)
	at com.kms.katalon.core.keyword.builtin.CallTestCaseKeyword.execute(CallTestCaseKeyword.groovy:44)
	at com.kms.katalon.core.keyword.internal.KeywordExecutor.executeKeywordForPlatform(KeywordExecutor.groovy:72)
	at com.kms.katalon.core.keyword.BuiltinKeywords.callTestCase(BuiltinKeywords.groovy:334)
	at TC_Agregar_Movimiento_Inventario.run(TC_Agregar_Movimiento_Inventario:31)
	at com.kms.katalon.core.main.ScriptEngine.run(ScriptEngine.java:194)
	at com.kms.katalon.core.main.ScriptEngine.runScriptAsRawText(ScriptEngine.java:119)
	at com.kms.katalon.core.main.TestCaseExecutor.runScript(TestCaseExecutor.java:337)
	at com.kms.katalon.core.main.TestCaseExecutor.doExecute(TestCaseExecutor.java:328)
	at com.kms.katalon.core.main.TestCaseExecutor.processExecutionPhase(TestCaseExecutor.java:307)
	at com.kms.katalon.core.main.TestCaseExecutor.accessMainPhase(TestCaseExecutor.java:299)
	at com.kms.katalon.core.main.TestCaseExecutor.execute(TestCaseExecutor.java:233)
	at com.kms.katalon.core.main.TestSuiteExecutor.accessTestCaseMainPhase(TestSuiteExecutor.java:169)
	at com.kms.katalon.core.main.TestSuiteExecutor.accessTestSuiteMainPhase(TestSuiteExecutor.java:142)
	at com.kms.katalon.core.main.TestSuiteExecutor.execute(TestSuiteExecutor.java:91)
	at com.kms.katalon.core.main.TestCaseMain.startTestSuite(TestCaseMain.java:157)
	at com.kms.katalon.core.main.TestCaseMain$startTestSuite$0.call(Unknown Source)
	at TempTestSuite1582907457420.run(TempTestSuite1582907457420.groovy:36)
Caused by: com.kms.katalon.core.exception.StepFailedException: Unable to verify object 'Object Repository/Page_Index - KAIZEN/mi_btn_agregar' is present
	at com.kms.katalon.core.webui.keyword.internal.WebUIKeywordMain.stepFailed(WebUIKeywordMain.groovy:64)
	at com.kms.katalon.core.webui.keyword.internal.WebUIKeywordMain.runKeyword(WebUIKeywordMain.groovy:26)
	at com.kms.katalon.core.webui.keyword.builtin.VerifyElementPresentKeyword.verifyElementPresent(VerifyElementPresentKeyword.groovy:92)
	at com.kms.katalon.core.webui.keyword.builtin.VerifyElementPresentKeyword.execute(VerifyElementPresentKeyword.groovy:68)
	at com.kms.katalon.core.keyword.internal.KeywordExecutor.executeKeywordForPlatform(KeywordExecutor.groovy:72)
	at com.kms.katalon.core.webui.keyword.WebUiBuiltInKeywords.verifyElementPresent(WebUiBuiltInKeywords.groovy:1434)
	at com.kms.katalon.core.webui.keyword.WebUiBuiltInKeywords$verifyElementPresent$6.call(Unknown Source)
	at Movimientos_Inventario.run(Movimientos_Inventario:63)
	at com.kms.katalon.core.main.ScriptEngine.run(ScriptEngine.java:194)
	at com.kms.katalon.core.main.ScriptEngine.runScriptAsRawText(ScriptEngine.java:119)
	at com.kms.katalon.core.main.TestCaseExecutor.runScript(TestCaseExecutor.java:337)
	at com.kms.katalon.core.main.TestCaseExecutor.doExecute(TestCaseExecutor.java:328)
	at com.kms.katalon.core.main.TestCaseExecutor.processExecutionPhase(TestCaseExecutor.java:307)
	at com.kms.katalon.core.main.TestCaseExecutor.accessMainPhase(TestCaseExecutor.java:299)
	at com.kms.katalon.core.main.TestCaseExecutor.execute(TestCaseExecutor.java:233)
	at com.kms.katalon.core.main.TestCaseMain.runTestCase(TestCaseMain.java:114)
	at com.kms.katalon.core.keyword.builtin.CallTestCaseKeyword$_callTestCase_closure1.doCall(CallTestCaseKeyword.groovy:59)
	... 20 more
Caused by: com.kms.katalon.core.exception.StepFailedException: com.kms.katalon.core.webui.exception.WebElementNotFoundException: Web element with id: 'Object Repository/Page_Index - KAIZEN/mi_btn_agregar' located by 'By.xpath: //div[@id='page-wrapper']/div/div/div/a' not found
	at com.kms.katalon.core.webui.keyword.internal.WebUIKeywordMain.stepFailed(WebUIKeywordMain.groovy:64)
	at com.kms.katalon.core.webui.keyword.builtin.VerifyElementPresentKeyword$_verifyElementPresent_closure1.doCall(VerifyElementPresentKeyword.groovy:85)
	at com.kms.katalon.core.webui.keyword.builtin.VerifyElementPresentKeyword$_verifyElementPresent_closure1.call(VerifyElementPresentKeyword.groovy)
	at com.kms.katalon.core.webui.keyword.internal.WebUIKeywordMain.runKeyword(WebUIKeywordMain.groovy:20)
	... 35 more]]></system-err>
      </testcase>
      <testcase name="Test Cases/Generar_Excels_Secuencias/TC_Generar_Excel_Reporte_Mov_Inventario" time="4.437" classname="Test Cases/Generar_Excels_Secuencias/TC_Generar_Excel_Reporte_Mov_Inventario" status="PASSED">
         <system-out><![CDATA[2020-02-28 12:36:33 - [TEST_CASE][PASSED] - Test Cases/Generar_Excels_Secuencias/TC_Generar_Excel_Reporte_Mov_Inventario: Test Cases/Generar_Excels_Secuencias/TC_Generar_Excel_Reporte_Mov_Inventario

2020-02-28 12:36:33 - [TEST_STEP][PASSED] - python.ejecutarAleatoriosPython.runPython("Reporte"): python.ejecutarAleatoriosPython.runPython is PASSED

2020-02-28 12:36:38 - [MESSAGE][PASSED] - python.ejecutarAleatoriosPython.runPython is PASSED]]></system-out>
         <system-err><![CDATA[]]></system-err>
      </testcase>
      <system-out><![CDATA[2020-02-28 12:31:00 - [TEST_SUITE][FAILED] - Flujo Completo Mov Inventario: Test Cases/Secuencias de Ejecucion/TC_Agregar_Movimiento_Inventario FAILED.
Reason:
com.kms.katalon.core.exception.StepFailedException: Call Test Case 'Test Cases/Individual_Tests/Movimientos_Inventario' failed
	at com.kms.katalon.core.keyword.builtin.CallTestCaseKeyword$_callTestCase_closure1.doCall(CallTestCaseKeyword.groovy:63)
	at com.kms.katalon.core.keyword.builtin.CallTestCaseKeyword$_callTestCase_closure1.call(CallTestCaseKeyword.groovy)
	at com.kms.katalon.core.keyword.internal.KeywordMain.runKeyword(KeywordMain.groovy:68)
	at com.kms.katalon.core.keyword.builtin.CallTestCaseKeyword.callTestCase(CallTestCaseKeyword.groovy:81)
	at com.kms.katalon.core.keyword.builtin.CallTestCaseKeyword.execute(CallTestCaseKeyword.groovy:44)
	at com.kms.katalon.core.keyword.internal.KeywordExecutor.executeKeywordForPlatform(KeywordExecutor.groovy:72)
	at com.kms.katalon.core.keyword.BuiltinKeywords.callTestCase(BuiltinKeywords.groovy:334)
	at TC_Agregar_Movimiento_Inventario.run(TC_Agregar_Movimiento_Inventario:31)
	at com.kms.katalon.core.main.ScriptEngine.run(ScriptEngine.java:194)
	at com.kms.katalon.core.main.ScriptEngine.runScriptAsRawText(ScriptEngine.java:119)
	at com.kms.katalon.core.main.TestCaseExecutor.runScript(TestCaseExecutor.java:337)
	at com.kms.katalon.core.main.TestCaseExecutor.doExecute(TestCaseExecutor.java:328)
	at com.kms.katalon.core.main.TestCaseExecutor.processExecutionPhase(TestCaseExecutor.java:307)
	at com.kms.katalon.core.main.TestCaseExecutor.accessMainPhase(TestCaseExecutor.java:299)
	at com.kms.katalon.core.main.TestCaseExecutor.execute(TestCaseExecutor.java:233)
	at com.kms.katalon.core.main.TestSuiteExecutor.accessTestCaseMainPhase(TestSuiteExecutor.java:169)
	at com.kms.katalon.core.main.TestSuiteExecutor.accessTestSuiteMainPhase(TestSuiteExecutor.java:142)
	at com.kms.katalon.core.main.TestSuiteExecutor.execute(TestSuiteExecutor.java:91)
	at com.kms.katalon.core.main.TestCaseMain.startTestSuite(TestCaseMain.java:157)
	at com.kms.katalon.core.main.TestCaseMain$startTestSuite$0.call(Unknown Source)
	at TempTestSuite1582907457420.run(TempTestSuite1582907457420.groovy:36)
Caused by: com.kms.katalon.core.exception.StepFailedException: Unable to verify object 'Object Repository/Page_Index - KAIZEN/mi_btn_agregar' is present
	at com.kms.katalon.core.webui.keyword.internal.WebUIKeywordMain.stepFailed(WebUIKeywordMain.groovy:64)
	at com.kms.katalon.core.webui.keyword.internal.WebUIKeywordMain.runKeyword(WebUIKeywordMain.groovy:26)
	at com.kms.katalon.core.webui.keyword.builtin.VerifyElementPresentKeyword.verifyElementPresent(VerifyElementPresentKeyword.groovy:92)
	at com.kms.katalon.core.webui.keyword.builtin.VerifyElementPresentKeyword.execute(VerifyElementPresentKeyword.groovy:68)
	at com.kms.katalon.core.keyword.internal.KeywordExecutor.executeKeywordForPlatform(KeywordExecutor.groovy:72)
	at com.kms.katalon.core.webui.keyword.WebUiBuiltInKeywords.verifyElementPresent(WebUiBuiltInKeywords.groovy:1434)
	at com.kms.katalon.core.webui.keyword.WebUiBuiltInKeywords$verifyElementPresent$6.call(Unknown Source)
	at Movimientos_Inventario.run(Movimientos_Inventario:63)
	at com.kms.katalon.core.main.ScriptEngine.run(ScriptEngine.java:194)
	at com.kms.katalon.core.main.ScriptEngine.runScriptAsRawText(ScriptEngine.java:119)
	at com.kms.katalon.core.main.TestCaseExecutor.runScript(TestCaseExecutor.java:337)
	at com.kms.katalon.core.main.TestCaseExecutor.doExecute(TestCaseExecutor.java:328)
	at com.kms.katalon.core.main.TestCaseExecutor.processExecutionPhase(TestCaseExecutor.java:307)
	at com.kms.katalon.core.main.TestCaseExecutor.accessMainPhase(TestCaseExecutor.java:299)
	at com.kms.katalon.core.main.TestCaseExecutor.execute(TestCaseExecutor.java:233)
	at com.kms.katalon.core.main.TestCaseMain.runTestCase(TestCaseMain.java:114)
	at com.kms.katalon.core.keyword.builtin.CallTestCaseKeyword$_callTestCase_closure1.doCall(CallTestCaseKeyword.groovy:59)
	... 20 more
Caused by: com.kms.katalon.core.exception.StepFailedException: com.kms.katalon.core.webui.exception.WebElementNotFoundException: Web element with id: 'Object Repository/Page_Index - KAIZEN/mi_btn_agregar' located by 'By.xpath: //div[@id='page-wrapper']/div/div/div/a' not found
	at com.kms.katalon.core.webui.keyword.internal.WebUIKeywordMain.stepFailed(WebUIKeywordMain.groovy:64)
	at com.kms.katalon.core.webui.keyword.builtin.VerifyElementPresentKeyword$_verifyElementPresent_closure1.doCall(VerifyElementPresentKeyword.groovy:85)
	at com.kms.katalon.core.webui.keyword.builtin.VerifyElementPresentKeyword$_verifyElementPresent_closure1.call(VerifyElementPresentKeyword.groovy)
	at com.kms.katalon.core.webui.keyword.internal.WebUIKeywordMain.runKeyword(WebUIKeywordMain.groovy:20)
	... 35 more]]></system-out>
      <system-err><![CDATA[2020-02-28 12:31:00 - [TEST_SUITE][FAILED] - Flujo Completo Mov Inventario: Test Cases/Secuencias de Ejecucion/TC_Agregar_Movimiento_Inventario FAILED.
Reason:
com.kms.katalon.core.exception.StepFailedException: Call Test Case 'Test Cases/Individual_Tests/Movimientos_Inventario' failed
	at com.kms.katalon.core.keyword.builtin.CallTestCaseKeyword$_callTestCase_closure1.doCall(CallTestCaseKeyword.groovy:63)
	at com.kms.katalon.core.keyword.builtin.CallTestCaseKeyword$_callTestCase_closure1.call(CallTestCaseKeyword.groovy)
	at com.kms.katalon.core.keyword.internal.KeywordMain.runKeyword(KeywordMain.groovy:68)
	at com.kms.katalon.core.keyword.builtin.CallTestCaseKeyword.callTestCase(CallTestCaseKeyword.groovy:81)
	at com.kms.katalon.core.keyword.builtin.CallTestCaseKeyword.execute(CallTestCaseKeyword.groovy:44)
	at com.kms.katalon.core.keyword.internal.KeywordExecutor.executeKeywordForPlatform(KeywordExecutor.groovy:72)
	at com.kms.katalon.core.keyword.BuiltinKeywords.callTestCase(BuiltinKeywords.groovy:334)
	at TC_Agregar_Movimiento_Inventario.run(TC_Agregar_Movimiento_Inventario:31)
	at com.kms.katalon.core.main.ScriptEngine.run(ScriptEngine.java:194)
	at com.kms.katalon.core.main.ScriptEngine.runScriptAsRawText(ScriptEngine.java:119)
	at com.kms.katalon.core.main.TestCaseExecutor.runScript(TestCaseExecutor.java:337)
	at com.kms.katalon.core.main.TestCaseExecutor.doExecute(TestCaseExecutor.java:328)
	at com.kms.katalon.core.main.TestCaseExecutor.processExecutionPhase(TestCaseExecutor.java:307)
	at com.kms.katalon.core.main.TestCaseExecutor.accessMainPhase(TestCaseExecutor.java:299)
	at com.kms.katalon.core.main.TestCaseExecutor.execute(TestCaseExecutor.java:233)
	at com.kms.katalon.core.main.TestSuiteExecutor.accessTestCaseMainPhase(TestSuiteExecutor.java:169)
	at com.kms.katalon.core.main.TestSuiteExecutor.accessTestSuiteMainPhase(TestSuiteExecutor.java:142)
	at com.kms.katalon.core.main.TestSuiteExecutor.execute(TestSuiteExecutor.java:91)
	at com.kms.katalon.core.main.TestCaseMain.startTestSuite(TestCaseMain.java:157)
	at com.kms.katalon.core.main.TestCaseMain$startTestSuite$0.call(Unknown Source)
	at TempTestSuite1582907457420.run(TempTestSuite1582907457420.groovy:36)
Caused by: com.kms.katalon.core.exception.StepFailedException: Unable to verify object 'Object Repository/Page_Index - KAIZEN/mi_btn_agregar' is present
	at com.kms.katalon.core.webui.keyword.internal.WebUIKeywordMain.stepFailed(WebUIKeywordMain.groovy:64)
	at com.kms.katalon.core.webui.keyword.internal.WebUIKeywordMain.runKeyword(WebUIKeywordMain.groovy:26)
	at com.kms.katalon.core.webui.keyword.builtin.VerifyElementPresentKeyword.verifyElementPresent(VerifyElementPresentKeyword.groovy:92)
	at com.kms.katalon.core.webui.keyword.builtin.VerifyElementPresentKeyword.execute(VerifyElementPresentKeyword.groovy:68)
	at com.kms.katalon.core.keyword.internal.KeywordExecutor.executeKeywordForPlatform(KeywordExecutor.groovy:72)
	at com.kms.katalon.core.webui.keyword.WebUiBuiltInKeywords.verifyElementPresent(WebUiBuiltInKeywords.groovy:1434)
	at com.kms.katalon.core.webui.keyword.WebUiBuiltInKeywords$verifyElementPresent$6.call(Unknown Source)
	at Movimientos_Inventario.run(Movimientos_Inventario:63)
	at com.kms.katalon.core.main.ScriptEngine.run(ScriptEngine.java:194)
	at com.kms.katalon.core.main.ScriptEngine.runScriptAsRawText(ScriptEngine.java:119)
	at com.kms.katalon.core.main.TestCaseExecutor.runScript(TestCaseExecutor.java:337)
	at com.kms.katalon.core.main.TestCaseExecutor.doExecute(TestCaseExecutor.java:328)
	at com.kms.katalon.core.main.TestCaseExecutor.processExecutionPhase(TestCaseExecutor.java:307)
	at com.kms.katalon.core.main.TestCaseExecutor.accessMainPhase(TestCaseExecutor.java:299)
	at com.kms.katalon.core.main.TestCaseExecutor.execute(TestCaseExecutor.java:233)
	at com.kms.katalon.core.main.TestCaseMain.runTestCase(TestCaseMain.java:114)
	at com.kms.katalon.core.keyword.builtin.CallTestCaseKeyword$_callTestCase_closure1.doCall(CallTestCaseKeyword.groovy:59)
	... 20 more
Caused by: com.kms.katalon.core.exception.StepFailedException: com.kms.katalon.core.webui.exception.WebElementNotFoundException: Web element with id: 'Object Repository/Page_Index - KAIZEN/mi_btn_agregar' located by 'By.xpath: //div[@id='page-wrapper']/div/div/div/a' not found
	at com.kms.katalon.core.webui.keyword.internal.WebUIKeywordMain.stepFailed(WebUIKeywordMain.groovy:64)
	at com.kms.katalon.core.webui.keyword.builtin.VerifyElementPresentKeyword$_verifyElementPresent_closure1.doCall(VerifyElementPresentKeyword.groovy:85)
	at com.kms.katalon.core.webui.keyword.builtin.VerifyElementPresentKeyword$_verifyElementPresent_closure1.call(VerifyElementPresentKeyword.groovy)
	at com.kms.katalon.core.webui.keyword.internal.WebUIKeywordMain.runKeyword(WebUIKeywordMain.groovy:20)
	... 35 more]]></system-err>
   </testsuite>
</testsuites>
