<?xml version="1.0" encoding="UTF-8"?>
<testsuites name="Flujo Completo 40 pies" time="550.784" tests="10" failures="1" errors="0">
   <testsuite name="Flujo Completo 40 pies" tests="10" failures="1" errors="0" time="550.784" timestamp="2020-03-09 15:23:28" hostname="kaizen - LAPTOP-K43U1BVQ" id="Test Suites/Funcionalidades_Pedidos/Flujo Completo 40 pies">
      <properties>
         <property name="deviceName" value=""/>
         <property name="devicePlatform" value=""/>
         <property name="logFolder" value="C:\\Users\\kaizen\\git\\AutomatizacionKatalon\\Reports\\20200309_152313\\Funcionalidades_Pedidos\\Flujo Completo 40 pies\\20200309_152313"/>
         <property name="logFiles" value="C:\\Users\\kaizen\\git\\AutomatizacionKatalon\\Reports\\20200309_152313\\Funcionalidades_Pedidos\\Flujo Completo 40 pies\\20200309_152313\\execution0.log"/>
         <property name="attachments" value="C:\\Users\\kaizen\\git\\AutomatizacionKatalon\\Reports\\20200309_152313\\Funcionalidades_Pedidos\\Flujo Completo 40 pies\\20200309_152313\\1583782297264.png"/>
         <property name="hostName" value="kaizen - LAPTOP-K43U1BVQ"/>
         <property name="os" value="Windows 10 64bit"/>
         <property name="katalonVersion" value="7.2.1.1"/>
         <property name="browser" value="Chrome 80.0.3987.132"/>
         <property name="hostAddress" value="192.168.99.1"/>
         <property name="sessionId" value="223041eae38f021cf1f7e6bb089a4f8c"/>
         <property name="seleniumVersion" value="3.141.59"/>
         <property name="proxyInformation" value="ProxyInformation{proxyOption=NO_PROXY, proxyServerType=HTTP, password=, proxyServerAddress=, proxyServerPort=0, executionList=}"/>
         <property name="platform" value="Windows 10"/>
      </properties>
      <testcase name="Test Cases/Generar_Excels_Secuencias/TC_Generar_Excel_Aprobaciones" time="24.039" classname="Test Cases/Generar_Excels_Secuencias/TC_Generar_Excel_Aprobaciones" status="PASSED">
         <system-out><![CDATA[2020-03-09 15:23:28 - [TEST_CASE][PASSED] - Test Cases/Generar_Excels_Secuencias/TC_Generar_Excel_Aprobaciones: Test Cases/Generar_Excels_Secuencias/TC_Generar_Excel_Aprobaciones

2020-03-09 15:23:29 - [TEST_STEP][PASSED] - python.ejecutarAleatoriosPython.runPython("Aprobar"): python.ejecutarAleatoriosPython.runPython is PASSED

2020-03-09 15:23:52 - [MESSAGE][PASSED] - python.ejecutarAleatoriosPython.runPython is PASSED]]></system-out>
         <system-err><![CDATA[]]></system-err>
      </testcase>
      <testcase name="Test Cases/Secuencias de Ejecucion/TC_Aprobar_Ventas" time="178.037" classname="Test Cases/Secuencias de Ejecucion/TC_Aprobar_Ventas" status="PASSED">
         <system-out><![CDATA[2020-03-09 15:23:53 - [TEST_CASE][PASSED] - Test Cases/Secuencias de Ejecucion/TC_Aprobar_Ventas: Test Cases/Secuencias de Ejecucion/TC_Aprobar_Ventas

2020-03-09 15:23:53 - [TEST_STEP][PASSED] - archivo = $RunConfiguration.getProjectDir()/Pedidos/DataExcel/AprobacionesPedidos_20pies.xlsx: null

2020-03-09 15:23:53 - [TEST_STEP][PASSED] - excelData = getExcelDataWithDefaultSheet(archivo, "Sheet1", true): null

2020-03-09 15:23:54 - [TEST_STEP][PASSED] - for ([Index = 1, Index <= excelData.getRowNumbers(), (Index++)]): Call Test Case 'Test Cases/Individual_Tests/Aprobacion_Ventas' successfully

2020-03-09 15:23:54 - [TEST_STEP][PASSED] - callTestCase(findTestCase("Individual_Tests/Login"), ["Evento":"Aprobar", "Index":Index], STOP_ON_FAILURE): Call Test Case 'Test Cases/Individual_Tests/Login' successfully

2020-03-09 15:23:54 - [TEST_CASE][PASSED] - Test Cases/Individual_Tests/Login: Test Cases/Individual_Tests/Login

2020-03-09 15:23:55 - [TEST_STEP][PASSED] - print("Evento Seleccionado: " + Evento + "
"): null

2020-03-09 15:23:55 - [TEST_STEP][PASSED] - openBrowser(Web): Browser is opened with url: 'http://test.kaizendev.net/Login/Accesar?salir=true'

2020-03-09 15:23:56 - [MESSAGE][INFO] - Starting 'Chrome' driver

2020-03-09 15:23:56 - [MESSAGE][INFO] - Action delay is set to 0 seconds

2020-03-09 15:24:16 - [MESSAGE][PASSED] - Browser is opened with url: 'http://test.kaizendev.net/Login/Accesar?salir=true'

2020-03-09 15:24:16 - [TEST_STEP][PASSED] - maximizeWindow(): Current window maximized

2020-03-09 15:24:17 - [MESSAGE][PASSED] - Current window maximized

2020-03-09 15:24:17 - [TEST_STEP][PASSED] - if (Evento == "Crear20"): null

2020-03-09 15:24:17 - [TEST_STEP][PASSED] - else if (Evento == "Crear40"): null

2020-03-09 15:24:17 - [TEST_STEP][PASSED] - else if (Evento == "Aprobar"): Object: 'Object Repository/Page_Iniciar Sesion - KAIZEN/is_btn_ingresar_sistema' is clicked on

2020-03-09 15:24:17 - [TEST_STEP][PASSED] - data2 = obtener_excels.obtener_aprobaciones.getValuesExcelAprob20(Index): obtener_excels.obtener_aprobaciones.getValuesExcelAprob20 is PASSED

2020-03-09 15:24:18 - [MESSAGE][PASSED] - obtener_excels.obtener_aprobaciones.getValuesExcelAprob20 is PASSED

2020-03-09 15:24:18 - [TEST_STEP][PASSED] - Usuario = data2[1]: null

2020-03-09 15:24:18 - [TEST_STEP][PASSED] - Contrasena = data2[2]: null

2020-03-09 15:24:18 - [TEST_STEP][PASSED] - setText(findTestObject("Page_Iniciar Sesion - KAIZEN/is_input_email"), Usuario): Text 'automated.test@grupokaizen.net' is set on object 'Object Repository/Page_Iniciar Sesion - KAIZEN/is_input_email'

2020-03-09 15:24:18 - [MESSAGE][PASSED] - Text 'automated.test@grupokaizen.net' is set on object 'Object Repository/Page_Iniciar Sesion - KAIZEN/is_input_email'

2020-03-09 15:24:18 - [TEST_STEP][PASSED] - setEncryptedText(findTestObject("Page_Iniciar Sesion - KAIZEN/IS_input_contrasena"), Contrasena): Text ****** has been set on object 'Object Repository/Page_Iniciar Sesion - KAIZEN/IS_input_contrasena'

2020-03-09 15:24:19 - [MESSAGE][PASSED] - Text ****** has been set on object 'Object Repository/Page_Iniciar Sesion - KAIZEN/IS_input_contrasena'

2020-03-09 15:24:19 - [TEST_STEP][PASSED] - click(findTestObject("Page_Iniciar Sesion - KAIZEN/is_btn_ingresar_sistema")): Object: 'Object Repository/Page_Iniciar Sesion - KAIZEN/is_btn_ingresar_sistema' is clicked on

2020-03-09 15:24:21 - [MESSAGE][PASSED] - Object: 'Object Repository/Page_Iniciar Sesion - KAIZEN/is_btn_ingresar_sistema' is clicked on

2020-03-09 15:24:21 - [MESSAGE][PASSED] - Call Test Case 'Test Cases/Individual_Tests/Login' successfully

2020-03-09 15:24:21 - [TEST_STEP][PASSED] - callTestCase(findTestCase("Individual_Tests/Seleccionar_Idioma"), ["Evento":"Aprobar", "Index":Index], STOP_ON_FAILURE): Call Test Case 'Test Cases/Individual_Tests/Seleccionar_Idioma' successfully

2020-03-09 15:24:21 - [TEST_CASE][PASSED] - Test Cases/Individual_Tests/Seleccionar_Idioma: Test Cases/Individual_Tests/Seleccionar_Idioma

2020-03-09 15:24:22 - [TEST_STEP][PASSED] - Idioma = 0: null

2020-03-09 15:24:22 - [TEST_STEP][PASSED] - if (Evento == "Crear20"): null

2020-03-09 15:24:22 - [TEST_STEP][PASSED] - else if (Evento == "Crear40"): null

2020-03-09 15:24:22 - [TEST_STEP][PASSED] - else if (Evento == "Aprobar"): null

2020-03-09 15:24:22 - [TEST_STEP][PASSED] - data2 = obtener_excels.obtener_aprobaciones.getValuesExcelAprob20(Index): obtener_excels.obtener_aprobaciones.getValuesExcelAprob20 is PASSED

2020-03-09 15:24:22 - [MESSAGE][PASSED] - obtener_excels.obtener_aprobaciones.getValuesExcelAprob20 is PASSED

2020-03-09 15:24:22 - [TEST_STEP][PASSED] - Idioma = data2[0]: null

2020-03-09 15:24:22 - [TEST_STEP][PASSED] - click(findTestObject("Page_- KAIZEN/si_btn_idioma")): Object: 'Object Repository/Page_- KAIZEN/si_btn_idioma' is clicked on

2020-03-09 15:24:22 - [MESSAGE][PASSED] - Object: 'Object Repository/Page_- KAIZEN/si_btn_idioma' is clicked on

2020-03-09 15:24:22 - [TEST_STEP][PASSED] - if (Idioma == "0"): null

2020-03-09 15:24:22 - [TEST_STEP][PASSED] - else: Object: 'Object Repository/Page_- KAIZEN/si_Spanish' is clicked on

2020-03-09 15:24:22 - [TEST_STEP][PASSED] - click(findTestObject("Page_- KAIZEN/si_Spanish")): Object: 'Object Repository/Page_- KAIZEN/si_Spanish' is clicked on

2020-03-09 15:24:24 - [MESSAGE][PASSED] - Object: 'Object Repository/Page_- KAIZEN/si_Spanish' is clicked on

2020-03-09 15:24:24 - [MESSAGE][PASSED] - Call Test Case 'Test Cases/Individual_Tests/Seleccionar_Idioma' successfully

2020-03-09 15:24:24 - [TEST_STEP][PASSED] - callTestCase(findTestCase("Individual_Tests/Aprobacion_Ventas"), ["Index":Index], STOP_ON_FAILURE): Call Test Case 'Test Cases/Individual_Tests/Aprobacion_Ventas' successfully

2020-03-09 15:24:24 - [TEST_CASE][PASSED] - Test Cases/Individual_Tests/Aprobacion_Ventas: Test Cases/Individual_Tests/Aprobacion_Ventas

2020-03-09 15:24:24 - [TEST_STEP][PASSED] - data = obtener_excels.obtener_aprobaciones.getValuesExcelAprob20(Index): obtener_excels.obtener_aprobaciones.getValuesExcelAprob20 is PASSED

2020-03-09 15:24:24 - [MESSAGE][PASSED] - obtener_excels.obtener_aprobaciones.getValuesExcelAprob20 is PASSED

2020-03-09 15:24:24 - [TEST_STEP][PASSED] - IdPedido = data[3]: null

2020-03-09 15:24:24 - [TEST_STEP][PASSED] - Id_Cliente = data[4]: null

2020-03-09 15:24:24 - [TEST_STEP][PASSED] - AprobVentas = data[5]: null

2020-03-09 15:24:24 - [TEST_STEP][PASSED] - print(Id_Cliente + "
"): null

2020-03-09 15:24:24 - [TEST_STEP][PASSED] - print(AprobVentas + "
"): null

2020-03-09 15:24:24 - [TEST_STEP][PASSED] - IDPedido = IdPedido: null

2020-03-09 15:24:24 - [TEST_STEP][PASSED] - IDCliente = Id_Cliente: null

2020-03-09 15:24:24 - [TEST_STEP][PASSED] - AprobacionVentas = AprobVentas: null

2020-03-09 15:24:24 - [TEST_STEP][PASSED] - click(findTestObject("Page_- KAIZEN/av_btn_ventas")): Object: 'Object Repository/Page_- KAIZEN/av_btn_ventas' is clicked on

2020-03-09 15:24:25 - [MESSAGE][PASSED] - Object: 'Object Repository/Page_- KAIZEN/av_btn_ventas' is clicked on

2020-03-09 15:24:25 - [TEST_STEP][PASSED] - click(findTestObject("Page_- KAIZEN/av_btn_aprobacinventas")): Object: 'Object Repository/Page_- KAIZEN/av_btn_aprobacinventas' is clicked on

2020-03-09 15:24:27 - [MESSAGE][PASSED] - Object: 'Object Repository/Page_- KAIZEN/av_btn_aprobacinventas' is clicked on

2020-03-09 15:24:27 - [TEST_STEP][PASSED] - click(findTestObject("Page_Aprobacin de Ventas - KAIZEN/av_click_aprobacionventas")): Object: 'Object Repository/Page_Aprobacin de Ventas - KAIZEN/av_click_aprobacionventas' is clicked on

2020-03-09 15:24:27 - [MESSAGE][PASSED] - Object: 'Object Repository/Page_Aprobacin de Ventas - KAIZEN/av_click_aprobacionventas' is clicked on

2020-03-09 15:24:27 - [TEST_STEP][PASSED] - click(findTestObject("Page_Aprobacin de Ventas - KAIZEN/av_btn_seleccione_cliente")): Object: 'Object Repository/Page_Aprobacin de Ventas - KAIZEN/av_btn_seleccione_cliente' is clicked on

2020-03-09 15:24:28 - [MESSAGE][PASSED] - Object: 'Object Repository/Page_Aprobacin de Ventas - KAIZEN/av_btn_seleccione_cliente' is clicked on

2020-03-09 15:24:28 - [TEST_STEP][PASSED] - click(findTestObject("Page_Aprobacin de Ventas - KAIZEN/av_click_seleccione_cliente")): Object: 'Object Repository/Page_Aprobacin de Ventas - KAIZEN/av_click_seleccione_cliente' is clicked on

2020-03-09 15:24:29 - [MESSAGE][PASSED] - Object: 'Object Repository/Page_Aprobacin de Ventas - KAIZEN/av_click_seleccione_cliente' is clicked on

2020-03-09 15:24:29 - [TEST_STEP][PASSED] - selectOptionByValue(findTestObject("Page_Aprobacin de Ventas - KAIZEN/av_assing_seleccione_cliente"), IDCliente, true): All options with value '3' are selected in object 'Object Repository/Page_Aprobacin de Ventas - KAIZEN/av_assing_seleccione_cliente'  using regular expression

2020-03-09 15:24:31 - [MESSAGE][PASSED] - All options with value '3' are selected in object 'Object Repository/Page_Aprobacin de Ventas - KAIZEN/av_assing_seleccione_cliente'  using regular expression

2020-03-09 15:24:31 - [TEST_STEP][PASSED] - click(findTestObject("Page_Aprobacin de Ventas - KAIZEN/av_btn_Buscar")): Object: 'Object Repository/Page_Aprobacin de Ventas - KAIZEN/av_btn_Buscar' is clicked on

2020-03-09 15:24:32 - [MESSAGE][PASSED] - Object: 'Object Repository/Page_Aprobacin de Ventas - KAIZEN/av_btn_Buscar' is clicked on

2020-03-09 15:24:32 - [TEST_STEP][PASSED] - delay(5): Delayed 5 second(s)

2020-03-09 15:24:37 - [MESSAGE][PASSED] - Delayed 5 second(s)

2020-03-09 15:24:37 - [TEST_STEP][PASSED] - if (AprobacionVentas == "Aprobar"): Object: 'Object Repository/Page_Aprobacin de Ventas - KAIZEN/av_btn_aceptar' is clicked on

2020-03-09 15:24:37 - [TEST_STEP][PASSED] - variable = "btn_aprobar_" + IDPedido: null

2020-03-09 15:24:37 - [TEST_STEP][PASSED] - print(variable): null

2020-03-09 15:24:37 - [TEST_STEP][PASSED] - executeJavaScript(document.getElementById('$variable').click();, null): Execute JavaScript 'document.getElementById('btn_aprobar_257').click();' successfully

2020-03-09 15:24:37 - [MESSAGE][PASSED] - Execute JavaScript 'document.getElementById('btn_aprobar_257').click();' successfully

2020-03-09 15:24:37 - [TEST_STEP][PASSED] - click(findTestObject("Page_Aprobacin de Ventas - KAIZEN/av_btn_aceptar")): Object: 'Object Repository/Page_Aprobacin de Ventas - KAIZEN/av_btn_aceptar' is clicked on

2020-03-09 15:24:38 - [MESSAGE][PASSED] - Object: 'Object Repository/Page_Aprobacin de Ventas - KAIZEN/av_btn_aceptar' is clicked on

2020-03-09 15:24:38 - [TEST_STEP][PASSED] - delay(10): Delayed 10 second(s)

2020-03-09 15:24:48 - [MESSAGE][PASSED] - Delayed 10 second(s)

2020-03-09 15:24:48 - [MESSAGE][PASSED] - Call Test Case 'Test Cases/Individual_Tests/Aprobacion_Ventas' successfully

2020-03-09 15:24:48 - [TEST_STEP][PASSED] - callTestCase(findTestCase("Individual_Tests/Login"), ["Evento":"Aprobar", "Index":Index], STOP_ON_FAILURE): Call Test Case 'Test Cases/Individual_Tests/Login' successfully

2020-03-09 15:24:48 - [TEST_CASE][PASSED] - Test Cases/Individual_Tests/Login: Test Cases/Individual_Tests/Login

2020-03-09 15:24:48 - [TEST_STEP][PASSED] - print("Evento Seleccionado: " + Evento + "
"): null

2020-03-09 15:24:48 - [TEST_STEP][PASSED] - openBrowser(Web): Browser is opened with url: 'http://test.kaizendev.net/Login/Accesar?salir=true'

2020-03-09 15:24:48 - [MESSAGE][WARNING] - A browser is already opened. Closing browser and opening a new one

2020-03-09 15:24:49 - [MESSAGE][INFO] - Starting 'Chrome' driver

2020-03-09 15:24:56 - [MESSAGE][PASSED] - Browser is opened with url: 'http://test.kaizendev.net/Login/Accesar?salir=true'

2020-03-09 15:24:56 - [TEST_STEP][PASSED] - maximizeWindow(): Current window maximized

2020-03-09 15:24:57 - [MESSAGE][PASSED] - Current window maximized

2020-03-09 15:24:57 - [TEST_STEP][PASSED] - if (Evento == "Crear20"): null

2020-03-09 15:24:57 - [TEST_STEP][PASSED] - else if (Evento == "Crear40"): null

2020-03-09 15:24:57 - [TEST_STEP][PASSED] - else if (Evento == "Aprobar"): Object: 'Object Repository/Page_Iniciar Sesion - KAIZEN/is_btn_ingresar_sistema' is clicked on

2020-03-09 15:24:57 - [TEST_STEP][PASSED] - data2 = obtener_excels.obtener_aprobaciones.getValuesExcelAprob20(Index): obtener_excels.obtener_aprobaciones.getValuesExcelAprob20 is PASSED

2020-03-09 15:24:57 - [MESSAGE][PASSED] - obtener_excels.obtener_aprobaciones.getValuesExcelAprob20 is PASSED

2020-03-09 15:24:57 - [TEST_STEP][PASSED] - Usuario = data2[1]: null

2020-03-09 15:24:57 - [TEST_STEP][PASSED] - Contrasena = data2[2]: null

2020-03-09 15:24:57 - [TEST_STEP][PASSED] - setText(findTestObject("Page_Iniciar Sesion - KAIZEN/is_input_email"), Usuario): Text 'automated.test@grupokaizen.net' is set on object 'Object Repository/Page_Iniciar Sesion - KAIZEN/is_input_email'

2020-03-09 15:24:58 - [MESSAGE][PASSED] - Text 'automated.test@grupokaizen.net' is set on object 'Object Repository/Page_Iniciar Sesion - KAIZEN/is_input_email'

2020-03-09 15:24:58 - [TEST_STEP][PASSED] - setEncryptedText(findTestObject("Page_Iniciar Sesion - KAIZEN/IS_input_contrasena"), Contrasena): Text ****** has been set on object 'Object Repository/Page_Iniciar Sesion - KAIZEN/IS_input_contrasena'

2020-03-09 15:24:58 - [MESSAGE][PASSED] - Text ****** has been set on object 'Object Repository/Page_Iniciar Sesion - KAIZEN/IS_input_contrasena'

2020-03-09 15:24:58 - [TEST_STEP][PASSED] - click(findTestObject("Page_Iniciar Sesion - KAIZEN/is_btn_ingresar_sistema")): Object: 'Object Repository/Page_Iniciar Sesion - KAIZEN/is_btn_ingresar_sistema' is clicked on

2020-03-09 15:25:01 - [MESSAGE][PASSED] - Object: 'Object Repository/Page_Iniciar Sesion - KAIZEN/is_btn_ingresar_sistema' is clicked on

2020-03-09 15:25:01 - [MESSAGE][PASSED] - Call Test Case 'Test Cases/Individual_Tests/Login' successfully

2020-03-09 15:25:01 - [TEST_STEP][PASSED] - callTestCase(findTestCase("Individual_Tests/Seleccionar_Idioma"), ["Evento":"Aprobar", "Index":Index], STOP_ON_FAILURE): Call Test Case 'Test Cases/Individual_Tests/Seleccionar_Idioma' successfully

2020-03-09 15:25:01 - [TEST_CASE][PASSED] - Test Cases/Individual_Tests/Seleccionar_Idioma: Test Cases/Individual_Tests/Seleccionar_Idioma

2020-03-09 15:25:01 - [TEST_STEP][PASSED] - Idioma = 0: null

2020-03-09 15:25:01 - [TEST_STEP][PASSED] - if (Evento == "Crear20"): null

2020-03-09 15:25:01 - [TEST_STEP][PASSED] - else if (Evento == "Crear40"): null

2020-03-09 15:25:01 - [TEST_STEP][PASSED] - else if (Evento == "Aprobar"): null

2020-03-09 15:25:01 - [TEST_STEP][PASSED] - data2 = obtener_excels.obtener_aprobaciones.getValuesExcelAprob20(Index): obtener_excels.obtener_aprobaciones.getValuesExcelAprob20 is PASSED

2020-03-09 15:25:01 - [MESSAGE][PASSED] - obtener_excels.obtener_aprobaciones.getValuesExcelAprob20 is PASSED

2020-03-09 15:25:01 - [TEST_STEP][PASSED] - Idioma = data2[0]: null

2020-03-09 15:25:01 - [TEST_STEP][PASSED] - click(findTestObject("Page_- KAIZEN/si_btn_idioma")): Object: 'Object Repository/Page_- KAIZEN/si_btn_idioma' is clicked on

2020-03-09 15:25:01 - [MESSAGE][PASSED] - Object: 'Object Repository/Page_- KAIZEN/si_btn_idioma' is clicked on

2020-03-09 15:25:01 - [TEST_STEP][PASSED] - if (Idioma == "0"): Object: 'Object Repository/Page_- KAIZEN/si_Ingles' is clicked on

2020-03-09 15:25:01 - [TEST_STEP][PASSED] - click(findTestObject("Page_- KAIZEN/si_Ingles")): Object: 'Object Repository/Page_- KAIZEN/si_Ingles' is clicked on

2020-03-09 15:25:03 - [MESSAGE][PASSED] - Object: 'Object Repository/Page_- KAIZEN/si_Ingles' is clicked on

2020-03-09 15:25:03 - [MESSAGE][PASSED] - Call Test Case 'Test Cases/Individual_Tests/Seleccionar_Idioma' successfully

2020-03-09 15:25:03 - [TEST_STEP][PASSED] - callTestCase(findTestCase("Individual_Tests/Aprobacion_Ventas"), ["Index":Index], STOP_ON_FAILURE): Call Test Case 'Test Cases/Individual_Tests/Aprobacion_Ventas' successfully

2020-03-09 15:25:03 - [TEST_CASE][PASSED] - Test Cases/Individual_Tests/Aprobacion_Ventas: Test Cases/Individual_Tests/Aprobacion_Ventas

2020-03-09 15:25:03 - [TEST_STEP][PASSED] - data = obtener_excels.obtener_aprobaciones.getValuesExcelAprob20(Index): obtener_excels.obtener_aprobaciones.getValuesExcelAprob20 is PASSED

2020-03-09 15:25:03 - [MESSAGE][PASSED] - obtener_excels.obtener_aprobaciones.getValuesExcelAprob20 is PASSED

2020-03-09 15:25:03 - [TEST_STEP][PASSED] - IdPedido = data[3]: null

2020-03-09 15:25:03 - [TEST_STEP][PASSED] - Id_Cliente = data[4]: null

2020-03-09 15:25:03 - [TEST_STEP][PASSED] - AprobVentas = data[5]: null

2020-03-09 15:25:03 - [TEST_STEP][PASSED] - print(Id_Cliente + "
"): null

2020-03-09 15:25:03 - [TEST_STEP][PASSED] - print(AprobVentas + "
"): null

2020-03-09 15:25:03 - [TEST_STEP][PASSED] - IDPedido = IdPedido: null

2020-03-09 15:25:03 - [TEST_STEP][PASSED] - IDCliente = Id_Cliente: null

2020-03-09 15:25:03 - [TEST_STEP][PASSED] - AprobacionVentas = AprobVentas: null

2020-03-09 15:25:03 - [TEST_STEP][PASSED] - click(findTestObject("Page_- KAIZEN/av_btn_ventas")): Object: 'Object Repository/Page_- KAIZEN/av_btn_ventas' is clicked on

2020-03-09 15:25:03 - [MESSAGE][PASSED] - Object: 'Object Repository/Page_- KAIZEN/av_btn_ventas' is clicked on

2020-03-09 15:25:03 - [TEST_STEP][PASSED] - click(findTestObject("Page_- KAIZEN/av_btn_aprobacinventas")): Object: 'Object Repository/Page_- KAIZEN/av_btn_aprobacinventas' is clicked on

2020-03-09 15:25:05 - [MESSAGE][PASSED] - Object: 'Object Repository/Page_- KAIZEN/av_btn_aprobacinventas' is clicked on

2020-03-09 15:25:05 - [TEST_STEP][PASSED] - click(findTestObject("Page_Aprobacin de Ventas - KAIZEN/av_click_aprobacionventas")): Object: 'Object Repository/Page_Aprobacin de Ventas - KAIZEN/av_click_aprobacionventas' is clicked on

2020-03-09 15:25:05 - [MESSAGE][PASSED] - Object: 'Object Repository/Page_Aprobacin de Ventas - KAIZEN/av_click_aprobacionventas' is clicked on

2020-03-09 15:25:05 - [TEST_STEP][PASSED] - click(findTestObject("Page_Aprobacin de Ventas - KAIZEN/av_btn_seleccione_cliente")): Object: 'Object Repository/Page_Aprobacin de Ventas - KAIZEN/av_btn_seleccione_cliente' is clicked on

2020-03-09 15:25:06 - [MESSAGE][PASSED] - Object: 'Object Repository/Page_Aprobacin de Ventas - KAIZEN/av_btn_seleccione_cliente' is clicked on

2020-03-09 15:25:06 - [TEST_STEP][PASSED] - click(findTestObject("Page_Aprobacin de Ventas - KAIZEN/av_click_seleccione_cliente")): Object: 'Object Repository/Page_Aprobacin de Ventas - KAIZEN/av_click_seleccione_cliente' is clicked on

2020-03-09 15:25:06 - [MESSAGE][PASSED] - Object: 'Object Repository/Page_Aprobacin de Ventas - KAIZEN/av_click_seleccione_cliente' is clicked on

2020-03-09 15:25:06 - [TEST_STEP][PASSED] - selectOptionByValue(findTestObject("Page_Aprobacin de Ventas - KAIZEN/av_assing_seleccione_cliente"), IDCliente, true): All options with value '2' are selected in object 'Object Repository/Page_Aprobacin de Ventas - KAIZEN/av_assing_seleccione_cliente'  using regular expression

2020-03-09 15:25:08 - [MESSAGE][PASSED] - All options with value '2' are selected in object 'Object Repository/Page_Aprobacin de Ventas - KAIZEN/av_assing_seleccione_cliente'  using regular expression

2020-03-09 15:25:08 - [TEST_STEP][PASSED] - click(findTestObject("Page_Aprobacin de Ventas - KAIZEN/av_btn_Buscar")): Object: 'Object Repository/Page_Aprobacin de Ventas - KAIZEN/av_btn_Buscar' is clicked on

2020-03-09 15:25:10 - [MESSAGE][PASSED] - Object: 'Object Repository/Page_Aprobacin de Ventas - KAIZEN/av_btn_Buscar' is clicked on

2020-03-09 15:25:10 - [TEST_STEP][PASSED] - delay(5): Delayed 5 second(s)

2020-03-09 15:25:15 - [MESSAGE][PASSED] - Delayed 5 second(s)

2020-03-09 15:25:15 - [TEST_STEP][PASSED] - if (AprobacionVentas == "Aprobar"): Object: 'Object Repository/Page_Aprobacin de Ventas - KAIZEN/av_btn_aceptar' is clicked on

2020-03-09 15:25:15 - [TEST_STEP][PASSED] - variable = "btn_aprobar_" + IDPedido: null

2020-03-09 15:25:15 - [TEST_STEP][PASSED] - print(variable): null

2020-03-09 15:25:15 - [TEST_STEP][PASSED] - executeJavaScript(document.getElementById('$variable').click();, null): Execute JavaScript 'document.getElementById('btn_aprobar_258').click();' successfully

2020-03-09 15:25:15 - [MESSAGE][PASSED] - Execute JavaScript 'document.getElementById('btn_aprobar_258').click();' successfully

2020-03-09 15:25:15 - [TEST_STEP][PASSED] - click(findTestObject("Page_Aprobacin de Ventas - KAIZEN/av_btn_aceptar")): Object: 'Object Repository/Page_Aprobacin de Ventas - KAIZEN/av_btn_aceptar' is clicked on

2020-03-09 15:25:22 - [MESSAGE][PASSED] - Object: 'Object Repository/Page_Aprobacin de Ventas - KAIZEN/av_btn_aceptar' is clicked on

2020-03-09 15:25:22 - [TEST_STEP][PASSED] - delay(10): Delayed 10 second(s)

2020-03-09 15:25:32 - [MESSAGE][PASSED] - Delayed 10 second(s)

2020-03-09 15:25:32 - [MESSAGE][PASSED] - Call Test Case 'Test Cases/Individual_Tests/Aprobacion_Ventas' successfully

2020-03-09 15:25:32 - [TEST_STEP][PASSED] - callTestCase(findTestCase("Individual_Tests/Login"), ["Evento":"Aprobar", "Index":Index], STOP_ON_FAILURE): Call Test Case 'Test Cases/Individual_Tests/Login' successfully

2020-03-09 15:25:32 - [TEST_CASE][PASSED] - Test Cases/Individual_Tests/Login: Test Cases/Individual_Tests/Login

2020-03-09 15:25:32 - [TEST_STEP][PASSED] - print("Evento Seleccionado: " + Evento + "
"): null

2020-03-09 15:25:32 - [TEST_STEP][PASSED] - openBrowser(Web): Browser is opened with url: 'http://test.kaizendev.net/Login/Accesar?salir=true'

2020-03-09 15:25:32 - [MESSAGE][WARNING] - A browser is already opened. Closing browser and opening a new one

2020-03-09 15:25:33 - [MESSAGE][INFO] - Starting 'Chrome' driver

2020-03-09 15:25:40 - [MESSAGE][PASSED] - Browser is opened with url: 'http://test.kaizendev.net/Login/Accesar?salir=true'

2020-03-09 15:25:40 - [TEST_STEP][PASSED] - maximizeWindow(): Current window maximized

2020-03-09 15:25:41 - [MESSAGE][PASSED] - Current window maximized

2020-03-09 15:25:41 - [TEST_STEP][PASSED] - if (Evento == "Crear20"): null

2020-03-09 15:25:41 - [TEST_STEP][PASSED] - else if (Evento == "Crear40"): null

2020-03-09 15:25:41 - [TEST_STEP][PASSED] - else if (Evento == "Aprobar"): Object: 'Object Repository/Page_Iniciar Sesion - KAIZEN/is_btn_ingresar_sistema' is clicked on

2020-03-09 15:25:41 - [TEST_STEP][PASSED] - data2 = obtener_excels.obtener_aprobaciones.getValuesExcelAprob20(Index): obtener_excels.obtener_aprobaciones.getValuesExcelAprob20 is PASSED

2020-03-09 15:25:41 - [MESSAGE][PASSED] - obtener_excels.obtener_aprobaciones.getValuesExcelAprob20 is PASSED

2020-03-09 15:25:41 - [TEST_STEP][PASSED] - Usuario = data2[1]: null

2020-03-09 15:25:41 - [TEST_STEP][PASSED] - Contrasena = data2[2]: null

2020-03-09 15:25:41 - [TEST_STEP][PASSED] - setText(findTestObject("Page_Iniciar Sesion - KAIZEN/is_input_email"), Usuario): Text 'automated.test@grupokaizen.net' is set on object 'Object Repository/Page_Iniciar Sesion - KAIZEN/is_input_email'

2020-03-09 15:25:42 - [MESSAGE][PASSED] - Text 'automated.test@grupokaizen.net' is set on object 'Object Repository/Page_Iniciar Sesion - KAIZEN/is_input_email'

2020-03-09 15:25:42 - [TEST_STEP][PASSED] - setEncryptedText(findTestObject("Page_Iniciar Sesion - KAIZEN/IS_input_contrasena"), Contrasena): Text ****** has been set on object 'Object Repository/Page_Iniciar Sesion - KAIZEN/IS_input_contrasena'

2020-03-09 15:25:42 - [MESSAGE][PASSED] - Text ****** has been set on object 'Object Repository/Page_Iniciar Sesion - KAIZEN/IS_input_contrasena'

2020-03-09 15:25:42 - [TEST_STEP][PASSED] - click(findTestObject("Page_Iniciar Sesion - KAIZEN/is_btn_ingresar_sistema")): Object: 'Object Repository/Page_Iniciar Sesion - KAIZEN/is_btn_ingresar_sistema' is clicked on

2020-03-09 15:25:44 - [MESSAGE][PASSED] - Object: 'Object Repository/Page_Iniciar Sesion - KAIZEN/is_btn_ingresar_sistema' is clicked on

2020-03-09 15:25:44 - [MESSAGE][PASSED] - Call Test Case 'Test Cases/Individual_Tests/Login' successfully

2020-03-09 15:25:44 - [TEST_STEP][PASSED] - callTestCase(findTestCase("Individual_Tests/Seleccionar_Idioma"), ["Evento":"Aprobar", "Index":Index], STOP_ON_FAILURE): Call Test Case 'Test Cases/Individual_Tests/Seleccionar_Idioma' successfully

2020-03-09 15:25:44 - [TEST_CASE][PASSED] - Test Cases/Individual_Tests/Seleccionar_Idioma: Test Cases/Individual_Tests/Seleccionar_Idioma

2020-03-09 15:25:44 - [TEST_STEP][PASSED] - Idioma = 0: null

2020-03-09 15:25:44 - [TEST_STEP][PASSED] - if (Evento == "Crear20"): null

2020-03-09 15:25:44 - [TEST_STEP][PASSED] - else if (Evento == "Crear40"): null

2020-03-09 15:25:44 - [TEST_STEP][PASSED] - else if (Evento == "Aprobar"): null

2020-03-09 15:25:44 - [TEST_STEP][PASSED] - data2 = obtener_excels.obtener_aprobaciones.getValuesExcelAprob20(Index): obtener_excels.obtener_aprobaciones.getValuesExcelAprob20 is PASSED

2020-03-09 15:25:45 - [MESSAGE][PASSED] - obtener_excels.obtener_aprobaciones.getValuesExcelAprob20 is PASSED

2020-03-09 15:25:45 - [TEST_STEP][PASSED] - Idioma = data2[0]: null

2020-03-09 15:25:45 - [TEST_STEP][PASSED] - click(findTestObject("Page_- KAIZEN/si_btn_idioma")): Object: 'Object Repository/Page_- KAIZEN/si_btn_idioma' is clicked on

2020-03-09 15:25:45 - [MESSAGE][PASSED] - Object: 'Object Repository/Page_- KAIZEN/si_btn_idioma' is clicked on

2020-03-09 15:25:45 - [TEST_STEP][PASSED] - if (Idioma == "0"): null

2020-03-09 15:25:45 - [TEST_STEP][PASSED] - else: Object: 'Object Repository/Page_- KAIZEN/si_Spanish' is clicked on

2020-03-09 15:25:45 - [TEST_STEP][PASSED] - click(findTestObject("Page_- KAIZEN/si_Spanish")): Object: 'Object Repository/Page_- KAIZEN/si_Spanish' is clicked on

2020-03-09 15:25:47 - [MESSAGE][PASSED] - Object: 'Object Repository/Page_- KAIZEN/si_Spanish' is clicked on

2020-03-09 15:25:47 - [MESSAGE][PASSED] - Call Test Case 'Test Cases/Individual_Tests/Seleccionar_Idioma' successfully

2020-03-09 15:25:47 - [TEST_STEP][PASSED] - callTestCase(findTestCase("Individual_Tests/Aprobacion_Ventas"), ["Index":Index], STOP_ON_FAILURE): Call Test Case 'Test Cases/Individual_Tests/Aprobacion_Ventas' successfully

2020-03-09 15:25:47 - [TEST_CASE][PASSED] - Test Cases/Individual_Tests/Aprobacion_Ventas: Test Cases/Individual_Tests/Aprobacion_Ventas

2020-03-09 15:25:47 - [TEST_STEP][PASSED] - data = obtener_excels.obtener_aprobaciones.getValuesExcelAprob20(Index): obtener_excels.obtener_aprobaciones.getValuesExcelAprob20 is PASSED

2020-03-09 15:25:47 - [MESSAGE][PASSED] - obtener_excels.obtener_aprobaciones.getValuesExcelAprob20 is PASSED

2020-03-09 15:25:47 - [TEST_STEP][PASSED] - IdPedido = data[3]: null

2020-03-09 15:25:47 - [TEST_STEP][PASSED] - Id_Cliente = data[4]: null

2020-03-09 15:25:47 - [TEST_STEP][PASSED] - AprobVentas = data[5]: null

2020-03-09 15:25:47 - [TEST_STEP][PASSED] - print(Id_Cliente + "
"): null

2020-03-09 15:25:47 - [TEST_STEP][PASSED] - print(AprobVentas + "
"): null

2020-03-09 15:25:47 - [TEST_STEP][PASSED] - IDPedido = IdPedido: null

2020-03-09 15:25:47 - [TEST_STEP][PASSED] - IDCliente = Id_Cliente: null

2020-03-09 15:25:47 - [TEST_STEP][PASSED] - AprobacionVentas = AprobVentas: null

2020-03-09 15:25:47 - [TEST_STEP][PASSED] - click(findTestObject("Page_- KAIZEN/av_btn_ventas")): Object: 'Object Repository/Page_- KAIZEN/av_btn_ventas' is clicked on

2020-03-09 15:25:48 - [MESSAGE][PASSED] - Object: 'Object Repository/Page_- KAIZEN/av_btn_ventas' is clicked on

2020-03-09 15:25:48 - [TEST_STEP][PASSED] - click(findTestObject("Page_- KAIZEN/av_btn_aprobacinventas")): Object: 'Object Repository/Page_- KAIZEN/av_btn_aprobacinventas' is clicked on

2020-03-09 15:25:49 - [MESSAGE][PASSED] - Object: 'Object Repository/Page_- KAIZEN/av_btn_aprobacinventas' is clicked on

2020-03-09 15:25:49 - [TEST_STEP][PASSED] - click(findTestObject("Page_Aprobacin de Ventas - KAIZEN/av_click_aprobacionventas")): Object: 'Object Repository/Page_Aprobacin de Ventas - KAIZEN/av_click_aprobacionventas' is clicked on

2020-03-09 15:25:49 - [MESSAGE][PASSED] - Object: 'Object Repository/Page_Aprobacin de Ventas - KAIZEN/av_click_aprobacionventas' is clicked on

2020-03-09 15:25:49 - [TEST_STEP][PASSED] - click(findTestObject("Page_Aprobacin de Ventas - KAIZEN/av_btn_seleccione_cliente")): Object: 'Object Repository/Page_Aprobacin de Ventas - KAIZEN/av_btn_seleccione_cliente' is clicked on

2020-03-09 15:25:50 - [MESSAGE][PASSED] - Object: 'Object Repository/Page_Aprobacin de Ventas - KAIZEN/av_btn_seleccione_cliente' is clicked on

2020-03-09 15:25:50 - [TEST_STEP][PASSED] - click(findTestObject("Page_Aprobacin de Ventas - KAIZEN/av_click_seleccione_cliente")): Object: 'Object Repository/Page_Aprobacin de Ventas - KAIZEN/av_click_seleccione_cliente' is clicked on

2020-03-09 15:25:50 - [MESSAGE][PASSED] - Object: 'Object Repository/Page_Aprobacin de Ventas - KAIZEN/av_click_seleccione_cliente' is clicked on

2020-03-09 15:25:50 - [TEST_STEP][PASSED] - selectOptionByValue(findTestObject("Page_Aprobacin de Ventas - KAIZEN/av_assing_seleccione_cliente"), IDCliente, true): All options with value '7' are selected in object 'Object Repository/Page_Aprobacin de Ventas - KAIZEN/av_assing_seleccione_cliente'  using regular expression

2020-03-09 15:25:53 - [MESSAGE][PASSED] - All options with value '7' are selected in object 'Object Repository/Page_Aprobacin de Ventas - KAIZEN/av_assing_seleccione_cliente'  using regular expression

2020-03-09 15:25:53 - [TEST_STEP][PASSED] - click(findTestObject("Page_Aprobacin de Ventas - KAIZEN/av_btn_Buscar")): Object: 'Object Repository/Page_Aprobacin de Ventas - KAIZEN/av_btn_Buscar' is clicked on

2020-03-09 15:25:54 - [MESSAGE][PASSED] - Object: 'Object Repository/Page_Aprobacin de Ventas - KAIZEN/av_btn_Buscar' is clicked on

2020-03-09 15:25:54 - [TEST_STEP][PASSED] - delay(5): Delayed 5 second(s)

2020-03-09 15:25:59 - [MESSAGE][PASSED] - Delayed 5 second(s)

2020-03-09 15:25:59 - [TEST_STEP][PASSED] - if (AprobacionVentas == "Aprobar"): Object: 'Object Repository/Page_Aprobacin de Ventas - KAIZEN/av_btn_aceptar' is clicked on

2020-03-09 15:25:59 - [TEST_STEP][PASSED] - variable = "btn_aprobar_" + IDPedido: null

2020-03-09 15:25:59 - [TEST_STEP][PASSED] - print(variable): null

2020-03-09 15:25:59 - [TEST_STEP][PASSED] - executeJavaScript(document.getElementById('$variable').click();, null): Execute JavaScript 'document.getElementById('btn_aprobar_259').click();' successfully

2020-03-09 15:25:59 - [MESSAGE][PASSED] - Execute JavaScript 'document.getElementById('btn_aprobar_259').click();' successfully

2020-03-09 15:25:59 - [TEST_STEP][PASSED] - click(findTestObject("Page_Aprobacin de Ventas - KAIZEN/av_btn_aceptar")): Object: 'Object Repository/Page_Aprobacin de Ventas - KAIZEN/av_btn_aceptar' is clicked on

2020-03-09 15:26:00 - [MESSAGE][PASSED] - Object: 'Object Repository/Page_Aprobacin de Ventas - KAIZEN/av_btn_aceptar' is clicked on

2020-03-09 15:26:00 - [TEST_STEP][PASSED] - delay(10): Delayed 10 second(s)

2020-03-09 15:26:10 - [MESSAGE][PASSED] - Delayed 10 second(s)

2020-03-09 15:26:10 - [MESSAGE][PASSED] - Call Test Case 'Test Cases/Individual_Tests/Aprobacion_Ventas' successfully

2020-03-09 15:26:10 - [TEST_STEP][PASSED] - callTestCase(findTestCase("Individual_Tests/Login"), ["Evento":"Aprobar", "Index":Index], STOP_ON_FAILURE): Call Test Case 'Test Cases/Individual_Tests/Login' successfully

2020-03-09 15:26:10 - [TEST_CASE][PASSED] - Test Cases/Individual_Tests/Login: Test Cases/Individual_Tests/Login

2020-03-09 15:26:10 - [TEST_STEP][PASSED] - print("Evento Seleccionado: " + Evento + "
"): null

2020-03-09 15:26:10 - [TEST_STEP][PASSED] - openBrowser(Web): Browser is opened with url: 'http://test.kaizendev.net/Login/Accesar?salir=true'

2020-03-09 15:26:10 - [MESSAGE][WARNING] - A browser is already opened. Closing browser and opening a new one

2020-03-09 15:26:10 - [MESSAGE][INFO] - Starting 'Chrome' driver

2020-03-09 15:26:19 - [MESSAGE][PASSED] - Browser is opened with url: 'http://test.kaizendev.net/Login/Accesar?salir=true'

2020-03-09 15:26:19 - [TEST_STEP][PASSED] - maximizeWindow(): Current window maximized

2020-03-09 15:26:20 - [MESSAGE][PASSED] - Current window maximized

2020-03-09 15:26:20 - [TEST_STEP][PASSED] - if (Evento == "Crear20"): null

2020-03-09 15:26:20 - [TEST_STEP][PASSED] - else if (Evento == "Crear40"): null

2020-03-09 15:26:20 - [TEST_STEP][PASSED] - else if (Evento == "Aprobar"): Object: 'Object Repository/Page_Iniciar Sesion - KAIZEN/is_btn_ingresar_sistema' is clicked on

2020-03-09 15:26:20 - [TEST_STEP][PASSED] - data2 = obtener_excels.obtener_aprobaciones.getValuesExcelAprob20(Index): obtener_excels.obtener_aprobaciones.getValuesExcelAprob20 is PASSED

2020-03-09 15:26:20 - [MESSAGE][PASSED] - obtener_excels.obtener_aprobaciones.getValuesExcelAprob20 is PASSED

2020-03-09 15:26:20 - [TEST_STEP][PASSED] - Usuario = data2[1]: null

2020-03-09 15:26:20 - [TEST_STEP][PASSED] - Contrasena = data2[2]: null

2020-03-09 15:26:20 - [TEST_STEP][PASSED] - setText(findTestObject("Page_Iniciar Sesion - KAIZEN/is_input_email"), Usuario): Text 'automated.test@grupokaizen.net' is set on object 'Object Repository/Page_Iniciar Sesion - KAIZEN/is_input_email'

2020-03-09 15:26:21 - [MESSAGE][PASSED] - Text 'automated.test@grupokaizen.net' is set on object 'Object Repository/Page_Iniciar Sesion - KAIZEN/is_input_email'

2020-03-09 15:26:21 - [TEST_STEP][PASSED] - setEncryptedText(findTestObject("Page_Iniciar Sesion - KAIZEN/IS_input_contrasena"), Contrasena): Text ****** has been set on object 'Object Repository/Page_Iniciar Sesion - KAIZEN/IS_input_contrasena'

2020-03-09 15:26:21 - [MESSAGE][PASSED] - Text ****** has been set on object 'Object Repository/Page_Iniciar Sesion - KAIZEN/IS_input_contrasena'

2020-03-09 15:26:21 - [TEST_STEP][PASSED] - click(findTestObject("Page_Iniciar Sesion - KAIZEN/is_btn_ingresar_sistema")): Object: 'Object Repository/Page_Iniciar Sesion - KAIZEN/is_btn_ingresar_sistema' is clicked on

2020-03-09 15:26:23 - [MESSAGE][PASSED] - Object: 'Object Repository/Page_Iniciar Sesion - KAIZEN/is_btn_ingresar_sistema' is clicked on

2020-03-09 15:26:23 - [MESSAGE][PASSED] - Call Test Case 'Test Cases/Individual_Tests/Login' successfully

2020-03-09 15:26:23 - [TEST_STEP][PASSED] - callTestCase(findTestCase("Individual_Tests/Seleccionar_Idioma"), ["Evento":"Aprobar", "Index":Index], STOP_ON_FAILURE): Call Test Case 'Test Cases/Individual_Tests/Seleccionar_Idioma' successfully

2020-03-09 15:26:23 - [TEST_CASE][PASSED] - Test Cases/Individual_Tests/Seleccionar_Idioma: Test Cases/Individual_Tests/Seleccionar_Idioma

2020-03-09 15:26:23 - [TEST_STEP][PASSED] - Idioma = 0: null

2020-03-09 15:26:23 - [TEST_STEP][PASSED] - if (Evento == "Crear20"): null

2020-03-09 15:26:23 - [TEST_STEP][PASSED] - else if (Evento == "Crear40"): null

2020-03-09 15:26:23 - [TEST_STEP][PASSED] - else if (Evento == "Aprobar"): null

2020-03-09 15:26:23 - [TEST_STEP][PASSED] - data2 = obtener_excels.obtener_aprobaciones.getValuesExcelAprob20(Index): obtener_excels.obtener_aprobaciones.getValuesExcelAprob20 is PASSED

2020-03-09 15:26:23 - [MESSAGE][PASSED] - obtener_excels.obtener_aprobaciones.getValuesExcelAprob20 is PASSED

2020-03-09 15:26:24 - [TEST_STEP][PASSED] - Idioma = data2[0]: null

2020-03-09 15:26:24 - [TEST_STEP][PASSED] - click(findTestObject("Page_- KAIZEN/si_btn_idioma")): Object: 'Object Repository/Page_- KAIZEN/si_btn_idioma' is clicked on

2020-03-09 15:26:24 - [MESSAGE][PASSED] - Object: 'Object Repository/Page_- KAIZEN/si_btn_idioma' is clicked on

2020-03-09 15:26:24 - [TEST_STEP][PASSED] - if (Idioma == "0"): Object: 'Object Repository/Page_- KAIZEN/si_Ingles' is clicked on

2020-03-09 15:26:24 - [TEST_STEP][PASSED] - click(findTestObject("Page_- KAIZEN/si_Ingles")): Object: 'Object Repository/Page_- KAIZEN/si_Ingles' is clicked on

2020-03-09 15:26:25 - [MESSAGE][PASSED] - Object: 'Object Repository/Page_- KAIZEN/si_Ingles' is clicked on

2020-03-09 15:26:25 - [MESSAGE][PASSED] - Call Test Case 'Test Cases/Individual_Tests/Seleccionar_Idioma' successfully

2020-03-09 15:26:25 - [TEST_STEP][PASSED] - callTestCase(findTestCase("Individual_Tests/Aprobacion_Ventas"), ["Index":Index], STOP_ON_FAILURE): Call Test Case 'Test Cases/Individual_Tests/Aprobacion_Ventas' successfully

2020-03-09 15:26:26 - [TEST_CASE][PASSED] - Test Cases/Individual_Tests/Aprobacion_Ventas: Test Cases/Individual_Tests/Aprobacion_Ventas

2020-03-09 15:26:26 - [TEST_STEP][PASSED] - data = obtener_excels.obtener_aprobaciones.getValuesExcelAprob20(Index): obtener_excels.obtener_aprobaciones.getValuesExcelAprob20 is PASSED

2020-03-09 15:26:26 - [MESSAGE][PASSED] - obtener_excels.obtener_aprobaciones.getValuesExcelAprob20 is PASSED

2020-03-09 15:26:26 - [TEST_STEP][PASSED] - IdPedido = data[3]: null

2020-03-09 15:26:26 - [TEST_STEP][PASSED] - Id_Cliente = data[4]: null

2020-03-09 15:26:26 - [TEST_STEP][PASSED] - AprobVentas = data[5]: null

2020-03-09 15:26:26 - [TEST_STEP][PASSED] - print(Id_Cliente + "
"): null

2020-03-09 15:26:26 - [TEST_STEP][PASSED] - print(AprobVentas + "
"): null

2020-03-09 15:26:26 - [TEST_STEP][PASSED] - IDPedido = IdPedido: null

2020-03-09 15:26:26 - [TEST_STEP][PASSED] - IDCliente = Id_Cliente: null

2020-03-09 15:26:26 - [TEST_STEP][PASSED] - AprobacionVentas = AprobVentas: null

2020-03-09 15:26:26 - [TEST_STEP][PASSED] - click(findTestObject("Page_- KAIZEN/av_btn_ventas")): Object: 'Object Repository/Page_- KAIZEN/av_btn_ventas' is clicked on

2020-03-09 15:26:27 - [MESSAGE][PASSED] - Object: 'Object Repository/Page_- KAIZEN/av_btn_ventas' is clicked on

2020-03-09 15:26:27 - [TEST_STEP][PASSED] - click(findTestObject("Page_- KAIZEN/av_btn_aprobacinventas")): Object: 'Object Repository/Page_- KAIZEN/av_btn_aprobacinventas' is clicked on

2020-03-09 15:26:29 - [MESSAGE][PASSED] - Object: 'Object Repository/Page_- KAIZEN/av_btn_aprobacinventas' is clicked on

2020-03-09 15:26:29 - [TEST_STEP][PASSED] - click(findTestObject("Page_Aprobacin de Ventas - KAIZEN/av_click_aprobacionventas")): Object: 'Object Repository/Page_Aprobacin de Ventas - KAIZEN/av_click_aprobacionventas' is clicked on

2020-03-09 15:26:30 - [MESSAGE][PASSED] - Object: 'Object Repository/Page_Aprobacin de Ventas - KAIZEN/av_click_aprobacionventas' is clicked on

2020-03-09 15:26:30 - [TEST_STEP][PASSED] - click(findTestObject("Page_Aprobacin de Ventas - KAIZEN/av_btn_seleccione_cliente")): Object: 'Object Repository/Page_Aprobacin de Ventas - KAIZEN/av_btn_seleccione_cliente' is clicked on

2020-03-09 15:26:30 - [MESSAGE][PASSED] - Object: 'Object Repository/Page_Aprobacin de Ventas - KAIZEN/av_btn_seleccione_cliente' is clicked on

2020-03-09 15:26:30 - [TEST_STEP][PASSED] - click(findTestObject("Page_Aprobacin de Ventas - KAIZEN/av_click_seleccione_cliente")): Object: 'Object Repository/Page_Aprobacin de Ventas - KAIZEN/av_click_seleccione_cliente' is clicked on

2020-03-09 15:26:31 - [MESSAGE][PASSED] - Object: 'Object Repository/Page_Aprobacin de Ventas - KAIZEN/av_click_seleccione_cliente' is clicked on

2020-03-09 15:26:31 - [TEST_STEP][PASSED] - selectOptionByValue(findTestObject("Page_Aprobacin de Ventas - KAIZEN/av_assing_seleccione_cliente"), IDCliente, true): All options with value '17' are selected in object 'Object Repository/Page_Aprobacin de Ventas - KAIZEN/av_assing_seleccione_cliente'  using regular expression

2020-03-09 15:26:34 - [MESSAGE][PASSED] - All options with value '17' are selected in object 'Object Repository/Page_Aprobacin de Ventas - KAIZEN/av_assing_seleccione_cliente'  using regular expression

2020-03-09 15:26:34 - [TEST_STEP][PASSED] - click(findTestObject("Page_Aprobacin de Ventas - KAIZEN/av_btn_Buscar")): Object: 'Object Repository/Page_Aprobacin de Ventas - KAIZEN/av_btn_Buscar' is clicked on

2020-03-09 15:26:35 - [MESSAGE][PASSED] - Object: 'Object Repository/Page_Aprobacin de Ventas - KAIZEN/av_btn_Buscar' is clicked on

2020-03-09 15:26:35 - [TEST_STEP][PASSED] - delay(5): Delayed 5 second(s)

2020-03-09 15:26:40 - [MESSAGE][PASSED] - Delayed 5 second(s)

2020-03-09 15:26:40 - [TEST_STEP][PASSED] - if (AprobacionVentas == "Aprobar"): Object: 'Object Repository/Page_Aprobacin de Ventas - KAIZEN/av_btn_aceptar' is clicked on

2020-03-09 15:26:40 - [TEST_STEP][PASSED] - variable = "btn_aprobar_" + IDPedido: null

2020-03-09 15:26:40 - [TEST_STEP][PASSED] - print(variable): null

2020-03-09 15:26:40 - [TEST_STEP][PASSED] - executeJavaScript(document.getElementById('$variable').click();, null): Execute JavaScript 'document.getElementById('btn_aprobar_260').click();' successfully

2020-03-09 15:26:40 - [MESSAGE][PASSED] - Execute JavaScript 'document.getElementById('btn_aprobar_260').click();' successfully

2020-03-09 15:26:40 - [TEST_STEP][PASSED] - click(findTestObject("Page_Aprobacin de Ventas - KAIZEN/av_btn_aceptar")): Object: 'Object Repository/Page_Aprobacin de Ventas - KAIZEN/av_btn_aceptar' is clicked on

2020-03-09 15:26:41 - [MESSAGE][PASSED] - Object: 'Object Repository/Page_Aprobacin de Ventas - KAIZEN/av_btn_aceptar' is clicked on

2020-03-09 15:26:41 - [TEST_STEP][PASSED] - delay(10): Delayed 10 second(s)

2020-03-09 15:26:51 - [MESSAGE][PASSED] - Delayed 10 second(s)

2020-03-09 15:26:51 - [MESSAGE][PASSED] - Call Test Case 'Test Cases/Individual_Tests/Aprobacion_Ventas' successfully]]></system-out>
         <system-err><![CDATA[]]></system-err>
      </testcase>
      <testcase name="Test Cases/Generar_Excels_Secuencias/TC_Generar_Excel_CargosLogisticos" time="5.856" classname="Test Cases/Generar_Excels_Secuencias/TC_Generar_Excel_CargosLogisticos" status="PASSED">
         <system-out><![CDATA[2020-03-09 15:26:51 - [TEST_CASE][PASSED] - Test Cases/Generar_Excels_Secuencias/TC_Generar_Excel_CargosLogisticos: Test Cases/Generar_Excels_Secuencias/TC_Generar_Excel_CargosLogisticos

2020-03-09 15:26:51 - [TEST_STEP][PASSED] - python.ejecutarAleatoriosPython.runPython("Logistica"): python.ejecutarAleatoriosPython.runPython is PASSED

2020-03-09 15:26:56 - [MESSAGE][PASSED] - python.ejecutarAleatoriosPython.runPython is PASSED]]></system-out>
         <system-err><![CDATA[]]></system-err>
      </testcase>
      <testcase name="Test Cases/Secuencias de Ejecucion/TC_Agregar_Cargos_Logisticos" time="93.394" classname="Test Cases/Secuencias de Ejecucion/TC_Agregar_Cargos_Logisticos" status="PASSED">
         <system-out><![CDATA[2020-03-09 15:26:56 - [TEST_CASE][PASSED] - Test Cases/Secuencias de Ejecucion/TC_Agregar_Cargos_Logisticos: Test Cases/Secuencias de Ejecucion/TC_Agregar_Cargos_Logisticos

2020-03-09 15:26:57 - [TEST_STEP][PASSED] - archivo = $RunConfiguration.getProjectDir()/Pedidos/DataExcel/Cargos_Logisticos20pies.xlsx: null

2020-03-09 15:26:57 - [TEST_STEP][PASSED] - excelData = getExcelDataWithDefaultSheet(archivo, "Sheet1", true): null

2020-03-09 15:26:57 - [TEST_STEP][PASSED] - for ([Index = 1, Index <= excelData.getRowNumbers(), (Index++)]): Call Test Case 'Test Cases/Individual_Tests/Agregar_Logistica' successfully

2020-03-09 15:26:57 - [TEST_STEP][PASSED] - callTestCase(findTestCase("Individual_Tests/Login"), ["Evento":"Logistica", "Index":Index], STOP_ON_FAILURE): Call Test Case 'Test Cases/Individual_Tests/Login' successfully

2020-03-09 15:26:57 - [TEST_CASE][PASSED] - Test Cases/Individual_Tests/Login: Test Cases/Individual_Tests/Login

2020-03-09 15:26:57 - [TEST_STEP][PASSED] - print("Evento Seleccionado: " + Evento + "
"): null

2020-03-09 15:26:57 - [TEST_STEP][PASSED] - openBrowser(Web): Browser is opened with url: 'http://test.kaizendev.net/Login/Accesar?salir=true'

2020-03-09 15:26:57 - [MESSAGE][WARNING] - A browser is already opened. Closing browser and opening a new one

2020-03-09 15:26:58 - [MESSAGE][INFO] - Starting 'Chrome' driver

2020-03-09 15:27:08 - [MESSAGE][PASSED] - Browser is opened with url: 'http://test.kaizendev.net/Login/Accesar?salir=true'

2020-03-09 15:27:08 - [TEST_STEP][PASSED] - maximizeWindow(): Current window maximized

2020-03-09 15:27:09 - [MESSAGE][PASSED] - Current window maximized

2020-03-09 15:27:09 - [TEST_STEP][PASSED] - if (Evento == "Crear20"): null

2020-03-09 15:27:09 - [TEST_STEP][PASSED] - else if (Evento == "Crear40"): null

2020-03-09 15:27:09 - [TEST_STEP][PASSED] - else if (Evento == "Aprobar"): null

2020-03-09 15:27:09 - [TEST_STEP][PASSED] - else if (Evento == "Logistica"): Object: 'Object Repository/Page_Iniciar Sesion - KAIZEN/is_btn_ingresar_sistema' is clicked on

2020-03-09 15:27:09 - [TEST_STEP][PASSED] - data3 = obtener_excels.obtener_logistica.getValuesExcelLogistic(Index): obtener_excels.obtener_logistica.getValuesExcelLogistic is PASSED

2020-03-09 15:27:09 - [MESSAGE][PASSED] - obtener_excels.obtener_logistica.getValuesExcelLogistic is PASSED

2020-03-09 15:27:09 - [TEST_STEP][PASSED] - Usuario = data3[1]: null

2020-03-09 15:27:09 - [TEST_STEP][PASSED] - Contrasena = data3[2]: null

2020-03-09 15:27:09 - [TEST_STEP][PASSED] - setText(findTestObject("Page_Iniciar Sesion - KAIZEN/is_input_email"), Usuario): Text 'automated.test@grupokaizen.net' is set on object 'Object Repository/Page_Iniciar Sesion - KAIZEN/is_input_email'

2020-03-09 15:27:10 - [MESSAGE][PASSED] - Text 'automated.test@grupokaizen.net' is set on object 'Object Repository/Page_Iniciar Sesion - KAIZEN/is_input_email'

2020-03-09 15:27:10 - [TEST_STEP][PASSED] - setEncryptedText(findTestObject("Page_Iniciar Sesion - KAIZEN/IS_input_contrasena"), Contrasena): Text ****** has been set on object 'Object Repository/Page_Iniciar Sesion - KAIZEN/IS_input_contrasena'

2020-03-09 15:27:10 - [MESSAGE][PASSED] - Text ****** has been set on object 'Object Repository/Page_Iniciar Sesion - KAIZEN/IS_input_contrasena'

2020-03-09 15:27:10 - [TEST_STEP][PASSED] - click(findTestObject("Page_Iniciar Sesion - KAIZEN/is_btn_ingresar_sistema")): Object: 'Object Repository/Page_Iniciar Sesion - KAIZEN/is_btn_ingresar_sistema' is clicked on

2020-03-09 15:27:12 - [MESSAGE][PASSED] - Object: 'Object Repository/Page_Iniciar Sesion - KAIZEN/is_btn_ingresar_sistema' is clicked on

2020-03-09 15:27:12 - [MESSAGE][PASSED] - Call Test Case 'Test Cases/Individual_Tests/Login' successfully

2020-03-09 15:27:12 - [TEST_STEP][PASSED] - callTestCase(findTestCase("Individual_Tests/Seleccionar_Idioma"), ["Evento":"Logistica", "Index":Index], STOP_ON_FAILURE): Call Test Case 'Test Cases/Individual_Tests/Seleccionar_Idioma' successfully

2020-03-09 15:27:12 - [TEST_CASE][PASSED] - Test Cases/Individual_Tests/Seleccionar_Idioma: Test Cases/Individual_Tests/Seleccionar_Idioma

2020-03-09 15:27:12 - [TEST_STEP][PASSED] - Idioma = 0: null

2020-03-09 15:27:12 - [TEST_STEP][PASSED] - if (Evento == "Crear20"): null

2020-03-09 15:27:12 - [TEST_STEP][PASSED] - else if (Evento == "Crear40"): null

2020-03-09 15:27:12 - [TEST_STEP][PASSED] - else if (Evento == "Aprobar"): null

2020-03-09 15:27:12 - [TEST_STEP][PASSED] - else if (Evento == "Logistica"): null

2020-03-09 15:27:12 - [TEST_STEP][PASSED] - data3 = obtener_excels.obtener_logistica.getValuesExcelLogistic(Index): obtener_excels.obtener_logistica.getValuesExcelLogistic is PASSED

2020-03-09 15:27:12 - [MESSAGE][PASSED] - obtener_excels.obtener_logistica.getValuesExcelLogistic is PASSED

2020-03-09 15:27:12 - [TEST_STEP][PASSED] - Idioma = data3[0]: null

2020-03-09 15:27:12 - [TEST_STEP][PASSED] - click(findTestObject("Page_- KAIZEN/si_btn_idioma")): Object: 'Object Repository/Page_- KAIZEN/si_btn_idioma' is clicked on

2020-03-09 15:27:13 - [MESSAGE][PASSED] - Object: 'Object Repository/Page_- KAIZEN/si_btn_idioma' is clicked on

2020-03-09 15:27:13 - [TEST_STEP][PASSED] - if (Idioma == "0"): null

2020-03-09 15:27:13 - [TEST_STEP][PASSED] - else: Object: 'Object Repository/Page_- KAIZEN/si_Spanish' is clicked on

2020-03-09 15:27:13 - [TEST_STEP][PASSED] - click(findTestObject("Page_- KAIZEN/si_Spanish")): Object: 'Object Repository/Page_- KAIZEN/si_Spanish' is clicked on

2020-03-09 15:27:14 - [MESSAGE][PASSED] - Object: 'Object Repository/Page_- KAIZEN/si_Spanish' is clicked on

2020-03-09 15:27:14 - [MESSAGE][PASSED] - Call Test Case 'Test Cases/Individual_Tests/Seleccionar_Idioma' successfully

2020-03-09 15:27:14 - [TEST_STEP][PASSED] - callTestCase(findTestCase("Individual_Tests/Agregar_Logistica"), ["Index":Index], STOP_ON_FAILURE): Call Test Case 'Test Cases/Individual_Tests/Agregar_Logistica' successfully

2020-03-09 15:27:14 - [TEST_CASE][PASSED] - Test Cases/Individual_Tests/Agregar_Logistica: Test Cases/Individual_Tests/Agregar_Logistica

2020-03-09 15:27:15 - [TEST_STEP][PASSED] - data = obtener_excels.obtener_logistica.getValuesExcelLogistic(Index): obtener_excels.obtener_logistica.getValuesExcelLogistic is PASSED

2020-03-09 15:27:15 - [MESSAGE][PASSED] - obtener_excels.obtener_logistica.getValuesExcelLogistic is PASSED

2020-03-09 15:27:15 - [TEST_STEP][PASSED] - IdPedido = data[3]: null

2020-03-09 15:27:15 - [TEST_STEP][PASSED] - Id_Cliente = data[4]: null

2020-03-09 15:27:15 - [TEST_STEP][PASSED] - IDCargo = data[5]: null

2020-03-09 15:27:15 - [TEST_STEP][PASSED] - IDCargo2 = data[6]: null

2020-03-09 15:27:15 - [TEST_STEP][PASSED] - IDPedido = IdPedido: null

2020-03-09 15:27:15 - [TEST_STEP][PASSED] - IDCliente = Id_Cliente: null

2020-03-09 15:27:15 - [TEST_STEP][PASSED] - IDCargo = IDCargo: null

2020-03-09 15:27:15 - [TEST_STEP][PASSED] - IDCargo2 = IDCargo2: null

2020-03-09 15:27:15 - [TEST_STEP][PASSED] - click(findTestObject("Object Repository/Page_- KAIZEN/lg_menu_operaciones")): Object: 'Object Repository/Page_- KAIZEN/lg_menu_operaciones' is clicked on

2020-03-09 15:27:16 - [MESSAGE][PASSED] - Object: 'Object Repository/Page_- KAIZEN/lg_menu_operaciones' is clicked on

2020-03-09 15:27:16 - [TEST_STEP][PASSED] - click(findTestObject("Object Repository/Page_- KAIZEN/lg_click_operaciones")): Object: 'Object Repository/Page_- KAIZEN/lg_click_operaciones' is clicked on

2020-03-09 15:27:17 - [MESSAGE][PASSED] - Object: 'Object Repository/Page_- KAIZEN/lg_click_operaciones' is clicked on

2020-03-09 15:27:17 - [TEST_STEP][PASSED] - click(findTestObject("Object Repository/Page_Logstica - KAIZEN/lg_click_operaciones_logistica")): Object: 'Object Repository/Page_Logstica - KAIZEN/lg_click_operaciones_logistica' is clicked on

2020-03-09 15:27:18 - [MESSAGE][PASSED] - Object: 'Object Repository/Page_Logstica - KAIZEN/lg_click_operaciones_logistica' is clicked on

2020-03-09 15:27:18 - [TEST_STEP][PASSED] - click(findTestObject("Object Repository/Page_Logstica - KAIZEN/lg_btn_seleccione_cliente")): Object: 'Object Repository/Page_Logstica - KAIZEN/lg_btn_seleccione_cliente' is clicked on

2020-03-09 15:27:19 - [MESSAGE][PASSED] - Object: 'Object Repository/Page_Logstica - KAIZEN/lg_btn_seleccione_cliente' is clicked on

2020-03-09 15:27:19 - [TEST_STEP][PASSED] - click(findTestObject("Object Repository/Page_Logstica - KAIZEN/lg_click_seleccione_cliente")): Object: 'Object Repository/Page_Logstica - KAIZEN/lg_click_seleccione_cliente' is clicked on

2020-03-09 15:27:19 - [MESSAGE][PASSED] - Object: 'Object Repository/Page_Logstica - KAIZEN/lg_click_seleccione_cliente' is clicked on

2020-03-09 15:27:19 - [TEST_STEP][PASSED] - selectOptionByValue(findTestObject("Object Repository/Page_Logstica - KAIZEN/lg_assing_seleccione_cliente"), IDCliente, true): All options with value '3' are selected in object 'Object Repository/Page_Logstica - KAIZEN/lg_assing_seleccione_cliente'  using regular expression

2020-03-09 15:27:21 - [MESSAGE][PASSED] - All options with value '3' are selected in object 'Object Repository/Page_Logstica - KAIZEN/lg_assing_seleccione_cliente'  using regular expression

2020-03-09 15:27:21 - [TEST_STEP][PASSED] - click(findTestObject("Object Repository/Page_Logstica - KAIZEN/lg_Buscar_pedido")): Object: 'Object Repository/Page_Logstica - KAIZEN/lg_Buscar_pedido' is clicked on

2020-03-09 15:27:22 - [MESSAGE][PASSED] - Object: 'Object Repository/Page_Logstica - KAIZEN/lg_Buscar_pedido' is clicked on

2020-03-09 15:27:22 - [TEST_STEP][PASSED] - executeJavaScript("document.querySelector('.btn-success[href="/PedidoLubricante/Verificacion/" + IDPedido + ""]').click()", null): Execute JavaScript 'document.querySelector('.btn-success[href="/PedidoLubricante/Verificacion/257"]').click()' successfully

2020-03-09 15:27:24 - [MESSAGE][PASSED] - Execute JavaScript 'document.querySelector('.btn-success[href="/PedidoLubricante/Verificacion/257"]').click()' successfully

2020-03-09 15:27:24 - [TEST_STEP][PASSED] - if (IDCargo == IDCargo2): null

2020-03-09 15:27:24 - [TEST_STEP][PASSED] - else: Object: 'Object Repository/Page_- KAIZEN/lg_Aceptar_cargo_logistico' is clicked on

2020-03-09 15:27:24 - [TEST_STEP][PASSED] - click(findTestObject("Object Repository/Page_- KAIZEN/lg_btn_seleccione_cargos_logsticos")): Object: 'Object Repository/Page_- KAIZEN/lg_btn_seleccione_cargos_logsticos' is clicked on

2020-03-09 15:27:24 - [MESSAGE][PASSED] - Object: 'Object Repository/Page_- KAIZEN/lg_btn_seleccione_cargos_logsticos' is clicked on

2020-03-09 15:27:24 - [TEST_STEP][PASSED] - click(findTestObject("Object Repository/Page_- KAIZEN/lg_btn_click_cargos_logsticos")): Object: 'Object Repository/Page_- KAIZEN/lg_btn_click_cargos_logsticos' is clicked on

2020-03-09 15:27:25 - [MESSAGE][PASSED] - Object: 'Object Repository/Page_- KAIZEN/lg_btn_click_cargos_logsticos' is clicked on

2020-03-09 15:27:25 - [TEST_STEP][PASSED] - selectOptionByValue(findTestObject("Object Repository/Page_- KAIZEN/lg_btn_assing_cargos_logsticos"), IDCargo, true): All options with value '30' are selected in object 'Object Repository/Page_- KAIZEN/lg_btn_assing_cargos_logsticos'  using regular expression

2020-03-09 15:27:27 - [MESSAGE][PASSED] - All options with value '30' are selected in object 'Object Repository/Page_- KAIZEN/lg_btn_assing_cargos_logsticos'  using regular expression

2020-03-09 15:27:27 - [TEST_STEP][PASSED] - setText(findTestObject("Object Repository/Page_- KAIZEN/lg_input_Agregar_SELLO"), Sello): Text '1XYZ' is set on object 'Object Repository/Page_- KAIZEN/lg_input_Agregar_SELLO'

2020-03-09 15:27:28 - [MESSAGE][PASSED] - Text '1XYZ' is set on object 'Object Repository/Page_- KAIZEN/lg_input_Agregar_SELLO'

2020-03-09 15:27:28 - [TEST_STEP][PASSED] - setText(findTestObject("Object Repository/Page_- KAIZEN/lg_input_Agregar_NRO_CONTENEDOR"), Contenedor): Text '2XYZ' is set on object 'Object Repository/Page_- KAIZEN/lg_input_Agregar_NRO_CONTENEDOR'

2020-03-09 15:27:29 - [MESSAGE][PASSED] - Text '2XYZ' is set on object 'Object Repository/Page_- KAIZEN/lg_input_Agregar_NRO_CONTENEDOR'

2020-03-09 15:27:29 - [TEST_STEP][PASSED] - setText(findTestObject("Object Repository/Page_- KAIZEN/lg_input_Agregar_NRO_RESERVA"), Reserva): Text '3XYZ' is set on object 'Object Repository/Page_- KAIZEN/lg_input_Agregar_NRO_RESERVA'

2020-03-09 15:27:29 - [MESSAGE][PASSED] - Text '3XYZ' is set on object 'Object Repository/Page_- KAIZEN/lg_input_Agregar_NRO_RESERVA'

2020-03-09 15:27:29 - [TEST_STEP][PASSED] - click(findTestObject("Object Repository/Page_- KAIZEN/lg_btn_Seleccione_naviera_cargos")): Object: 'Object Repository/Page_- KAIZEN/lg_btn_Seleccione_naviera_cargos' is clicked on

2020-03-09 15:27:30 - [MESSAGE][PASSED] - Object: 'Object Repository/Page_- KAIZEN/lg_btn_Seleccione_naviera_cargos' is clicked on

2020-03-09 15:27:30 - [TEST_STEP][PASSED] - click(findTestObject("Object Repository/Page_- KAIZEN/lg_btn_click_naviera_cargos")): Object: 'Object Repository/Page_- KAIZEN/lg_btn_click_naviera_cargos' is clicked on

2020-03-09 15:27:31 - [MESSAGE][PASSED] - Object: 'Object Repository/Page_- KAIZEN/lg_btn_click_naviera_cargos' is clicked on

2020-03-09 15:27:31 - [TEST_STEP][PASSED] - selectOptionByValue(findTestObject("Object Repository/Page_- KAIZEN/lg_btn_assing_naviera_cargos"), Naviera, true): All options with value '1' are selected in object 'Object Repository/Page_- KAIZEN/lg_btn_assing_naviera_cargos'  using regular expression

2020-03-09 15:27:32 - [MESSAGE][PASSED] - All options with value '1' are selected in object 'Object Repository/Page_- KAIZEN/lg_btn_assing_naviera_cargos'  using regular expression

2020-03-09 15:27:32 - [TEST_STEP][PASSED] - click(findTestObject("Object Repository/Page_- KAIZEN/lg_Agregar_cargo_logistico")): Object: 'Object Repository/Page_- KAIZEN/lg_Agregar_cargo_logistico' is clicked on

2020-03-09 15:27:33 - [MESSAGE][PASSED] - Object: 'Object Repository/Page_- KAIZEN/lg_Agregar_cargo_logistico' is clicked on

2020-03-09 15:27:33 - [TEST_STEP][PASSED] - executeJavaScript(document.getElementById('input$IDCargo').value=' + Valor + "'", null): Execute JavaScript 'document.getElementById('input30').value='222.000'' successfully

2020-03-09 15:27:33 - [MESSAGE][PASSED] - Execute JavaScript 'document.getElementById('input30').value='222.000'' successfully

2020-03-09 15:27:33 - [TEST_STEP][PASSED] - click(findTestObject("Object Repository/Page_- KAIZEN/lg_button_OK")): Object: 'Object Repository/Page_- KAIZEN/lg_button_OK' is clicked on

2020-03-09 15:27:33 - [MESSAGE][PASSED] - Object: 'Object Repository/Page_- KAIZEN/lg_button_OK' is clicked on

2020-03-09 15:27:33 - [TEST_STEP][PASSED] - click(findTestObject("Object Repository/Page_- KAIZEN/lg_btn_seleccione_cargos_logsticos")): Object: 'Object Repository/Page_- KAIZEN/lg_btn_seleccione_cargos_logsticos' is clicked on

2020-03-09 15:27:34 - [MESSAGE][PASSED] - Object: 'Object Repository/Page_- KAIZEN/lg_btn_seleccione_cargos_logsticos' is clicked on

2020-03-09 15:27:34 - [TEST_STEP][PASSED] - click(findTestObject("Object Repository/Page_- KAIZEN/lg_btn_click_cargos_logsticos")): Object: 'Object Repository/Page_- KAIZEN/lg_btn_click_cargos_logsticos' is clicked on

2020-03-09 15:27:35 - [MESSAGE][PASSED] - Object: 'Object Repository/Page_- KAIZEN/lg_btn_click_cargos_logsticos' is clicked on

2020-03-09 15:27:35 - [TEST_STEP][PASSED] - selectOptionByValue(findTestObject("Object Repository/Page_- KAIZEN/lg_btn_assing_cargos_logsticos"), IDCargo2, true): All options with value '22' are selected in object 'Object Repository/Page_- KAIZEN/lg_btn_assing_cargos_logsticos'  using regular expression

2020-03-09 15:27:36 - [MESSAGE][PASSED] - All options with value '22' are selected in object 'Object Repository/Page_- KAIZEN/lg_btn_assing_cargos_logsticos'  using regular expression

2020-03-09 15:27:36 - [TEST_STEP][PASSED] - setText(findTestObject("Object Repository/Page_- KAIZEN/lg_input_Agregar_SELLO"), Sello2): Text '4XYZ' is set on object 'Object Repository/Page_- KAIZEN/lg_input_Agregar_SELLO'

2020-03-09 15:27:37 - [MESSAGE][PASSED] - Text '4XYZ' is set on object 'Object Repository/Page_- KAIZEN/lg_input_Agregar_SELLO'

2020-03-09 15:27:37 - [TEST_STEP][PASSED] - setText(findTestObject("Object Repository/Page_- KAIZEN/lg_input_Agregar_NRO_CONTENEDOR"), Contenedor2): Text '5XYZ' is set on object 'Object Repository/Page_- KAIZEN/lg_input_Agregar_NRO_CONTENEDOR'

2020-03-09 15:27:37 - [MESSAGE][PASSED] - Text '5XYZ' is set on object 'Object Repository/Page_- KAIZEN/lg_input_Agregar_NRO_CONTENEDOR'

2020-03-09 15:27:37 - [TEST_STEP][PASSED] - setText(findTestObject("Object Repository/Page_- KAIZEN/lg_input_Agregar_NRO_RESERVA"), Reserva2): Text '6XYZ' is set on object 'Object Repository/Page_- KAIZEN/lg_input_Agregar_NRO_RESERVA'

2020-03-09 15:27:38 - [MESSAGE][PASSED] - Text '6XYZ' is set on object 'Object Repository/Page_- KAIZEN/lg_input_Agregar_NRO_RESERVA'

2020-03-09 15:27:38 - [TEST_STEP][PASSED] - click(findTestObject("Object Repository/Page_- KAIZEN/lg_btn_Seleccione_naviera_cargos")): Object: 'Object Repository/Page_- KAIZEN/lg_btn_Seleccione_naviera_cargos' is clicked on

2020-03-09 15:27:38 - [MESSAGE][PASSED] - Object: 'Object Repository/Page_- KAIZEN/lg_btn_Seleccione_naviera_cargos' is clicked on

2020-03-09 15:27:38 - [TEST_STEP][PASSED] - click(findTestObject("Object Repository/Page_- KAIZEN/lg_btn_click_naviera_cargos")): Object: 'Object Repository/Page_- KAIZEN/lg_btn_click_naviera_cargos' is clicked on

2020-03-09 15:27:39 - [MESSAGE][PASSED] - Object: 'Object Repository/Page_- KAIZEN/lg_btn_click_naviera_cargos' is clicked on

2020-03-09 15:27:39 - [TEST_STEP][PASSED] - selectOptionByValue(findTestObject("Object Repository/Page_- KAIZEN/lg_btn_assing_naviera_cargos"), Naviera, true): All options with value '1' are selected in object 'Object Repository/Page_- KAIZEN/lg_btn_assing_naviera_cargos'  using regular expression

2020-03-09 15:27:40 - [MESSAGE][PASSED] - All options with value '1' are selected in object 'Object Repository/Page_- KAIZEN/lg_btn_assing_naviera_cargos'  using regular expression

2020-03-09 15:27:40 - [TEST_STEP][PASSED] - click(findTestObject("Object Repository/Page_- KAIZEN/lg_Agregar_cargo_logistico")): Object: 'Object Repository/Page_- KAIZEN/lg_Agregar_cargo_logistico' is clicked on

2020-03-09 15:27:41 - [MESSAGE][PASSED] - Object: 'Object Repository/Page_- KAIZEN/lg_Agregar_cargo_logistico' is clicked on

2020-03-09 15:27:41 - [TEST_STEP][PASSED] - executeJavaScript(document.getElementById('input$IDCargo2').value=' + Valor2 + "'", null): Execute JavaScript 'document.getElementById('input22').value='333.000'' successfully

2020-03-09 15:27:41 - [MESSAGE][PASSED] - Execute JavaScript 'document.getElementById('input22').value='333.000'' successfully

2020-03-09 15:27:41 - [TEST_STEP][PASSED] - click(findTestObject("Object Repository/Page_- KAIZEN/lg_button_OK")): Object: 'Object Repository/Page_- KAIZEN/lg_button_OK' is clicked on

2020-03-09 15:27:41 - [MESSAGE][PASSED] - Object: 'Object Repository/Page_- KAIZEN/lg_button_OK' is clicked on

2020-03-09 15:27:41 - [TEST_STEP][PASSED] - click(findTestObject("Object Repository/Page_- KAIZEN/lg_Confirmar-cargo_logistico")): Object: 'Object Repository/Page_- KAIZEN/lg_Confirmar-cargo_logistico' is clicked on

2020-03-09 15:27:42 - [MESSAGE][PASSED] - Object: 'Object Repository/Page_- KAIZEN/lg_Confirmar-cargo_logistico' is clicked on

2020-03-09 15:27:42 - [TEST_STEP][PASSED] - click(findTestObject("Object Repository/Page_- KAIZEN/lg_Aceptar_cargo_logistico")): Object: 'Object Repository/Page_- KAIZEN/lg_Aceptar_cargo_logistico' is clicked on

2020-03-09 15:27:45 - [MESSAGE][PASSED] - Object: 'Object Repository/Page_- KAIZEN/lg_Aceptar_cargo_logistico' is clicked on

2020-03-09 15:27:45 - [MESSAGE][PASSED] - Call Test Case 'Test Cases/Individual_Tests/Agregar_Logistica' successfully

2020-03-09 15:27:45 - [TEST_STEP][PASSED] - callTestCase(findTestCase("Individual_Tests/Login"), ["Evento":"Logistica", "Index":Index], STOP_ON_FAILURE): Call Test Case 'Test Cases/Individual_Tests/Login' successfully

2020-03-09 15:27:45 - [TEST_CASE][PASSED] - Test Cases/Individual_Tests/Login: Test Cases/Individual_Tests/Login

2020-03-09 15:27:45 - [TEST_STEP][PASSED] - print("Evento Seleccionado: " + Evento + "
"): null

2020-03-09 15:27:45 - [TEST_STEP][PASSED] - openBrowser(Web): Browser is opened with url: 'http://test.kaizendev.net/Login/Accesar?salir=true'

2020-03-09 15:27:45 - [MESSAGE][WARNING] - A browser is already opened. Closing browser and opening a new one

2020-03-09 15:27:46 - [MESSAGE][INFO] - Starting 'Chrome' driver

2020-03-09 15:27:54 - [MESSAGE][PASSED] - Browser is opened with url: 'http://test.kaizendev.net/Login/Accesar?salir=true'

2020-03-09 15:27:54 - [TEST_STEP][PASSED] - maximizeWindow(): Current window maximized

2020-03-09 15:27:55 - [MESSAGE][PASSED] - Current window maximized

2020-03-09 15:27:55 - [TEST_STEP][PASSED] - if (Evento == "Crear20"): null

2020-03-09 15:27:55 - [TEST_STEP][PASSED] - else if (Evento == "Crear40"): null

2020-03-09 15:27:55 - [TEST_STEP][PASSED] - else if (Evento == "Aprobar"): null

2020-03-09 15:27:55 - [TEST_STEP][PASSED] - else if (Evento == "Logistica"): Object: 'Object Repository/Page_Iniciar Sesion - KAIZEN/is_btn_ingresar_sistema' is clicked on

2020-03-09 15:27:55 - [TEST_STEP][PASSED] - data3 = obtener_excels.obtener_logistica.getValuesExcelLogistic(Index): obtener_excels.obtener_logistica.getValuesExcelLogistic is PASSED

2020-03-09 15:27:55 - [MESSAGE][PASSED] - obtener_excels.obtener_logistica.getValuesExcelLogistic is PASSED

2020-03-09 15:27:55 - [TEST_STEP][PASSED] - Usuario = data3[1]: null

2020-03-09 15:27:55 - [TEST_STEP][PASSED] - Contrasena = data3[2]: null

2020-03-09 15:27:55 - [TEST_STEP][PASSED] - setText(findTestObject("Page_Iniciar Sesion - KAIZEN/is_input_email"), Usuario): Text 'automated.test@grupokaizen.net' is set on object 'Object Repository/Page_Iniciar Sesion - KAIZEN/is_input_email'

2020-03-09 15:27:56 - [MESSAGE][PASSED] - Text 'automated.test@grupokaizen.net' is set on object 'Object Repository/Page_Iniciar Sesion - KAIZEN/is_input_email'

2020-03-09 15:27:56 - [TEST_STEP][PASSED] - setEncryptedText(findTestObject("Page_Iniciar Sesion - KAIZEN/IS_input_contrasena"), Contrasena): Text ****** has been set on object 'Object Repository/Page_Iniciar Sesion - KAIZEN/IS_input_contrasena'

2020-03-09 15:27:57 - [MESSAGE][PASSED] - Text ****** has been set on object 'Object Repository/Page_Iniciar Sesion - KAIZEN/IS_input_contrasena'

2020-03-09 15:27:57 - [TEST_STEP][PASSED] - click(findTestObject("Page_Iniciar Sesion - KAIZEN/is_btn_ingresar_sistema")): Object: 'Object Repository/Page_Iniciar Sesion - KAIZEN/is_btn_ingresar_sistema' is clicked on

2020-03-09 15:27:58 - [MESSAGE][PASSED] - Object: 'Object Repository/Page_Iniciar Sesion - KAIZEN/is_btn_ingresar_sistema' is clicked on

2020-03-09 15:27:58 - [MESSAGE][PASSED] - Call Test Case 'Test Cases/Individual_Tests/Login' successfully

2020-03-09 15:27:58 - [TEST_STEP][PASSED] - callTestCase(findTestCase("Individual_Tests/Seleccionar_Idioma"), ["Evento":"Logistica", "Index":Index], STOP_ON_FAILURE): Call Test Case 'Test Cases/Individual_Tests/Seleccionar_Idioma' successfully

2020-03-09 15:27:58 - [TEST_CASE][PASSED] - Test Cases/Individual_Tests/Seleccionar_Idioma: Test Cases/Individual_Tests/Seleccionar_Idioma

2020-03-09 15:27:58 - [TEST_STEP][PASSED] - Idioma = 0: null

2020-03-09 15:27:58 - [TEST_STEP][PASSED] - if (Evento == "Crear20"): null

2020-03-09 15:27:58 - [TEST_STEP][PASSED] - else if (Evento == "Crear40"): null

2020-03-09 15:27:58 - [TEST_STEP][PASSED] - else if (Evento == "Aprobar"): null

2020-03-09 15:27:58 - [TEST_STEP][PASSED] - else if (Evento == "Logistica"): null

2020-03-09 15:27:58 - [TEST_STEP][PASSED] - data3 = obtener_excels.obtener_logistica.getValuesExcelLogistic(Index): obtener_excels.obtener_logistica.getValuesExcelLogistic is PASSED

2020-03-09 15:27:58 - [MESSAGE][PASSED] - obtener_excels.obtener_logistica.getValuesExcelLogistic is PASSED

2020-03-09 15:27:58 - [TEST_STEP][PASSED] - Idioma = data3[0]: null

2020-03-09 15:27:58 - [TEST_STEP][PASSED] - click(findTestObject("Page_- KAIZEN/si_btn_idioma")): Object: 'Object Repository/Page_- KAIZEN/si_btn_idioma' is clicked on

2020-03-09 15:27:59 - [MESSAGE][PASSED] - Object: 'Object Repository/Page_- KAIZEN/si_btn_idioma' is clicked on

2020-03-09 15:27:59 - [TEST_STEP][PASSED] - if (Idioma == "0"): Object: 'Object Repository/Page_- KAIZEN/si_Ingles' is clicked on

2020-03-09 15:27:59 - [TEST_STEP][PASSED] - click(findTestObject("Page_- KAIZEN/si_Ingles")): Object: 'Object Repository/Page_- KAIZEN/si_Ingles' is clicked on

2020-03-09 15:28:00 - [MESSAGE][PASSED] - Object: 'Object Repository/Page_- KAIZEN/si_Ingles' is clicked on

2020-03-09 15:28:00 - [MESSAGE][PASSED] - Call Test Case 'Test Cases/Individual_Tests/Seleccionar_Idioma' successfully

2020-03-09 15:28:00 - [TEST_STEP][PASSED] - callTestCase(findTestCase("Individual_Tests/Agregar_Logistica"), ["Index":Index], STOP_ON_FAILURE): Call Test Case 'Test Cases/Individual_Tests/Agregar_Logistica' successfully

2020-03-09 15:28:00 - [TEST_CASE][PASSED] - Test Cases/Individual_Tests/Agregar_Logistica: Test Cases/Individual_Tests/Agregar_Logistica

2020-03-09 15:28:00 - [TEST_STEP][PASSED] - data = obtener_excels.obtener_logistica.getValuesExcelLogistic(Index): obtener_excels.obtener_logistica.getValuesExcelLogistic is PASSED

2020-03-09 15:28:00 - [MESSAGE][PASSED] - obtener_excels.obtener_logistica.getValuesExcelLogistic is PASSED

2020-03-09 15:28:00 - [TEST_STEP][PASSED] - IdPedido = data[3]: null

2020-03-09 15:28:00 - [TEST_STEP][PASSED] - Id_Cliente = data[4]: null

2020-03-09 15:28:00 - [TEST_STEP][PASSED] - IDCargo = data[5]: null

2020-03-09 15:28:00 - [TEST_STEP][PASSED] - IDCargo2 = data[6]: null

2020-03-09 15:28:00 - [TEST_STEP][PASSED] - IDPedido = IdPedido: null

2020-03-09 15:28:00 - [TEST_STEP][PASSED] - IDCliente = Id_Cliente: null

2020-03-09 15:28:00 - [TEST_STEP][PASSED] - IDCargo = IDCargo: null

2020-03-09 15:28:00 - [TEST_STEP][PASSED] - IDCargo2 = IDCargo2: null

2020-03-09 15:28:00 - [TEST_STEP][PASSED] - click(findTestObject("Object Repository/Page_- KAIZEN/lg_menu_operaciones")): Object: 'Object Repository/Page_- KAIZEN/lg_menu_operaciones' is clicked on

2020-03-09 15:28:01 - [MESSAGE][PASSED] - Object: 'Object Repository/Page_- KAIZEN/lg_menu_operaciones' is clicked on

2020-03-09 15:28:01 - [TEST_STEP][PASSED] - click(findTestObject("Object Repository/Page_- KAIZEN/lg_click_operaciones")): Object: 'Object Repository/Page_- KAIZEN/lg_click_operaciones' is clicked on

2020-03-09 15:28:03 - [MESSAGE][PASSED] - Object: 'Object Repository/Page_- KAIZEN/lg_click_operaciones' is clicked on

2020-03-09 15:28:03 - [TEST_STEP][PASSED] - click(findTestObject("Object Repository/Page_Logstica - KAIZEN/lg_click_operaciones_logistica")): Object: 'Object Repository/Page_Logstica - KAIZEN/lg_click_operaciones_logistica' is clicked on

2020-03-09 15:28:04 - [MESSAGE][PASSED] - Object: 'Object Repository/Page_Logstica - KAIZEN/lg_click_operaciones_logistica' is clicked on

2020-03-09 15:28:04 - [TEST_STEP][PASSED] - click(findTestObject("Object Repository/Page_Logstica - KAIZEN/lg_btn_seleccione_cliente")): Object: 'Object Repository/Page_Logstica - KAIZEN/lg_btn_seleccione_cliente' is clicked on

2020-03-09 15:28:05 - [MESSAGE][PASSED] - Object: 'Object Repository/Page_Logstica - KAIZEN/lg_btn_seleccione_cliente' is clicked on

2020-03-09 15:28:05 - [TEST_STEP][PASSED] - click(findTestObject("Object Repository/Page_Logstica - KAIZEN/lg_click_seleccione_cliente")): Object: 'Object Repository/Page_Logstica - KAIZEN/lg_click_seleccione_cliente' is clicked on

2020-03-09 15:28:05 - [MESSAGE][PASSED] - Object: 'Object Repository/Page_Logstica - KAIZEN/lg_click_seleccione_cliente' is clicked on

2020-03-09 15:28:05 - [TEST_STEP][PASSED] - selectOptionByValue(findTestObject("Object Repository/Page_Logstica - KAIZEN/lg_assing_seleccione_cliente"), IDCliente, true): All options with value '17' are selected in object 'Object Repository/Page_Logstica - KAIZEN/lg_assing_seleccione_cliente'  using regular expression

2020-03-09 15:28:08 - [MESSAGE][PASSED] - All options with value '17' are selected in object 'Object Repository/Page_Logstica - KAIZEN/lg_assing_seleccione_cliente'  using regular expression

2020-03-09 15:28:08 - [TEST_STEP][PASSED] - click(findTestObject("Object Repository/Page_Logstica - KAIZEN/lg_Buscar_pedido")): Object: 'Object Repository/Page_Logstica - KAIZEN/lg_Buscar_pedido' is clicked on

2020-03-09 15:28:09 - [MESSAGE][PASSED] - Object: 'Object Repository/Page_Logstica - KAIZEN/lg_Buscar_pedido' is clicked on

2020-03-09 15:28:09 - [TEST_STEP][PASSED] - executeJavaScript("document.querySelector('.btn-success[href="/PedidoLubricante/Verificacion/" + IDPedido + ""]').click()", null): Execute JavaScript 'document.querySelector('.btn-success[href="/PedidoLubricante/Verificacion/260"]').click()' successfully

2020-03-09 15:28:10 - [MESSAGE][PASSED] - Execute JavaScript 'document.querySelector('.btn-success[href="/PedidoLubricante/Verificacion/260"]').click()' successfully

2020-03-09 15:28:10 - [TEST_STEP][PASSED] - if (IDCargo == IDCargo2): null

2020-03-09 15:28:10 - [TEST_STEP][PASSED] - else: Object: 'Object Repository/Page_- KAIZEN/lg_Aceptar_cargo_logistico' is clicked on

2020-03-09 15:28:10 - [TEST_STEP][PASSED] - click(findTestObject("Object Repository/Page_- KAIZEN/lg_btn_seleccione_cargos_logsticos")): Object: 'Object Repository/Page_- KAIZEN/lg_btn_seleccione_cargos_logsticos' is clicked on

2020-03-09 15:28:11 - [MESSAGE][PASSED] - Object: 'Object Repository/Page_- KAIZEN/lg_btn_seleccione_cargos_logsticos' is clicked on

2020-03-09 15:28:11 - [TEST_STEP][PASSED] - click(findTestObject("Object Repository/Page_- KAIZEN/lg_btn_click_cargos_logsticos")): Object: 'Object Repository/Page_- KAIZEN/lg_btn_click_cargos_logsticos' is clicked on

2020-03-09 15:28:11 - [MESSAGE][PASSED] - Object: 'Object Repository/Page_- KAIZEN/lg_btn_click_cargos_logsticos' is clicked on

2020-03-09 15:28:11 - [TEST_STEP][PASSED] - selectOptionByValue(findTestObject("Object Repository/Page_- KAIZEN/lg_btn_assing_cargos_logsticos"), IDCargo, true): All options with value '21' are selected in object 'Object Repository/Page_- KAIZEN/lg_btn_assing_cargos_logsticos'  using regular expression

2020-03-09 15:28:13 - [MESSAGE][PASSED] - All options with value '21' are selected in object 'Object Repository/Page_- KAIZEN/lg_btn_assing_cargos_logsticos'  using regular expression

2020-03-09 15:28:13 - [TEST_STEP][PASSED] - setText(findTestObject("Object Repository/Page_- KAIZEN/lg_input_Agregar_SELLO"), Sello): Text '1XYZ' is set on object 'Object Repository/Page_- KAIZEN/lg_input_Agregar_SELLO'

2020-03-09 15:28:14 - [MESSAGE][PASSED] - Text '1XYZ' is set on object 'Object Repository/Page_- KAIZEN/lg_input_Agregar_SELLO'

2020-03-09 15:28:14 - [TEST_STEP][PASSED] - setText(findTestObject("Object Repository/Page_- KAIZEN/lg_input_Agregar_NRO_CONTENEDOR"), Contenedor): Text '2XYZ' is set on object 'Object Repository/Page_- KAIZEN/lg_input_Agregar_NRO_CONTENEDOR'

2020-03-09 15:28:14 - [MESSAGE][PASSED] - Text '2XYZ' is set on object 'Object Repository/Page_- KAIZEN/lg_input_Agregar_NRO_CONTENEDOR'

2020-03-09 15:28:14 - [TEST_STEP][PASSED] - setText(findTestObject("Object Repository/Page_- KAIZEN/lg_input_Agregar_NRO_RESERVA"), Reserva): Text '3XYZ' is set on object 'Object Repository/Page_- KAIZEN/lg_input_Agregar_NRO_RESERVA'

2020-03-09 15:28:15 - [MESSAGE][PASSED] - Text '3XYZ' is set on object 'Object Repository/Page_- KAIZEN/lg_input_Agregar_NRO_RESERVA'

2020-03-09 15:28:15 - [TEST_STEP][PASSED] - click(findTestObject("Object Repository/Page_- KAIZEN/lg_btn_Seleccione_naviera_cargos")): Object: 'Object Repository/Page_- KAIZEN/lg_btn_Seleccione_naviera_cargos' is clicked on

2020-03-09 15:28:16 - [MESSAGE][PASSED] - Object: 'Object Repository/Page_- KAIZEN/lg_btn_Seleccione_naviera_cargos' is clicked on

2020-03-09 15:28:16 - [TEST_STEP][PASSED] - click(findTestObject("Object Repository/Page_- KAIZEN/lg_btn_click_naviera_cargos")): Object: 'Object Repository/Page_- KAIZEN/lg_btn_click_naviera_cargos' is clicked on

2020-03-09 15:28:16 - [MESSAGE][PASSED] - Object: 'Object Repository/Page_- KAIZEN/lg_btn_click_naviera_cargos' is clicked on

2020-03-09 15:28:16 - [TEST_STEP][PASSED] - selectOptionByValue(findTestObject("Object Repository/Page_- KAIZEN/lg_btn_assing_naviera_cargos"), Naviera, true): All options with value '1' are selected in object 'Object Repository/Page_- KAIZEN/lg_btn_assing_naviera_cargos'  using regular expression

2020-03-09 15:28:18 - [MESSAGE][PASSED] - All options with value '1' are selected in object 'Object Repository/Page_- KAIZEN/lg_btn_assing_naviera_cargos'  using regular expression

2020-03-09 15:28:18 - [TEST_STEP][PASSED] - click(findTestObject("Object Repository/Page_- KAIZEN/lg_Agregar_cargo_logistico")): Object: 'Object Repository/Page_- KAIZEN/lg_Agregar_cargo_logistico' is clicked on

2020-03-09 15:28:18 - [MESSAGE][PASSED] - Object: 'Object Repository/Page_- KAIZEN/lg_Agregar_cargo_logistico' is clicked on

2020-03-09 15:28:18 - [TEST_STEP][PASSED] - executeJavaScript(document.getElementById('input$IDCargo').value=' + Valor + "'", null): Execute JavaScript 'document.getElementById('input21').value='222.000'' successfully

2020-03-09 15:28:18 - [MESSAGE][PASSED] - Execute JavaScript 'document.getElementById('input21').value='222.000'' successfully

2020-03-09 15:28:18 - [TEST_STEP][PASSED] - click(findTestObject("Object Repository/Page_- KAIZEN/lg_button_OK")): Object: 'Object Repository/Page_- KAIZEN/lg_button_OK' is clicked on

2020-03-09 15:28:19 - [MESSAGE][PASSED] - Object: 'Object Repository/Page_- KAIZEN/lg_button_OK' is clicked on

2020-03-09 15:28:19 - [TEST_STEP][PASSED] - click(findTestObject("Object Repository/Page_- KAIZEN/lg_btn_seleccione_cargos_logsticos")): Object: 'Object Repository/Page_- KAIZEN/lg_btn_seleccione_cargos_logsticos' is clicked on

2020-03-09 15:28:20 - [MESSAGE][PASSED] - Object: 'Object Repository/Page_- KAIZEN/lg_btn_seleccione_cargos_logsticos' is clicked on

2020-03-09 15:28:20 - [TEST_STEP][PASSED] - click(findTestObject("Object Repository/Page_- KAIZEN/lg_btn_click_cargos_logsticos")): Object: 'Object Repository/Page_- KAIZEN/lg_btn_click_cargos_logsticos' is clicked on

2020-03-09 15:28:20 - [MESSAGE][PASSED] - Object: 'Object Repository/Page_- KAIZEN/lg_btn_click_cargos_logsticos' is clicked on

2020-03-09 15:28:20 - [TEST_STEP][PASSED] - selectOptionByValue(findTestObject("Object Repository/Page_- KAIZEN/lg_btn_assing_cargos_logsticos"), IDCargo2, true): All options with value '30' are selected in object 'Object Repository/Page_- KAIZEN/lg_btn_assing_cargos_logsticos'  using regular expression

2020-03-09 15:28:22 - [MESSAGE][PASSED] - All options with value '30' are selected in object 'Object Repository/Page_- KAIZEN/lg_btn_assing_cargos_logsticos'  using regular expression

2020-03-09 15:28:22 - [TEST_STEP][PASSED] - setText(findTestObject("Object Repository/Page_- KAIZEN/lg_input_Agregar_SELLO"), Sello2): Text '4XYZ' is set on object 'Object Repository/Page_- KAIZEN/lg_input_Agregar_SELLO'

2020-03-09 15:28:23 - [MESSAGE][PASSED] - Text '4XYZ' is set on object 'Object Repository/Page_- KAIZEN/lg_input_Agregar_SELLO'

2020-03-09 15:28:23 - [TEST_STEP][PASSED] - setText(findTestObject("Object Repository/Page_- KAIZEN/lg_input_Agregar_NRO_CONTENEDOR"), Contenedor2): Text '5XYZ' is set on object 'Object Repository/Page_- KAIZEN/lg_input_Agregar_NRO_CONTENEDOR'

2020-03-09 15:28:23 - [MESSAGE][PASSED] - Text '5XYZ' is set on object 'Object Repository/Page_- KAIZEN/lg_input_Agregar_NRO_CONTENEDOR'

2020-03-09 15:28:23 - [TEST_STEP][PASSED] - setText(findTestObject("Object Repository/Page_- KAIZEN/lg_input_Agregar_NRO_RESERVA"), Reserva2): Text '6XYZ' is set on object 'Object Repository/Page_- KAIZEN/lg_input_Agregar_NRO_RESERVA'

2020-03-09 15:28:24 - [MESSAGE][PASSED] - Text '6XYZ' is set on object 'Object Repository/Page_- KAIZEN/lg_input_Agregar_NRO_RESERVA'

2020-03-09 15:28:24 - [TEST_STEP][PASSED] - click(findTestObject("Object Repository/Page_- KAIZEN/lg_btn_Seleccione_naviera_cargos")): Object: 'Object Repository/Page_- KAIZEN/lg_btn_Seleccione_naviera_cargos' is clicked on

2020-03-09 15:28:24 - [MESSAGE][PASSED] - Object: 'Object Repository/Page_- KAIZEN/lg_btn_Seleccione_naviera_cargos' is clicked on

2020-03-09 15:28:24 - [TEST_STEP][PASSED] - click(findTestObject("Object Repository/Page_- KAIZEN/lg_btn_click_naviera_cargos")): Object: 'Object Repository/Page_- KAIZEN/lg_btn_click_naviera_cargos' is clicked on

2020-03-09 15:28:25 - [MESSAGE][PASSED] - Object: 'Object Repository/Page_- KAIZEN/lg_btn_click_naviera_cargos' is clicked on

2020-03-09 15:28:25 - [TEST_STEP][PASSED] - selectOptionByValue(findTestObject("Object Repository/Page_- KAIZEN/lg_btn_assing_naviera_cargos"), Naviera, true): All options with value '1' are selected in object 'Object Repository/Page_- KAIZEN/lg_btn_assing_naviera_cargos'  using regular expression

2020-03-09 15:28:26 - [MESSAGE][PASSED] - All options with value '1' are selected in object 'Object Repository/Page_- KAIZEN/lg_btn_assing_naviera_cargos'  using regular expression

2020-03-09 15:28:26 - [TEST_STEP][PASSED] - click(findTestObject("Object Repository/Page_- KAIZEN/lg_Agregar_cargo_logistico")): Object: 'Object Repository/Page_- KAIZEN/lg_Agregar_cargo_logistico' is clicked on

2020-03-09 15:28:26 - [MESSAGE][PASSED] - Object: 'Object Repository/Page_- KAIZEN/lg_Agregar_cargo_logistico' is clicked on

2020-03-09 15:28:26 - [TEST_STEP][PASSED] - executeJavaScript(document.getElementById('input$IDCargo2').value=' + Valor2 + "'", null): Execute JavaScript 'document.getElementById('input30').value='333.000'' successfully

2020-03-09 15:28:26 - [MESSAGE][PASSED] - Execute JavaScript 'document.getElementById('input30').value='333.000'' successfully

2020-03-09 15:28:26 - [TEST_STEP][PASSED] - click(findTestObject("Object Repository/Page_- KAIZEN/lg_button_OK")): Object: 'Object Repository/Page_- KAIZEN/lg_button_OK' is clicked on

2020-03-09 15:28:27 - [MESSAGE][PASSED] - Object: 'Object Repository/Page_- KAIZEN/lg_button_OK' is clicked on

2020-03-09 15:28:27 - [TEST_STEP][PASSED] - click(findTestObject("Object Repository/Page_- KAIZEN/lg_Confirmar-cargo_logistico")): Object: 'Object Repository/Page_- KAIZEN/lg_Confirmar-cargo_logistico' is clicked on

2020-03-09 15:28:28 - [MESSAGE][PASSED] - Object: 'Object Repository/Page_- KAIZEN/lg_Confirmar-cargo_logistico' is clicked on

2020-03-09 15:28:28 - [TEST_STEP][PASSED] - click(findTestObject("Object Repository/Page_- KAIZEN/lg_Aceptar_cargo_logistico")): Object: 'Object Repository/Page_- KAIZEN/lg_Aceptar_cargo_logistico' is clicked on

2020-03-09 15:28:30 - [MESSAGE][PASSED] - Object: 'Object Repository/Page_- KAIZEN/lg_Aceptar_cargo_logistico' is clicked on

2020-03-09 15:28:30 - [MESSAGE][PASSED] - Call Test Case 'Test Cases/Individual_Tests/Agregar_Logistica' successfully]]></system-out>
         <system-err><![CDATA[]]></system-err>
      </testcase>
      <testcase name="Test Cases/Generar_Excels_Secuencias/TC_Generar_Excel_Produccion" time="5.033" classname="Test Cases/Generar_Excels_Secuencias/TC_Generar_Excel_Produccion" status="PASSED">
         <system-out><![CDATA[2020-03-09 15:28:30 - [TEST_CASE][PASSED] - Test Cases/Generar_Excels_Secuencias/TC_Generar_Excel_Produccion: Test Cases/Generar_Excels_Secuencias/TC_Generar_Excel_Produccion

2020-03-09 15:28:30 - [TEST_STEP][PASSED] - python.ejecutarAleatoriosPython.runPython("Produccion"): python.ejecutarAleatoriosPython.runPython is PASSED

2020-03-09 15:28:35 - [MESSAGE][PASSED] - python.ejecutarAleatoriosPython.runPython is PASSED]]></system-out>
         <system-err><![CDATA[]]></system-err>
      </testcase>
      <testcase name="Test Cases/Secuencias de Ejecucion/TC_Agregar_Orden_Produccion" time="69.208" classname="Test Cases/Secuencias de Ejecucion/TC_Agregar_Orden_Produccion" status="PASSED">
         <system-out><![CDATA[2020-03-09 15:28:35 - [TEST_CASE][PASSED] - Test Cases/Secuencias de Ejecucion/TC_Agregar_Orden_Produccion: Test Cases/Secuencias de Ejecucion/TC_Agregar_Orden_Produccion

2020-03-09 15:28:35 - [TEST_STEP][PASSED] - archivo = $RunConfiguration.getProjectDir()/Pedidos/DataExcel/Orden_Produccion_20pies.xlsx: null

2020-03-09 15:28:35 - [TEST_STEP][PASSED] - excelData = getExcelDataWithDefaultSheet(archivo, "Sheet1", true): null

2020-03-09 15:28:35 - [TEST_STEP][PASSED] - for ([Index = 1, Index <= excelData.getRowNumbers(), (Index++)]): Call Test Case 'Test Cases/Individual_Tests/Orden_Produccion' successfully

2020-03-09 15:28:35 - [TEST_STEP][PASSED] - callTestCase(findTestCase("Individual_Tests/Login"), ["Evento":"Produccion", "Index":Index], STOP_ON_FAILURE): Call Test Case 'Test Cases/Individual_Tests/Login' successfully

2020-03-09 15:28:35 - [TEST_CASE][PASSED] - Test Cases/Individual_Tests/Login: Test Cases/Individual_Tests/Login

2020-03-09 15:28:35 - [TEST_STEP][PASSED] - print("Evento Seleccionado: " + Evento + "
"): null

2020-03-09 15:28:35 - [TEST_STEP][PASSED] - openBrowser(Web): Browser is opened with url: 'http://test.kaizendev.net/Login/Accesar?salir=true'

2020-03-09 15:28:35 - [MESSAGE][WARNING] - A browser is already opened. Closing browser and opening a new one

2020-03-09 15:28:36 - [MESSAGE][INFO] - Starting 'Chrome' driver

2020-03-09 15:28:44 - [MESSAGE][PASSED] - Browser is opened with url: 'http://test.kaizendev.net/Login/Accesar?salir=true'

2020-03-09 15:28:44 - [TEST_STEP][PASSED] - maximizeWindow(): Current window maximized

2020-03-09 15:28:45 - [MESSAGE][PASSED] - Current window maximized

2020-03-09 15:28:45 - [TEST_STEP][PASSED] - if (Evento == "Crear20"): null

2020-03-09 15:28:45 - [TEST_STEP][PASSED] - else if (Evento == "Crear40"): null

2020-03-09 15:28:45 - [TEST_STEP][PASSED] - else if (Evento == "Aprobar"): null

2020-03-09 15:28:45 - [TEST_STEP][PASSED] - else if (Evento == "Logistica"): null

2020-03-09 15:28:45 - [TEST_STEP][PASSED] - else if (Evento == "Produccion"): Object: 'Object Repository/Page_Iniciar Sesion - KAIZEN/is_btn_ingresar_sistema' is clicked on

2020-03-09 15:28:45 - [TEST_STEP][PASSED] - data4 = obtener_excels.obtener_produccion.getValuesExcelProduction(Index): obtener_excels.obtener_produccion.getValuesExcelProduction is PASSED

2020-03-09 15:28:45 - [MESSAGE][PASSED] - obtener_excels.obtener_produccion.getValuesExcelProduction is PASSED

2020-03-09 15:28:45 - [TEST_STEP][PASSED] - Usuario = data4[1]: null

2020-03-09 15:28:45 - [TEST_STEP][PASSED] - Contrasena = data4[2]: null

2020-03-09 15:28:45 - [TEST_STEP][PASSED] - setText(findTestObject("Page_Iniciar Sesion - KAIZEN/is_input_email"), Usuario): Text 'automated.test@grupokaizen.net' is set on object 'Object Repository/Page_Iniciar Sesion - KAIZEN/is_input_email'

2020-03-09 15:28:46 - [MESSAGE][PASSED] - Text 'automated.test@grupokaizen.net' is set on object 'Object Repository/Page_Iniciar Sesion - KAIZEN/is_input_email'

2020-03-09 15:28:46 - [TEST_STEP][PASSED] - setEncryptedText(findTestObject("Page_Iniciar Sesion - KAIZEN/IS_input_contrasena"), Contrasena): Text ****** has been set on object 'Object Repository/Page_Iniciar Sesion - KAIZEN/IS_input_contrasena'

2020-03-09 15:28:46 - [MESSAGE][PASSED] - Text ****** has been set on object 'Object Repository/Page_Iniciar Sesion - KAIZEN/IS_input_contrasena'

2020-03-09 15:28:46 - [TEST_STEP][PASSED] - click(findTestObject("Page_Iniciar Sesion - KAIZEN/is_btn_ingresar_sistema")): Object: 'Object Repository/Page_Iniciar Sesion - KAIZEN/is_btn_ingresar_sistema' is clicked on

2020-03-09 15:28:48 - [MESSAGE][PASSED] - Object: 'Object Repository/Page_Iniciar Sesion - KAIZEN/is_btn_ingresar_sistema' is clicked on

2020-03-09 15:28:48 - [MESSAGE][PASSED] - Call Test Case 'Test Cases/Individual_Tests/Login' successfully

2020-03-09 15:28:48 - [TEST_STEP][PASSED] - callTestCase(findTestCase("Individual_Tests/Seleccionar_Idioma"), ["Evento":"Produccion", "Index":Index], STOP_ON_FAILURE): Call Test Case 'Test Cases/Individual_Tests/Seleccionar_Idioma' successfully

2020-03-09 15:28:48 - [TEST_CASE][PASSED] - Test Cases/Individual_Tests/Seleccionar_Idioma: Test Cases/Individual_Tests/Seleccionar_Idioma

2020-03-09 15:28:48 - [TEST_STEP][PASSED] - Idioma = 0: null

2020-03-09 15:28:48 - [TEST_STEP][PASSED] - if (Evento == "Crear20"): null

2020-03-09 15:28:48 - [TEST_STEP][PASSED] - else if (Evento == "Crear40"): null

2020-03-09 15:28:48 - [TEST_STEP][PASSED] - else if (Evento == "Aprobar"): null

2020-03-09 15:28:48 - [TEST_STEP][PASSED] - else if (Evento == "Logistica"): null

2020-03-09 15:28:48 - [TEST_STEP][PASSED] - else if (Evento == "Produccion"): null

2020-03-09 15:28:48 - [TEST_STEP][PASSED] - data4 = obtener_excels.obtener_produccion.getValuesExcelProduction(Index): obtener_excels.obtener_produccion.getValuesExcelProduction is PASSED

2020-03-09 15:28:48 - [MESSAGE][PASSED] - obtener_excels.obtener_produccion.getValuesExcelProduction is PASSED

2020-03-09 15:28:48 - [TEST_STEP][PASSED] - Idioma = data4[0]: null

2020-03-09 15:28:48 - [TEST_STEP][PASSED] - click(findTestObject("Page_- KAIZEN/si_btn_idioma")): Object: 'Object Repository/Page_- KAIZEN/si_btn_idioma' is clicked on

2020-03-09 15:28:49 - [MESSAGE][PASSED] - Object: 'Object Repository/Page_- KAIZEN/si_btn_idioma' is clicked on

2020-03-09 15:28:49 - [TEST_STEP][PASSED] - if (Idioma == "0"): null

2020-03-09 15:28:49 - [TEST_STEP][PASSED] - else: Object: 'Object Repository/Page_- KAIZEN/si_Spanish' is clicked on

2020-03-09 15:28:49 - [TEST_STEP][PASSED] - click(findTestObject("Page_- KAIZEN/si_Spanish")): Object: 'Object Repository/Page_- KAIZEN/si_Spanish' is clicked on

2020-03-09 15:28:50 - [MESSAGE][PASSED] - Object: 'Object Repository/Page_- KAIZEN/si_Spanish' is clicked on

2020-03-09 15:28:50 - [MESSAGE][PASSED] - Call Test Case 'Test Cases/Individual_Tests/Seleccionar_Idioma' successfully

2020-03-09 15:28:50 - [TEST_STEP][PASSED] - callTestCase(findTestCase("Individual_Tests/Orden_Produccion"), ["Index":Index], STOP_ON_FAILURE): Call Test Case 'Test Cases/Individual_Tests/Orden_Produccion' successfully

2020-03-09 15:28:50 - [TEST_CASE][PASSED] - Test Cases/Individual_Tests/Orden_Produccion: Test Cases/Individual_Tests/Orden_Produccion

2020-03-09 15:28:50 - [TEST_STEP][PASSED] - data = obtener_excels.obtener_produccion.getValuesExcelProduction(Index): obtener_excels.obtener_produccion.getValuesExcelProduction is PASSED

2020-03-09 15:28:50 - [MESSAGE][PASSED] - obtener_excels.obtener_produccion.getValuesExcelProduction is PASSED

2020-03-09 15:28:50 - [TEST_STEP][PASSED] - IdPedido = data[3]: null

2020-03-09 15:28:50 - [TEST_STEP][PASSED] - IDPedido = IdPedido: null

2020-03-09 15:28:50 - [TEST_STEP][PASSED] - click(findTestObject("Object Repository/Page_- KAIZEN/op_menu_Operaciones")): Object: 'Object Repository/Page_- KAIZEN/op_menu_Operaciones' is clicked on

2020-03-09 15:28:51 - [MESSAGE][PASSED] - Object: 'Object Repository/Page_- KAIZEN/op_menu_Operaciones' is clicked on

2020-03-09 15:28:51 - [TEST_STEP][PASSED] - click(findTestObject("Object Repository/Page_- KAIZEN/op_click_Orden de Produccin")): Object: 'Object Repository/Page_- KAIZEN/op_click_Orden de Produccin' is clicked on

2020-03-09 15:28:52 - [MESSAGE][PASSED] - Object: 'Object Repository/Page_- KAIZEN/op_click_Orden de Produccin' is clicked on

2020-03-09 15:28:52 - [TEST_STEP][PASSED] - click(findTestObject("Object Repository/Page_Index - KAIZEN/op_buscador_Produccion")): Object: 'Object Repository/Page_Index - KAIZEN/op_buscador_Produccion' is clicked on

2020-03-09 15:28:53 - [MESSAGE][PASSED] - Object: 'Object Repository/Page_Index - KAIZEN/op_buscador_Produccion' is clicked on

2020-03-09 15:28:53 - [TEST_STEP][PASSED] - click(findTestObject("Object Repository/Page_Index - KAIZEN/opp_buscar_orden")): Object: 'Object Repository/Page_Index - KAIZEN/opp_buscar_orden' is clicked on

2020-03-09 15:28:54 - [MESSAGE][PASSED] - Object: 'Object Repository/Page_Index - KAIZEN/opp_buscar_orden' is clicked on

2020-03-09 15:28:54 - [TEST_STEP][PASSED] - setText(findTestObject("Object Repository/Page_Index - KAIZEN/opp_escribir_orden"), IDPedido): Text '257' is set on object 'Object Repository/Page_Index - KAIZEN/opp_escribir_orden'

2020-03-09 15:28:55 - [MESSAGE][PASSED] - Text '257' is set on object 'Object Repository/Page_Index - KAIZEN/opp_escribir_orden'

2020-03-09 15:28:55 - [TEST_STEP][PASSED] - sendKeys(findTestObject("Object Repository/Page_Index - KAIZEN/opp_escribir_orden"), Keys.chord(ENTER)): Keys 'ENTER + ' sent to object: 'Object Repository/Page_Index - KAIZEN/opp_escribir_orden'

2020-03-09 15:28:55 - [MESSAGE][PASSED] - Keys 'ENTER + ' sent to object: 'Object Repository/Page_Index - KAIZEN/opp_escribir_orden'

2020-03-09 15:28:55 - [TEST_STEP][PASSED] - click(findTestObject("Object Repository/Page_Index - KAIZEN/op_btn_Buscar")): Object: 'Object Repository/Page_Index - KAIZEN/op_btn_Buscar' is clicked on

2020-03-09 15:28:56 - [MESSAGE][PASSED] - Object: 'Object Repository/Page_Index - KAIZEN/op_btn_Buscar' is clicked on

2020-03-09 15:28:56 - [TEST_STEP][PASSED] - click(findTestObject("Object Repository/Page_Index - KAIZEN/op_click_selecione_pedido")): Object: 'Object Repository/Page_Index - KAIZEN/op_click_selecione_pedido' is clicked on

2020-03-09 15:28:58 - [MESSAGE][PASSED] - Object: 'Object Repository/Page_Index - KAIZEN/op_click_selecione_pedido' is clicked on

2020-03-09 15:28:58 - [TEST_STEP][PASSED] - click(findTestObject("Object Repository/Page_- KAIZEN/op_Iniciar Produccin")): Object: 'Object Repository/Page_- KAIZEN/op_Iniciar Produccin' is clicked on

2020-03-09 15:29:00 - [MESSAGE][PASSED] - Object: 'Object Repository/Page_- KAIZEN/op_Iniciar Produccin' is clicked on

2020-03-09 15:29:00 - [TEST_STEP][PASSED] - click(findTestObject("Object Repository/Page_Index - KAIZEN/op_buscador_Produccion")): Object: 'Object Repository/Page_Index - KAIZEN/op_buscador_Produccion' is clicked on

2020-03-09 15:29:02 - [MESSAGE][PASSED] - Object: 'Object Repository/Page_Index - KAIZEN/op_buscador_Produccion' is clicked on

2020-03-09 15:29:02 - [TEST_STEP][PASSED] - click(findTestObject("Object Repository/Page_Index - KAIZEN/opp_buscar_orden")): Object: 'Object Repository/Page_Index - KAIZEN/opp_buscar_orden' is clicked on

2020-03-09 15:29:02 - [MESSAGE][PASSED] - Object: 'Object Repository/Page_Index - KAIZEN/opp_buscar_orden' is clicked on

2020-03-09 15:29:02 - [TEST_STEP][PASSED] - setText(findTestObject("Object Repository/Page_Index - KAIZEN/opp_escribir_orden"), IDPedido): Text '257' is set on object 'Object Repository/Page_Index - KAIZEN/opp_escribir_orden'

2020-03-09 15:29:03 - [MESSAGE][PASSED] - Text '257' is set on object 'Object Repository/Page_Index - KAIZEN/opp_escribir_orden'

2020-03-09 15:29:03 - [TEST_STEP][PASSED] - sendKeys(findTestObject("Object Repository/Page_Index - KAIZEN/opp_escribir_orden"), Keys.chord(ENTER)): Keys 'ENTER + ' sent to object: 'Object Repository/Page_Index - KAIZEN/opp_escribir_orden'

2020-03-09 15:29:04 - [MESSAGE][PASSED] - Keys 'ENTER + ' sent to object: 'Object Repository/Page_Index - KAIZEN/opp_escribir_orden'

2020-03-09 15:29:04 - [TEST_STEP][PASSED] - click(findTestObject("Object Repository/Page_Index - KAIZEN/op_btn_Buscar")): Object: 'Object Repository/Page_Index - KAIZEN/op_btn_Buscar' is clicked on

2020-03-09 15:29:06 - [MESSAGE][PASSED] - Object: 'Object Repository/Page_Index - KAIZEN/op_btn_Buscar' is clicked on

2020-03-09 15:29:06 - [TEST_STEP][PASSED] - click(findTestObject("Object Repository/Page_Index - KAIZEN/op_click_FInalizar_produccion")): Object: 'Object Repository/Page_Index - KAIZEN/op_click_FInalizar_produccion' is clicked on

2020-03-09 15:29:07 - [MESSAGE][PASSED] - Object: 'Object Repository/Page_Index - KAIZEN/op_click_FInalizar_produccion' is clicked on

2020-03-09 15:29:07 - [TEST_STEP][PASSED] - click(findTestObject("Object Repository/Page_- KAIZEN/op_Finalizar Produccin")): Object: 'Object Repository/Page_- KAIZEN/op_Finalizar Produccin' is clicked on

2020-03-09 15:29:09 - [MESSAGE][PASSED] - Object: 'Object Repository/Page_- KAIZEN/op_Finalizar Produccin' is clicked on

2020-03-09 15:29:09 - [MESSAGE][PASSED] - Call Test Case 'Test Cases/Individual_Tests/Orden_Produccion' successfully

2020-03-09 15:29:09 - [TEST_STEP][PASSED] - callTestCase(findTestCase("Individual_Tests/Login"), ["Evento":"Produccion", "Index":Index], STOP_ON_FAILURE): Call Test Case 'Test Cases/Individual_Tests/Login' successfully

2020-03-09 15:29:09 - [TEST_CASE][PASSED] - Test Cases/Individual_Tests/Login: Test Cases/Individual_Tests/Login

2020-03-09 15:29:09 - [TEST_STEP][PASSED] - print("Evento Seleccionado: " + Evento + "
"): null

2020-03-09 15:29:09 - [TEST_STEP][PASSED] - openBrowser(Web): Browser is opened with url: 'http://test.kaizendev.net/Login/Accesar?salir=true'

2020-03-09 15:29:09 - [MESSAGE][WARNING] - A browser is already opened. Closing browser and opening a new one

2020-03-09 15:29:10 - [MESSAGE][INFO] - Starting 'Chrome' driver

2020-03-09 15:29:19 - [MESSAGE][PASSED] - Browser is opened with url: 'http://test.kaizendev.net/Login/Accesar?salir=true'

2020-03-09 15:29:19 - [TEST_STEP][PASSED] - maximizeWindow(): Current window maximized

2020-03-09 15:29:20 - [MESSAGE][PASSED] - Current window maximized

2020-03-09 15:29:20 - [TEST_STEP][PASSED] - if (Evento == "Crear20"): null

2020-03-09 15:29:20 - [TEST_STEP][PASSED] - else if (Evento == "Crear40"): null

2020-03-09 15:29:20 - [TEST_STEP][PASSED] - else if (Evento == "Aprobar"): null

2020-03-09 15:29:20 - [TEST_STEP][PASSED] - else if (Evento == "Logistica"): null

2020-03-09 15:29:20 - [TEST_STEP][PASSED] - else if (Evento == "Produccion"): Object: 'Object Repository/Page_Iniciar Sesion - KAIZEN/is_btn_ingresar_sistema' is clicked on

2020-03-09 15:29:20 - [TEST_STEP][PASSED] - data4 = obtener_excels.obtener_produccion.getValuesExcelProduction(Index): obtener_excels.obtener_produccion.getValuesExcelProduction is PASSED

2020-03-09 15:29:20 - [MESSAGE][PASSED] - obtener_excels.obtener_produccion.getValuesExcelProduction is PASSED

2020-03-09 15:29:20 - [TEST_STEP][PASSED] - Usuario = data4[1]: null

2020-03-09 15:29:20 - [TEST_STEP][PASSED] - Contrasena = data4[2]: null

2020-03-09 15:29:20 - [TEST_STEP][PASSED] - setText(findTestObject("Page_Iniciar Sesion - KAIZEN/is_input_email"), Usuario): Text 'automated.test@grupokaizen.net' is set on object 'Object Repository/Page_Iniciar Sesion - KAIZEN/is_input_email'

2020-03-09 15:29:21 - [MESSAGE][PASSED] - Text 'automated.test@grupokaizen.net' is set on object 'Object Repository/Page_Iniciar Sesion - KAIZEN/is_input_email'

2020-03-09 15:29:21 - [TEST_STEP][PASSED] - setEncryptedText(findTestObject("Page_Iniciar Sesion - KAIZEN/IS_input_contrasena"), Contrasena): Text ****** has been set on object 'Object Repository/Page_Iniciar Sesion - KAIZEN/IS_input_contrasena'

2020-03-09 15:29:21 - [MESSAGE][PASSED] - Text ****** has been set on object 'Object Repository/Page_Iniciar Sesion - KAIZEN/IS_input_contrasena'

2020-03-09 15:29:21 - [TEST_STEP][PASSED] - click(findTestObject("Page_Iniciar Sesion - KAIZEN/is_btn_ingresar_sistema")): Object: 'Object Repository/Page_Iniciar Sesion - KAIZEN/is_btn_ingresar_sistema' is clicked on

2020-03-09 15:29:23 - [MESSAGE][PASSED] - Object: 'Object Repository/Page_Iniciar Sesion - KAIZEN/is_btn_ingresar_sistema' is clicked on

2020-03-09 15:29:23 - [MESSAGE][PASSED] - Call Test Case 'Test Cases/Individual_Tests/Login' successfully

2020-03-09 15:29:23 - [TEST_STEP][PASSED] - callTestCase(findTestCase("Individual_Tests/Seleccionar_Idioma"), ["Evento":"Produccion", "Index":Index], STOP_ON_FAILURE): Call Test Case 'Test Cases/Individual_Tests/Seleccionar_Idioma' successfully

2020-03-09 15:29:23 - [TEST_CASE][PASSED] - Test Cases/Individual_Tests/Seleccionar_Idioma: Test Cases/Individual_Tests/Seleccionar_Idioma

2020-03-09 15:29:23 - [TEST_STEP][PASSED] - Idioma = 0: null

2020-03-09 15:29:23 - [TEST_STEP][PASSED] - if (Evento == "Crear20"): null

2020-03-09 15:29:23 - [TEST_STEP][PASSED] - else if (Evento == "Crear40"): null

2020-03-09 15:29:23 - [TEST_STEP][PASSED] - else if (Evento == "Aprobar"): null

2020-03-09 15:29:23 - [TEST_STEP][PASSED] - else if (Evento == "Logistica"): null

2020-03-09 15:29:23 - [TEST_STEP][PASSED] - else if (Evento == "Produccion"): null

2020-03-09 15:29:23 - [TEST_STEP][PASSED] - data4 = obtener_excels.obtener_produccion.getValuesExcelProduction(Index): obtener_excels.obtener_produccion.getValuesExcelProduction is PASSED

2020-03-09 15:29:23 - [MESSAGE][PASSED] - obtener_excels.obtener_produccion.getValuesExcelProduction is PASSED

2020-03-09 15:29:23 - [TEST_STEP][PASSED] - Idioma = data4[0]: null

2020-03-09 15:29:23 - [TEST_STEP][PASSED] - click(findTestObject("Page_- KAIZEN/si_btn_idioma")): Object: 'Object Repository/Page_- KAIZEN/si_btn_idioma' is clicked on

2020-03-09 15:29:24 - [MESSAGE][PASSED] - Object: 'Object Repository/Page_- KAIZEN/si_btn_idioma' is clicked on

2020-03-09 15:29:24 - [TEST_STEP][PASSED] - if (Idioma == "0"): Object: 'Object Repository/Page_- KAIZEN/si_Ingles' is clicked on

2020-03-09 15:29:24 - [TEST_STEP][PASSED] - click(findTestObject("Page_- KAIZEN/si_Ingles")): Object: 'Object Repository/Page_- KAIZEN/si_Ingles' is clicked on

2020-03-09 15:29:25 - [MESSAGE][PASSED] - Object: 'Object Repository/Page_- KAIZEN/si_Ingles' is clicked on

2020-03-09 15:29:25 - [MESSAGE][PASSED] - Call Test Case 'Test Cases/Individual_Tests/Seleccionar_Idioma' successfully

2020-03-09 15:29:25 - [TEST_STEP][PASSED] - callTestCase(findTestCase("Individual_Tests/Orden_Produccion"), ["Index":Index], STOP_ON_FAILURE): Call Test Case 'Test Cases/Individual_Tests/Orden_Produccion' successfully

2020-03-09 15:29:25 - [TEST_CASE][PASSED] - Test Cases/Individual_Tests/Orden_Produccion: Test Cases/Individual_Tests/Orden_Produccion

2020-03-09 15:29:25 - [TEST_STEP][PASSED] - data = obtener_excels.obtener_produccion.getValuesExcelProduction(Index): obtener_excels.obtener_produccion.getValuesExcelProduction is PASSED

2020-03-09 15:29:25 - [MESSAGE][PASSED] - obtener_excels.obtener_produccion.getValuesExcelProduction is PASSED

2020-03-09 15:29:25 - [TEST_STEP][PASSED] - IdPedido = data[3]: null

2020-03-09 15:29:25 - [TEST_STEP][PASSED] - IDPedido = IdPedido: null

2020-03-09 15:29:25 - [TEST_STEP][PASSED] - click(findTestObject("Object Repository/Page_- KAIZEN/op_menu_Operaciones")): Object: 'Object Repository/Page_- KAIZEN/op_menu_Operaciones' is clicked on

2020-03-09 15:29:26 - [MESSAGE][PASSED] - Object: 'Object Repository/Page_- KAIZEN/op_menu_Operaciones' is clicked on

2020-03-09 15:29:26 - [TEST_STEP][PASSED] - click(findTestObject("Object Repository/Page_- KAIZEN/op_click_Orden de Produccin")): Object: 'Object Repository/Page_- KAIZEN/op_click_Orden de Produccin' is clicked on

2020-03-09 15:29:27 - [MESSAGE][PASSED] - Object: 'Object Repository/Page_- KAIZEN/op_click_Orden de Produccin' is clicked on

2020-03-09 15:29:27 - [TEST_STEP][PASSED] - click(findTestObject("Object Repository/Page_Index - KAIZEN/op_buscador_Produccion")): Object: 'Object Repository/Page_Index - KAIZEN/op_buscador_Produccion' is clicked on

2020-03-09 15:29:29 - [MESSAGE][PASSED] - Object: 'Object Repository/Page_Index - KAIZEN/op_buscador_Produccion' is clicked on

2020-03-09 15:29:29 - [TEST_STEP][PASSED] - click(findTestObject("Object Repository/Page_Index - KAIZEN/opp_buscar_orden")): Object: 'Object Repository/Page_Index - KAIZEN/opp_buscar_orden' is clicked on

2020-03-09 15:29:30 - [MESSAGE][PASSED] - Object: 'Object Repository/Page_Index - KAIZEN/opp_buscar_orden' is clicked on

2020-03-09 15:29:30 - [TEST_STEP][PASSED] - setText(findTestObject("Object Repository/Page_Index - KAIZEN/opp_escribir_orden"), IDPedido): Text '260' is set on object 'Object Repository/Page_Index - KAIZEN/opp_escribir_orden'

2020-03-09 15:29:30 - [MESSAGE][PASSED] - Text '260' is set on object 'Object Repository/Page_Index - KAIZEN/opp_escribir_orden'

2020-03-09 15:29:30 - [TEST_STEP][PASSED] - sendKeys(findTestObject("Object Repository/Page_Index - KAIZEN/opp_escribir_orden"), Keys.chord(ENTER)): Keys 'ENTER + ' sent to object: 'Object Repository/Page_Index - KAIZEN/opp_escribir_orden'

2020-03-09 15:29:31 - [MESSAGE][PASSED] - Keys 'ENTER + ' sent to object: 'Object Repository/Page_Index - KAIZEN/opp_escribir_orden'

2020-03-09 15:29:31 - [TEST_STEP][PASSED] - click(findTestObject("Object Repository/Page_Index - KAIZEN/op_btn_Buscar")): Object: 'Object Repository/Page_Index - KAIZEN/op_btn_Buscar' is clicked on

2020-03-09 15:29:32 - [MESSAGE][PASSED] - Object: 'Object Repository/Page_Index - KAIZEN/op_btn_Buscar' is clicked on

2020-03-09 15:29:32 - [TEST_STEP][PASSED] - click(findTestObject("Object Repository/Page_Index - KAIZEN/op_click_selecione_pedido")): Object: 'Object Repository/Page_Index - KAIZEN/op_click_selecione_pedido' is clicked on

2020-03-09 15:29:34 - [MESSAGE][PASSED] - Object: 'Object Repository/Page_Index - KAIZEN/op_click_selecione_pedido' is clicked on

2020-03-09 15:29:34 - [TEST_STEP][PASSED] - click(findTestObject("Object Repository/Page_- KAIZEN/op_Iniciar Produccin")): Object: 'Object Repository/Page_- KAIZEN/op_Iniciar Produccin' is clicked on

2020-03-09 15:29:36 - [MESSAGE][PASSED] - Object: 'Object Repository/Page_- KAIZEN/op_Iniciar Produccin' is clicked on

2020-03-09 15:29:36 - [TEST_STEP][PASSED] - click(findTestObject("Object Repository/Page_Index - KAIZEN/op_buscador_Produccion")): Object: 'Object Repository/Page_Index - KAIZEN/op_buscador_Produccion' is clicked on

2020-03-09 15:29:38 - [MESSAGE][PASSED] - Object: 'Object Repository/Page_Index - KAIZEN/op_buscador_Produccion' is clicked on

2020-03-09 15:29:38 - [TEST_STEP][PASSED] - click(findTestObject("Object Repository/Page_Index - KAIZEN/opp_buscar_orden")): Object: 'Object Repository/Page_Index - KAIZEN/opp_buscar_orden' is clicked on

2020-03-09 15:29:38 - [MESSAGE][PASSED] - Object: 'Object Repository/Page_Index - KAIZEN/opp_buscar_orden' is clicked on

2020-03-09 15:29:38 - [TEST_STEP][PASSED] - setText(findTestObject("Object Repository/Page_Index - KAIZEN/opp_escribir_orden"), IDPedido): Text '260' is set on object 'Object Repository/Page_Index - KAIZEN/opp_escribir_orden'

2020-03-09 15:29:39 - [MESSAGE][PASSED] - Text '260' is set on object 'Object Repository/Page_Index - KAIZEN/opp_escribir_orden'

2020-03-09 15:29:39 - [TEST_STEP][PASSED] - sendKeys(findTestObject("Object Repository/Page_Index - KAIZEN/opp_escribir_orden"), Keys.chord(ENTER)): Keys 'ENTER + ' sent to object: 'Object Repository/Page_Index - KAIZEN/opp_escribir_orden'

2020-03-09 15:29:39 - [MESSAGE][PASSED] - Keys 'ENTER + ' sent to object: 'Object Repository/Page_Index - KAIZEN/opp_escribir_orden'

2020-03-09 15:29:39 - [TEST_STEP][PASSED] - click(findTestObject("Object Repository/Page_Index - KAIZEN/op_btn_Buscar")): Object: 'Object Repository/Page_Index - KAIZEN/op_btn_Buscar' is clicked on

2020-03-09 15:29:41 - [MESSAGE][PASSED] - Object: 'Object Repository/Page_Index - KAIZEN/op_btn_Buscar' is clicked on

2020-03-09 15:29:41 - [TEST_STEP][PASSED] - click(findTestObject("Object Repository/Page_Index - KAIZEN/op_click_FInalizar_produccion")): Object: 'Object Repository/Page_Index - KAIZEN/op_click_FInalizar_produccion' is clicked on

2020-03-09 15:29:42 - [MESSAGE][PASSED] - Object: 'Object Repository/Page_Index - KAIZEN/op_click_FInalizar_produccion' is clicked on

2020-03-09 15:29:42 - [TEST_STEP][PASSED] - click(findTestObject("Object Repository/Page_- KAIZEN/op_Finalizar Produccin")): Object: 'Object Repository/Page_- KAIZEN/op_Finalizar Produccin' is clicked on

2020-03-09 15:29:44 - [MESSAGE][PASSED] - Object: 'Object Repository/Page_- KAIZEN/op_Finalizar Produccin' is clicked on

2020-03-09 15:29:44 - [MESSAGE][PASSED] - Call Test Case 'Test Cases/Individual_Tests/Orden_Produccion' successfully]]></system-out>
         <system-err><![CDATA[]]></system-err>
      </testcase>
      <testcase name="Test Cases/Generar_Excels_Secuencias/TC_Generar_Excel_Inventario" time="5.393" classname="Test Cases/Generar_Excels_Secuencias/TC_Generar_Excel_Inventario" status="PASSED">
         <system-out><![CDATA[2020-03-09 15:29:44 - [TEST_CASE][PASSED] - Test Cases/Generar_Excels_Secuencias/TC_Generar_Excel_Inventario: Test Cases/Generar_Excels_Secuencias/TC_Generar_Excel_Inventario

2020-03-09 15:29:45 - [TEST_STEP][PASSED] - python.ejecutarAleatoriosPython.runPython("Inventario"): python.ejecutarAleatoriosPython.runPython is PASSED

2020-03-09 15:29:50 - [MESSAGE][PASSED] - python.ejecutarAleatoriosPython.runPython is PASSED]]></system-out>
         <system-err><![CDATA[]]></system-err>
      </testcase>
      <testcase name="Test Cases/Secuencias de Ejecucion/TC_Agregar_Inventario" time="107.979" classname="Test Cases/Secuencias de Ejecucion/TC_Agregar_Inventario" status="FAILED">
         <failure type="FAILED" message="Test Cases/Secuencias de Ejecucion/TC_Agregar_Inventario FAILED.
Reason:
com.kms.katalon.core.exception.StepFailedException: Call Test Case 'Test Cases/Individual_Tests/Login' failed
	at com.kms.katalon.core.keyword.builtin.CallTestCaseKeyword$_callTestCase_closure1.doCall(CallTestCaseKeyword.groovy:63)
	at com.kms.katalon.core.keyword.builtin.CallTestCaseKeyword$_callTestCase_closure1.call(CallTestCaseKeyword.groovy)
	at com.kms.katalon.core.keyword.internal.KeywordMain.runKeyword(KeywordMain.groovy:68)
	at com.kms.katalon.core.keyword.builtin.CallTestCaseKeyword.callTestCase(CallTestCaseKeyword.groovy:81)
	at com.kms.katalon.core.keyword.builtin.CallTestCaseKeyword.execute(CallTestCaseKeyword.groovy:44)
	at com.kms.katalon.core.keyword.internal.KeywordExecutor.executeKeywordForPlatform(KeywordExecutor.groovy:72)
	at com.kms.katalon.core.keyword.BuiltinKeywords.callTestCase(BuiltinKeywords.groovy:334)
	at TC_Agregar_Inventario.run(TC_Agregar_Inventario:30)
	at com.kms.katalon.core.main.ScriptEngine.run(ScriptEngine.java:194)
	at com.kms.katalon.core.main.ScriptEngine.runScriptAsRawText(ScriptEngine.java:119)
	at com.kms.katalon.core.main.TestCaseExecutor.runScript(TestCaseExecutor.java:337)
	at com.kms.katalon.core.main.TestCaseExecutor.doExecute(TestCaseExecutor.java:328)
	at com.kms.katalon.core.main.TestCaseExecutor.processExecutionPhase(TestCaseExecutor.java:307)
	at com.kms.katalon.core.main.TestCaseExecutor.accessMainPhase(TestCaseExecutor.java:299)
	at com.kms.katalon.core.main.TestCaseExecutor.execute(TestCaseExecutor.java:233)
	at com.kms.katalon.core.main.TestSuiteExecutor.accessTestCaseMainPhase(TestSuiteExecutor.java:169)
	at com.kms.katalon.core.main.TestSuiteExecutor.accessTestSuiteMainPhase(TestSuiteExecutor.java:142)
	at com.kms.katalon.core.main.TestSuiteExecutor.execute(TestSuiteExecutor.java:91)
	at com.kms.katalon.core.main.TestCaseMain.startTestSuite(TestCaseMain.java:157)
	at com.kms.katalon.core.main.TestCaseMain$startTestSuite$0.call(Unknown Source)
	at TempTestSuite1583781798195.run(TempTestSuite1583781798195.groovy:36)
Caused by: com.kms.katalon.core.exception.StepFailedException: Unable to set text 'automated.test@grupokaizen.net' of object 'Object Repository/Page_Iniciar Sesion - KAIZEN/is_input_email'
	at com.kms.katalon.core.webui.keyword.internal.WebUIKeywordMain.stepFailed(WebUIKeywordMain.groovy:64)
	at com.kms.katalon.core.webui.keyword.internal.WebUIKeywordMain.runKeyword(WebUIKeywordMain.groovy:26)
	at com.kms.katalon.core.webui.keyword.builtin.SetTextKeyword.setText(SetTextKeyword.groovy:66)
	at com.kms.katalon.core.webui.keyword.builtin.SetTextKeyword.execute(SetTextKeyword.groovy:37)
	at com.kms.katalon.core.keyword.internal.KeywordExecutor.executeKeywordForPlatform(KeywordExecutor.groovy:72)
	at com.kms.katalon.core.webui.keyword.WebUiBuiltInKeywords.setText(WebUiBuiltInKeywords.groovy:950)
	at com.kms.katalon.core.webui.keyword.WebUiBuiltInKeywords$setText$1.call(Unknown Source)
	at Login.run(Login:74)
	at com.kms.katalon.core.main.ScriptEngine.run(ScriptEngine.java:194)
	at com.kms.katalon.core.main.ScriptEngine.runScriptAsRawText(ScriptEngine.java:119)
	at com.kms.katalon.core.main.TestCaseExecutor.runScript(TestCaseExecutor.java:337)
	at com.kms.katalon.core.main.TestCaseExecutor.doExecute(TestCaseExecutor.java:328)
	at com.kms.katalon.core.main.TestCaseExecutor.processExecutionPhase(TestCaseExecutor.java:307)
	at com.kms.katalon.core.main.TestCaseExecutor.accessMainPhase(TestCaseExecutor.java:299)
	at com.kms.katalon.core.main.TestCaseExecutor.execute(TestCaseExecutor.java:233)
	at com.kms.katalon.core.main.TestCaseMain.runTestCase(TestCaseMain.java:114)
	at com.kms.katalon.core.keyword.builtin.CallTestCaseKeyword$_callTestCase_closure1.doCall(CallTestCaseKeyword.groovy:59)
	... 20 more
Caused by: com.kms.katalon.core.webui.exception.WebElementNotFoundException: Web element with id: 'Object Repository/Page_Iniciar Sesion - KAIZEN/is_input_email' located by 'By.xpath: //input[@id='EMAIL']' not found
	at com.kms.katalon.core.webui.common.WebUiCommonHelper.findWebElement(WebUiCommonHelper.java:1154)
	at com.kms.katalon.core.webui.keyword.internal.WebUIAbstractKeyword.findWebElement(WebUIAbstractKeyword.groovy:27)
	at com.kms.katalon.core.webui.keyword.internal.WebUIAbstractKeyword.findWebElement(WebUIAbstractKeyword.groovy:26)
	at com.kms.katalon.core.webui.keyword.builtin.SetTextKeyword$_setText_closure1.doCall(SetTextKeyword.groovy:51)
	at com.kms.katalon.core.webui.keyword.builtin.SetTextKeyword$_setText_closure1.call(SetTextKeyword.groovy)
	at com.kms.katalon.core.webui.keyword.internal.WebUIKeywordMain.runKeyword(WebUIKeywordMain.groovy:20)
	... 35 more
"/>
         <system-out><![CDATA[2020-03-09 15:29:50 - [TEST_CASE][FAILED] - Test Cases/Secuencias de Ejecucion/TC_Agregar_Inventario: Test Cases/Secuencias de Ejecucion/TC_Agregar_Inventario FAILED.
Reason:
com.kms.katalon.core.exception.StepFailedException: Call Test Case 'Test Cases/Individual_Tests/Login' failed
	at com.kms.katalon.core.keyword.builtin.CallTestCaseKeyword$_callTestCase_closure1.doCall(CallTestCaseKeyword.groovy:63)
	at com.kms.katalon.core.keyword.builtin.CallTestCaseKeyword$_callTestCase_closure1.call(CallTestCaseKeyword.groovy)
	at com.kms.katalon.core.keyword.internal.KeywordMain.runKeyword(KeywordMain.groovy:68)
	at com.kms.katalon.core.keyword.builtin.CallTestCaseKeyword.callTestCase(CallTestCaseKeyword.groovy:81)
	at com.kms.katalon.core.keyword.builtin.CallTestCaseKeyword.execute(CallTestCaseKeyword.groovy:44)
	at com.kms.katalon.core.keyword.internal.KeywordExecutor.executeKeywordForPlatform(KeywordExecutor.groovy:72)
	at com.kms.katalon.core.keyword.BuiltinKeywords.callTestCase(BuiltinKeywords.groovy:334)
	at TC_Agregar_Inventario.run(TC_Agregar_Inventario:30)
	at com.kms.katalon.core.main.ScriptEngine.run(ScriptEngine.java:194)
	at com.kms.katalon.core.main.ScriptEngine.runScriptAsRawText(ScriptEngine.java:119)
	at com.kms.katalon.core.main.TestCaseExecutor.runScript(TestCaseExecutor.java:337)
	at com.kms.katalon.core.main.TestCaseExecutor.doExecute(TestCaseExecutor.java:328)
	at com.kms.katalon.core.main.TestCaseExecutor.processExecutionPhase(TestCaseExecutor.java:307)
	at com.kms.katalon.core.main.TestCaseExecutor.accessMainPhase(TestCaseExecutor.java:299)
	at com.kms.katalon.core.main.TestCaseExecutor.execute(TestCaseExecutor.java:233)
	at com.kms.katalon.core.main.TestSuiteExecutor.accessTestCaseMainPhase(TestSuiteExecutor.java:169)
	at com.kms.katalon.core.main.TestSuiteExecutor.accessTestSuiteMainPhase(TestSuiteExecutor.java:142)
	at com.kms.katalon.core.main.TestSuiteExecutor.execute(TestSuiteExecutor.java:91)
	at com.kms.katalon.core.main.TestCaseMain.startTestSuite(TestCaseMain.java:157)
	at com.kms.katalon.core.main.TestCaseMain$startTestSuite$0.call(Unknown Source)
	at TempTestSuite1583781798195.run(TempTestSuite1583781798195.groovy:36)
Caused by: com.kms.katalon.core.exception.StepFailedException: Unable to set text 'automated.test@grupokaizen.net' of object 'Object Repository/Page_Iniciar Sesion - KAIZEN/is_input_email'
	at com.kms.katalon.core.webui.keyword.internal.WebUIKeywordMain.stepFailed(WebUIKeywordMain.groovy:64)
	at com.kms.katalon.core.webui.keyword.internal.WebUIKeywordMain.runKeyword(WebUIKeywordMain.groovy:26)
	at com.kms.katalon.core.webui.keyword.builtin.SetTextKeyword.setText(SetTextKeyword.groovy:66)
	at com.kms.katalon.core.webui.keyword.builtin.SetTextKeyword.execute(SetTextKeyword.groovy:37)
	at com.kms.katalon.core.keyword.internal.KeywordExecutor.executeKeywordForPlatform(KeywordExecutor.groovy:72)
	at com.kms.katalon.core.webui.keyword.WebUiBuiltInKeywords.setText(WebUiBuiltInKeywords.groovy:950)
	at com.kms.katalon.core.webui.keyword.WebUiBuiltInKeywords$setText$1.call(Unknown Source)
	at Login.run(Login:74)
	at com.kms.katalon.core.main.ScriptEngine.run(ScriptEngine.java:194)
	at com.kms.katalon.core.main.ScriptEngine.runScriptAsRawText(ScriptEngine.java:119)
	at com.kms.katalon.core.main.TestCaseExecutor.runScript(TestCaseExecutor.java:337)
	at com.kms.katalon.core.main.TestCaseExecutor.doExecute(TestCaseExecutor.java:328)
	at com.kms.katalon.core.main.TestCaseExecutor.processExecutionPhase(TestCaseExecutor.java:307)
	at com.kms.katalon.core.main.TestCaseExecutor.accessMainPhase(TestCaseExecutor.java:299)
	at com.kms.katalon.core.main.TestCaseExecutor.execute(TestCaseExecutor.java:233)
	at com.kms.katalon.core.main.TestCaseMain.runTestCase(TestCaseMain.java:114)
	at com.kms.katalon.core.keyword.builtin.CallTestCaseKeyword$_callTestCase_closure1.doCall(CallTestCaseKeyword.groovy:59)
	... 20 more
Caused by: com.kms.katalon.core.webui.exception.WebElementNotFoundException: Web element with id: 'Object Repository/Page_Iniciar Sesion - KAIZEN/is_input_email' located by 'By.xpath: //input[@id='EMAIL']' not found
	at com.kms.katalon.core.webui.common.WebUiCommonHelper.findWebElement(WebUiCommonHelper.java:1154)
	at com.kms.katalon.core.webui.keyword.internal.WebUIAbstractKeyword.findWebElement(WebUIAbstractKeyword.groovy:27)
	at com.kms.katalon.core.webui.keyword.internal.WebUIAbstractKeyword.findWebElement(WebUIAbstractKeyword.groovy:26)
	at com.kms.katalon.core.webui.keyword.builtin.SetTextKeyword$_setText_closure1.doCall(SetTextKeyword.groovy:51)
	at com.kms.katalon.core.webui.keyword.builtin.SetTextKeyword$_setText_closure1.call(SetTextKeyword.groovy)
	at com.kms.katalon.core.webui.keyword.internal.WebUIKeywordMain.runKeyword(WebUIKeywordMain.groovy:20)
	... 35 more


2020-03-09 15:29:50 - [TEST_STEP][PASSED] - archivo = $RunConfiguration.getProjectDir()/Pedidos/DataExcel/Inventario_20pies.xlsx: null

2020-03-09 15:29:50 - [TEST_STEP][PASSED] - excelData = getExcelDataWithDefaultSheet(archivo, "Sheet1", true): null

2020-03-09 15:29:50 - [TEST_STEP][FAILED] - for ([Index = 1, Index <= excelData.getRowNumbers(), (Index++)]): Unable to call Test Case 'Test Cases/Individual_Tests/Login' (Root cause: com.kms.katalon.core.exception.StepFailedException: Call Test Case 'Test Cases/Individual_Tests/Login' failed
	at com.kms.katalon.core.keyword.builtin.CallTestCaseKeyword$_callTestCase_closure1.doCall(CallTestCaseKeyword.groovy:63)
	at com.kms.katalon.core.keyword.builtin.CallTestCaseKeyword$_callTestCase_closure1.call(CallTestCaseKeyword.groovy)
	at com.kms.katalon.core.keyword.internal.KeywordMain.runKeyword(KeywordMain.groovy:68)
	at com.kms.katalon.core.keyword.builtin.CallTestCaseKeyword.callTestCase(CallTestCaseKeyword.groovy:81)
	at com.kms.katalon.core.keyword.builtin.CallTestCaseKeyword.execute(CallTestCaseKeyword.groovy:44)
	at com.kms.katalon.core.keyword.internal.KeywordExecutor.executeKeywordForPlatform(KeywordExecutor.groovy:72)
	at com.kms.katalon.core.keyword.BuiltinKeywords.callTestCase(BuiltinKeywords.groovy:334)
	at TC_Agregar_Inventario.run(TC_Agregar_Inventario:30)
	at com.kms.katalon.core.main.ScriptEngine.run(ScriptEngine.java:194)
	at com.kms.katalon.core.main.ScriptEngine.runScriptAsRawText(ScriptEngine.java:119)
	at com.kms.katalon.core.main.TestCaseExecutor.runScript(TestCaseExecutor.java:337)
	at com.kms.katalon.core.main.TestCaseExecutor.doExecute(TestCaseExecutor.java:328)
	at com.kms.katalon.core.main.TestCaseExecutor.processExecutionPhase(TestCaseExecutor.java:307)
	at com.kms.katalon.core.main.TestCaseExecutor.accessMainPhase(TestCaseExecutor.java:299)
	at com.kms.katalon.core.main.TestCaseExecutor.execute(TestCaseExecutor.java:233)
	at com.kms.katalon.core.main.TestSuiteExecutor.accessTestCaseMainPhase(TestSuiteExecutor.java:169)
	at com.kms.katalon.core.main.TestSuiteExecutor.accessTestSuiteMainPhase(TestSuiteExecutor.java:142)
	at com.kms.katalon.core.main.TestSuiteExecutor.execute(TestSuiteExecutor.java:91)
	at com.kms.katalon.core.main.TestCaseMain.startTestSuite(TestCaseMain.java:157)
	at com.kms.katalon.core.main.TestCaseMain$startTestSuite$0.call(Unknown Source)
	at TempTestSuite1583781798195.run(TempTestSuite1583781798195.groovy:36)
Caused by: com.kms.katalon.core.exception.StepFailedException: Unable to set text 'automated.test@grupokaizen.net' of object 'Object Repository/Page_Iniciar Sesion - KAIZEN/is_input_email'
	at com.kms.katalon.core.webui.keyword.internal.WebUIKeywordMain.stepFailed(WebUIKeywordMain.groovy:64)
	at com.kms.katalon.core.webui.keyword.internal.WebUIKeywordMain.runKeyword(WebUIKeywordMain.groovy:26)
	at com.kms.katalon.core.webui.keyword.builtin.SetTextKeyword.setText(SetTextKeyword.groovy:66)
	at com.kms.katalon.core.webui.keyword.builtin.SetTextKeyword.execute(SetTextKeyword.groovy:37)
	at com.kms.katalon.core.keyword.internal.KeywordExecutor.executeKeywordForPlatform(KeywordExecutor.groovy:72)
	at com.kms.katalon.core.webui.keyword.WebUiBuiltInKeywords.setText(WebUiBuiltInKeywords.groovy:950)
	at com.kms.katalon.core.webui.keyword.WebUiBuiltInKeywords$setText$1.call(Unknown Source)
	at Login.run(Login:74)
	at com.kms.katalon.core.main.ScriptEngine.run(ScriptEngine.java:194)
	at com.kms.katalon.core.main.ScriptEngine.runScriptAsRawText(ScriptEngine.java:119)
	at com.kms.katalon.core.main.TestCaseExecutor.runScript(TestCaseExecutor.java:337)
	at com.kms.katalon.core.main.TestCaseExecutor.doExecute(TestCaseExecutor.java:328)
	at com.kms.katalon.core.main.TestCaseExecutor.processExecutionPhase(TestCaseExecutor.java:307)
	at com.kms.katalon.core.main.TestCaseExecutor.accessMainPhase(TestCaseExecutor.java:299)
	at com.kms.katalon.core.main.TestCaseExecutor.execute(TestCaseExecutor.java:233)
	at com.kms.katalon.core.main.TestCaseMain.runTestCase(TestCaseMain.java:114)
	at com.kms.katalon.core.keyword.builtin.CallTestCaseKeyword$_callTestCase_closure1.doCall(CallTestCaseKeyword.groovy:59)
	... 20 more
Caused by: com.kms.katalon.core.webui.exception.WebElementNotFoundException: Web element with id: 'Object Repository/Page_Iniciar Sesion - KAIZEN/is_input_email' located by 'By.xpath: //input[@id='EMAIL']' not found
	at com.kms.katalon.core.webui.common.WebUiCommonHelper.findWebElement(WebUiCommonHelper.java:1154)
	at com.kms.katalon.core.webui.keyword.internal.WebUIAbstractKeyword.findWebElement(WebUIAbstractKeyword.groovy:27)
	at com.kms.katalon.core.webui.keyword.internal.WebUIAbstractKeyword.findWebElement(WebUIAbstractKeyword.groovy:26)
	at com.kms.katalon.core.webui.keyword.builtin.SetTextKeyword$_setText_closure1.doCall(SetTextKeyword.groovy:51)
	at com.kms.katalon.core.webui.keyword.builtin.SetTextKeyword$_setText_closure1.call(SetTextKeyword.groovy)
	at com.kms.katalon.core.webui.keyword.internal.WebUIKeywordMain.runKeyword(WebUIKeywordMain.groovy:20)
	... 35 more
)

2020-03-09 15:29:50 - [TEST_STEP][PASSED] - callTestCase(findTestCase("Individual_Tests/Login"), ["Evento":"Inventario", "Index":Index], STOP_ON_FAILURE): Call Test Case 'Test Cases/Individual_Tests/Login' successfully

2020-03-09 15:29:50 - [TEST_CASE][PASSED] - Test Cases/Individual_Tests/Login: Test Cases/Individual_Tests/Login

2020-03-09 15:29:50 - [TEST_STEP][PASSED] - print("Evento Seleccionado: " + Evento + "
"): null

2020-03-09 15:29:50 - [TEST_STEP][PASSED] - openBrowser(Web): Browser is opened with url: 'http://test.kaizendev.net/Login/Accesar?salir=true'

2020-03-09 15:29:50 - [MESSAGE][WARNING] - A browser is already opened. Closing browser and opening a new one

2020-03-09 15:29:51 - [MESSAGE][INFO] - Starting 'Chrome' driver

2020-03-09 15:30:12 - [MESSAGE][PASSED] - Browser is opened with url: 'http://test.kaizendev.net/Login/Accesar?salir=true'

2020-03-09 15:30:12 - [TEST_STEP][PASSED] - maximizeWindow(): Current window maximized

2020-03-09 15:30:14 - [MESSAGE][PASSED] - Current window maximized

2020-03-09 15:30:14 - [TEST_STEP][PASSED] - if (Evento == "Crear20"): null

2020-03-09 15:30:14 - [TEST_STEP][PASSED] - else if (Evento == "Crear40"): null

2020-03-09 15:30:14 - [TEST_STEP][PASSED] - else if (Evento == "Aprobar"): null

2020-03-09 15:30:14 - [TEST_STEP][PASSED] - else if (Evento == "Logistica"): null

2020-03-09 15:30:14 - [TEST_STEP][PASSED] - else if (Evento == "Produccion"): null

2020-03-09 15:30:14 - [TEST_STEP][PASSED] - else if (Evento == "Inventario"): Object: 'Object Repository/Page_Iniciar Sesion - KAIZEN/is_btn_ingresar_sistema' is clicked on

2020-03-09 15:30:14 - [TEST_STEP][PASSED] - data5 = obtener_excels.obtener_inventario.getValuesExcelInventary(Index): obtener_excels.obtener_inventario.getValuesExcelInventary is PASSED

2020-03-09 15:30:14 - [MESSAGE][PASSED] - obtener_excels.obtener_inventario.getValuesExcelInventary is PASSED

2020-03-09 15:30:14 - [TEST_STEP][PASSED] - Usuario = data5[1]: null

2020-03-09 15:30:14 - [TEST_STEP][PASSED] - Contrasena = data5[2]: null

2020-03-09 15:30:14 - [TEST_STEP][PASSED] - setText(findTestObject("Page_Iniciar Sesion - KAIZEN/is_input_email"), Usuario): Text 'automated.test@grupokaizen.net' is set on object 'Object Repository/Page_Iniciar Sesion - KAIZEN/is_input_email'

2020-03-09 15:30:14 - [MESSAGE][PASSED] - Text 'automated.test@grupokaizen.net' is set on object 'Object Repository/Page_Iniciar Sesion - KAIZEN/is_input_email'

2020-03-09 15:30:14 - [TEST_STEP][PASSED] - setEncryptedText(findTestObject("Page_Iniciar Sesion - KAIZEN/IS_input_contrasena"), Contrasena): Text ****** has been set on object 'Object Repository/Page_Iniciar Sesion - KAIZEN/IS_input_contrasena'

2020-03-09 15:30:15 - [MESSAGE][PASSED] - Text ****** has been set on object 'Object Repository/Page_Iniciar Sesion - KAIZEN/IS_input_contrasena'

2020-03-09 15:30:15 - [TEST_STEP][PASSED] - click(findTestObject("Page_Iniciar Sesion - KAIZEN/is_btn_ingresar_sistema")): Object: 'Object Repository/Page_Iniciar Sesion - KAIZEN/is_btn_ingresar_sistema' is clicked on

2020-03-09 15:30:17 - [MESSAGE][PASSED] - Object: 'Object Repository/Page_Iniciar Sesion - KAIZEN/is_btn_ingresar_sistema' is clicked on

2020-03-09 15:30:17 - [MESSAGE][PASSED] - Call Test Case 'Test Cases/Individual_Tests/Login' successfully

2020-03-09 15:30:17 - [TEST_STEP][PASSED] - callTestCase(findTestCase("Individual_Tests/Seleccionar_Idioma"), ["Evento":"Inventario", "Index":Index], STOP_ON_FAILURE): Call Test Case 'Test Cases/Individual_Tests/Seleccionar_Idioma' successfully

2020-03-09 15:30:17 - [TEST_CASE][PASSED] - Test Cases/Individual_Tests/Seleccionar_Idioma: Test Cases/Individual_Tests/Seleccionar_Idioma

2020-03-09 15:30:17 - [TEST_STEP][PASSED] - Idioma = 0: null

2020-03-09 15:30:17 - [TEST_STEP][PASSED] - if (Evento == "Crear20"): null

2020-03-09 15:30:17 - [TEST_STEP][PASSED] - else if (Evento == "Crear40"): null

2020-03-09 15:30:17 - [TEST_STEP][PASSED] - else if (Evento == "Aprobar"): null

2020-03-09 15:30:17 - [TEST_STEP][PASSED] - else if (Evento == "Logistica"): null

2020-03-09 15:30:17 - [TEST_STEP][PASSED] - else if (Evento == "Produccion"): null

2020-03-09 15:30:17 - [TEST_STEP][PASSED] - else if (Evento == "Inventario"): null

2020-03-09 15:30:17 - [TEST_STEP][PASSED] - data5 = obtener_excels.obtener_inventario.getValuesExcelInventary(Index): obtener_excels.obtener_inventario.getValuesExcelInventary is PASSED

2020-03-09 15:30:17 - [MESSAGE][PASSED] - obtener_excels.obtener_inventario.getValuesExcelInventary is PASSED

2020-03-09 15:30:17 - [TEST_STEP][PASSED] - Idioma = data5[0]: null

2020-03-09 15:30:17 - [TEST_STEP][PASSED] - click(findTestObject("Page_- KAIZEN/si_btn_idioma")): Object: 'Object Repository/Page_- KAIZEN/si_btn_idioma' is clicked on

2020-03-09 15:30:18 - [MESSAGE][PASSED] - Object: 'Object Repository/Page_- KAIZEN/si_btn_idioma' is clicked on

2020-03-09 15:30:18 - [TEST_STEP][PASSED] - if (Idioma == "0"): null

2020-03-09 15:30:18 - [TEST_STEP][PASSED] - else: Object: 'Object Repository/Page_- KAIZEN/si_Spanish' is clicked on

2020-03-09 15:30:18 - [TEST_STEP][PASSED] - click(findTestObject("Page_- KAIZEN/si_Spanish")): Object: 'Object Repository/Page_- KAIZEN/si_Spanish' is clicked on

2020-03-09 15:30:19 - [MESSAGE][PASSED] - Object: 'Object Repository/Page_- KAIZEN/si_Spanish' is clicked on

2020-03-09 15:30:19 - [MESSAGE][PASSED] - Call Test Case 'Test Cases/Individual_Tests/Seleccionar_Idioma' successfully

2020-03-09 15:30:19 - [TEST_STEP][PASSED] - callTestCase(findTestCase("Individual_Tests/Inventario"), ["Index":Index], STOP_ON_FAILURE): Call Test Case 'Test Cases/Individual_Tests/Inventario' successfully

2020-03-09 15:30:19 - [TEST_CASE][PASSED] - Test Cases/Individual_Tests/Inventario: Test Cases/Individual_Tests/Inventario

2020-03-09 15:30:19 - [TEST_STEP][PASSED] - data = obtener_excels.obtener_inventario.getValuesExcelInventary(Index): obtener_excels.obtener_inventario.getValuesExcelInventary is PASSED

2020-03-09 15:30:19 - [MESSAGE][PASSED] - obtener_excels.obtener_inventario.getValuesExcelInventary is PASSED

2020-03-09 15:30:19 - [TEST_STEP][PASSED] - CodProducto = data[3]: null

2020-03-09 15:30:19 - [TEST_STEP][PASSED] - Cantidad = data[4]: null

2020-03-09 15:30:19 - [TEST_STEP][PASSED] - click(findTestObject("Object Repository/Page_Agregar Productos - KAIZEN/iv_btn_menu_Inventario")): Object: 'Object Repository/Page_Agregar Productos - KAIZEN/iv_btn_menu_Inventario' is clicked on

2020-03-09 15:30:21 - [MESSAGE][PASSED] - Object: 'Object Repository/Page_Agregar Productos - KAIZEN/iv_btn_menu_Inventario' is clicked on

2020-03-09 15:30:21 - [TEST_STEP][PASSED] - click(findTestObject("Object Repository/Page_Agregar Productos - KAIZEN/iv_btn_menu_Movimientos")): Object: 'Object Repository/Page_Agregar Productos - KAIZEN/iv_btn_menu_Movimientos' is clicked on

2020-03-09 15:30:23 - [MESSAGE][PASSED] - Object: 'Object Repository/Page_Agregar Productos - KAIZEN/iv_btn_menu_Movimientos' is clicked on

2020-03-09 15:30:23 - [TEST_STEP][PASSED] - click(findTestObject("Object Repository/Page_Index - KAIZEN/iv_btn_Agregar_inventario")): Object: 'Object Repository/Page_Index - KAIZEN/iv_btn_Agregar_inventario' is clicked on

2020-03-09 15:30:27 - [MESSAGE][PASSED] - Object: 'Object Repository/Page_Index - KAIZEN/iv_btn_Agregar_inventario' is clicked on

2020-03-09 15:30:27 - [TEST_STEP][PASSED] - selectOptionByValue(findTestObject("Object Repository/Page_Create - KAIZEN/iv_select_concepto"), Concepto, true): All options with value 'EntradaDeMercancias' are selected in object 'Object Repository/Page_Create - KAIZEN/iv_select_concepto'  using regular expression

2020-03-09 15:30:29 - [MESSAGE][PASSED] - All options with value 'EntradaDeMercancias' are selected in object 'Object Repository/Page_Create - KAIZEN/iv_select_concepto'  using regular expression

2020-03-09 15:30:29 - [TEST_STEP][PASSED] - selectOptionByValue(findTestObject("Object Repository/Page_Create - KAIZEN/iv_select_motivo"), Motivo, true): All options with value 'EntradaPorFabricacion' are selected in object 'Object Repository/Page_Create - KAIZEN/iv_select_motivo'  using regular expression

2020-03-09 15:30:31 - [MESSAGE][PASSED] - All options with value 'EntradaPorFabricacion' are selected in object 'Object Repository/Page_Create - KAIZEN/iv_select_motivo'  using regular expression

2020-03-09 15:30:31 - [TEST_STEP][PASSED] - click(findTestObject("Object Repository/Page_Create - KAIZEN/iv_btn_Buscar Producto")): Object: 'Object Repository/Page_Create - KAIZEN/iv_btn_Buscar Producto' is clicked on

2020-03-09 15:30:32 - [MESSAGE][PASSED] - Object: 'Object Repository/Page_Create - KAIZEN/iv_btn_Buscar Producto' is clicked on

2020-03-09 15:30:32 - [TEST_STEP][PASSED] - setText(findTestObject("Object Repository/Page_Create - KAIZEN/iv_input_Buscar Producto"), CodProducto): Text 'PV-002' is set on object 'Object Repository/Page_Create - KAIZEN/iv_input_Buscar Producto'

2020-03-09 15:30:33 - [MESSAGE][PASSED] - Text 'PV-002' is set on object 'Object Repository/Page_Create - KAIZEN/iv_input_Buscar Producto'

2020-03-09 15:30:33 - [TEST_STEP][PASSED] - sendKeys(findTestObject("Object Repository/Page_Create - KAIZEN/iv_input_Buscar Producto"), Keys.chord(ENTER)): Keys 'ENTER + ' sent to object: 'Object Repository/Page_Create - KAIZEN/iv_input_Buscar Producto'

2020-03-09 15:30:33 - [MESSAGE][PASSED] - Keys 'ENTER + ' sent to object: 'Object Repository/Page_Create - KAIZEN/iv_input_Buscar Producto'

2020-03-09 15:30:33 - [TEST_STEP][PASSED] - setText(findTestObject("Object Repository/Page_Create - KAIZEN/iv_input_Cantidad"), Cantidad): Text '20' is set on object 'Object Repository/Page_Create - KAIZEN/iv_input_Cantidad'

2020-03-09 15:30:34 - [MESSAGE][PASSED] - Text '20' is set on object 'Object Repository/Page_Create - KAIZEN/iv_input_Cantidad'

2020-03-09 15:30:34 - [TEST_STEP][PASSED] - click(findTestObject("Object Repository/Page_Create - KAIZEN/iv_btn_Guardar")): Object: 'Object Repository/Page_Create - KAIZEN/iv_btn_Guardar' is clicked on

2020-03-09 15:30:36 - [MESSAGE][PASSED] - Object: 'Object Repository/Page_Create - KAIZEN/iv_btn_Guardar' is clicked on

2020-03-09 15:30:36 - [TEST_STEP][PASSED] - verifyElementPresent(findTestObject("Object Repository/Page_Index - KAIZEN/iv_btn_Agregar_inventario"), 5): Object 'Object Repository/Page_Index - KAIZEN/iv_btn_Agregar_inventario' is present

2020-03-09 15:30:37 - [MESSAGE][PASSED] - Object 'Object Repository/Page_Index - KAIZEN/iv_btn_Agregar_inventario' is present

2020-03-09 15:30:37 - [MESSAGE][PASSED] - Call Test Case 'Test Cases/Individual_Tests/Inventario' successfully

2020-03-09 15:30:37 - [TEST_STEP][FAILED] - callTestCase(findTestCase("Individual_Tests/Login"), ["Evento":"Inventario", "Index":Index], STOP_ON_FAILURE): Unable to call Test Case 'Test Cases/Individual_Tests/Login' (Root cause: com.kms.katalon.core.exception.StepFailedException: Call Test Case 'Test Cases/Individual_Tests/Login' failed
	at com.kms.katalon.core.keyword.builtin.CallTestCaseKeyword$_callTestCase_closure1.doCall(CallTestCaseKeyword.groovy:63)
	at com.kms.katalon.core.keyword.builtin.CallTestCaseKeyword$_callTestCase_closure1.call(CallTestCaseKeyword.groovy)
	at com.kms.katalon.core.keyword.internal.KeywordMain.runKeyword(KeywordMain.groovy:68)
	at com.kms.katalon.core.keyword.builtin.CallTestCaseKeyword.callTestCase(CallTestCaseKeyword.groovy:81)
	at com.kms.katalon.core.keyword.builtin.CallTestCaseKeyword.execute(CallTestCaseKeyword.groovy:44)
	at com.kms.katalon.core.keyword.internal.KeywordExecutor.executeKeywordForPlatform(KeywordExecutor.groovy:72)
	at com.kms.katalon.core.keyword.BuiltinKeywords.callTestCase(BuiltinKeywords.groovy:334)
	at TC_Agregar_Inventario.run(TC_Agregar_Inventario:30)
	at com.kms.katalon.core.main.ScriptEngine.run(ScriptEngine.java:194)
	at com.kms.katalon.core.main.ScriptEngine.runScriptAsRawText(ScriptEngine.java:119)
	at com.kms.katalon.core.main.TestCaseExecutor.runScript(TestCaseExecutor.java:337)
	at com.kms.katalon.core.main.TestCaseExecutor.doExecute(TestCaseExecutor.java:328)
	at com.kms.katalon.core.main.TestCaseExecutor.processExecutionPhase(TestCaseExecutor.java:307)
	at com.kms.katalon.core.main.TestCaseExecutor.accessMainPhase(TestCaseExecutor.java:299)
	at com.kms.katalon.core.main.TestCaseExecutor.execute(TestCaseExecutor.java:233)
	at com.kms.katalon.core.main.TestSuiteExecutor.accessTestCaseMainPhase(TestSuiteExecutor.java:169)
	at com.kms.katalon.core.main.TestSuiteExecutor.accessTestSuiteMainPhase(TestSuiteExecutor.java:142)
	at com.kms.katalon.core.main.TestSuiteExecutor.execute(TestSuiteExecutor.java:91)
	at com.kms.katalon.core.main.TestCaseMain.startTestSuite(TestCaseMain.java:157)
	at com.kms.katalon.core.main.TestCaseMain$startTestSuite$0.call(Unknown Source)
	at TempTestSuite1583781798195.run(TempTestSuite1583781798195.groovy:36)
Caused by: com.kms.katalon.core.exception.StepFailedException: Unable to set text 'automated.test@grupokaizen.net' of object 'Object Repository/Page_Iniciar Sesion - KAIZEN/is_input_email'
	at com.kms.katalon.core.webui.keyword.internal.WebUIKeywordMain.stepFailed(WebUIKeywordMain.groovy:64)
	at com.kms.katalon.core.webui.keyword.internal.WebUIKeywordMain.runKeyword(WebUIKeywordMain.groovy:26)
	at com.kms.katalon.core.webui.keyword.builtin.SetTextKeyword.setText(SetTextKeyword.groovy:66)
	at com.kms.katalon.core.webui.keyword.builtin.SetTextKeyword.execute(SetTextKeyword.groovy:37)
	at com.kms.katalon.core.keyword.internal.KeywordExecutor.executeKeywordForPlatform(KeywordExecutor.groovy:72)
	at com.kms.katalon.core.webui.keyword.WebUiBuiltInKeywords.setText(WebUiBuiltInKeywords.groovy:950)
	at com.kms.katalon.core.webui.keyword.WebUiBuiltInKeywords$setText$1.call(Unknown Source)
	at Login.run(Login:74)
	at com.kms.katalon.core.main.ScriptEngine.run(ScriptEngine.java:194)
	at com.kms.katalon.core.main.ScriptEngine.runScriptAsRawText(ScriptEngine.java:119)
	at com.kms.katalon.core.main.TestCaseExecutor.runScript(TestCaseExecutor.java:337)
	at com.kms.katalon.core.main.TestCaseExecutor.doExecute(TestCaseExecutor.java:328)
	at com.kms.katalon.core.main.TestCaseExecutor.processExecutionPhase(TestCaseExecutor.java:307)
	at com.kms.katalon.core.main.TestCaseExecutor.accessMainPhase(TestCaseExecutor.java:299)
	at com.kms.katalon.core.main.TestCaseExecutor.execute(TestCaseExecutor.java:233)
	at com.kms.katalon.core.main.TestCaseMain.runTestCase(TestCaseMain.java:114)
	at com.kms.katalon.core.keyword.builtin.CallTestCaseKeyword$_callTestCase_closure1.doCall(CallTestCaseKeyword.groovy:59)
	... 20 more
Caused by: com.kms.katalon.core.webui.exception.WebElementNotFoundException: Web element with id: 'Object Repository/Page_Iniciar Sesion - KAIZEN/is_input_email' located by 'By.xpath: //input[@id='EMAIL']' not found
	at com.kms.katalon.core.webui.common.WebUiCommonHelper.findWebElement(WebUiCommonHelper.java:1154)
	at com.kms.katalon.core.webui.keyword.internal.WebUIAbstractKeyword.findWebElement(WebUIAbstractKeyword.groovy:27)
	at com.kms.katalon.core.webui.keyword.internal.WebUIAbstractKeyword.findWebElement(WebUIAbstractKeyword.groovy:26)
	at com.kms.katalon.core.webui.keyword.builtin.SetTextKeyword$_setText_closure1.doCall(SetTextKeyword.groovy:51)
	at com.kms.katalon.core.webui.keyword.builtin.SetTextKeyword$_setText_closure1.call(SetTextKeyword.groovy)
	at com.kms.katalon.core.webui.keyword.internal.WebUIKeywordMain.runKeyword(WebUIKeywordMain.groovy:20)
	... 35 more
)

2020-03-09 15:30:37 - [TEST_CASE][FAILED] - Test Cases/Individual_Tests/Login: Test Cases/Individual_Tests/Login FAILED.
Reason:
com.kms.katalon.core.exception.StepFailedException: Unable to set text 'automated.test@grupokaizen.net' of object 'Object Repository/Page_Iniciar Sesion - KAIZEN/is_input_email'
	at com.kms.katalon.core.webui.keyword.internal.WebUIKeywordMain.stepFailed(WebUIKeywordMain.groovy:64)
	at com.kms.katalon.core.webui.keyword.internal.WebUIKeywordMain.runKeyword(WebUIKeywordMain.groovy:26)
	at com.kms.katalon.core.webui.keyword.builtin.SetTextKeyword.setText(SetTextKeyword.groovy:66)
	at com.kms.katalon.core.webui.keyword.builtin.SetTextKeyword.execute(SetTextKeyword.groovy:37)
	at com.kms.katalon.core.keyword.internal.KeywordExecutor.executeKeywordForPlatform(KeywordExecutor.groovy:72)
	at com.kms.katalon.core.webui.keyword.WebUiBuiltInKeywords.setText(WebUiBuiltInKeywords.groovy:950)
	at com.kms.katalon.core.webui.keyword.WebUiBuiltInKeywords$setText$1.call(Unknown Source)
	at Login.run(Login:74)
	at com.kms.katalon.core.main.ScriptEngine.run(ScriptEngine.java:194)
	at com.kms.katalon.core.main.ScriptEngine.runScriptAsRawText(ScriptEngine.java:119)
	at com.kms.katalon.core.main.TestCaseExecutor.runScript(TestCaseExecutor.java:337)
	at com.kms.katalon.core.main.TestCaseExecutor.doExecute(TestCaseExecutor.java:328)
	at com.kms.katalon.core.main.TestCaseExecutor.processExecutionPhase(TestCaseExecutor.java:307)
	at com.kms.katalon.core.main.TestCaseExecutor.accessMainPhase(TestCaseExecutor.java:299)
	at com.kms.katalon.core.main.TestCaseExecutor.execute(TestCaseExecutor.java:233)
	at com.kms.katalon.core.main.TestCaseMain.runTestCase(TestCaseMain.java:114)
	at com.kms.katalon.core.keyword.builtin.CallTestCaseKeyword$_callTestCase_closure1.doCall(CallTestCaseKeyword.groovy:59)
	at com.kms.katalon.core.keyword.builtin.CallTestCaseKeyword$_callTestCase_closure1.call(CallTestCaseKeyword.groovy)
	at com.kms.katalon.core.keyword.internal.KeywordMain.runKeyword(KeywordMain.groovy:68)
	at com.kms.katalon.core.keyword.builtin.CallTestCaseKeyword.callTestCase(CallTestCaseKeyword.groovy:81)
	at com.kms.katalon.core.keyword.builtin.CallTestCaseKeyword.execute(CallTestCaseKeyword.groovy:44)
	at com.kms.katalon.core.keyword.internal.KeywordExecutor.executeKeywordForPlatform(KeywordExecutor.groovy:72)
	at com.kms.katalon.core.keyword.BuiltinKeywords.callTestCase(BuiltinKeywords.groovy:334)
	at TC_Agregar_Inventario.run(TC_Agregar_Inventario:30)
	at com.kms.katalon.core.main.ScriptEngine.run(ScriptEngine.java:194)
	at com.kms.katalon.core.main.ScriptEngine.runScriptAsRawText(ScriptEngine.java:119)
	at com.kms.katalon.core.main.TestCaseExecutor.runScript(TestCaseExecutor.java:337)
	at com.kms.katalon.core.main.TestCaseExecutor.doExecute(TestCaseExecutor.java:328)
	at com.kms.katalon.core.main.TestCaseExecutor.processExecutionPhase(TestCaseExecutor.java:307)
	at com.kms.katalon.core.main.TestCaseExecutor.accessMainPhase(TestCaseExecutor.java:299)
	at com.kms.katalon.core.main.TestCaseExecutor.execute(TestCaseExecutor.java:233)
	at com.kms.katalon.core.main.TestSuiteExecutor.accessTestCaseMainPhase(TestSuiteExecutor.java:169)
	at com.kms.katalon.core.main.TestSuiteExecutor.accessTestSuiteMainPhase(TestSuiteExecutor.java:142)
	at com.kms.katalon.core.main.TestSuiteExecutor.execute(TestSuiteExecutor.java:91)
	at com.kms.katalon.core.main.TestCaseMain.startTestSuite(TestCaseMain.java:157)
	at com.kms.katalon.core.main.TestCaseMain$startTestSuite$0.call(Unknown Source)
	at TempTestSuite1583781798195.run(TempTestSuite1583781798195.groovy:36)
Caused by: com.kms.katalon.core.webui.exception.WebElementNotFoundException: Web element with id: 'Object Repository/Page_Iniciar Sesion - KAIZEN/is_input_email' located by 'By.xpath: //input[@id='EMAIL']' not found
	at com.kms.katalon.core.webui.common.WebUiCommonHelper.findWebElement(WebUiCommonHelper.java:1154)
	at com.kms.katalon.core.webui.keyword.internal.WebUIAbstractKeyword.findWebElement(WebUIAbstractKeyword.groovy:27)
	at com.kms.katalon.core.webui.keyword.internal.WebUIAbstractKeyword.findWebElement(WebUIAbstractKeyword.groovy:26)
	at com.kms.katalon.core.webui.keyword.builtin.SetTextKeyword$_setText_closure1.doCall(SetTextKeyword.groovy:51)
	at com.kms.katalon.core.webui.keyword.builtin.SetTextKeyword$_setText_closure1.call(SetTextKeyword.groovy)
	at com.kms.katalon.core.webui.keyword.internal.WebUIKeywordMain.runKeyword(WebUIKeywordMain.groovy:20)
	... 35 more


2020-03-09 15:30:37 - [TEST_STEP][PASSED] - print("Evento Seleccionado: " + Evento + "
"): null

2020-03-09 15:30:37 - [TEST_STEP][PASSED] - openBrowser(Web): Browser is opened with url: 'http://test.kaizendev.net/Login/Accesar?salir=true'

2020-03-09 15:30:37 - [MESSAGE][WARNING] - A browser is already opened. Closing browser and opening a new one

2020-03-09 15:30:38 - [MESSAGE][INFO] - Starting 'Chrome' driver

2020-03-09 15:31:02 - [MESSAGE][PASSED] - Browser is opened with url: 'http://test.kaizendev.net/Login/Accesar?salir=true'

2020-03-09 15:31:02 - [TEST_STEP][PASSED] - maximizeWindow(): Current window maximized

2020-03-09 15:31:04 - [MESSAGE][PASSED] - Current window maximized

2020-03-09 15:31:04 - [TEST_STEP][PASSED] - if (Evento == "Crear20"): null

2020-03-09 15:31:04 - [TEST_STEP][PASSED] - else if (Evento == "Crear40"): null

2020-03-09 15:31:04 - [TEST_STEP][PASSED] - else if (Evento == "Aprobar"): null

2020-03-09 15:31:04 - [TEST_STEP][PASSED] - else if (Evento == "Logistica"): null

2020-03-09 15:31:04 - [TEST_STEP][PASSED] - else if (Evento == "Produccion"): null

2020-03-09 15:31:04 - [TEST_STEP][FAILED] - else if (Evento == "Inventario"): Unable to set text 'automated.test@grupokaizen.net' of object 'Object Repository/Page_Iniciar Sesion - KAIZEN/is_input_email' (Root cause: com.kms.katalon.core.exception.StepFailedException: Unable to set text 'automated.test@grupokaizen.net' of object 'Object Repository/Page_Iniciar Sesion - KAIZEN/is_input_email'
	at com.kms.katalon.core.webui.keyword.internal.WebUIKeywordMain.stepFailed(WebUIKeywordMain.groovy:64)
	at com.kms.katalon.core.webui.keyword.internal.WebUIKeywordMain.runKeyword(WebUIKeywordMain.groovy:26)
	at com.kms.katalon.core.webui.keyword.builtin.SetTextKeyword.setText(SetTextKeyword.groovy:66)
	at com.kms.katalon.core.webui.keyword.builtin.SetTextKeyword.execute(SetTextKeyword.groovy:37)
	at com.kms.katalon.core.keyword.internal.KeywordExecutor.executeKeywordForPlatform(KeywordExecutor.groovy:72)
	at com.kms.katalon.core.webui.keyword.WebUiBuiltInKeywords.setText(WebUiBuiltInKeywords.groovy:950)
	at com.kms.katalon.core.webui.keyword.WebUiBuiltInKeywords$setText$1.call(Unknown Source)
	at Login.run(Login:74)
	at com.kms.katalon.core.main.ScriptEngine.run(ScriptEngine.java:194)
	at com.kms.katalon.core.main.ScriptEngine.runScriptAsRawText(ScriptEngine.java:119)
	at com.kms.katalon.core.main.TestCaseExecutor.runScript(TestCaseExecutor.java:337)
	at com.kms.katalon.core.main.TestCaseExecutor.doExecute(TestCaseExecutor.java:328)
	at com.kms.katalon.core.main.TestCaseExecutor.processExecutionPhase(TestCaseExecutor.java:307)
	at com.kms.katalon.core.main.TestCaseExecutor.accessMainPhase(TestCaseExecutor.java:299)
	at com.kms.katalon.core.main.TestCaseExecutor.execute(TestCaseExecutor.java:233)
	at com.kms.katalon.core.main.TestCaseMain.runTestCase(TestCaseMain.java:114)
	at com.kms.katalon.core.keyword.builtin.CallTestCaseKeyword$_callTestCase_closure1.doCall(CallTestCaseKeyword.groovy:59)
	at com.kms.katalon.core.keyword.builtin.CallTestCaseKeyword$_callTestCase_closure1.call(CallTestCaseKeyword.groovy)
	at com.kms.katalon.core.keyword.internal.KeywordMain.runKeyword(KeywordMain.groovy:68)
	at com.kms.katalon.core.keyword.builtin.CallTestCaseKeyword.callTestCase(CallTestCaseKeyword.groovy:81)
	at com.kms.katalon.core.keyword.builtin.CallTestCaseKeyword.execute(CallTestCaseKeyword.groovy:44)
	at com.kms.katalon.core.keyword.internal.KeywordExecutor.executeKeywordForPlatform(KeywordExecutor.groovy:72)
	at com.kms.katalon.core.keyword.BuiltinKeywords.callTestCase(BuiltinKeywords.groovy:334)
	at TC_Agregar_Inventario.run(TC_Agregar_Inventario:30)
	at com.kms.katalon.core.main.ScriptEngine.run(ScriptEngine.java:194)
	at com.kms.katalon.core.main.ScriptEngine.runScriptAsRawText(ScriptEngine.java:119)
	at com.kms.katalon.core.main.TestCaseExecutor.runScript(TestCaseExecutor.java:337)
	at com.kms.katalon.core.main.TestCaseExecutor.doExecute(TestCaseExecutor.java:328)
	at com.kms.katalon.core.main.TestCaseExecutor.processExecutionPhase(TestCaseExecutor.java:307)
	at com.kms.katalon.core.main.TestCaseExecutor.accessMainPhase(TestCaseExecutor.java:299)
	at com.kms.katalon.core.main.TestCaseExecutor.execute(TestCaseExecutor.java:233)
	at com.kms.katalon.core.main.TestSuiteExecutor.accessTestCaseMainPhase(TestSuiteExecutor.java:169)
	at com.kms.katalon.core.main.TestSuiteExecutor.accessTestSuiteMainPhase(TestSuiteExecutor.java:142)
	at com.kms.katalon.core.main.TestSuiteExecutor.execute(TestSuiteExecutor.java:91)
	at com.kms.katalon.core.main.TestCaseMain.startTestSuite(TestCaseMain.java:157)
	at com.kms.katalon.core.main.TestCaseMain$startTestSuite$0.call(Unknown Source)
	at TempTestSuite1583781798195.run(TempTestSuite1583781798195.groovy:36)
Caused by: com.kms.katalon.core.webui.exception.WebElementNotFoundException: Web element with id: 'Object Repository/Page_Iniciar Sesion - KAIZEN/is_input_email' located by 'By.xpath: //input[@id='EMAIL']' not found
	at com.kms.katalon.core.webui.common.WebUiCommonHelper.findWebElement(WebUiCommonHelper.java:1154)
	at com.kms.katalon.core.webui.keyword.internal.WebUIAbstractKeyword.findWebElement(WebUIAbstractKeyword.groovy:27)
	at com.kms.katalon.core.webui.keyword.internal.WebUIAbstractKeyword.findWebElement(WebUIAbstractKeyword.groovy:26)
	at com.kms.katalon.core.webui.keyword.builtin.SetTextKeyword$_setText_closure1.doCall(SetTextKeyword.groovy:51)
	at com.kms.katalon.core.webui.keyword.builtin.SetTextKeyword$_setText_closure1.call(SetTextKeyword.groovy)
	at com.kms.katalon.core.webui.keyword.internal.WebUIKeywordMain.runKeyword(WebUIKeywordMain.groovy:20)
	at com.kms.katalon.core.webui.keyword.builtin.SetTextKeyword.setText(SetTextKeyword.groovy:66)
	at com.kms.katalon.core.webui.keyword.builtin.SetTextKeyword.execute(SetTextKeyword.groovy:37)
	at com.kms.katalon.core.keyword.internal.KeywordExecutor.executeKeywordForPlatform(KeywordExecutor.groovy:72)
	at com.kms.katalon.core.webui.keyword.WebUiBuiltInKeywords.setText(WebUiBuiltInKeywords.groovy:950)
	at com.kms.katalon.core.webui.keyword.WebUiBuiltInKeywords$setText$1.call(Unknown Source)
	at Script1582302053606.run(Script1582302053606.groovy:74)
	at com.kms.katalon.core.main.ScriptEngine.run(ScriptEngine.java:194)
	at com.kms.katalon.core.main.ScriptEngine.runScriptAsRawText(ScriptEngine.java:119)
	at com.kms.katalon.core.main.TestCaseExecutor.runScript(TestCaseExecutor.java:337)
	at com.kms.katalon.core.main.TestCaseExecutor.doExecute(TestCaseExecutor.java:328)
	at com.kms.katalon.core.main.TestCaseExecutor.processExecutionPhase(TestCaseExecutor.java:307)
	at com.kms.katalon.core.main.TestCaseExecutor.accessMainPhase(TestCaseExecutor.java:299)
	at com.kms.katalon.core.main.TestCaseExecutor.execute(TestCaseExecutor.java:233)
	at com.kms.katalon.core.main.TestCaseMain.runTestCase(TestCaseMain.java:114)
	at com.kms.katalon.core.keyword.builtin.CallTestCaseKeyword$_callTestCase_closure1.doCall(CallTestCaseKeyword.groovy:59)
	at com.kms.katalon.core.keyword.builtin.CallTestCaseKeyword$_callTestCase_closure1.call(CallTestCaseKeyword.groovy)
	at com.kms.katalon.core.keyword.internal.KeywordMain.runKeyword(KeywordMain.groovy:68)
	at com.kms.katalon.core.keyword.builtin.CallTestCaseKeyword.callTestCase(CallTestCaseKeyword.groovy:81)
	at com.kms.katalon.core.keyword.builtin.CallTestCaseKeyword.execute(CallTestCaseKeyword.groovy:44)
	at com.kms.katalon.core.keyword.internal.KeywordExecutor.executeKeywordForPlatform(KeywordExecutor.groovy:72)
	at com.kms.katalon.core.keyword.BuiltinKeywords.callTestCase(BuiltinKeywords.groovy:334)
	at Script1581961214654.run(Script1581961214654.groovy:30)
	... 13 more
)

2020-03-09 15:31:04 - [TEST_STEP][PASSED] - data5 = obtener_excels.obtener_inventario.getValuesExcelInventary(Index): obtener_excels.obtener_inventario.getValuesExcelInventary is PASSED

2020-03-09 15:31:04 - [MESSAGE][PASSED] - obtener_excels.obtener_inventario.getValuesExcelInventary is PASSED

2020-03-09 15:31:04 - [TEST_STEP][PASSED] - Usuario = data5[1]: null

2020-03-09 15:31:04 - [TEST_STEP][PASSED] - Contrasena = data5[2]: null

2020-03-09 15:31:04 - [TEST_STEP][FAILED] - setText(findTestObject("Page_Iniciar Sesion - KAIZEN/is_input_email"), Usuario): Unable to set text 'automated.test@grupokaizen.net' of object 'Object Repository/Page_Iniciar Sesion - KAIZEN/is_input_email' (Root cause: com.kms.katalon.core.exception.StepFailedException: Unable to set text 'automated.test@grupokaizen.net' of object 'Object Repository/Page_Iniciar Sesion - KAIZEN/is_input_email'
	at com.kms.katalon.core.webui.keyword.internal.WebUIKeywordMain.stepFailed(WebUIKeywordMain.groovy:64)
	at com.kms.katalon.core.webui.keyword.internal.WebUIKeywordMain.runKeyword(WebUIKeywordMain.groovy:26)
	at com.kms.katalon.core.webui.keyword.builtin.SetTextKeyword.setText(SetTextKeyword.groovy:66)
	at com.kms.katalon.core.webui.keyword.builtin.SetTextKeyword.execute(SetTextKeyword.groovy:37)
	at com.kms.katalon.core.keyword.internal.KeywordExecutor.executeKeywordForPlatform(KeywordExecutor.groovy:72)
	at com.kms.katalon.core.webui.keyword.WebUiBuiltInKeywords.setText(WebUiBuiltInKeywords.groovy:950)
	at com.kms.katalon.core.webui.keyword.WebUiBuiltInKeywords$setText$1.call(Unknown Source)
	at Login.run(Login:74)
	at com.kms.katalon.core.main.ScriptEngine.run(ScriptEngine.java:194)
	at com.kms.katalon.core.main.ScriptEngine.runScriptAsRawText(ScriptEngine.java:119)
	at com.kms.katalon.core.main.TestCaseExecutor.runScript(TestCaseExecutor.java:337)
	at com.kms.katalon.core.main.TestCaseExecutor.doExecute(TestCaseExecutor.java:328)
	at com.kms.katalon.core.main.TestCaseExecutor.processExecutionPhase(TestCaseExecutor.java:307)
	at com.kms.katalon.core.main.TestCaseExecutor.accessMainPhase(TestCaseExecutor.java:299)
	at com.kms.katalon.core.main.TestCaseExecutor.execute(TestCaseExecutor.java:233)
	at com.kms.katalon.core.main.TestCaseMain.runTestCase(TestCaseMain.java:114)
	at com.kms.katalon.core.keyword.builtin.CallTestCaseKeyword$_callTestCase_closure1.doCall(CallTestCaseKeyword.groovy:59)
	at com.kms.katalon.core.keyword.builtin.CallTestCaseKeyword$_callTestCase_closure1.call(CallTestCaseKeyword.groovy)
	at com.kms.katalon.core.keyword.internal.KeywordMain.runKeyword(KeywordMain.groovy:68)
	at com.kms.katalon.core.keyword.builtin.CallTestCaseKeyword.callTestCase(CallTestCaseKeyword.groovy:81)
	at com.kms.katalon.core.keyword.builtin.CallTestCaseKeyword.execute(CallTestCaseKeyword.groovy:44)
	at com.kms.katalon.core.keyword.internal.KeywordExecutor.executeKeywordForPlatform(KeywordExecutor.groovy:72)
	at com.kms.katalon.core.keyword.BuiltinKeywords.callTestCase(BuiltinKeywords.groovy:334)
	at TC_Agregar_Inventario.run(TC_Agregar_Inventario:30)
	at com.kms.katalon.core.main.ScriptEngine.run(ScriptEngine.java:194)
	at com.kms.katalon.core.main.ScriptEngine.runScriptAsRawText(ScriptEngine.java:119)
	at com.kms.katalon.core.main.TestCaseExecutor.runScript(TestCaseExecutor.java:337)
	at com.kms.katalon.core.main.TestCaseExecutor.doExecute(TestCaseExecutor.java:328)
	at com.kms.katalon.core.main.TestCaseExecutor.processExecutionPhase(TestCaseExecutor.java:307)
	at com.kms.katalon.core.main.TestCaseExecutor.accessMainPhase(TestCaseExecutor.java:299)
	at com.kms.katalon.core.main.TestCaseExecutor.execute(TestCaseExecutor.java:233)
	at com.kms.katalon.core.main.TestSuiteExecutor.accessTestCaseMainPhase(TestSuiteExecutor.java:169)
	at com.kms.katalon.core.main.TestSuiteExecutor.accessTestSuiteMainPhase(TestSuiteExecutor.java:142)
	at com.kms.katalon.core.main.TestSuiteExecutor.execute(TestSuiteExecutor.java:91)
	at com.kms.katalon.core.main.TestCaseMain.startTestSuite(TestCaseMain.java:157)
	at com.kms.katalon.core.main.TestCaseMain$startTestSuite$0.call(Unknown Source)
	at TempTestSuite1583781798195.run(TempTestSuite1583781798195.groovy:36)
Caused by: com.kms.katalon.core.webui.exception.WebElementNotFoundException: Web element with id: 'Object Repository/Page_Iniciar Sesion - KAIZEN/is_input_email' located by 'By.xpath: //input[@id='EMAIL']' not found
	at com.kms.katalon.core.webui.common.WebUiCommonHelper.findWebElement(WebUiCommonHelper.java:1154)
	at com.kms.katalon.core.webui.keyword.internal.WebUIAbstractKeyword.findWebElement(WebUIAbstractKeyword.groovy:27)
	at com.kms.katalon.core.webui.keyword.internal.WebUIAbstractKeyword.findWebElement(WebUIAbstractKeyword.groovy:26)
	at com.kms.katalon.core.webui.keyword.builtin.SetTextKeyword$_setText_closure1.doCall(SetTextKeyword.groovy:51)
	at com.kms.katalon.core.webui.keyword.builtin.SetTextKeyword$_setText_closure1.call(SetTextKeyword.groovy)
	at com.kms.katalon.core.webui.keyword.internal.WebUIKeywordMain.runKeyword(WebUIKeywordMain.groovy:20)
	at com.kms.katalon.core.webui.keyword.builtin.SetTextKeyword.setText(SetTextKeyword.groovy:66)
	at com.kms.katalon.core.webui.keyword.builtin.SetTextKeyword.execute(SetTextKeyword.groovy:37)
	at com.kms.katalon.core.keyword.internal.KeywordExecutor.executeKeywordForPlatform(KeywordExecutor.groovy:72)
	at com.kms.katalon.core.webui.keyword.WebUiBuiltInKeywords.setText(WebUiBuiltInKeywords.groovy:950)
	at com.kms.katalon.core.webui.keyword.WebUiBuiltInKeywords$setText$1.call(Unknown Source)
	at Script1582302053606.run(Script1582302053606.groovy:74)
	at com.kms.katalon.core.main.ScriptEngine.run(ScriptEngine.java:194)
	at com.kms.katalon.core.main.ScriptEngine.runScriptAsRawText(ScriptEngine.java:119)
	at com.kms.katalon.core.main.TestCaseExecutor.runScript(TestCaseExecutor.java:337)
	at com.kms.katalon.core.main.TestCaseExecutor.doExecute(TestCaseExecutor.java:328)
	at com.kms.katalon.core.main.TestCaseExecutor.processExecutionPhase(TestCaseExecutor.java:307)
	at com.kms.katalon.core.main.TestCaseExecutor.accessMainPhase(TestCaseExecutor.java:299)
	at com.kms.katalon.core.main.TestCaseExecutor.execute(TestCaseExecutor.java:233)
	at com.kms.katalon.core.main.TestCaseMain.runTestCase(TestCaseMain.java:114)
	at com.kms.katalon.core.keyword.builtin.CallTestCaseKeyword$_callTestCase_closure1.doCall(CallTestCaseKeyword.groovy:59)
	at com.kms.katalon.core.keyword.builtin.CallTestCaseKeyword$_callTestCase_closure1.call(CallTestCaseKeyword.groovy)
	at com.kms.katalon.core.keyword.internal.KeywordMain.runKeyword(KeywordMain.groovy:68)
	at com.kms.katalon.core.keyword.builtin.CallTestCaseKeyword.callTestCase(CallTestCaseKeyword.groovy:81)
	at com.kms.katalon.core.keyword.builtin.CallTestCaseKeyword.execute(CallTestCaseKeyword.groovy:44)
	at com.kms.katalon.core.keyword.internal.KeywordExecutor.executeKeywordForPlatform(KeywordExecutor.groovy:72)
	at com.kms.katalon.core.keyword.BuiltinKeywords.callTestCase(BuiltinKeywords.groovy:334)
	at Script1581961214654.run(Script1581961214654.groovy:30)
	... 13 more
)

2020-03-09 15:31:37 - [MESSAGE][INFO] - Unable to find the element located by 'By.xpath: //input[@id='EMAIL']'. Please recheck the objects properties to make sure the desired element is located. 

2020-03-09 15:31:38 - [MESSAGE][FAILED] - Unable to set text 'automated.test@grupokaizen.net' of object 'Object Repository/Page_Iniciar Sesion - KAIZEN/is_input_email' (Root cause: com.kms.katalon.core.exception.StepFailedException: Unable to set text 'automated.test@grupokaizen.net' of object 'Object Repository/Page_Iniciar Sesion - KAIZEN/is_input_email'
	at com.kms.katalon.core.webui.keyword.internal.WebUIKeywordMain.stepFailed(WebUIKeywordMain.groovy:64)
	at com.kms.katalon.core.webui.keyword.internal.WebUIKeywordMain.runKeyword(WebUIKeywordMain.groovy:26)
	at com.kms.katalon.core.webui.keyword.builtin.SetTextKeyword.setText(SetTextKeyword.groovy:66)
	at com.kms.katalon.core.webui.keyword.builtin.SetTextKeyword.execute(SetTextKeyword.groovy:37)
	at com.kms.katalon.core.keyword.internal.KeywordExecutor.executeKeywordForPlatform(KeywordExecutor.groovy:72)
	at com.kms.katalon.core.webui.keyword.WebUiBuiltInKeywords.setText(WebUiBuiltInKeywords.groovy:950)
	at com.kms.katalon.core.webui.keyword.WebUiBuiltInKeywords$setText$1.call(Unknown Source)
	at Login.run(Login:74)
	at com.kms.katalon.core.main.ScriptEngine.run(ScriptEngine.java:194)
	at com.kms.katalon.core.main.ScriptEngine.runScriptAsRawText(ScriptEngine.java:119)
	at com.kms.katalon.core.main.TestCaseExecutor.runScript(TestCaseExecutor.java:337)
	at com.kms.katalon.core.main.TestCaseExecutor.doExecute(TestCaseExecutor.java:328)
	at com.kms.katalon.core.main.TestCaseExecutor.processExecutionPhase(TestCaseExecutor.java:307)
	at com.kms.katalon.core.main.TestCaseExecutor.accessMainPhase(TestCaseExecutor.java:299)
	at com.kms.katalon.core.main.TestCaseExecutor.execute(TestCaseExecutor.java:233)
	at com.kms.katalon.core.main.TestCaseMain.runTestCase(TestCaseMain.java:114)
	at com.kms.katalon.core.keyword.builtin.CallTestCaseKeyword$_callTestCase_closure1.doCall(CallTestCaseKeyword.groovy:59)
	at com.kms.katalon.core.keyword.builtin.CallTestCaseKeyword$_callTestCase_closure1.call(CallTestCaseKeyword.groovy)
	at com.kms.katalon.core.keyword.internal.KeywordMain.runKeyword(KeywordMain.groovy:68)
	at com.kms.katalon.core.keyword.builtin.CallTestCaseKeyword.callTestCase(CallTestCaseKeyword.groovy:81)
	at com.kms.katalon.core.keyword.builtin.CallTestCaseKeyword.execute(CallTestCaseKeyword.groovy:44)
	at com.kms.katalon.core.keyword.internal.KeywordExecutor.executeKeywordForPlatform(KeywordExecutor.groovy:72)
	at com.kms.katalon.core.keyword.BuiltinKeywords.callTestCase(BuiltinKeywords.groovy:334)
	at TC_Agregar_Inventario.run(TC_Agregar_Inventario:30)
	at com.kms.katalon.core.main.ScriptEngine.run(ScriptEngine.java:194)
	at com.kms.katalon.core.main.ScriptEngine.runScriptAsRawText(ScriptEngine.java:119)
	at com.kms.katalon.core.main.TestCaseExecutor.runScript(TestCaseExecutor.java:337)
	at com.kms.katalon.core.main.TestCaseExecutor.doExecute(TestCaseExecutor.java:328)
	at com.kms.katalon.core.main.TestCaseExecutor.processExecutionPhase(TestCaseExecutor.java:307)
	at com.kms.katalon.core.main.TestCaseExecutor.accessMainPhase(TestCaseExecutor.java:299)
	at com.kms.katalon.core.main.TestCaseExecutor.execute(TestCaseExecutor.java:233)
	at com.kms.katalon.core.main.TestSuiteExecutor.accessTestCaseMainPhase(TestSuiteExecutor.java:169)
	at com.kms.katalon.core.main.TestSuiteExecutor.accessTestSuiteMainPhase(TestSuiteExecutor.java:142)
	at com.kms.katalon.core.main.TestSuiteExecutor.execute(TestSuiteExecutor.java:91)
	at com.kms.katalon.core.main.TestCaseMain.startTestSuite(TestCaseMain.java:157)
	at com.kms.katalon.core.main.TestCaseMain$startTestSuite$0.call(Unknown Source)
	at TempTestSuite1583781798195.run(TempTestSuite1583781798195.groovy:36)
Caused by: com.kms.katalon.core.webui.exception.WebElementNotFoundException: Web element with id: 'Object Repository/Page_Iniciar Sesion - KAIZEN/is_input_email' located by 'By.xpath: //input[@id='EMAIL']' not found
	at com.kms.katalon.core.webui.common.WebUiCommonHelper.findWebElement(WebUiCommonHelper.java:1154)
	at com.kms.katalon.core.webui.keyword.internal.WebUIAbstractKeyword.findWebElement(WebUIAbstractKeyword.groovy:27)
	at com.kms.katalon.core.webui.keyword.internal.WebUIAbstractKeyword.findWebElement(WebUIAbstractKeyword.groovy:26)
	at com.kms.katalon.core.webui.keyword.builtin.SetTextKeyword$_setText_closure1.doCall(SetTextKeyword.groovy:51)
	at com.kms.katalon.core.webui.keyword.builtin.SetTextKeyword$_setText_closure1.call(SetTextKeyword.groovy)
	at com.kms.katalon.core.webui.keyword.internal.WebUIKeywordMain.runKeyword(WebUIKeywordMain.groovy:20)
	at com.kms.katalon.core.webui.keyword.builtin.SetTextKeyword.setText(SetTextKeyword.groovy:66)
	at com.kms.katalon.core.webui.keyword.builtin.SetTextKeyword.execute(SetTextKeyword.groovy:37)
	at com.kms.katalon.core.keyword.internal.KeywordExecutor.executeKeywordForPlatform(KeywordExecutor.groovy:72)
	at com.kms.katalon.core.webui.keyword.WebUiBuiltInKeywords.setText(WebUiBuiltInKeywords.groovy:950)
	at com.kms.katalon.core.webui.keyword.WebUiBuiltInKeywords$setText$1.call(Unknown Source)
	at Script1582302053606.run(Script1582302053606.groovy:74)
	at com.kms.katalon.core.main.ScriptEngine.run(ScriptEngine.java:194)
	at com.kms.katalon.core.main.ScriptEngine.runScriptAsRawText(ScriptEngine.java:119)
	at com.kms.katalon.core.main.TestCaseExecutor.runScript(TestCaseExecutor.java:337)
	at com.kms.katalon.core.main.TestCaseExecutor.doExecute(TestCaseExecutor.java:328)
	at com.kms.katalon.core.main.TestCaseExecutor.processExecutionPhase(TestCaseExecutor.java:307)
	at com.kms.katalon.core.main.TestCaseExecutor.accessMainPhase(TestCaseExecutor.java:299)
	at com.kms.katalon.core.main.TestCaseExecutor.execute(TestCaseExecutor.java:233)
	at com.kms.katalon.core.main.TestCaseMain.runTestCase(TestCaseMain.java:114)
	at com.kms.katalon.core.keyword.builtin.CallTestCaseKeyword$_callTestCase_closure1.doCall(CallTestCaseKeyword.groovy:59)
	at com.kms.katalon.core.keyword.builtin.CallTestCaseKeyword$_callTestCase_closure1.call(CallTestCaseKeyword.groovy)
	at com.kms.katalon.core.keyword.internal.KeywordMain.runKeyword(KeywordMain.groovy:68)
	at com.kms.katalon.core.keyword.builtin.CallTestCaseKeyword.callTestCase(CallTestCaseKeyword.groovy:81)
	at com.kms.katalon.core.keyword.builtin.CallTestCaseKeyword.execute(CallTestCaseKeyword.groovy:44)
	at com.kms.katalon.core.keyword.internal.KeywordExecutor.executeKeywordForPlatform(KeywordExecutor.groovy:72)
	at com.kms.katalon.core.keyword.BuiltinKeywords.callTestCase(BuiltinKeywords.groovy:334)
	at Script1581961214654.run(Script1581961214654.groovy:30)
	... 13 more
)
[[ATTACHMENT|C:\\Users\\kaizen\\git\\AutomatizacionKatalon\\Reports\\20200309_152313\\Funcionalidades_Pedidos\\Flujo Completo 40 pies\\20200309_152313\\1583782297264.png]]

2020-03-09 15:31:38 - [MESSAGE][FAILED] - Unable to call Test Case 'Test Cases/Individual_Tests/Login' (Root cause: com.kms.katalon.core.exception.StepFailedException: Call Test Case 'Test Cases/Individual_Tests/Login' failed
	at com.kms.katalon.core.keyword.builtin.CallTestCaseKeyword$_callTestCase_closure1.doCall(CallTestCaseKeyword.groovy:63)
	at com.kms.katalon.core.keyword.builtin.CallTestCaseKeyword$_callTestCase_closure1.call(CallTestCaseKeyword.groovy)
	at com.kms.katalon.core.keyword.internal.KeywordMain.runKeyword(KeywordMain.groovy:68)
	at com.kms.katalon.core.keyword.builtin.CallTestCaseKeyword.callTestCase(CallTestCaseKeyword.groovy:81)
	at com.kms.katalon.core.keyword.builtin.CallTestCaseKeyword.execute(CallTestCaseKeyword.groovy:44)
	at com.kms.katalon.core.keyword.internal.KeywordExecutor.executeKeywordForPlatform(KeywordExecutor.groovy:72)
	at com.kms.katalon.core.keyword.BuiltinKeywords.callTestCase(BuiltinKeywords.groovy:334)
	at TC_Agregar_Inventario.run(TC_Agregar_Inventario:30)
	at com.kms.katalon.core.main.ScriptEngine.run(ScriptEngine.java:194)
	at com.kms.katalon.core.main.ScriptEngine.runScriptAsRawText(ScriptEngine.java:119)
	at com.kms.katalon.core.main.TestCaseExecutor.runScript(TestCaseExecutor.java:337)
	at com.kms.katalon.core.main.TestCaseExecutor.doExecute(TestCaseExecutor.java:328)
	at com.kms.katalon.core.main.TestCaseExecutor.processExecutionPhase(TestCaseExecutor.java:307)
	at com.kms.katalon.core.main.TestCaseExecutor.accessMainPhase(TestCaseExecutor.java:299)
	at com.kms.katalon.core.main.TestCaseExecutor.execute(TestCaseExecutor.java:233)
	at com.kms.katalon.core.main.TestSuiteExecutor.accessTestCaseMainPhase(TestSuiteExecutor.java:169)
	at com.kms.katalon.core.main.TestSuiteExecutor.accessTestSuiteMainPhase(TestSuiteExecutor.java:142)
	at com.kms.katalon.core.main.TestSuiteExecutor.execute(TestSuiteExecutor.java:91)
	at com.kms.katalon.core.main.TestCaseMain.startTestSuite(TestCaseMain.java:157)
	at com.kms.katalon.core.main.TestCaseMain$startTestSuite$0.call(Unknown Source)
	at TempTestSuite1583781798195.run(TempTestSuite1583781798195.groovy:36)
Caused by: com.kms.katalon.core.exception.StepFailedException: Unable to set text 'automated.test@grupokaizen.net' of object 'Object Repository/Page_Iniciar Sesion - KAIZEN/is_input_email'
	at com.kms.katalon.core.webui.keyword.internal.WebUIKeywordMain.stepFailed(WebUIKeywordMain.groovy:64)
	at com.kms.katalon.core.webui.keyword.internal.WebUIKeywordMain.runKeyword(WebUIKeywordMain.groovy:26)
	at com.kms.katalon.core.webui.keyword.builtin.SetTextKeyword.setText(SetTextKeyword.groovy:66)
	at com.kms.katalon.core.webui.keyword.builtin.SetTextKeyword.execute(SetTextKeyword.groovy:37)
	at com.kms.katalon.core.keyword.internal.KeywordExecutor.executeKeywordForPlatform(KeywordExecutor.groovy:72)
	at com.kms.katalon.core.webui.keyword.WebUiBuiltInKeywords.setText(WebUiBuiltInKeywords.groovy:950)
	at com.kms.katalon.core.webui.keyword.WebUiBuiltInKeywords$setText$1.call(Unknown Source)
	at Login.run(Login:74)
	at com.kms.katalon.core.main.ScriptEngine.run(ScriptEngine.java:194)
	at com.kms.katalon.core.main.ScriptEngine.runScriptAsRawText(ScriptEngine.java:119)
	at com.kms.katalon.core.main.TestCaseExecutor.runScript(TestCaseExecutor.java:337)
	at com.kms.katalon.core.main.TestCaseExecutor.doExecute(TestCaseExecutor.java:328)
	at com.kms.katalon.core.main.TestCaseExecutor.processExecutionPhase(TestCaseExecutor.java:307)
	at com.kms.katalon.core.main.TestCaseExecutor.accessMainPhase(TestCaseExecutor.java:299)
	at com.kms.katalon.core.main.TestCaseExecutor.execute(TestCaseExecutor.java:233)
	at com.kms.katalon.core.main.TestCaseMain.runTestCase(TestCaseMain.java:114)
	at com.kms.katalon.core.keyword.builtin.CallTestCaseKeyword$_callTestCase_closure1.doCall(CallTestCaseKeyword.groovy:59)
	... 20 more
Caused by: com.kms.katalon.core.webui.exception.WebElementNotFoundException: Web element with id: 'Object Repository/Page_Iniciar Sesion - KAIZEN/is_input_email' located by 'By.xpath: //input[@id='EMAIL']' not found
	at com.kms.katalon.core.webui.common.WebUiCommonHelper.findWebElement(WebUiCommonHelper.java:1154)
	at com.kms.katalon.core.webui.keyword.internal.WebUIAbstractKeyword.findWebElement(WebUIAbstractKeyword.groovy:27)
	at com.kms.katalon.core.webui.keyword.internal.WebUIAbstractKeyword.findWebElement(WebUIAbstractKeyword.groovy:26)
	at com.kms.katalon.core.webui.keyword.builtin.SetTextKeyword$_setText_closure1.doCall(SetTextKeyword.groovy:51)
	at com.kms.katalon.core.webui.keyword.builtin.SetTextKeyword$_setText_closure1.call(SetTextKeyword.groovy)
	at com.kms.katalon.core.webui.keyword.internal.WebUIKeywordMain.runKeyword(WebUIKeywordMain.groovy:20)
	... 35 more
)]]></system-out>
         <system-err><![CDATA[2020-03-09 15:29:50 - [TEST_CASE][FAILED] - Test Cases/Secuencias de Ejecucion/TC_Agregar_Inventario: Test Cases/Secuencias de Ejecucion/TC_Agregar_Inventario FAILED.
Reason:
com.kms.katalon.core.exception.StepFailedException: Call Test Case 'Test Cases/Individual_Tests/Login' failed
	at com.kms.katalon.core.keyword.builtin.CallTestCaseKeyword$_callTestCase_closure1.doCall(CallTestCaseKeyword.groovy:63)
	at com.kms.katalon.core.keyword.builtin.CallTestCaseKeyword$_callTestCase_closure1.call(CallTestCaseKeyword.groovy)
	at com.kms.katalon.core.keyword.internal.KeywordMain.runKeyword(KeywordMain.groovy:68)
	at com.kms.katalon.core.keyword.builtin.CallTestCaseKeyword.callTestCase(CallTestCaseKeyword.groovy:81)
	at com.kms.katalon.core.keyword.builtin.CallTestCaseKeyword.execute(CallTestCaseKeyword.groovy:44)
	at com.kms.katalon.core.keyword.internal.KeywordExecutor.executeKeywordForPlatform(KeywordExecutor.groovy:72)
	at com.kms.katalon.core.keyword.BuiltinKeywords.callTestCase(BuiltinKeywords.groovy:334)
	at TC_Agregar_Inventario.run(TC_Agregar_Inventario:30)
	at com.kms.katalon.core.main.ScriptEngine.run(ScriptEngine.java:194)
	at com.kms.katalon.core.main.ScriptEngine.runScriptAsRawText(ScriptEngine.java:119)
	at com.kms.katalon.core.main.TestCaseExecutor.runScript(TestCaseExecutor.java:337)
	at com.kms.katalon.core.main.TestCaseExecutor.doExecute(TestCaseExecutor.java:328)
	at com.kms.katalon.core.main.TestCaseExecutor.processExecutionPhase(TestCaseExecutor.java:307)
	at com.kms.katalon.core.main.TestCaseExecutor.accessMainPhase(TestCaseExecutor.java:299)
	at com.kms.katalon.core.main.TestCaseExecutor.execute(TestCaseExecutor.java:233)
	at com.kms.katalon.core.main.TestSuiteExecutor.accessTestCaseMainPhase(TestSuiteExecutor.java:169)
	at com.kms.katalon.core.main.TestSuiteExecutor.accessTestSuiteMainPhase(TestSuiteExecutor.java:142)
	at com.kms.katalon.core.main.TestSuiteExecutor.execute(TestSuiteExecutor.java:91)
	at com.kms.katalon.core.main.TestCaseMain.startTestSuite(TestCaseMain.java:157)
	at com.kms.katalon.core.main.TestCaseMain$startTestSuite$0.call(Unknown Source)
	at TempTestSuite1583781798195.run(TempTestSuite1583781798195.groovy:36)
Caused by: com.kms.katalon.core.exception.StepFailedException: Unable to set text 'automated.test@grupokaizen.net' of object 'Object Repository/Page_Iniciar Sesion - KAIZEN/is_input_email'
	at com.kms.katalon.core.webui.keyword.internal.WebUIKeywordMain.stepFailed(WebUIKeywordMain.groovy:64)
	at com.kms.katalon.core.webui.keyword.internal.WebUIKeywordMain.runKeyword(WebUIKeywordMain.groovy:26)
	at com.kms.katalon.core.webui.keyword.builtin.SetTextKeyword.setText(SetTextKeyword.groovy:66)
	at com.kms.katalon.core.webui.keyword.builtin.SetTextKeyword.execute(SetTextKeyword.groovy:37)
	at com.kms.katalon.core.keyword.internal.KeywordExecutor.executeKeywordForPlatform(KeywordExecutor.groovy:72)
	at com.kms.katalon.core.webui.keyword.WebUiBuiltInKeywords.setText(WebUiBuiltInKeywords.groovy:950)
	at com.kms.katalon.core.webui.keyword.WebUiBuiltInKeywords$setText$1.call(Unknown Source)
	at Login.run(Login:74)
	at com.kms.katalon.core.main.ScriptEngine.run(ScriptEngine.java:194)
	at com.kms.katalon.core.main.ScriptEngine.runScriptAsRawText(ScriptEngine.java:119)
	at com.kms.katalon.core.main.TestCaseExecutor.runScript(TestCaseExecutor.java:337)
	at com.kms.katalon.core.main.TestCaseExecutor.doExecute(TestCaseExecutor.java:328)
	at com.kms.katalon.core.main.TestCaseExecutor.processExecutionPhase(TestCaseExecutor.java:307)
	at com.kms.katalon.core.main.TestCaseExecutor.accessMainPhase(TestCaseExecutor.java:299)
	at com.kms.katalon.core.main.TestCaseExecutor.execute(TestCaseExecutor.java:233)
	at com.kms.katalon.core.main.TestCaseMain.runTestCase(TestCaseMain.java:114)
	at com.kms.katalon.core.keyword.builtin.CallTestCaseKeyword$_callTestCase_closure1.doCall(CallTestCaseKeyword.groovy:59)
	... 20 more
Caused by: com.kms.katalon.core.webui.exception.WebElementNotFoundException: Web element with id: 'Object Repository/Page_Iniciar Sesion - KAIZEN/is_input_email' located by 'By.xpath: //input[@id='EMAIL']' not found
	at com.kms.katalon.core.webui.common.WebUiCommonHelper.findWebElement(WebUiCommonHelper.java:1154)
	at com.kms.katalon.core.webui.keyword.internal.WebUIAbstractKeyword.findWebElement(WebUIAbstractKeyword.groovy:27)
	at com.kms.katalon.core.webui.keyword.internal.WebUIAbstractKeyword.findWebElement(WebUIAbstractKeyword.groovy:26)
	at com.kms.katalon.core.webui.keyword.builtin.SetTextKeyword$_setText_closure1.doCall(SetTextKeyword.groovy:51)
	at com.kms.katalon.core.webui.keyword.builtin.SetTextKeyword$_setText_closure1.call(SetTextKeyword.groovy)
	at com.kms.katalon.core.webui.keyword.internal.WebUIKeywordMain.runKeyword(WebUIKeywordMain.groovy:20)
	... 35 more]]></system-err>
      </testcase>
      <testcase name="Test Cases/Generar_Excels_Secuencias/TC_Generar_Excel_Despachar" time="5.87" classname="Test Cases/Generar_Excels_Secuencias/TC_Generar_Excel_Despachar" status="PASSED">
         <system-out><![CDATA[2020-03-09 15:31:38 - [TEST_CASE][PASSED] - Test Cases/Generar_Excels_Secuencias/TC_Generar_Excel_Despachar: Test Cases/Generar_Excels_Secuencias/TC_Generar_Excel_Despachar

2020-03-09 15:31:38 - [TEST_STEP][PASSED] - python.ejecutarAleatoriosPython.runPython("Despacho"): python.ejecutarAleatoriosPython.runPython is PASSED

2020-03-09 15:31:43 - [MESSAGE][PASSED] - python.ejecutarAleatoriosPython.runPython is PASSED]]></system-out>
         <system-err><![CDATA[]]></system-err>
      </testcase>
      <testcase name="Test Cases/Secuencias de Ejecucion/TC_Agregar_Despacho" time="54.384" classname="Test Cases/Secuencias de Ejecucion/TC_Agregar_Despacho" status="PASSED">
         <system-out><![CDATA[2020-03-09 15:31:44 - [TEST_CASE][PASSED] - Test Cases/Secuencias de Ejecucion/TC_Agregar_Despacho: Test Cases/Secuencias de Ejecucion/TC_Agregar_Despacho

2020-03-09 15:31:44 - [TEST_STEP][PASSED] - archivo = $RunConfiguration.getProjectDir()/Pedidos/DataExcel/Despacho_20pies.xlsx: null

2020-03-09 15:31:44 - [TEST_STEP][PASSED] - excelData = getExcelDataWithDefaultSheet(archivo, "Sheet1", true): null

2020-03-09 15:31:44 - [TEST_STEP][PASSED] - for ([Index = 1, Index <= excelData.getRowNumbers(), (Index++)]): Call Test Case 'Test Cases/Individual_Tests/Despacho' successfully

2020-03-09 15:31:44 - [TEST_STEP][PASSED] - callTestCase(findTestCase("Individual_Tests/Login"), ["Evento":"Despacho", "Index":Index, "Usuario":Usuario, "Contrasena":Contrasena], STOP_ON_FAILURE): Call Test Case 'Test Cases/Individual_Tests/Login' successfully

2020-03-09 15:31:44 - [TEST_CASE][PASSED] - Test Cases/Individual_Tests/Login: Test Cases/Individual_Tests/Login

2020-03-09 15:31:44 - [TEST_STEP][PASSED] - print("Evento Seleccionado: " + Evento + "
"): null

2020-03-09 15:31:44 - [TEST_STEP][PASSED] - openBrowser(Web): Browser is opened with url: 'http://test.kaizendev.net/Login/Accesar?salir=true'

2020-03-09 15:31:44 - [MESSAGE][WARNING] - A browser is already opened. Closing browser and opening a new one

2020-03-09 15:31:45 - [MESSAGE][INFO] - Starting 'Chrome' driver

2020-03-09 15:31:53 - [MESSAGE][PASSED] - Browser is opened with url: 'http://test.kaizendev.net/Login/Accesar?salir=true'

2020-03-09 15:31:53 - [TEST_STEP][PASSED] - maximizeWindow(): Current window maximized

2020-03-09 15:31:55 - [MESSAGE][PASSED] - Current window maximized

2020-03-09 15:31:55 - [TEST_STEP][PASSED] - if (Evento == "Crear20"): null

2020-03-09 15:31:55 - [TEST_STEP][PASSED] - else if (Evento == "Crear40"): null

2020-03-09 15:31:55 - [TEST_STEP][PASSED] - else if (Evento == "Aprobar"): null

2020-03-09 15:31:55 - [TEST_STEP][PASSED] - else if (Evento == "Logistica"): null

2020-03-09 15:31:55 - [TEST_STEP][PASSED] - else if (Evento == "Produccion"): null

2020-03-09 15:31:55 - [TEST_STEP][PASSED] - else if (Evento == "Inventario"): null

2020-03-09 15:31:55 - [TEST_STEP][PASSED] - else if (Evento == "Despacho"): Object: 'Object Repository/Page_Iniciar Sesion - KAIZEN/is_btn_ingresar_sistema' is clicked on

2020-03-09 15:31:55 - [TEST_STEP][PASSED] - data6 = obtener_excels.obtener_despacho.getValuesExcelDespach(Index): obtener_excels.obtener_despacho.getValuesExcelDespach is PASSED

2020-03-09 15:31:55 - [MESSAGE][PASSED] - obtener_excels.obtener_despacho.getValuesExcelDespach is PASSED

2020-03-09 15:31:55 - [TEST_STEP][PASSED] - Usuario = data6[1]: null

2020-03-09 15:31:55 - [TEST_STEP][PASSED] - Contrasena = data6[2]: null

2020-03-09 15:31:55 - [TEST_STEP][PASSED] - setText(findTestObject("Page_Iniciar Sesion - KAIZEN/is_input_email"), Usuario): Text 'automated.test@grupokaizen.net' is set on object 'Object Repository/Page_Iniciar Sesion - KAIZEN/is_input_email'

2020-03-09 15:31:55 - [MESSAGE][PASSED] - Text 'automated.test@grupokaizen.net' is set on object 'Object Repository/Page_Iniciar Sesion - KAIZEN/is_input_email'

2020-03-09 15:31:55 - [TEST_STEP][PASSED] - setEncryptedText(findTestObject("Page_Iniciar Sesion - KAIZEN/IS_input_contrasena"), Contrasena): Text ****** has been set on object 'Object Repository/Page_Iniciar Sesion - KAIZEN/IS_input_contrasena'

2020-03-09 15:31:56 - [MESSAGE][PASSED] - Text ****** has been set on object 'Object Repository/Page_Iniciar Sesion - KAIZEN/IS_input_contrasena'

2020-03-09 15:31:56 - [TEST_STEP][PASSED] - click(findTestObject("Page_Iniciar Sesion - KAIZEN/is_btn_ingresar_sistema")): Object: 'Object Repository/Page_Iniciar Sesion - KAIZEN/is_btn_ingresar_sistema' is clicked on

2020-03-09 15:31:58 - [MESSAGE][PASSED] - Object: 'Object Repository/Page_Iniciar Sesion - KAIZEN/is_btn_ingresar_sistema' is clicked on

2020-03-09 15:31:58 - [MESSAGE][PASSED] - Call Test Case 'Test Cases/Individual_Tests/Login' successfully

2020-03-09 15:31:58 - [TEST_STEP][PASSED] - callTestCase(findTestCase("Individual_Tests/Seleccionar_Idioma"), ["Evento":"Despacho", "Index":Index], STOP_ON_FAILURE): Call Test Case 'Test Cases/Individual_Tests/Seleccionar_Idioma' successfully

2020-03-09 15:31:58 - [TEST_CASE][PASSED] - Test Cases/Individual_Tests/Seleccionar_Idioma: Test Cases/Individual_Tests/Seleccionar_Idioma

2020-03-09 15:31:58 - [TEST_STEP][PASSED] - Idioma = 0: null

2020-03-09 15:31:58 - [TEST_STEP][PASSED] - if (Evento == "Crear20"): null

2020-03-09 15:31:58 - [TEST_STEP][PASSED] - else if (Evento == "Crear40"): null

2020-03-09 15:31:58 - [TEST_STEP][PASSED] - else if (Evento == "Aprobar"): null

2020-03-09 15:31:58 - [TEST_STEP][PASSED] - else if (Evento == "Logistica"): null

2020-03-09 15:31:58 - [TEST_STEP][PASSED] - else if (Evento == "Produccion"): null

2020-03-09 15:31:58 - [TEST_STEP][PASSED] - else if (Evento == "Inventario"): null

2020-03-09 15:31:58 - [TEST_STEP][PASSED] - else if (Evento == "Despacho"): null

2020-03-09 15:31:58 - [TEST_STEP][PASSED] - data6 = obtener_excels.obtener_despacho.getValuesExcelDespach(Index): obtener_excels.obtener_despacho.getValuesExcelDespach is PASSED

2020-03-09 15:31:58 - [MESSAGE][PASSED] - obtener_excels.obtener_despacho.getValuesExcelDespach is PASSED

2020-03-09 15:31:58 - [TEST_STEP][PASSED] - Idioma = data6[0]: null

2020-03-09 15:31:58 - [TEST_STEP][PASSED] - click(findTestObject("Page_- KAIZEN/si_btn_idioma")): Object: 'Object Repository/Page_- KAIZEN/si_btn_idioma' is clicked on

2020-03-09 15:31:59 - [MESSAGE][PASSED] - Object: 'Object Repository/Page_- KAIZEN/si_btn_idioma' is clicked on

2020-03-09 15:31:59 - [TEST_STEP][PASSED] - if (Idioma == "0"): null

2020-03-09 15:31:59 - [TEST_STEP][PASSED] - else: Object: 'Object Repository/Page_- KAIZEN/si_Spanish' is clicked on

2020-03-09 15:31:59 - [TEST_STEP][PASSED] - click(findTestObject("Page_- KAIZEN/si_Spanish")): Object: 'Object Repository/Page_- KAIZEN/si_Spanish' is clicked on

2020-03-09 15:32:00 - [MESSAGE][PASSED] - Object: 'Object Repository/Page_- KAIZEN/si_Spanish' is clicked on

2020-03-09 15:32:00 - [MESSAGE][PASSED] - Call Test Case 'Test Cases/Individual_Tests/Seleccionar_Idioma' successfully

2020-03-09 15:32:00 - [TEST_STEP][PASSED] - callTestCase(findTestCase("Individual_Tests/Despacho"), ["Index":Index], STOP_ON_FAILURE): Call Test Case 'Test Cases/Individual_Tests/Despacho' successfully

2020-03-09 15:32:00 - [TEST_CASE][PASSED] - Test Cases/Individual_Tests/Despacho: Test Cases/Individual_Tests/Despacho

2020-03-09 15:32:00 - [TEST_STEP][PASSED] - data = obtener_excels.obtener_despacho.getValuesExcelDespach(Index): obtener_excels.obtener_despacho.getValuesExcelDespach is PASSED

2020-03-09 15:32:00 - [MESSAGE][PASSED] - obtener_excels.obtener_despacho.getValuesExcelDespach is PASSED

2020-03-09 15:32:00 - [TEST_STEP][PASSED] - IdPedido = data[3]: null

2020-03-09 15:32:00 - [TEST_STEP][PASSED] - Id_Cliente = data[4]: null

2020-03-09 15:32:00 - [TEST_STEP][PASSED] - CantProd = data[5]: null

2020-03-09 15:32:00 - [TEST_STEP][PASSED] - IDPedido = IdPedido: null

2020-03-09 15:32:00 - [TEST_STEP][PASSED] - IDCliente = Id_Cliente: null

2020-03-09 15:32:00 - [TEST_STEP][PASSED] - CantProductos = CantProd: null

2020-03-09 15:32:00 - [TEST_STEP][PASSED] - click(findTestObject("Object Repository/Page_- KAIZEN/dp_menu_Operaciones")): Object: 'Object Repository/Page_- KAIZEN/dp_menu_Operaciones' is clicked on

2020-03-09 15:32:01 - [MESSAGE][PASSED] - Object: 'Object Repository/Page_- KAIZEN/dp_menu_Operaciones' is clicked on

2020-03-09 15:32:01 - [TEST_STEP][PASSED] - click(findTestObject("Object Repository/Page_- KAIZEN/dp_menu_Lista de Empaque")): Object: 'Object Repository/Page_- KAIZEN/dp_menu_Lista de Empaque' is clicked on

2020-03-09 15:32:02 - [MESSAGE][PASSED] - Object: 'Object Repository/Page_- KAIZEN/dp_menu_Lista de Empaque' is clicked on

2020-03-09 15:32:02 - [TEST_STEP][PASSED] - executeJavaScript("document.querySelector('.btn-success[href="/DespachoPedido/Edit/" + IDPedido + ""]').click()", null): Execute JavaScript 'document.querySelector('.btn-success[href="/DespachoPedido/Edit/257"]').click()' successfully

2020-03-09 15:32:03 - [MESSAGE][PASSED] - Execute JavaScript 'document.querySelector('.btn-success[href="/DespachoPedido/Edit/257"]').click()' successfully

2020-03-09 15:32:03 - [TEST_STEP][PASSED] - for ([i = 1, i <= CantProductosDespachar, (i++)]): Object: 'Object Repository/Page_Lista de Empaque - KAIZEN/dp_click_mas_1' is clicked on

2020-03-09 15:32:03 - [TEST_STEP][PASSED] - if (CantProductos == "1"): Object: 'Object Repository/Page_Lista de Empaque - KAIZEN/dp_click_mas_1' is clicked on

2020-03-09 15:32:03 - [TEST_STEP][PASSED] - click(findTestObject("Object Repository/Page_Lista de Empaque - KAIZEN/dp_click_mas_1")): Object: 'Object Repository/Page_Lista de Empaque - KAIZEN/dp_click_mas_1' is clicked on

2020-03-09 15:32:04 - [MESSAGE][PASSED] - Object: 'Object Repository/Page_Lista de Empaque - KAIZEN/dp_click_mas_1' is clicked on

2020-03-09 15:32:04 - [TEST_STEP][PASSED] - if (CantProductos == "1"): Object: 'Object Repository/Page_Lista de Empaque - KAIZEN/dp_click_mas_1' is clicked on

2020-03-09 15:32:04 - [TEST_STEP][PASSED] - click(findTestObject("Object Repository/Page_Lista de Empaque - KAIZEN/dp_click_mas_1")): Object: 'Object Repository/Page_Lista de Empaque - KAIZEN/dp_click_mas_1' is clicked on

2020-03-09 15:32:07 - [MESSAGE][PASSED] - Object: 'Object Repository/Page_Lista de Empaque - KAIZEN/dp_click_mas_1' is clicked on

2020-03-09 15:32:07 - [TEST_STEP][PASSED] - executeJavaScript("document.querySelector(".btn-warning[onclick='GuardarModal()']").click()", null): Execute JavaScript 'document.querySelector(".btn-warning[onclick='GuardarModal()']").click()' successfully

2020-03-09 15:32:07 - [MESSAGE][PASSED] - Execute JavaScript 'document.querySelector(".btn-warning[onclick='GuardarModal()']").click()' successfully

2020-03-09 15:32:07 - [TEST_STEP][PASSED] - click(findTestObject("Object Repository/Page_Lista de Empaque - KAIZEN/dp_Aceptar")): Object: 'Object Repository/Page_Lista de Empaque - KAIZEN/dp_Aceptar' is clicked on

2020-03-09 15:32:09 - [MESSAGE][PASSED] - Object: 'Object Repository/Page_Lista de Empaque - KAIZEN/dp_Aceptar' is clicked on

2020-03-09 15:32:09 - [MESSAGE][PASSED] - Call Test Case 'Test Cases/Individual_Tests/Despacho' successfully

2020-03-09 15:32:09 - [TEST_STEP][PASSED] - callTestCase(findTestCase("Individual_Tests/Login"), ["Evento":"Despacho", "Index":Index, "Usuario":Usuario, "Contrasena":Contrasena], STOP_ON_FAILURE): Call Test Case 'Test Cases/Individual_Tests/Login' successfully

2020-03-09 15:32:09 - [TEST_CASE][PASSED] - Test Cases/Individual_Tests/Login: Test Cases/Individual_Tests/Login

2020-03-09 15:32:09 - [TEST_STEP][PASSED] - print("Evento Seleccionado: " + Evento + "
"): null

2020-03-09 15:32:09 - [TEST_STEP][PASSED] - openBrowser(Web): Browser is opened with url: 'http://test.kaizendev.net/Login/Accesar?salir=true'

2020-03-09 15:32:09 - [MESSAGE][WARNING] - A browser is already opened. Closing browser and opening a new one

2020-03-09 15:32:10 - [MESSAGE][INFO] - Starting 'Chrome' driver

2020-03-09 15:32:23 - [MESSAGE][PASSED] - Browser is opened with url: 'http://test.kaizendev.net/Login/Accesar?salir=true'

2020-03-09 15:32:23 - [TEST_STEP][PASSED] - maximizeWindow(): Current window maximized

2020-03-09 15:32:24 - [MESSAGE][PASSED] - Current window maximized

2020-03-09 15:32:24 - [TEST_STEP][PASSED] - if (Evento == "Crear20"): null

2020-03-09 15:32:24 - [TEST_STEP][PASSED] - else if (Evento == "Crear40"): null

2020-03-09 15:32:24 - [TEST_STEP][PASSED] - else if (Evento == "Aprobar"): null

2020-03-09 15:32:24 - [TEST_STEP][PASSED] - else if (Evento == "Logistica"): null

2020-03-09 15:32:24 - [TEST_STEP][PASSED] - else if (Evento == "Produccion"): null

2020-03-09 15:32:24 - [TEST_STEP][PASSED] - else if (Evento == "Inventario"): null

2020-03-09 15:32:24 - [TEST_STEP][PASSED] - else if (Evento == "Despacho"): Object: 'Object Repository/Page_Iniciar Sesion - KAIZEN/is_btn_ingresar_sistema' is clicked on

2020-03-09 15:32:24 - [TEST_STEP][PASSED] - data6 = obtener_excels.obtener_despacho.getValuesExcelDespach(Index): obtener_excels.obtener_despacho.getValuesExcelDespach is PASSED

2020-03-09 15:32:24 - [MESSAGE][PASSED] - obtener_excels.obtener_despacho.getValuesExcelDespach is PASSED

2020-03-09 15:32:24 - [TEST_STEP][PASSED] - Usuario = data6[1]: null

2020-03-09 15:32:24 - [TEST_STEP][PASSED] - Contrasena = data6[2]: null

2020-03-09 15:32:24 - [TEST_STEP][PASSED] - setText(findTestObject("Page_Iniciar Sesion - KAIZEN/is_input_email"), Usuario): Text 'automated.test@grupokaizen.net' is set on object 'Object Repository/Page_Iniciar Sesion - KAIZEN/is_input_email'

2020-03-09 15:32:24 - [MESSAGE][PASSED] - Text 'automated.test@grupokaizen.net' is set on object 'Object Repository/Page_Iniciar Sesion - KAIZEN/is_input_email'

2020-03-09 15:32:24 - [TEST_STEP][PASSED] - setEncryptedText(findTestObject("Page_Iniciar Sesion - KAIZEN/IS_input_contrasena"), Contrasena): Text ****** has been set on object 'Object Repository/Page_Iniciar Sesion - KAIZEN/IS_input_contrasena'

2020-03-09 15:32:25 - [MESSAGE][PASSED] - Text ****** has been set on object 'Object Repository/Page_Iniciar Sesion - KAIZEN/IS_input_contrasena'

2020-03-09 15:32:25 - [TEST_STEP][PASSED] - click(findTestObject("Page_Iniciar Sesion - KAIZEN/is_btn_ingresar_sistema")): Object: 'Object Repository/Page_Iniciar Sesion - KAIZEN/is_btn_ingresar_sistema' is clicked on

2020-03-09 15:32:27 - [MESSAGE][PASSED] - Object: 'Object Repository/Page_Iniciar Sesion - KAIZEN/is_btn_ingresar_sistema' is clicked on

2020-03-09 15:32:27 - [MESSAGE][PASSED] - Call Test Case 'Test Cases/Individual_Tests/Login' successfully

2020-03-09 15:32:27 - [TEST_STEP][PASSED] - callTestCase(findTestCase("Individual_Tests/Seleccionar_Idioma"), ["Evento":"Despacho", "Index":Index], STOP_ON_FAILURE): Call Test Case 'Test Cases/Individual_Tests/Seleccionar_Idioma' successfully

2020-03-09 15:32:27 - [TEST_CASE][PASSED] - Test Cases/Individual_Tests/Seleccionar_Idioma: Test Cases/Individual_Tests/Seleccionar_Idioma

2020-03-09 15:32:27 - [TEST_STEP][PASSED] - Idioma = 0: null

2020-03-09 15:32:27 - [TEST_STEP][PASSED] - if (Evento == "Crear20"): null

2020-03-09 15:32:27 - [TEST_STEP][PASSED] - else if (Evento == "Crear40"): null

2020-03-09 15:32:27 - [TEST_STEP][PASSED] - else if (Evento == "Aprobar"): null

2020-03-09 15:32:27 - [TEST_STEP][PASSED] - else if (Evento == "Logistica"): null

2020-03-09 15:32:27 - [TEST_STEP][PASSED] - else if (Evento == "Produccion"): null

2020-03-09 15:32:27 - [TEST_STEP][PASSED] - else if (Evento == "Inventario"): null

2020-03-09 15:32:27 - [TEST_STEP][PASSED] - else if (Evento == "Despacho"): null

2020-03-09 15:32:27 - [TEST_STEP][PASSED] - data6 = obtener_excels.obtener_despacho.getValuesExcelDespach(Index): obtener_excels.obtener_despacho.getValuesExcelDespach is PASSED

2020-03-09 15:32:27 - [MESSAGE][PASSED] - obtener_excels.obtener_despacho.getValuesExcelDespach is PASSED

2020-03-09 15:32:27 - [TEST_STEP][PASSED] - Idioma = data6[0]: null

2020-03-09 15:32:27 - [TEST_STEP][PASSED] - click(findTestObject("Page_- KAIZEN/si_btn_idioma")): Object: 'Object Repository/Page_- KAIZEN/si_btn_idioma' is clicked on

2020-03-09 15:32:27 - [MESSAGE][PASSED] - Object: 'Object Repository/Page_- KAIZEN/si_btn_idioma' is clicked on

2020-03-09 15:32:27 - [TEST_STEP][PASSED] - if (Idioma == "0"): Object: 'Object Repository/Page_- KAIZEN/si_Ingles' is clicked on

2020-03-09 15:32:27 - [TEST_STEP][PASSED] - click(findTestObject("Page_- KAIZEN/si_Ingles")): Object: 'Object Repository/Page_- KAIZEN/si_Ingles' is clicked on

2020-03-09 15:32:28 - [MESSAGE][PASSED] - Object: 'Object Repository/Page_- KAIZEN/si_Ingles' is clicked on

2020-03-09 15:32:28 - [MESSAGE][PASSED] - Call Test Case 'Test Cases/Individual_Tests/Seleccionar_Idioma' successfully

2020-03-09 15:32:28 - [TEST_STEP][PASSED] - callTestCase(findTestCase("Individual_Tests/Despacho"), ["Index":Index], STOP_ON_FAILURE): Call Test Case 'Test Cases/Individual_Tests/Despacho' successfully

2020-03-09 15:32:29 - [TEST_CASE][PASSED] - Test Cases/Individual_Tests/Despacho: Test Cases/Individual_Tests/Despacho

2020-03-09 15:32:29 - [TEST_STEP][PASSED] - data = obtener_excels.obtener_despacho.getValuesExcelDespach(Index): obtener_excels.obtener_despacho.getValuesExcelDespach is PASSED

2020-03-09 15:32:29 - [MESSAGE][PASSED] - obtener_excels.obtener_despacho.getValuesExcelDespach is PASSED

2020-03-09 15:32:29 - [TEST_STEP][PASSED] - IdPedido = data[3]: null

2020-03-09 15:32:29 - [TEST_STEP][PASSED] - Id_Cliente = data[4]: null

2020-03-09 15:32:29 - [TEST_STEP][PASSED] - CantProd = data[5]: null

2020-03-09 15:32:29 - [TEST_STEP][PASSED] - IDPedido = IdPedido: null

2020-03-09 15:32:29 - [TEST_STEP][PASSED] - IDCliente = Id_Cliente: null

2020-03-09 15:32:29 - [TEST_STEP][PASSED] - CantProductos = CantProd: null

2020-03-09 15:32:29 - [TEST_STEP][PASSED] - click(findTestObject("Object Repository/Page_- KAIZEN/dp_menu_Operaciones")): Object: 'Object Repository/Page_- KAIZEN/dp_menu_Operaciones' is clicked on

2020-03-09 15:32:30 - [MESSAGE][PASSED] - Object: 'Object Repository/Page_- KAIZEN/dp_menu_Operaciones' is clicked on

2020-03-09 15:32:30 - [TEST_STEP][PASSED] - click(findTestObject("Object Repository/Page_- KAIZEN/dp_menu_Lista de Empaque")): Object: 'Object Repository/Page_- KAIZEN/dp_menu_Lista de Empaque' is clicked on

2020-03-09 15:32:31 - [MESSAGE][PASSED] - Object: 'Object Repository/Page_- KAIZEN/dp_menu_Lista de Empaque' is clicked on

2020-03-09 15:32:31 - [TEST_STEP][PASSED] - executeJavaScript("document.querySelector('.btn-success[href="/DespachoPedido/Edit/" + IDPedido + ""]').click()", null): Execute JavaScript 'document.querySelector('.btn-success[href="/DespachoPedido/Edit/260"]').click()' successfully

2020-03-09 15:32:32 - [MESSAGE][PASSED] - Execute JavaScript 'document.querySelector('.btn-success[href="/DespachoPedido/Edit/260"]').click()' successfully

2020-03-09 15:32:32 - [TEST_STEP][PASSED] - for ([i = 1, i <= CantProductosDespachar, (i++)]): Object: 'Object Repository/Page_Lista de Empaque - KAIZEN/dp_click_mas_1' is clicked on

2020-03-09 15:32:32 - [TEST_STEP][PASSED] - if (CantProductos == "1"): Object: 'Object Repository/Page_Lista de Empaque - KAIZEN/dp_click_mas_1' is clicked on

2020-03-09 15:32:32 - [TEST_STEP][PASSED] - click(findTestObject("Object Repository/Page_Lista de Empaque - KAIZEN/dp_click_mas_1")): Object: 'Object Repository/Page_Lista de Empaque - KAIZEN/dp_click_mas_1' is clicked on

2020-03-09 15:32:33 - [MESSAGE][PASSED] - Object: 'Object Repository/Page_Lista de Empaque - KAIZEN/dp_click_mas_1' is clicked on

2020-03-09 15:32:33 - [TEST_STEP][PASSED] - if (CantProductos == "1"): Object: 'Object Repository/Page_Lista de Empaque - KAIZEN/dp_click_mas_1' is clicked on

2020-03-09 15:32:33 - [TEST_STEP][PASSED] - click(findTestObject("Object Repository/Page_Lista de Empaque - KAIZEN/dp_click_mas_1")): Object: 'Object Repository/Page_Lista de Empaque - KAIZEN/dp_click_mas_1' is clicked on

2020-03-09 15:32:36 - [MESSAGE][PASSED] - Object: 'Object Repository/Page_Lista de Empaque - KAIZEN/dp_click_mas_1' is clicked on

2020-03-09 15:32:36 - [TEST_STEP][PASSED] - executeJavaScript("document.querySelector(".btn-warning[onclick='GuardarModal()']").click()", null): Execute JavaScript 'document.querySelector(".btn-warning[onclick='GuardarModal()']").click()' successfully

2020-03-09 15:32:36 - [MESSAGE][PASSED] - Execute JavaScript 'document.querySelector(".btn-warning[onclick='GuardarModal()']").click()' successfully

2020-03-09 15:32:36 - [TEST_STEP][PASSED] - click(findTestObject("Object Repository/Page_Lista de Empaque - KAIZEN/dp_Aceptar")): Object: 'Object Repository/Page_Lista de Empaque - KAIZEN/dp_Aceptar' is clicked on

2020-03-09 15:32:38 - [MESSAGE][PASSED] - Object: 'Object Repository/Page_Lista de Empaque - KAIZEN/dp_Aceptar' is clicked on

2020-03-09 15:32:38 - [MESSAGE][PASSED] - Call Test Case 'Test Cases/Individual_Tests/Despacho' successfully]]></system-out>
         <system-err><![CDATA[]]></system-err>
      </testcase>
      <system-out><![CDATA[2020-03-09 15:23:28 - [TEST_SUITE][FAILED] - Flujo Completo 40 pies: Test Cases/Secuencias de Ejecucion/TC_Agregar_Inventario FAILED.
Reason:
com.kms.katalon.core.exception.StepFailedException: Call Test Case 'Test Cases/Individual_Tests/Login' failed
	at com.kms.katalon.core.keyword.builtin.CallTestCaseKeyword$_callTestCase_closure1.doCall(CallTestCaseKeyword.groovy:63)
	at com.kms.katalon.core.keyword.builtin.CallTestCaseKeyword$_callTestCase_closure1.call(CallTestCaseKeyword.groovy)
	at com.kms.katalon.core.keyword.internal.KeywordMain.runKeyword(KeywordMain.groovy:68)
	at com.kms.katalon.core.keyword.builtin.CallTestCaseKeyword.callTestCase(CallTestCaseKeyword.groovy:81)
	at com.kms.katalon.core.keyword.builtin.CallTestCaseKeyword.execute(CallTestCaseKeyword.groovy:44)
	at com.kms.katalon.core.keyword.internal.KeywordExecutor.executeKeywordForPlatform(KeywordExecutor.groovy:72)
	at com.kms.katalon.core.keyword.BuiltinKeywords.callTestCase(BuiltinKeywords.groovy:334)
	at TC_Agregar_Inventario.run(TC_Agregar_Inventario:30)
	at com.kms.katalon.core.main.ScriptEngine.run(ScriptEngine.java:194)
	at com.kms.katalon.core.main.ScriptEngine.runScriptAsRawText(ScriptEngine.java:119)
	at com.kms.katalon.core.main.TestCaseExecutor.runScript(TestCaseExecutor.java:337)
	at com.kms.katalon.core.main.TestCaseExecutor.doExecute(TestCaseExecutor.java:328)
	at com.kms.katalon.core.main.TestCaseExecutor.processExecutionPhase(TestCaseExecutor.java:307)
	at com.kms.katalon.core.main.TestCaseExecutor.accessMainPhase(TestCaseExecutor.java:299)
	at com.kms.katalon.core.main.TestCaseExecutor.execute(TestCaseExecutor.java:233)
	at com.kms.katalon.core.main.TestSuiteExecutor.accessTestCaseMainPhase(TestSuiteExecutor.java:169)
	at com.kms.katalon.core.main.TestSuiteExecutor.accessTestSuiteMainPhase(TestSuiteExecutor.java:142)
	at com.kms.katalon.core.main.TestSuiteExecutor.execute(TestSuiteExecutor.java:91)
	at com.kms.katalon.core.main.TestCaseMain.startTestSuite(TestCaseMain.java:157)
	at com.kms.katalon.core.main.TestCaseMain$startTestSuite$0.call(Unknown Source)
	at TempTestSuite1583781798195.run(TempTestSuite1583781798195.groovy:36)
Caused by: com.kms.katalon.core.exception.StepFailedException: Unable to set text 'automated.test@grupokaizen.net' of object 'Object Repository/Page_Iniciar Sesion - KAIZEN/is_input_email'
	at com.kms.katalon.core.webui.keyword.internal.WebUIKeywordMain.stepFailed(WebUIKeywordMain.groovy:64)
	at com.kms.katalon.core.webui.keyword.internal.WebUIKeywordMain.runKeyword(WebUIKeywordMain.groovy:26)
	at com.kms.katalon.core.webui.keyword.builtin.SetTextKeyword.setText(SetTextKeyword.groovy:66)
	at com.kms.katalon.core.webui.keyword.builtin.SetTextKeyword.execute(SetTextKeyword.groovy:37)
	at com.kms.katalon.core.keyword.internal.KeywordExecutor.executeKeywordForPlatform(KeywordExecutor.groovy:72)
	at com.kms.katalon.core.webui.keyword.WebUiBuiltInKeywords.setText(WebUiBuiltInKeywords.groovy:950)
	at com.kms.katalon.core.webui.keyword.WebUiBuiltInKeywords$setText$1.call(Unknown Source)
	at Login.run(Login:74)
	at com.kms.katalon.core.main.ScriptEngine.run(ScriptEngine.java:194)
	at com.kms.katalon.core.main.ScriptEngine.runScriptAsRawText(ScriptEngine.java:119)
	at com.kms.katalon.core.main.TestCaseExecutor.runScript(TestCaseExecutor.java:337)
	at com.kms.katalon.core.main.TestCaseExecutor.doExecute(TestCaseExecutor.java:328)
	at com.kms.katalon.core.main.TestCaseExecutor.processExecutionPhase(TestCaseExecutor.java:307)
	at com.kms.katalon.core.main.TestCaseExecutor.accessMainPhase(TestCaseExecutor.java:299)
	at com.kms.katalon.core.main.TestCaseExecutor.execute(TestCaseExecutor.java:233)
	at com.kms.katalon.core.main.TestCaseMain.runTestCase(TestCaseMain.java:114)
	at com.kms.katalon.core.keyword.builtin.CallTestCaseKeyword$_callTestCase_closure1.doCall(CallTestCaseKeyword.groovy:59)
	... 20 more
Caused by: com.kms.katalon.core.webui.exception.WebElementNotFoundException: Web element with id: 'Object Repository/Page_Iniciar Sesion - KAIZEN/is_input_email' located by 'By.xpath: //input[@id='EMAIL']' not found
	at com.kms.katalon.core.webui.common.WebUiCommonHelper.findWebElement(WebUiCommonHelper.java:1154)
	at com.kms.katalon.core.webui.keyword.internal.WebUIAbstractKeyword.findWebElement(WebUIAbstractKeyword.groovy:27)
	at com.kms.katalon.core.webui.keyword.internal.WebUIAbstractKeyword.findWebElement(WebUIAbstractKeyword.groovy:26)
	at com.kms.katalon.core.webui.keyword.builtin.SetTextKeyword$_setText_closure1.doCall(SetTextKeyword.groovy:51)
	at com.kms.katalon.core.webui.keyword.builtin.SetTextKeyword$_setText_closure1.call(SetTextKeyword.groovy)
	at com.kms.katalon.core.webui.keyword.internal.WebUIKeywordMain.runKeyword(WebUIKeywordMain.groovy:20)
	... 35 more]]></system-out>
      <system-err><![CDATA[2020-03-09 15:23:28 - [TEST_SUITE][FAILED] - Flujo Completo 40 pies: Test Cases/Secuencias de Ejecucion/TC_Agregar_Inventario FAILED.
Reason:
com.kms.katalon.core.exception.StepFailedException: Call Test Case 'Test Cases/Individual_Tests/Login' failed
	at com.kms.katalon.core.keyword.builtin.CallTestCaseKeyword$_callTestCase_closure1.doCall(CallTestCaseKeyword.groovy:63)
	at com.kms.katalon.core.keyword.builtin.CallTestCaseKeyword$_callTestCase_closure1.call(CallTestCaseKeyword.groovy)
	at com.kms.katalon.core.keyword.internal.KeywordMain.runKeyword(KeywordMain.groovy:68)
	at com.kms.katalon.core.keyword.builtin.CallTestCaseKeyword.callTestCase(CallTestCaseKeyword.groovy:81)
	at com.kms.katalon.core.keyword.builtin.CallTestCaseKeyword.execute(CallTestCaseKeyword.groovy:44)
	at com.kms.katalon.core.keyword.internal.KeywordExecutor.executeKeywordForPlatform(KeywordExecutor.groovy:72)
	at com.kms.katalon.core.keyword.BuiltinKeywords.callTestCase(BuiltinKeywords.groovy:334)
	at TC_Agregar_Inventario.run(TC_Agregar_Inventario:30)
	at com.kms.katalon.core.main.ScriptEngine.run(ScriptEngine.java:194)
	at com.kms.katalon.core.main.ScriptEngine.runScriptAsRawText(ScriptEngine.java:119)
	at com.kms.katalon.core.main.TestCaseExecutor.runScript(TestCaseExecutor.java:337)
	at com.kms.katalon.core.main.TestCaseExecutor.doExecute(TestCaseExecutor.java:328)
	at com.kms.katalon.core.main.TestCaseExecutor.processExecutionPhase(TestCaseExecutor.java:307)
	at com.kms.katalon.core.main.TestCaseExecutor.accessMainPhase(TestCaseExecutor.java:299)
	at com.kms.katalon.core.main.TestCaseExecutor.execute(TestCaseExecutor.java:233)
	at com.kms.katalon.core.main.TestSuiteExecutor.accessTestCaseMainPhase(TestSuiteExecutor.java:169)
	at com.kms.katalon.core.main.TestSuiteExecutor.accessTestSuiteMainPhase(TestSuiteExecutor.java:142)
	at com.kms.katalon.core.main.TestSuiteExecutor.execute(TestSuiteExecutor.java:91)
	at com.kms.katalon.core.main.TestCaseMain.startTestSuite(TestCaseMain.java:157)
	at com.kms.katalon.core.main.TestCaseMain$startTestSuite$0.call(Unknown Source)
	at TempTestSuite1583781798195.run(TempTestSuite1583781798195.groovy:36)
Caused by: com.kms.katalon.core.exception.StepFailedException: Unable to set text 'automated.test@grupokaizen.net' of object 'Object Repository/Page_Iniciar Sesion - KAIZEN/is_input_email'
	at com.kms.katalon.core.webui.keyword.internal.WebUIKeywordMain.stepFailed(WebUIKeywordMain.groovy:64)
	at com.kms.katalon.core.webui.keyword.internal.WebUIKeywordMain.runKeyword(WebUIKeywordMain.groovy:26)
	at com.kms.katalon.core.webui.keyword.builtin.SetTextKeyword.setText(SetTextKeyword.groovy:66)
	at com.kms.katalon.core.webui.keyword.builtin.SetTextKeyword.execute(SetTextKeyword.groovy:37)
	at com.kms.katalon.core.keyword.internal.KeywordExecutor.executeKeywordForPlatform(KeywordExecutor.groovy:72)
	at com.kms.katalon.core.webui.keyword.WebUiBuiltInKeywords.setText(WebUiBuiltInKeywords.groovy:950)
	at com.kms.katalon.core.webui.keyword.WebUiBuiltInKeywords$setText$1.call(Unknown Source)
	at Login.run(Login:74)
	at com.kms.katalon.core.main.ScriptEngine.run(ScriptEngine.java:194)
	at com.kms.katalon.core.main.ScriptEngine.runScriptAsRawText(ScriptEngine.java:119)
	at com.kms.katalon.core.main.TestCaseExecutor.runScript(TestCaseExecutor.java:337)
	at com.kms.katalon.core.main.TestCaseExecutor.doExecute(TestCaseExecutor.java:328)
	at com.kms.katalon.core.main.TestCaseExecutor.processExecutionPhase(TestCaseExecutor.java:307)
	at com.kms.katalon.core.main.TestCaseExecutor.accessMainPhase(TestCaseExecutor.java:299)
	at com.kms.katalon.core.main.TestCaseExecutor.execute(TestCaseExecutor.java:233)
	at com.kms.katalon.core.main.TestCaseMain.runTestCase(TestCaseMain.java:114)
	at com.kms.katalon.core.keyword.builtin.CallTestCaseKeyword$_callTestCase_closure1.doCall(CallTestCaseKeyword.groovy:59)
	... 20 more
Caused by: com.kms.katalon.core.webui.exception.WebElementNotFoundException: Web element with id: 'Object Repository/Page_Iniciar Sesion - KAIZEN/is_input_email' located by 'By.xpath: //input[@id='EMAIL']' not found
	at com.kms.katalon.core.webui.common.WebUiCommonHelper.findWebElement(WebUiCommonHelper.java:1154)
	at com.kms.katalon.core.webui.keyword.internal.WebUIAbstractKeyword.findWebElement(WebUIAbstractKeyword.groovy:27)
	at com.kms.katalon.core.webui.keyword.internal.WebUIAbstractKeyword.findWebElement(WebUIAbstractKeyword.groovy:26)
	at com.kms.katalon.core.webui.keyword.builtin.SetTextKeyword$_setText_closure1.doCall(SetTextKeyword.groovy:51)
	at com.kms.katalon.core.webui.keyword.builtin.SetTextKeyword$_setText_closure1.call(SetTextKeyword.groovy)
	at com.kms.katalon.core.webui.keyword.internal.WebUIKeywordMain.runKeyword(WebUIKeywordMain.groovy:20)
	... 35 more]]></system-err>
   </testsuite>
</testsuites>
