<?xml version="1.0" encoding="UTF-8"?>
<testsuites name="2-Aprobaciones_TestSuites" time="5.936" tests="4" failures="0" errors="3">
   <testsuite name="2-Aprobaciones_TestSuites" tests="4" failures="0" errors="3" time="5.936" timestamp="2020-02-18 08:50:28" hostname="kaizen - LAPTOP-K43U1BVQ" id="Test Suites/Funcionalidades_Pedidos/2-Aprobaciones_TestSuites">
      <properties>
         <property name="deviceName" value=""/>
         <property name="devicePlatform" value=""/>
         <property name="logFolder" value="C:\\Users\\kaizen\\git\\AutomatizacionKatalon\\Reports\\20200218_085012\\Funcionalidades_Pedidos\\2-Aprobaciones_TestSuites\\20200218_085013"/>
         <property name="logFiles" value="C:\\Users\\kaizen\\git\\AutomatizacionKatalon\\Reports\\20200218_085012\\Funcionalidades_Pedidos\\2-Aprobaciones_TestSuites\\20200218_085013\\execution0.log"/>
         <property name="attachments" value=""/>
         <property name="hostName" value="kaizen - LAPTOP-K43U1BVQ"/>
         <property name="hostAddress" value="192.168.99.1"/>
         <property name="os" value="Windows 10 64bit"/>
         <property name="katalonVersion" value="7.2.1.1"/>
      </properties>
      <testcase name="Test Cases/Secuencias de Ejecucion/TC_Generar_Aprobaciones" time="3.771" classname="Test Cases/Secuencias de Ejecucion/TC_Generar_Aprobaciones" status="PASSED">
         <system-out><![CDATA[2020-02-18 08:50:28 - [TEST_CASE][PASSED] - Test Cases/Secuencias de Ejecucion/TC_Generar_Aprobaciones: Test Cases/Secuencias de Ejecucion/TC_Generar_Aprobaciones

2020-02-18 08:50:29 - [TEST_STEP][PASSED] - python.ejecutarAleatoriosPython.runPython("Aprobar"): python.ejecutarAleatoriosPython.runPython is PASSED

2020-02-18 08:50:32 - [MESSAGE][PASSED] - python.ejecutarAleatoriosPython.runPython is PASSED]]></system-out>
         <system-err><![CDATA[]]></system-err>
      </testcase>
      <testcase name="Test Cases/Secuencias de Ejecucion/TC_Aprobar_Ventas" time="0.692" classname="Test Cases/Secuencias de Ejecucion/TC_Aprobar_Ventas" status="ERROR">
         <error type="ERROR" message="Test Cases/Secuencias de Ejecucion/TC_Aprobar_Ventas FAILED.
Reason:
java.io.FileNotFoundException: C:/Users/kaizen/git/AutomatizacionKatalon/Pedidos/DataExcel/AprobacionesPedidos_20pies.xlsx
	at com.kms.katalon.core.testdata.reader.ExcelFactory.getExcelData(ExcelFactory.java:25)
	at com.kms.katalon.core.testdata.reader.ExcelFactory.getExcelDataWithDefaultSheet(ExcelFactory.java:17)
	at com.kms.katalon.core.testdata.reader.ExcelFactory$getExcelDataWithDefaultSheet.call(Unknown Source)
	at TC_Aprobar_Ventas.run(TC_Aprobar_Ventas:23)
	at com.kms.katalon.core.main.ScriptEngine.run(ScriptEngine.java:194)
	at com.kms.katalon.core.main.ScriptEngine.runScriptAsRawText(ScriptEngine.java:119)
	at com.kms.katalon.core.main.TestCaseExecutor.runScript(TestCaseExecutor.java:337)
	at com.kms.katalon.core.main.TestCaseExecutor.doExecute(TestCaseExecutor.java:328)
	at com.kms.katalon.core.main.TestCaseExecutor.processExecutionPhase(TestCaseExecutor.java:307)
	at com.kms.katalon.core.main.TestCaseExecutor.accessMainPhase(TestCaseExecutor.java:299)
	at com.kms.katalon.core.main.TestCaseExecutor.execute(TestCaseExecutor.java:233)
	at com.kms.katalon.core.main.TestSuiteExecutor.accessTestCaseMainPhase(TestSuiteExecutor.java:169)
	at com.kms.katalon.core.main.TestSuiteExecutor.accessTestSuiteMainPhase(TestSuiteExecutor.java:142)
	at com.kms.katalon.core.main.TestSuiteExecutor.execute(TestSuiteExecutor.java:91)
	at com.kms.katalon.core.main.TestCaseMain.startTestSuite(TestCaseMain.java:157)
	at com.kms.katalon.core.main.TestCaseMain$startTestSuite$0.call(Unknown Source)
	at TempTestSuite1582030213183.run(TempTestSuite1582030213183.groovy:36)
"/>
         <system-out><![CDATA[2020-02-18 08:50:32 - [TEST_CASE][ERROR] - Test Cases/Secuencias de Ejecucion/TC_Aprobar_Ventas: Test Cases/Secuencias de Ejecucion/TC_Aprobar_Ventas FAILED.
Reason:
java.io.FileNotFoundException: C:/Users/kaizen/git/AutomatizacionKatalon/Pedidos/DataExcel/AprobacionesPedidos_20pies.xlsx
	at com.kms.katalon.core.testdata.reader.ExcelFactory.getExcelData(ExcelFactory.java:25)
	at com.kms.katalon.core.testdata.reader.ExcelFactory.getExcelDataWithDefaultSheet(ExcelFactory.java:17)
	at com.kms.katalon.core.testdata.reader.ExcelFactory$getExcelDataWithDefaultSheet.call(Unknown Source)
	at TC_Aprobar_Ventas.run(TC_Aprobar_Ventas:23)
	at com.kms.katalon.core.main.ScriptEngine.run(ScriptEngine.java:194)
	at com.kms.katalon.core.main.ScriptEngine.runScriptAsRawText(ScriptEngine.java:119)
	at com.kms.katalon.core.main.TestCaseExecutor.runScript(TestCaseExecutor.java:337)
	at com.kms.katalon.core.main.TestCaseExecutor.doExecute(TestCaseExecutor.java:328)
	at com.kms.katalon.core.main.TestCaseExecutor.processExecutionPhase(TestCaseExecutor.java:307)
	at com.kms.katalon.core.main.TestCaseExecutor.accessMainPhase(TestCaseExecutor.java:299)
	at com.kms.katalon.core.main.TestCaseExecutor.execute(TestCaseExecutor.java:233)
	at com.kms.katalon.core.main.TestSuiteExecutor.accessTestCaseMainPhase(TestSuiteExecutor.java:169)
	at com.kms.katalon.core.main.TestSuiteExecutor.accessTestSuiteMainPhase(TestSuiteExecutor.java:142)
	at com.kms.katalon.core.main.TestSuiteExecutor.execute(TestSuiteExecutor.java:91)
	at com.kms.katalon.core.main.TestCaseMain.startTestSuite(TestCaseMain.java:157)
	at com.kms.katalon.core.main.TestCaseMain$startTestSuite$0.call(Unknown Source)
	at TempTestSuite1582030213183.run(TempTestSuite1582030213183.groovy:36)


2020-02-18 08:50:33 - [TEST_STEP][PASSED] - archivo = $RunConfiguration.getProjectDir()/Pedidos/DataExcel/AprobacionesPedidos_20pies.xlsx: null

2020-02-18 08:50:33 - [TEST_STEP][PASSED] - excelData = getExcelDataWithDefaultSheet(archivo, "Sheet1", true): null]]></system-out>
         <system-err><![CDATA[2020-02-18 08:50:32 - [TEST_CASE][ERROR] - Test Cases/Secuencias de Ejecucion/TC_Aprobar_Ventas: Test Cases/Secuencias de Ejecucion/TC_Aprobar_Ventas FAILED.
Reason:
java.io.FileNotFoundException: C:/Users/kaizen/git/AutomatizacionKatalon/Pedidos/DataExcel/AprobacionesPedidos_20pies.xlsx
	at com.kms.katalon.core.testdata.reader.ExcelFactory.getExcelData(ExcelFactory.java:25)
	at com.kms.katalon.core.testdata.reader.ExcelFactory.getExcelDataWithDefaultSheet(ExcelFactory.java:17)
	at com.kms.katalon.core.testdata.reader.ExcelFactory$getExcelDataWithDefaultSheet.call(Unknown Source)
	at TC_Aprobar_Ventas.run(TC_Aprobar_Ventas:23)
	at com.kms.katalon.core.main.ScriptEngine.run(ScriptEngine.java:194)
	at com.kms.katalon.core.main.ScriptEngine.runScriptAsRawText(ScriptEngine.java:119)
	at com.kms.katalon.core.main.TestCaseExecutor.runScript(TestCaseExecutor.java:337)
	at com.kms.katalon.core.main.TestCaseExecutor.doExecute(TestCaseExecutor.java:328)
	at com.kms.katalon.core.main.TestCaseExecutor.processExecutionPhase(TestCaseExecutor.java:307)
	at com.kms.katalon.core.main.TestCaseExecutor.accessMainPhase(TestCaseExecutor.java:299)
	at com.kms.katalon.core.main.TestCaseExecutor.execute(TestCaseExecutor.java:233)
	at com.kms.katalon.core.main.TestSuiteExecutor.accessTestCaseMainPhase(TestSuiteExecutor.java:169)
	at com.kms.katalon.core.main.TestSuiteExecutor.accessTestSuiteMainPhase(TestSuiteExecutor.java:142)
	at com.kms.katalon.core.main.TestSuiteExecutor.execute(TestSuiteExecutor.java:91)
	at com.kms.katalon.core.main.TestCaseMain.startTestSuite(TestCaseMain.java:157)
	at com.kms.katalon.core.main.TestCaseMain$startTestSuite$0.call(Unknown Source)
	at TempTestSuite1582030213183.run(TempTestSuite1582030213183.groovy:36)]]></system-err>
      </testcase>
      <testcase name="Test Cases/Secuencias de Ejecucion/TC_Aprobar_Financiera" time="0.581" classname="Test Cases/Secuencias de Ejecucion/TC_Aprobar_Financiera" status="ERROR">
         <error type="ERROR" message="Test Cases/Secuencias de Ejecucion/TC_Aprobar_Financiera FAILED.
Reason:
java.io.FileNotFoundException: C:/Users/kaizen/git/AutomatizacionKatalon/Pedidos/DataExcel/AprobacionesPedidos_20pies.xlsx
	at com.kms.katalon.core.testdata.reader.ExcelFactory.getExcelData(ExcelFactory.java:25)
	at com.kms.katalon.core.testdata.reader.ExcelFactory.getExcelDataWithDefaultSheet(ExcelFactory.java:17)
	at com.kms.katalon.core.testdata.reader.ExcelFactory$getExcelDataWithDefaultSheet.call(Unknown Source)
	at TC_Aprobar_Financiera.run(TC_Aprobar_Financiera:22)
	at com.kms.katalon.core.main.ScriptEngine.run(ScriptEngine.java:194)
	at com.kms.katalon.core.main.ScriptEngine.runScriptAsRawText(ScriptEngine.java:119)
	at com.kms.katalon.core.main.TestCaseExecutor.runScript(TestCaseExecutor.java:337)
	at com.kms.katalon.core.main.TestCaseExecutor.doExecute(TestCaseExecutor.java:328)
	at com.kms.katalon.core.main.TestCaseExecutor.processExecutionPhase(TestCaseExecutor.java:307)
	at com.kms.katalon.core.main.TestCaseExecutor.accessMainPhase(TestCaseExecutor.java:299)
	at com.kms.katalon.core.main.TestCaseExecutor.execute(TestCaseExecutor.java:233)
	at com.kms.katalon.core.main.TestSuiteExecutor.accessTestCaseMainPhase(TestSuiteExecutor.java:169)
	at com.kms.katalon.core.main.TestSuiteExecutor.accessTestSuiteMainPhase(TestSuiteExecutor.java:142)
	at com.kms.katalon.core.main.TestSuiteExecutor.execute(TestSuiteExecutor.java:91)
	at com.kms.katalon.core.main.TestCaseMain.startTestSuite(TestCaseMain.java:157)
	at com.kms.katalon.core.main.TestCaseMain$startTestSuite$0.call(Unknown Source)
	at TempTestSuite1582030213183.run(TempTestSuite1582030213183.groovy:36)
"/>
         <system-out><![CDATA[2020-02-18 08:50:33 - [TEST_CASE][ERROR] - Test Cases/Secuencias de Ejecucion/TC_Aprobar_Financiera: Test Cases/Secuencias de Ejecucion/TC_Aprobar_Financiera FAILED.
Reason:
java.io.FileNotFoundException: C:/Users/kaizen/git/AutomatizacionKatalon/Pedidos/DataExcel/AprobacionesPedidos_20pies.xlsx
	at com.kms.katalon.core.testdata.reader.ExcelFactory.getExcelData(ExcelFactory.java:25)
	at com.kms.katalon.core.testdata.reader.ExcelFactory.getExcelDataWithDefaultSheet(ExcelFactory.java:17)
	at com.kms.katalon.core.testdata.reader.ExcelFactory$getExcelDataWithDefaultSheet.call(Unknown Source)
	at TC_Aprobar_Financiera.run(TC_Aprobar_Financiera:22)
	at com.kms.katalon.core.main.ScriptEngine.run(ScriptEngine.java:194)
	at com.kms.katalon.core.main.ScriptEngine.runScriptAsRawText(ScriptEngine.java:119)
	at com.kms.katalon.core.main.TestCaseExecutor.runScript(TestCaseExecutor.java:337)
	at com.kms.katalon.core.main.TestCaseExecutor.doExecute(TestCaseExecutor.java:328)
	at com.kms.katalon.core.main.TestCaseExecutor.processExecutionPhase(TestCaseExecutor.java:307)
	at com.kms.katalon.core.main.TestCaseExecutor.accessMainPhase(TestCaseExecutor.java:299)
	at com.kms.katalon.core.main.TestCaseExecutor.execute(TestCaseExecutor.java:233)
	at com.kms.katalon.core.main.TestSuiteExecutor.accessTestCaseMainPhase(TestSuiteExecutor.java:169)
	at com.kms.katalon.core.main.TestSuiteExecutor.accessTestSuiteMainPhase(TestSuiteExecutor.java:142)
	at com.kms.katalon.core.main.TestSuiteExecutor.execute(TestSuiteExecutor.java:91)
	at com.kms.katalon.core.main.TestCaseMain.startTestSuite(TestCaseMain.java:157)
	at com.kms.katalon.core.main.TestCaseMain$startTestSuite$0.call(Unknown Source)
	at TempTestSuite1582030213183.run(TempTestSuite1582030213183.groovy:36)


2020-02-18 08:50:33 - [TEST_STEP][PASSED] - archivo = $RunConfiguration.getProjectDir()/Pedidos/DataExcel/AprobacionesPedidos_20pies.xlsx: null

2020-02-18 08:50:33 - [TEST_STEP][PASSED] - excelData = getExcelDataWithDefaultSheet(archivo, "Sheet1", true): null]]></system-out>
         <system-err><![CDATA[2020-02-18 08:50:33 - [TEST_CASE][ERROR] - Test Cases/Secuencias de Ejecucion/TC_Aprobar_Financiera: Test Cases/Secuencias de Ejecucion/TC_Aprobar_Financiera FAILED.
Reason:
java.io.FileNotFoundException: C:/Users/kaizen/git/AutomatizacionKatalon/Pedidos/DataExcel/AprobacionesPedidos_20pies.xlsx
	at com.kms.katalon.core.testdata.reader.ExcelFactory.getExcelData(ExcelFactory.java:25)
	at com.kms.katalon.core.testdata.reader.ExcelFactory.getExcelDataWithDefaultSheet(ExcelFactory.java:17)
	at com.kms.katalon.core.testdata.reader.ExcelFactory$getExcelDataWithDefaultSheet.call(Unknown Source)
	at TC_Aprobar_Financiera.run(TC_Aprobar_Financiera:22)
	at com.kms.katalon.core.main.ScriptEngine.run(ScriptEngine.java:194)
	at com.kms.katalon.core.main.ScriptEngine.runScriptAsRawText(ScriptEngine.java:119)
	at com.kms.katalon.core.main.TestCaseExecutor.runScript(TestCaseExecutor.java:337)
	at com.kms.katalon.core.main.TestCaseExecutor.doExecute(TestCaseExecutor.java:328)
	at com.kms.katalon.core.main.TestCaseExecutor.processExecutionPhase(TestCaseExecutor.java:307)
	at com.kms.katalon.core.main.TestCaseExecutor.accessMainPhase(TestCaseExecutor.java:299)
	at com.kms.katalon.core.main.TestCaseExecutor.execute(TestCaseExecutor.java:233)
	at com.kms.katalon.core.main.TestSuiteExecutor.accessTestCaseMainPhase(TestSuiteExecutor.java:169)
	at com.kms.katalon.core.main.TestSuiteExecutor.accessTestSuiteMainPhase(TestSuiteExecutor.java:142)
	at com.kms.katalon.core.main.TestSuiteExecutor.execute(TestSuiteExecutor.java:91)
	at com.kms.katalon.core.main.TestCaseMain.startTestSuite(TestCaseMain.java:157)
	at com.kms.katalon.core.main.TestCaseMain$startTestSuite$0.call(Unknown Source)
	at TempTestSuite1582030213183.run(TempTestSuite1582030213183.groovy:36)]]></system-err>
      </testcase>
      <testcase name="Test Cases/Secuencias de Ejecucion/TC_Aprobar_Produccion" time="0.447" classname="Test Cases/Secuencias de Ejecucion/TC_Aprobar_Produccion" status="ERROR">
         <error type="ERROR" message="Test Cases/Secuencias de Ejecucion/TC_Aprobar_Produccion FAILED.
Reason:
java.io.FileNotFoundException: C:/Users/kaizen/git/AutomatizacionKatalon/Pedidos/DataExcel/AprobacionesPedidos_20pies.xlsx
	at com.kms.katalon.core.testdata.reader.ExcelFactory.getExcelData(ExcelFactory.java:25)
	at com.kms.katalon.core.testdata.reader.ExcelFactory.getExcelDataWithDefaultSheet(ExcelFactory.java:17)
	at com.kms.katalon.core.testdata.reader.ExcelFactory$getExcelDataWithDefaultSheet.call(Unknown Source)
	at TC_Aprobar_Produccion.run(TC_Aprobar_Produccion:22)
	at com.kms.katalon.core.main.ScriptEngine.run(ScriptEngine.java:194)
	at com.kms.katalon.core.main.ScriptEngine.runScriptAsRawText(ScriptEngine.java:119)
	at com.kms.katalon.core.main.TestCaseExecutor.runScript(TestCaseExecutor.java:337)
	at com.kms.katalon.core.main.TestCaseExecutor.doExecute(TestCaseExecutor.java:328)
	at com.kms.katalon.core.main.TestCaseExecutor.processExecutionPhase(TestCaseExecutor.java:307)
	at com.kms.katalon.core.main.TestCaseExecutor.accessMainPhase(TestCaseExecutor.java:299)
	at com.kms.katalon.core.main.TestCaseExecutor.execute(TestCaseExecutor.java:233)
	at com.kms.katalon.core.main.TestSuiteExecutor.accessTestCaseMainPhase(TestSuiteExecutor.java:169)
	at com.kms.katalon.core.main.TestSuiteExecutor.accessTestSuiteMainPhase(TestSuiteExecutor.java:142)
	at com.kms.katalon.core.main.TestSuiteExecutor.execute(TestSuiteExecutor.java:91)
	at com.kms.katalon.core.main.TestCaseMain.startTestSuite(TestCaseMain.java:157)
	at com.kms.katalon.core.main.TestCaseMain$startTestSuite$0.call(Unknown Source)
	at TempTestSuite1582030213183.run(TempTestSuite1582030213183.groovy:36)
"/>
         <system-out><![CDATA[2020-02-18 08:50:33 - [TEST_CASE][ERROR] - Test Cases/Secuencias de Ejecucion/TC_Aprobar_Produccion: Test Cases/Secuencias de Ejecucion/TC_Aprobar_Produccion FAILED.
Reason:
java.io.FileNotFoundException: C:/Users/kaizen/git/AutomatizacionKatalon/Pedidos/DataExcel/AprobacionesPedidos_20pies.xlsx
	at com.kms.katalon.core.testdata.reader.ExcelFactory.getExcelData(ExcelFactory.java:25)
	at com.kms.katalon.core.testdata.reader.ExcelFactory.getExcelDataWithDefaultSheet(ExcelFactory.java:17)
	at com.kms.katalon.core.testdata.reader.ExcelFactory$getExcelDataWithDefaultSheet.call(Unknown Source)
	at TC_Aprobar_Produccion.run(TC_Aprobar_Produccion:22)
	at com.kms.katalon.core.main.ScriptEngine.run(ScriptEngine.java:194)
	at com.kms.katalon.core.main.ScriptEngine.runScriptAsRawText(ScriptEngine.java:119)
	at com.kms.katalon.core.main.TestCaseExecutor.runScript(TestCaseExecutor.java:337)
	at com.kms.katalon.core.main.TestCaseExecutor.doExecute(TestCaseExecutor.java:328)
	at com.kms.katalon.core.main.TestCaseExecutor.processExecutionPhase(TestCaseExecutor.java:307)
	at com.kms.katalon.core.main.TestCaseExecutor.accessMainPhase(TestCaseExecutor.java:299)
	at com.kms.katalon.core.main.TestCaseExecutor.execute(TestCaseExecutor.java:233)
	at com.kms.katalon.core.main.TestSuiteExecutor.accessTestCaseMainPhase(TestSuiteExecutor.java:169)
	at com.kms.katalon.core.main.TestSuiteExecutor.accessTestSuiteMainPhase(TestSuiteExecutor.java:142)
	at com.kms.katalon.core.main.TestSuiteExecutor.execute(TestSuiteExecutor.java:91)
	at com.kms.katalon.core.main.TestCaseMain.startTestSuite(TestCaseMain.java:157)
	at com.kms.katalon.core.main.TestCaseMain$startTestSuite$0.call(Unknown Source)
	at TempTestSuite1582030213183.run(TempTestSuite1582030213183.groovy:36)


2020-02-18 08:50:34 - [TEST_STEP][PASSED] - archivo = $RunConfiguration.getProjectDir()/Pedidos/DataExcel/AprobacionesPedidos_20pies.xlsx: null

2020-02-18 08:50:34 - [TEST_STEP][PASSED] - excelData = getExcelDataWithDefaultSheet(archivo, "Sheet1", true): null]]></system-out>
         <system-err><![CDATA[2020-02-18 08:50:33 - [TEST_CASE][ERROR] - Test Cases/Secuencias de Ejecucion/TC_Aprobar_Produccion: Test Cases/Secuencias de Ejecucion/TC_Aprobar_Produccion FAILED.
Reason:
java.io.FileNotFoundException: C:/Users/kaizen/git/AutomatizacionKatalon/Pedidos/DataExcel/AprobacionesPedidos_20pies.xlsx
	at com.kms.katalon.core.testdata.reader.ExcelFactory.getExcelData(ExcelFactory.java:25)
	at com.kms.katalon.core.testdata.reader.ExcelFactory.getExcelDataWithDefaultSheet(ExcelFactory.java:17)
	at com.kms.katalon.core.testdata.reader.ExcelFactory$getExcelDataWithDefaultSheet.call(Unknown Source)
	at TC_Aprobar_Produccion.run(TC_Aprobar_Produccion:22)
	at com.kms.katalon.core.main.ScriptEngine.run(ScriptEngine.java:194)
	at com.kms.katalon.core.main.ScriptEngine.runScriptAsRawText(ScriptEngine.java:119)
	at com.kms.katalon.core.main.TestCaseExecutor.runScript(TestCaseExecutor.java:337)
	at com.kms.katalon.core.main.TestCaseExecutor.doExecute(TestCaseExecutor.java:328)
	at com.kms.katalon.core.main.TestCaseExecutor.processExecutionPhase(TestCaseExecutor.java:307)
	at com.kms.katalon.core.main.TestCaseExecutor.accessMainPhase(TestCaseExecutor.java:299)
	at com.kms.katalon.core.main.TestCaseExecutor.execute(TestCaseExecutor.java:233)
	at com.kms.katalon.core.main.TestSuiteExecutor.accessTestCaseMainPhase(TestSuiteExecutor.java:169)
	at com.kms.katalon.core.main.TestSuiteExecutor.accessTestSuiteMainPhase(TestSuiteExecutor.java:142)
	at com.kms.katalon.core.main.TestSuiteExecutor.execute(TestSuiteExecutor.java:91)
	at com.kms.katalon.core.main.TestCaseMain.startTestSuite(TestCaseMain.java:157)
	at com.kms.katalon.core.main.TestCaseMain$startTestSuite$0.call(Unknown Source)
	at TempTestSuite1582030213183.run(TempTestSuite1582030213183.groovy:36)]]></system-err>
      </testcase>
      <system-out><![CDATA[2020-02-18 08:50:28 - [TEST_SUITE][ERROR] - 2-Aprobaciones_TestSuites: Test Cases/Secuencias de Ejecucion/TC_Aprobar_Ventas FAILED.
Reason:
java.io.FileNotFoundException: C:/Users/kaizen/git/AutomatizacionKatalon/Pedidos/DataExcel/AprobacionesPedidos_20pies.xlsx
	at com.kms.katalon.core.testdata.reader.ExcelFactory.getExcelData(ExcelFactory.java:25)
	at com.kms.katalon.core.testdata.reader.ExcelFactory.getExcelDataWithDefaultSheet(ExcelFactory.java:17)
	at com.kms.katalon.core.testdata.reader.ExcelFactory$getExcelDataWithDefaultSheet.call(Unknown Source)
	at TC_Aprobar_Ventas.run(TC_Aprobar_Ventas:23)
	at com.kms.katalon.core.main.ScriptEngine.run(ScriptEngine.java:194)
	at com.kms.katalon.core.main.ScriptEngine.runScriptAsRawText(ScriptEngine.java:119)
	at com.kms.katalon.core.main.TestCaseExecutor.runScript(TestCaseExecutor.java:337)
	at com.kms.katalon.core.main.TestCaseExecutor.doExecute(TestCaseExecutor.java:328)
	at com.kms.katalon.core.main.TestCaseExecutor.processExecutionPhase(TestCaseExecutor.java:307)
	at com.kms.katalon.core.main.TestCaseExecutor.accessMainPhase(TestCaseExecutor.java:299)
	at com.kms.katalon.core.main.TestCaseExecutor.execute(TestCaseExecutor.java:233)
	at com.kms.katalon.core.main.TestSuiteExecutor.accessTestCaseMainPhase(TestSuiteExecutor.java:169)
	at com.kms.katalon.core.main.TestSuiteExecutor.accessTestSuiteMainPhase(TestSuiteExecutor.java:142)
	at com.kms.katalon.core.main.TestSuiteExecutor.execute(TestSuiteExecutor.java:91)
	at com.kms.katalon.core.main.TestCaseMain.startTestSuite(TestCaseMain.java:157)
	at com.kms.katalon.core.main.TestCaseMain$startTestSuite$0.call(Unknown Source)
	at TempTestSuite1582030213183.run(TempTestSuite1582030213183.groovy:36)]]></system-out>
      <system-err><![CDATA[2020-02-18 08:50:28 - [TEST_SUITE][ERROR] - 2-Aprobaciones_TestSuites: Test Cases/Secuencias de Ejecucion/TC_Aprobar_Ventas FAILED.
Reason:
java.io.FileNotFoundException: C:/Users/kaizen/git/AutomatizacionKatalon/Pedidos/DataExcel/AprobacionesPedidos_20pies.xlsx
	at com.kms.katalon.core.testdata.reader.ExcelFactory.getExcelData(ExcelFactory.java:25)
	at com.kms.katalon.core.testdata.reader.ExcelFactory.getExcelDataWithDefaultSheet(ExcelFactory.java:17)
	at com.kms.katalon.core.testdata.reader.ExcelFactory$getExcelDataWithDefaultSheet.call(Unknown Source)
	at TC_Aprobar_Ventas.run(TC_Aprobar_Ventas:23)
	at com.kms.katalon.core.main.ScriptEngine.run(ScriptEngine.java:194)
	at com.kms.katalon.core.main.ScriptEngine.runScriptAsRawText(ScriptEngine.java:119)
	at com.kms.katalon.core.main.TestCaseExecutor.runScript(TestCaseExecutor.java:337)
	at com.kms.katalon.core.main.TestCaseExecutor.doExecute(TestCaseExecutor.java:328)
	at com.kms.katalon.core.main.TestCaseExecutor.processExecutionPhase(TestCaseExecutor.java:307)
	at com.kms.katalon.core.main.TestCaseExecutor.accessMainPhase(TestCaseExecutor.java:299)
	at com.kms.katalon.core.main.TestCaseExecutor.execute(TestCaseExecutor.java:233)
	at com.kms.katalon.core.main.TestSuiteExecutor.accessTestCaseMainPhase(TestSuiteExecutor.java:169)
	at com.kms.katalon.core.main.TestSuiteExecutor.accessTestSuiteMainPhase(TestSuiteExecutor.java:142)
	at com.kms.katalon.core.main.TestSuiteExecutor.execute(TestSuiteExecutor.java:91)
	at com.kms.katalon.core.main.TestCaseMain.startTestSuite(TestCaseMain.java:157)
	at com.kms.katalon.core.main.TestCaseMain$startTestSuite$0.call(Unknown Source)
	at TempTestSuite1582030213183.run(TempTestSuite1582030213183.groovy:36)]]></system-err>
   </testsuite>
</testsuites>
