<?xml version="1.0" encoding="UTF-8"?>
<testsuites name="Flujo Completo Mov Inventario" time="234.68" tests="1" failures="1" errors="0">
   <testsuite name="Flujo Completo Mov Inventario" tests="1" failures="1" errors="0" time="234.68" timestamp="2020-02-25 12:15:30" hostname="kaizen - LAPTOP-K43U1BVQ" id="Test Suites/Funcionalidades_Pedidos/Flujo Completo Mov Inventario">
      <properties>
         <property name="deviceName" value=""/>
         <property name="devicePlatform" value=""/>
         <property name="logFolder" value="C:\\Users\\kaizen\\git\\AutomatizacionKatalon\\Reports\\20200225_121523\\Funcionalidades_Pedidos\\Flujo Completo Mov Inventario\\20200225_121523"/>
         <property name="logFiles" value="C:\\Users\\kaizen\\git\\AutomatizacionKatalon\\Reports\\20200225_121523\\Funcionalidades_Pedidos\\Flujo Completo Mov Inventario\\20200225_121523\\execution0.log"/>
         <property name="attachments" value=""/>
         <property name="hostName" value="kaizen - LAPTOP-K43U1BVQ"/>
         <property name="os" value="Windows 10 64bit"/>
         <property name="katalonVersion" value="7.2.1.1"/>
         <property name="browser" value="Chrome 80.0.3987.122"/>
         <property name="hostAddress" value="192.168.99.1"/>
         <property name="sessionId" value="a08089e78b7e1ddef64bc98f8828a6bd"/>
         <property name="seleniumVersion" value="3.141.59"/>
         <property name="proxyInformation" value="ProxyInformation{proxyOption=NO_PROXY, proxyServerType=HTTP, password=, proxyServerAddress=, proxyServerPort=0, executionList=}"/>
         <property name="platform" value="Windows 10"/>
      </properties>
      <testcase name="Test Cases/Secuencias de Ejecucion/TC_Agregar_Producto_Almacen" time="233.388" classname="Test Cases/Secuencias de Ejecucion/TC_Agregar_Producto_Almacen" status="FAILED">
         <failure type="FAILED" message="Test Cases/Secuencias de Ejecucion/TC_Agregar_Producto_Almacen FAILED.
Reason:
com.kms.katalon.core.exception.StepFailedException: Call Test Case 'Test Cases/Individual_Tests/Login' failed
	at com.kms.katalon.core.keyword.builtin.CallTestCaseKeyword$_callTestCase_closure1.doCall(CallTestCaseKeyword.groovy:63)
	at com.kms.katalon.core.keyword.builtin.CallTestCaseKeyword$_callTestCase_closure1.call(CallTestCaseKeyword.groovy)
	at com.kms.katalon.core.keyword.internal.KeywordMain.runKeyword(KeywordMain.groovy:68)
	at com.kms.katalon.core.keyword.builtin.CallTestCaseKeyword.callTestCase(CallTestCaseKeyword.groovy:81)
	at com.kms.katalon.core.keyword.builtin.CallTestCaseKeyword.execute(CallTestCaseKeyword.groovy:44)
	at com.kms.katalon.core.keyword.internal.KeywordExecutor.executeKeywordForPlatform(KeywordExecutor.groovy:72)
	at com.kms.katalon.core.keyword.BuiltinKeywords.callTestCase(BuiltinKeywords.groovy:334)
	at TC_Agregar_Producto_Almacen.run(TC_Agregar_Producto_Almacen:26)
	at com.kms.katalon.core.main.ScriptEngine.run(ScriptEngine.java:194)
	at com.kms.katalon.core.main.ScriptEngine.runScriptAsRawText(ScriptEngine.java:119)
	at com.kms.katalon.core.main.TestCaseExecutor.runScript(TestCaseExecutor.java:337)
	at com.kms.katalon.core.main.TestCaseExecutor.doExecute(TestCaseExecutor.java:328)
	at com.kms.katalon.core.main.TestCaseExecutor.processExecutionPhase(TestCaseExecutor.java:307)
	at com.kms.katalon.core.main.TestCaseExecutor.accessMainPhase(TestCaseExecutor.java:299)
	at com.kms.katalon.core.main.TestCaseExecutor.execute(TestCaseExecutor.java:233)
	at com.kms.katalon.core.main.TestSuiteExecutor.accessTestCaseMainPhase(TestSuiteExecutor.java:169)
	at com.kms.katalon.core.main.TestSuiteExecutor.accessTestSuiteMainPhase(TestSuiteExecutor.java:142)
	at com.kms.katalon.core.main.TestSuiteExecutor.execute(TestSuiteExecutor.java:91)
	at com.kms.katalon.core.main.TestCaseMain.startTestSuite(TestCaseMain.java:157)
	at com.kms.katalon.core.main.TestCaseMain$startTestSuite$0.call(Unknown Source)
	at TempTestSuite1582647327740.run(TempTestSuite1582647327740.groovy:36)
Caused by: com.kms.katalon.core.exception.StepFailedException: Unable to open browser with url: 'http://test.kaizendev.net/Login/Accesar?salir=true'
	at com.kms.katalon.core.webui.keyword.internal.WebUIKeywordMain.stepFailed(WebUIKeywordMain.groovy:64)
	at com.kms.katalon.core.webui.keyword.internal.WebUIKeywordMain.runKeyword(WebUIKeywordMain.groovy:26)
	at com.kms.katalon.core.webui.keyword.builtin.OpenBrowserKeyword.openBrowser(OpenBrowserKeyword.groovy:81)
	at com.kms.katalon.core.webui.keyword.builtin.OpenBrowserKeyword.execute(OpenBrowserKeyword.groovy:67)
	at com.kms.katalon.core.keyword.internal.KeywordExecutor.executeKeywordForPlatform(KeywordExecutor.groovy:72)
	at com.kms.katalon.core.webui.keyword.WebUiBuiltInKeywords.openBrowser(WebUiBuiltInKeywords.groovy:60)
	at com.kms.katalon.core.webui.keyword.WebUiBuiltInKeywords$openBrowser.call(Unknown Source)
	at Login.run(Login:21)
	at com.kms.katalon.core.main.ScriptEngine.run(ScriptEngine.java:194)
	at com.kms.katalon.core.main.ScriptEngine.runScriptAsRawText(ScriptEngine.java:119)
	at com.kms.katalon.core.main.TestCaseExecutor.runScript(TestCaseExecutor.java:337)
	at com.kms.katalon.core.main.TestCaseExecutor.doExecute(TestCaseExecutor.java:328)
	at com.kms.katalon.core.main.TestCaseExecutor.processExecutionPhase(TestCaseExecutor.java:307)
	at com.kms.katalon.core.main.TestCaseExecutor.accessMainPhase(TestCaseExecutor.java:299)
	at com.kms.katalon.core.main.TestCaseExecutor.execute(TestCaseExecutor.java:233)
	at com.kms.katalon.core.main.TestCaseMain.runTestCase(TestCaseMain.java:114)
	at com.kms.katalon.core.keyword.builtin.CallTestCaseKeyword$_callTestCase_closure1.doCall(CallTestCaseKeyword.groovy:59)
	... 20 more
Caused by: org.openqa.selenium.WebDriverException: unknown error: cannot determine loading status
from disconnected: received Inspector.detached event
  (Session info: chrome=80.0.3987.122)
Build info: version: '3.141.59', revision: 'e82be7d358', time: '2018-11-14T08:25:53'
System info: host: 'LAPTOP-K43U1BVQ', ip: '192.168.99.1', os.name: 'Windows 10', os.arch: 'amd64', os.version: '10.0', java.version: '1.8.0_181'
Driver info: com.kms.katalon.selenium.driver.CChromeDriver
Capabilities {acceptInsecureCerts: false, browserName: chrome, browserVersion: 80.0.3987.122, chrome: {chromedriverVersion: 79.0.3945.36 (3582db32b3389..., userDataDir: C:\Users\kaizen\AppData\Loc...}, goog:chromeOptions: {debuggerAddress: localhost:3823}, javascriptEnabled: true, networkConnectionEnabled: false, pageLoadStrategy: normal, platform: WINDOWS, platformName: WINDOWS, proxy: Proxy(), setWindowRect: true, strictFileInteractability: false, timeouts: {implicit: 0, pageLoad: 300000, script: 30000}, unhandledPromptBehavior: dismiss and notify}
Session ID: a08089e78b7e1ddef64bc98f8828a6bd
	at org.openqa.selenium.remote.http.W3CHttpResponseCodec.createException(W3CHttpResponseCodec.java:187)
	at org.openqa.selenium.remote.http.W3CHttpResponseCodec.decode(W3CHttpResponseCodec.java:122)
	at org.openqa.selenium.remote.http.W3CHttpResponseCodec.decode(W3CHttpResponseCodec.java:49)
	at org.openqa.selenium.remote.HttpCommandExecutor.execute(HttpCommandExecutor.java:158)
	at org.openqa.selenium.remote.service.DriverCommandExecutor.execute(DriverCommandExecutor.java:83)
	at org.openqa.selenium.remote.RemoteWebDriver.execute(RemoteWebDriver.java:552)
	at com.kms.katalon.selenium.driver.CChromeDriver.execute(CChromeDriver.java:19)
	at org.openqa.selenium.remote.RemoteWebDriver.get(RemoteWebDriver.java:277)
	at org.openqa.selenium.support.events.EventFiringWebDriver.lambda$new$1(EventFiringWebDriver.java:105)
	at com.sun.proxy.$Proxy8.get(Unknown Source)
	at org.openqa.selenium.support.events.EventFiringWebDriver.get(EventFiringWebDriver.java:165)
	at com.kms.katalon.core.webui.keyword.builtin.OpenBrowserKeyword$_openBrowser_closure1.doCall(OpenBrowserKeyword.groovy:78)
	at com.kms.katalon.core.webui.keyword.builtin.OpenBrowserKeyword$_openBrowser_closure1.call(OpenBrowserKeyword.groovy)
	at com.kms.katalon.core.webui.keyword.internal.WebUIKeywordMain.runKeyword(WebUIKeywordMain.groovy:20)
	... 35 more
"/>
         <system-out><![CDATA[2020-02-25 12:15:30 - [TEST_CASE][FAILED] - Test Cases/Secuencias de Ejecucion/TC_Agregar_Producto_Almacen: Test Cases/Secuencias de Ejecucion/TC_Agregar_Producto_Almacen FAILED.
Reason:
com.kms.katalon.core.exception.StepFailedException: Call Test Case 'Test Cases/Individual_Tests/Login' failed
	at com.kms.katalon.core.keyword.builtin.CallTestCaseKeyword$_callTestCase_closure1.doCall(CallTestCaseKeyword.groovy:63)
	at com.kms.katalon.core.keyword.builtin.CallTestCaseKeyword$_callTestCase_closure1.call(CallTestCaseKeyword.groovy)
	at com.kms.katalon.core.keyword.internal.KeywordMain.runKeyword(KeywordMain.groovy:68)
	at com.kms.katalon.core.keyword.builtin.CallTestCaseKeyword.callTestCase(CallTestCaseKeyword.groovy:81)
	at com.kms.katalon.core.keyword.builtin.CallTestCaseKeyword.execute(CallTestCaseKeyword.groovy:44)
	at com.kms.katalon.core.keyword.internal.KeywordExecutor.executeKeywordForPlatform(KeywordExecutor.groovy:72)
	at com.kms.katalon.core.keyword.BuiltinKeywords.callTestCase(BuiltinKeywords.groovy:334)
	at TC_Agregar_Producto_Almacen.run(TC_Agregar_Producto_Almacen:26)
	at com.kms.katalon.core.main.ScriptEngine.run(ScriptEngine.java:194)
	at com.kms.katalon.core.main.ScriptEngine.runScriptAsRawText(ScriptEngine.java:119)
	at com.kms.katalon.core.main.TestCaseExecutor.runScript(TestCaseExecutor.java:337)
	at com.kms.katalon.core.main.TestCaseExecutor.doExecute(TestCaseExecutor.java:328)
	at com.kms.katalon.core.main.TestCaseExecutor.processExecutionPhase(TestCaseExecutor.java:307)
	at com.kms.katalon.core.main.TestCaseExecutor.accessMainPhase(TestCaseExecutor.java:299)
	at com.kms.katalon.core.main.TestCaseExecutor.execute(TestCaseExecutor.java:233)
	at com.kms.katalon.core.main.TestSuiteExecutor.accessTestCaseMainPhase(TestSuiteExecutor.java:169)
	at com.kms.katalon.core.main.TestSuiteExecutor.accessTestSuiteMainPhase(TestSuiteExecutor.java:142)
	at com.kms.katalon.core.main.TestSuiteExecutor.execute(TestSuiteExecutor.java:91)
	at com.kms.katalon.core.main.TestCaseMain.startTestSuite(TestCaseMain.java:157)
	at com.kms.katalon.core.main.TestCaseMain$startTestSuite$0.call(Unknown Source)
	at TempTestSuite1582647327740.run(TempTestSuite1582647327740.groovy:36)
Caused by: com.kms.katalon.core.exception.StepFailedException: Unable to open browser with url: 'http://test.kaizendev.net/Login/Accesar?salir=true'
	at com.kms.katalon.core.webui.keyword.internal.WebUIKeywordMain.stepFailed(WebUIKeywordMain.groovy:64)
	at com.kms.katalon.core.webui.keyword.internal.WebUIKeywordMain.runKeyword(WebUIKeywordMain.groovy:26)
	at com.kms.katalon.core.webui.keyword.builtin.OpenBrowserKeyword.openBrowser(OpenBrowserKeyword.groovy:81)
	at com.kms.katalon.core.webui.keyword.builtin.OpenBrowserKeyword.execute(OpenBrowserKeyword.groovy:67)
	at com.kms.katalon.core.keyword.internal.KeywordExecutor.executeKeywordForPlatform(KeywordExecutor.groovy:72)
	at com.kms.katalon.core.webui.keyword.WebUiBuiltInKeywords.openBrowser(WebUiBuiltInKeywords.groovy:60)
	at com.kms.katalon.core.webui.keyword.WebUiBuiltInKeywords$openBrowser.call(Unknown Source)
	at Login.run(Login:21)
	at com.kms.katalon.core.main.ScriptEngine.run(ScriptEngine.java:194)
	at com.kms.katalon.core.main.ScriptEngine.runScriptAsRawText(ScriptEngine.java:119)
	at com.kms.katalon.core.main.TestCaseExecutor.runScript(TestCaseExecutor.java:337)
	at com.kms.katalon.core.main.TestCaseExecutor.doExecute(TestCaseExecutor.java:328)
	at com.kms.katalon.core.main.TestCaseExecutor.processExecutionPhase(TestCaseExecutor.java:307)
	at com.kms.katalon.core.main.TestCaseExecutor.accessMainPhase(TestCaseExecutor.java:299)
	at com.kms.katalon.core.main.TestCaseExecutor.execute(TestCaseExecutor.java:233)
	at com.kms.katalon.core.main.TestCaseMain.runTestCase(TestCaseMain.java:114)
	at com.kms.katalon.core.keyword.builtin.CallTestCaseKeyword$_callTestCase_closure1.doCall(CallTestCaseKeyword.groovy:59)
	... 20 more
Caused by: org.openqa.selenium.WebDriverException: unknown error: cannot determine loading status
from disconnected: received Inspector.detached event
  (Session info: chrome=80.0.3987.122)
Build info: version: '3.141.59', revision: 'e82be7d358', time: '2018-11-14T08:25:53'
System info: host: 'LAPTOP-K43U1BVQ', ip: '192.168.99.1', os.name: 'Windows 10', os.arch: 'amd64', os.version: '10.0', java.version: '1.8.0_181'
Driver info: com.kms.katalon.selenium.driver.CChromeDriver
Capabilities {acceptInsecureCerts: false, browserName: chrome, browserVersion: 80.0.3987.122, chrome: {chromedriverVersion: 79.0.3945.36 (3582db32b3389..., userDataDir: C:\Users\kaizen\AppData\Loc...}, goog:chromeOptions: {debuggerAddress: localhost:3823}, javascriptEnabled: true, networkConnectionEnabled: false, pageLoadStrategy: normal, platform: WINDOWS, platformName: WINDOWS, proxy: Proxy(), setWindowRect: true, strictFileInteractability: false, timeouts: {implicit: 0, pageLoad: 300000, script: 30000}, unhandledPromptBehavior: dismiss and notify}
Session ID: a08089e78b7e1ddef64bc98f8828a6bd
	at org.openqa.selenium.remote.http.W3CHttpResponseCodec.createException(W3CHttpResponseCodec.java:187)
	at org.openqa.selenium.remote.http.W3CHttpResponseCodec.decode(W3CHttpResponseCodec.java:122)
	at org.openqa.selenium.remote.http.W3CHttpResponseCodec.decode(W3CHttpResponseCodec.java:49)
	at org.openqa.selenium.remote.HttpCommandExecutor.execute(HttpCommandExecutor.java:158)
	at org.openqa.selenium.remote.service.DriverCommandExecutor.execute(DriverCommandExecutor.java:83)
	at org.openqa.selenium.remote.RemoteWebDriver.execute(RemoteWebDriver.java:552)
	at com.kms.katalon.selenium.driver.CChromeDriver.execute(CChromeDriver.java:19)
	at org.openqa.selenium.remote.RemoteWebDriver.get(RemoteWebDriver.java:277)
	at org.openqa.selenium.support.events.EventFiringWebDriver.lambda$new$1(EventFiringWebDriver.java:105)
	at com.sun.proxy.$Proxy8.get(Unknown Source)
	at org.openqa.selenium.support.events.EventFiringWebDriver.get(EventFiringWebDriver.java:165)
	at com.kms.katalon.core.webui.keyword.builtin.OpenBrowserKeyword$_openBrowser_closure1.doCall(OpenBrowserKeyword.groovy:78)
	at com.kms.katalon.core.webui.keyword.builtin.OpenBrowserKeyword$_openBrowser_closure1.call(OpenBrowserKeyword.groovy)
	at com.kms.katalon.core.webui.keyword.internal.WebUIKeywordMain.runKeyword(WebUIKeywordMain.groovy:20)
	... 35 more


2020-02-25 12:15:31 - [TEST_STEP][PASSED] - archivo = $RunConfiguration.getProjectDir()/Pedidos/DataExcel/ProductoAlmacen.xlsx: null

2020-02-25 12:15:31 - [TEST_STEP][PASSED] - excelData = getExcelDataWithDefaultSheet(archivo, "Sheet1", true): null

2020-02-25 12:15:32 - [TEST_STEP][FAILED] - for ([Index = 1, Index <= excelData.getRowNumbers(), (Index++)]): Unable to call Test Case 'Test Cases/Individual_Tests/Login' (Root cause: com.kms.katalon.core.exception.StepFailedException: Call Test Case 'Test Cases/Individual_Tests/Login' failed
	at com.kms.katalon.core.keyword.builtin.CallTestCaseKeyword$_callTestCase_closure1.doCall(CallTestCaseKeyword.groovy:63)
	at com.kms.katalon.core.keyword.builtin.CallTestCaseKeyword$_callTestCase_closure1.call(CallTestCaseKeyword.groovy)
	at com.kms.katalon.core.keyword.internal.KeywordMain.runKeyword(KeywordMain.groovy:68)
	at com.kms.katalon.core.keyword.builtin.CallTestCaseKeyword.callTestCase(CallTestCaseKeyword.groovy:81)
	at com.kms.katalon.core.keyword.builtin.CallTestCaseKeyword.execute(CallTestCaseKeyword.groovy:44)
	at com.kms.katalon.core.keyword.internal.KeywordExecutor.executeKeywordForPlatform(KeywordExecutor.groovy:72)
	at com.kms.katalon.core.keyword.BuiltinKeywords.callTestCase(BuiltinKeywords.groovy:334)
	at TC_Agregar_Producto_Almacen.run(TC_Agregar_Producto_Almacen:26)
	at com.kms.katalon.core.main.ScriptEngine.run(ScriptEngine.java:194)
	at com.kms.katalon.core.main.ScriptEngine.runScriptAsRawText(ScriptEngine.java:119)
	at com.kms.katalon.core.main.TestCaseExecutor.runScript(TestCaseExecutor.java:337)
	at com.kms.katalon.core.main.TestCaseExecutor.doExecute(TestCaseExecutor.java:328)
	at com.kms.katalon.core.main.TestCaseExecutor.processExecutionPhase(TestCaseExecutor.java:307)
	at com.kms.katalon.core.main.TestCaseExecutor.accessMainPhase(TestCaseExecutor.java:299)
	at com.kms.katalon.core.main.TestCaseExecutor.execute(TestCaseExecutor.java:233)
	at com.kms.katalon.core.main.TestSuiteExecutor.accessTestCaseMainPhase(TestSuiteExecutor.java:169)
	at com.kms.katalon.core.main.TestSuiteExecutor.accessTestSuiteMainPhase(TestSuiteExecutor.java:142)
	at com.kms.katalon.core.main.TestSuiteExecutor.execute(TestSuiteExecutor.java:91)
	at com.kms.katalon.core.main.TestCaseMain.startTestSuite(TestCaseMain.java:157)
	at com.kms.katalon.core.main.TestCaseMain$startTestSuite$0.call(Unknown Source)
	at TempTestSuite1582647327740.run(TempTestSuite1582647327740.groovy:36)
Caused by: com.kms.katalon.core.exception.StepFailedException: Unable to open browser with url: 'http://test.kaizendev.net/Login/Accesar?salir=true'
	at com.kms.katalon.core.webui.keyword.internal.WebUIKeywordMain.stepFailed(WebUIKeywordMain.groovy:64)
	at com.kms.katalon.core.webui.keyword.internal.WebUIKeywordMain.runKeyword(WebUIKeywordMain.groovy:26)
	at com.kms.katalon.core.webui.keyword.builtin.OpenBrowserKeyword.openBrowser(OpenBrowserKeyword.groovy:81)
	at com.kms.katalon.core.webui.keyword.builtin.OpenBrowserKeyword.execute(OpenBrowserKeyword.groovy:67)
	at com.kms.katalon.core.keyword.internal.KeywordExecutor.executeKeywordForPlatform(KeywordExecutor.groovy:72)
	at com.kms.katalon.core.webui.keyword.WebUiBuiltInKeywords.openBrowser(WebUiBuiltInKeywords.groovy:60)
	at com.kms.katalon.core.webui.keyword.WebUiBuiltInKeywords$openBrowser.call(Unknown Source)
	at Login.run(Login:21)
	at com.kms.katalon.core.main.ScriptEngine.run(ScriptEngine.java:194)
	at com.kms.katalon.core.main.ScriptEngine.runScriptAsRawText(ScriptEngine.java:119)
	at com.kms.katalon.core.main.TestCaseExecutor.runScript(TestCaseExecutor.java:337)
	at com.kms.katalon.core.main.TestCaseExecutor.doExecute(TestCaseExecutor.java:328)
	at com.kms.katalon.core.main.TestCaseExecutor.processExecutionPhase(TestCaseExecutor.java:307)
	at com.kms.katalon.core.main.TestCaseExecutor.accessMainPhase(TestCaseExecutor.java:299)
	at com.kms.katalon.core.main.TestCaseExecutor.execute(TestCaseExecutor.java:233)
	at com.kms.katalon.core.main.TestCaseMain.runTestCase(TestCaseMain.java:114)
	at com.kms.katalon.core.keyword.builtin.CallTestCaseKeyword$_callTestCase_closure1.doCall(CallTestCaseKeyword.groovy:59)
	... 20 more
Caused by: org.openqa.selenium.WebDriverException: unknown error: cannot determine loading status
from disconnected: received Inspector.detached event
  (Session info: chrome=80.0.3987.122)
Build info: version: '3.141.59', revision: 'e82be7d358', time: '2018-11-14T08:25:53'
System info: host: 'LAPTOP-K43U1BVQ', ip: '192.168.99.1', os.name: 'Windows 10', os.arch: 'amd64', os.version: '10.0', java.version: '1.8.0_181'
Driver info: com.kms.katalon.selenium.driver.CChromeDriver
Capabilities {acceptInsecureCerts: false, browserName: chrome, browserVersion: 80.0.3987.122, chrome: {chromedriverVersion: 79.0.3945.36 (3582db32b3389..., userDataDir: C:\Users\kaizen\AppData\Loc...}, goog:chromeOptions: {debuggerAddress: localhost:3823}, javascriptEnabled: true, networkConnectionEnabled: false, pageLoadStrategy: normal, platform: WINDOWS, platformName: WINDOWS, proxy: Proxy(), setWindowRect: true, strictFileInteractability: false, timeouts: {implicit: 0, pageLoad: 300000, script: 30000}, unhandledPromptBehavior: dismiss and notify}
Session ID: a08089e78b7e1ddef64bc98f8828a6bd
	at org.openqa.selenium.remote.http.W3CHttpResponseCodec.createException(W3CHttpResponseCodec.java:187)
	at org.openqa.selenium.remote.http.W3CHttpResponseCodec.decode(W3CHttpResponseCodec.java:122)
	at org.openqa.selenium.remote.http.W3CHttpResponseCodec.decode(W3CHttpResponseCodec.java:49)
	at org.openqa.selenium.remote.HttpCommandExecutor.execute(HttpCommandExecutor.java:158)
	at org.openqa.selenium.remote.service.DriverCommandExecutor.execute(DriverCommandExecutor.java:83)
	at org.openqa.selenium.remote.RemoteWebDriver.execute(RemoteWebDriver.java:552)
	at com.kms.katalon.selenium.driver.CChromeDriver.execute(CChromeDriver.java:19)
	at org.openqa.selenium.remote.RemoteWebDriver.get(RemoteWebDriver.java:277)
	at org.openqa.selenium.support.events.EventFiringWebDriver.lambda$new$1(EventFiringWebDriver.java:105)
	at com.sun.proxy.$Proxy8.get(Unknown Source)
	at org.openqa.selenium.support.events.EventFiringWebDriver.get(EventFiringWebDriver.java:165)
	at com.kms.katalon.core.webui.keyword.builtin.OpenBrowserKeyword$_openBrowser_closure1.doCall(OpenBrowserKeyword.groovy:78)
	at com.kms.katalon.core.webui.keyword.builtin.OpenBrowserKeyword$_openBrowser_closure1.call(OpenBrowserKeyword.groovy)
	at com.kms.katalon.core.webui.keyword.internal.WebUIKeywordMain.runKeyword(WebUIKeywordMain.groovy:20)
	... 35 more
)

2020-02-25 12:15:32 - [TEST_STEP][PASSED] - callTestCase(findTestCase("Individual_Tests/Login"), ["Evento":"ProductoAlmacen", "Index":Index], STOP_ON_FAILURE): Call Test Case 'Test Cases/Individual_Tests/Login' successfully

2020-02-25 12:15:32 - [TEST_CASE][PASSED] - Test Cases/Individual_Tests/Login: Test Cases/Individual_Tests/Login

2020-02-25 12:15:33 - [TEST_STEP][PASSED] - print("Evento Seleccionado: " + Evento + "
"): null

2020-02-25 12:15:33 - [TEST_STEP][PASSED] - openBrowser(Web): Browser is opened with url: 'http://test.kaizendev.net/Login/Accesar?salir=true'

2020-02-25 12:15:34 - [MESSAGE][INFO] - Starting 'Chrome' driver

2020-02-25 12:15:34 - [MESSAGE][INFO] - Action delay is set to 0 seconds

2020-02-25 12:15:54 - [MESSAGE][PASSED] - Browser is opened with url: 'http://test.kaizendev.net/Login/Accesar?salir=true'

2020-02-25 12:15:54 - [TEST_STEP][PASSED] - maximizeWindow(): Current window maximized

2020-02-25 12:15:55 - [MESSAGE][PASSED] - Current window maximized

2020-02-25 12:15:55 - [TEST_STEP][PASSED] - if (Evento == "Crear20"): null

2020-02-25 12:15:55 - [TEST_STEP][PASSED] - else if (Evento == "Crear40"): null

2020-02-25 12:15:55 - [TEST_STEP][PASSED] - else if (Evento == "Aprobar"): null

2020-02-25 12:15:55 - [TEST_STEP][PASSED] - else if (Evento == "Logistica"): null

2020-02-25 12:15:55 - [TEST_STEP][PASSED] - else if (Evento == "Produccion"): null

2020-02-25 12:15:55 - [TEST_STEP][PASSED] - else if (Evento == "Inventario"): null

2020-02-25 12:15:55 - [TEST_STEP][PASSED] - else if (Evento == "Despacho"): null

2020-02-25 12:15:55 - [TEST_STEP][PASSED] - else if (Evento == "ProductoAlmacen"): Object: 'Object Repository/Page_Iniciar Sesion - KAIZEN/is_btn_ingresar_sistema' is clicked on

2020-02-25 12:15:55 - [TEST_STEP][PASSED] - data7 = obtener_excels.obtener_producto_almacen.getValuesExcelProductoAlmacen(Index): obtener_excels.obtener_producto_almacen.getValuesExcelProductoAlmacen is PASSED

2020-02-25 12:15:55 - [MESSAGE][PASSED] - obtener_excels.obtener_producto_almacen.getValuesExcelProductoAlmacen is PASSED

2020-02-25 12:15:55 - [TEST_STEP][PASSED] - Usuario = data7[1]: null

2020-02-25 12:15:55 - [TEST_STEP][PASSED] - Contrasena = data7[2]: null

2020-02-25 12:15:55 - [TEST_STEP][PASSED] - setText(findTestObject("Page_Iniciar Sesion - KAIZEN/is_input_email"), Usuario): Text 'automated.test@grupokaizen.net' is set on object 'Object Repository/Page_Iniciar Sesion - KAIZEN/is_input_email'

2020-02-25 12:15:56 - [MESSAGE][PASSED] - Text 'automated.test@grupokaizen.net' is set on object 'Object Repository/Page_Iniciar Sesion - KAIZEN/is_input_email'

2020-02-25 12:15:56 - [TEST_STEP][PASSED] - setEncryptedText(findTestObject("Page_Iniciar Sesion - KAIZEN/IS_input_contrasena"), Contrasena): Text ****** has been set on object 'Object Repository/Page_Iniciar Sesion - KAIZEN/IS_input_contrasena'

2020-02-25 12:15:57 - [MESSAGE][PASSED] - Text ****** has been set on object 'Object Repository/Page_Iniciar Sesion - KAIZEN/IS_input_contrasena'

2020-02-25 12:15:57 - [TEST_STEP][PASSED] - click(findTestObject("Page_Iniciar Sesion - KAIZEN/is_btn_ingresar_sistema")): Object: 'Object Repository/Page_Iniciar Sesion - KAIZEN/is_btn_ingresar_sistema' is clicked on

2020-02-25 12:15:59 - [MESSAGE][PASSED] - Object: 'Object Repository/Page_Iniciar Sesion - KAIZEN/is_btn_ingresar_sistema' is clicked on

2020-02-25 12:15:59 - [MESSAGE][PASSED] - Call Test Case 'Test Cases/Individual_Tests/Login' successfully

2020-02-25 12:15:59 - [TEST_STEP][PASSED] - callTestCase(findTestCase("Individual_Tests/Seleccionar_Idioma"), ["Evento":"ProductoAlmacen", "Index":Index], STOP_ON_FAILURE): Call Test Case 'Test Cases/Individual_Tests/Seleccionar_Idioma' successfully

2020-02-25 12:15:59 - [TEST_CASE][PASSED] - Test Cases/Individual_Tests/Seleccionar_Idioma: Test Cases/Individual_Tests/Seleccionar_Idioma

2020-02-25 12:16:00 - [TEST_STEP][PASSED] - Idioma = 0: null

2020-02-25 12:16:00 - [TEST_STEP][PASSED] - if (Evento == "Crear20"): null

2020-02-25 12:16:00 - [TEST_STEP][PASSED] - else if (Evento == "Crear40"): null

2020-02-25 12:16:00 - [TEST_STEP][PASSED] - else if (Evento == "Aprobar"): null

2020-02-25 12:16:00 - [TEST_STEP][PASSED] - else if (Evento == "Logistica"): null

2020-02-25 12:16:00 - [TEST_STEP][PASSED] - else if (Evento == "Produccion"): null

2020-02-25 12:16:00 - [TEST_STEP][PASSED] - else if (Evento == "Inventario"): null

2020-02-25 12:16:00 - [TEST_STEP][PASSED] - else if (Evento == "Despacho"): null

2020-02-25 12:16:00 - [TEST_STEP][PASSED] - else if (Evento == "ProductoAlmacen"): null

2020-02-25 12:16:00 - [TEST_STEP][PASSED] - data8 = obtener_excels.obtener_producto_almacen.getValuesExcelProductoAlmacen(Index): obtener_excels.obtener_producto_almacen.getValuesExcelProductoAlmacen is PASSED

2020-02-25 12:16:00 - [MESSAGE][PASSED] - obtener_excels.obtener_producto_almacen.getValuesExcelProductoAlmacen is PASSED

2020-02-25 12:16:00 - [TEST_STEP][PASSED] - Idioma = data8[0]: null

2020-02-25 12:16:00 - [TEST_STEP][PASSED] - click(findTestObject("Page_- KAIZEN/si_btn_idioma")): Object: 'Object Repository/Page_- KAIZEN/si_btn_idioma' is clicked on

2020-02-25 12:16:00 - [MESSAGE][PASSED] - Object: 'Object Repository/Page_- KAIZEN/si_btn_idioma' is clicked on

2020-02-25 12:16:00 - [TEST_STEP][PASSED] - if (Idioma == "0"): Object: 'Object Repository/Page_- KAIZEN/si_Ingles' is clicked on

2020-02-25 12:16:00 - [TEST_STEP][PASSED] - click(findTestObject("Page_- KAIZEN/si_Ingles")): Object: 'Object Repository/Page_- KAIZEN/si_Ingles' is clicked on

2020-02-25 12:16:02 - [MESSAGE][PASSED] - Object: 'Object Repository/Page_- KAIZEN/si_Ingles' is clicked on

2020-02-25 12:16:02 - [MESSAGE][PASSED] - Call Test Case 'Test Cases/Individual_Tests/Seleccionar_Idioma' successfully

2020-02-25 12:16:02 - [TEST_STEP][PASSED] - callTestCase(findTestCase("Individual_Tests/Anadir_Producto_Almacen"), ["Index":Index], STOP_ON_FAILURE): Call Test Case 'Test Cases/Individual_Tests/Anadir_Producto_Almacen' successfully

2020-02-25 12:16:02 - [TEST_CASE][PASSED] - Test Cases/Individual_Tests/Anadir_Producto_Almacen: Test Cases/Individual_Tests/Anadir_Producto_Almacen

2020-02-25 12:16:02 - [TEST_STEP][PASSED] - data = obtener_excels.obtener_producto_almacen.getValuesExcelProductoAlmacen(Index): obtener_excels.obtener_producto_almacen.getValuesExcelProductoAlmacen is PASSED

2020-02-25 12:16:02 - [MESSAGE][PASSED] - obtener_excels.obtener_producto_almacen.getValuesExcelProductoAlmacen is PASSED

2020-02-25 12:16:02 - [TEST_STEP][PASSED] - Producto = data[3]: null

2020-02-25 12:16:02 - [TEST_STEP][PASSED] - CantidadMinima = data[4]: null

2020-02-25 12:16:02 - [TEST_STEP][PASSED] - CantidadMaxima = data[5]: null

2020-02-25 12:16:02 - [TEST_STEP][PASSED] - Almacen = data[6]: null

2020-02-25 12:16:02 - [TEST_STEP][PASSED] - Almacen2 = data[7]: null

2020-02-25 12:16:02 - [TEST_STEP][PASSED] - click(findTestObject("Object Repository/Page_- KAIZEN/mvi_menu_Inventario")): Object: 'Object Repository/Page_- KAIZEN/mvi_menu_Inventario' is clicked on

2020-02-25 12:16:03 - [MESSAGE][PASSED] - Object: 'Object Repository/Page_- KAIZEN/mvi_menu_Inventario' is clicked on

2020-02-25 12:16:03 - [TEST_STEP][PASSED] - click(findTestObject("Object Repository/Page_- KAIZEN/mvi_menu_productos_por_almacen")): Object: 'Object Repository/Page_- KAIZEN/mvi_menu_productos_por_almacen' is clicked on

2020-02-25 12:16:05 - [MESSAGE][PASSED] - Object: 'Object Repository/Page_- KAIZEN/mvi_menu_productos_por_almacen' is clicked on

2020-02-25 12:16:05 - [TEST_STEP][PASSED] - click(findTestObject("Object Repository/Page_Index - KAIZEN/mvi_agregar")): Object: 'Object Repository/Page_Index - KAIZEN/mvi_agregar' is clicked on

2020-02-25 12:16:08 - [MESSAGE][PASSED] - Object: 'Object Repository/Page_Index - KAIZEN/mvi_agregar' is clicked on

2020-02-25 12:16:08 - [TEST_STEP][PASSED] - click(findTestObject("Object Repository/Page_Agregar Productos - KAIZEN/mvi_btn_seleccione")): Object: 'Object Repository/Page_Agregar Productos - KAIZEN/mvi_btn_seleccione' is clicked on

2020-02-25 12:16:09 - [MESSAGE][PASSED] - Object: 'Object Repository/Page_Agregar Productos - KAIZEN/mvi_btn_seleccione' is clicked on

2020-02-25 12:16:09 - [TEST_STEP][PASSED] - setText(findTestObject("Object Repository/Page_Agregar Productos - KAIZEN/mvi_assing_prodcuto"), Producto): Text 'TRENTON 5 LUBERMAX PROFESSIONAL  50 D SERIES' is set on object 'Object Repository/Page_Agregar Productos - KAIZEN/mvi_assing_prodcuto'

2020-02-25 12:16:11 - [MESSAGE][PASSED] - Text 'TRENTON 5 LUBERMAX PROFESSIONAL  50 D SERIES' is set on object 'Object Repository/Page_Agregar Productos - KAIZEN/mvi_assing_prodcuto'

2020-02-25 12:16:11 - [TEST_STEP][PASSED] - sendKeys(findTestObject("Object Repository/Page_Agregar Productos - KAIZEN/mvi_assing_prodcuto"), Keys.chord(ENTER)): Keys 'ENTER + ' sent to object: 'Object Repository/Page_Agregar Productos - KAIZEN/mvi_assing_prodcuto'

2020-02-25 12:16:11 - [MESSAGE][PASSED] - Keys 'ENTER + ' sent to object: 'Object Repository/Page_Agregar Productos - KAIZEN/mvi_assing_prodcuto'

2020-02-25 12:16:11 - [TEST_STEP][PASSED] - selectOptionByValue(findTestObject("Object Repository/Page_Agregar Productos - KAIZEN/mvi_assing_almacen"), Almacen, true): All options with value '2' are selected in object 'Object Repository/Page_Agregar Productos - KAIZEN/mvi_assing_almacen'  using regular expression

2020-02-25 12:16:12 - [MESSAGE][PASSED] - All options with value '2' are selected in object 'Object Repository/Page_Agregar Productos - KAIZEN/mvi_assing_almacen'  using regular expression

2020-02-25 12:16:12 - [TEST_STEP][PASSED] - delay(3): Delayed 3 second(s)

2020-02-25 12:16:15 - [MESSAGE][PASSED] - Delayed 3 second(s)

2020-02-25 12:16:15 - [TEST_STEP][PASSED] - modal = executeJavaScript("return document.querySelector('.swal2-popup');", null): Execute JavaScript 'return document.querySelector('.swal2-popup');' successfully

2020-02-25 12:16:15 - [MESSAGE][PASSED] - Execute JavaScript 'return document.querySelector('.swal2-popup');' successfully

2020-02-25 12:16:15 - [TEST_STEP][PASSED] - print(modal): null

2020-02-25 12:16:15 - [TEST_STEP][PASSED] - if (modal == null): Object: 'Object Repository/Page_Agregar Productos - KAIZEN/mvi_Guardar' is clicked on

2020-02-25 12:16:15 - [TEST_STEP][PASSED] - setText(findTestObject("Object Repository/Page_Agregar Productos - KAIZEN/mvi_cantidad_mnima_almacn"), CantidadMinima): Text '6' is set on object 'Object Repository/Page_Agregar Productos - KAIZEN/mvi_cantidad_mnima_almacn'

2020-02-25 12:16:16 - [MESSAGE][PASSED] - Text '6' is set on object 'Object Repository/Page_Agregar Productos - KAIZEN/mvi_cantidad_mnima_almacn'

2020-02-25 12:16:16 - [TEST_STEP][PASSED] - setText(findTestObject("Object Repository/Page_Agregar Productos - KAIZEN/mvi_cantidad_mxima_en_almacn"), CantidadMaxima): Text '136' is set on object 'Object Repository/Page_Agregar Productos - KAIZEN/mvi_cantidad_mxima_en_almacn'

2020-02-25 12:16:16 - [MESSAGE][PASSED] - Text '136' is set on object 'Object Repository/Page_Agregar Productos - KAIZEN/mvi_cantidad_mxima_en_almacn'

2020-02-25 12:16:16 - [TEST_STEP][PASSED] - delay(7): Delayed 7 second(s)

2020-02-25 12:16:23 - [MESSAGE][PASSED] - Delayed 7 second(s)

2020-02-25 12:16:23 - [TEST_STEP][PASSED] - click(findTestObject("Object Repository/Page_Agregar Productos - KAIZEN/mvi_button_OK")): Object: 'Object Repository/Page_Agregar Productos - KAIZEN/mvi_button_OK' is clicked on

2020-02-25 12:16:24 - [MESSAGE][PASSED] - Object: 'Object Repository/Page_Agregar Productos - KAIZEN/mvi_button_OK' is clicked on

2020-02-25 12:16:24 - [TEST_STEP][PASSED] - selectOptionByValue(findTestObject("Object Repository/Page_Agregar Productos - KAIZEN/mvi_assing_almacen"), "4", true): All options with value '4' are selected in object 'Object Repository/Page_Agregar Productos - KAIZEN/mvi_assing_almacen'  using regular expression

2020-02-25 12:16:25 - [MESSAGE][PASSED] - All options with value '4' are selected in object 'Object Repository/Page_Agregar Productos - KAIZEN/mvi_assing_almacen'  using regular expression

2020-02-25 12:16:25 - [TEST_STEP][PASSED] - selectOptionByValue(findTestObject("Object Repository/Page_Agregar Productos - KAIZEN/mvi_assing_almacen"), Almacen, true): All options with value '2' are selected in object 'Object Repository/Page_Agregar Productos - KAIZEN/mvi_assing_almacen'  using regular expression

2020-02-25 12:16:26 - [MESSAGE][PASSED] - All options with value '2' are selected in object 'Object Repository/Page_Agregar Productos - KAIZEN/mvi_assing_almacen'  using regular expression

2020-02-25 12:16:26 - [TEST_STEP][PASSED] - click(findTestObject("Object Repository/Page_Agregar Productos - KAIZEN/mvi_Guardar")): Object: 'Object Repository/Page_Agregar Productos - KAIZEN/mvi_Guardar' is clicked on

2020-02-25 12:16:31 - [MESSAGE][PASSED] - Object: 'Object Repository/Page_Agregar Productos - KAIZEN/mvi_Guardar' is clicked on

2020-02-25 12:16:31 - [TEST_STEP][PASSED] - click(findTestObject("Object Repository/Page_- KAIZEN/mvi_menu_Inventario")): Object: 'Object Repository/Page_- KAIZEN/mvi_menu_Inventario' is clicked on

2020-02-25 12:16:32 - [MESSAGE][PASSED] - Object: 'Object Repository/Page_- KAIZEN/mvi_menu_Inventario' is clicked on

2020-02-25 12:16:32 - [TEST_STEP][PASSED] - click(findTestObject("Object Repository/Page_- KAIZEN/mvi_menu_productos_por_almacen")): Object: 'Object Repository/Page_- KAIZEN/mvi_menu_productos_por_almacen' is clicked on

2020-02-25 12:16:33 - [MESSAGE][PASSED] - Object: 'Object Repository/Page_- KAIZEN/mvi_menu_productos_por_almacen' is clicked on

2020-02-25 12:16:33 - [TEST_STEP][PASSED] - click(findTestObject("Object Repository/Page_Index - KAIZEN/mvi_agregar")): Object: 'Object Repository/Page_Index - KAIZEN/mvi_agregar' is clicked on

2020-02-25 12:16:35 - [MESSAGE][PASSED] - Object: 'Object Repository/Page_Index - KAIZEN/mvi_agregar' is clicked on

2020-02-25 12:16:35 - [TEST_STEP][PASSED] - click(findTestObject("Object Repository/Page_Agregar Productos - KAIZEN/mvi_btn_seleccione")): Object: 'Object Repository/Page_Agregar Productos - KAIZEN/mvi_btn_seleccione' is clicked on

2020-02-25 12:16:36 - [MESSAGE][PASSED] - Object: 'Object Repository/Page_Agregar Productos - KAIZEN/mvi_btn_seleccione' is clicked on

2020-02-25 12:16:36 - [TEST_STEP][PASSED] - setText(findTestObject("Object Repository/Page_Agregar Productos - KAIZEN/mvi_assing_prodcuto"), Producto): Text 'TRENTON 5 LUBERMAX PROFESSIONAL  50 D SERIES' is set on object 'Object Repository/Page_Agregar Productos - KAIZEN/mvi_assing_prodcuto'

2020-02-25 12:16:38 - [MESSAGE][PASSED] - Text 'TRENTON 5 LUBERMAX PROFESSIONAL  50 D SERIES' is set on object 'Object Repository/Page_Agregar Productos - KAIZEN/mvi_assing_prodcuto'

2020-02-25 12:16:38 - [TEST_STEP][PASSED] - sendKeys(findTestObject("Object Repository/Page_Agregar Productos - KAIZEN/mvi_assing_prodcuto"), Keys.chord(ENTER)): Keys 'ENTER + ' sent to object: 'Object Repository/Page_Agregar Productos - KAIZEN/mvi_assing_prodcuto'

2020-02-25 12:16:39 - [MESSAGE][PASSED] - Keys 'ENTER + ' sent to object: 'Object Repository/Page_Agregar Productos - KAIZEN/mvi_assing_prodcuto'

2020-02-25 12:16:39 - [TEST_STEP][PASSED] - selectOptionByValue(findTestObject("Object Repository/Page_Agregar Productos - KAIZEN/mvi_assing_almacen"), Almacen2, true): All options with value '7' are selected in object 'Object Repository/Page_Agregar Productos - KAIZEN/mvi_assing_almacen'  using regular expression

2020-02-25 12:16:40 - [MESSAGE][PASSED] - All options with value '7' are selected in object 'Object Repository/Page_Agregar Productos - KAIZEN/mvi_assing_almacen'  using regular expression

2020-02-25 12:16:40 - [TEST_STEP][PASSED] - delay(3): Delayed 3 second(s)

2020-02-25 12:16:43 - [MESSAGE][PASSED] - Delayed 3 second(s)

2020-02-25 12:16:43 - [TEST_STEP][PASSED] - modal2 = executeJavaScript("return document.querySelector('.swal2-popup');", null): Execute JavaScript 'return document.querySelector('.swal2-popup');' successfully

2020-02-25 12:16:43 - [MESSAGE][PASSED] - Execute JavaScript 'return document.querySelector('.swal2-popup');' successfully

2020-02-25 12:16:43 - [TEST_STEP][PASSED] - if (modal2 == null): Object: 'Object Repository/Page_Agregar Productos - KAIZEN/mvi_Guardar' is clicked on

2020-02-25 12:16:43 - [TEST_STEP][PASSED] - setText(findTestObject("Object Repository/Page_Agregar Productos - KAIZEN/mvi_cantidad_mnima_almacn"), CantidadMinima): Text '6' is set on object 'Object Repository/Page_Agregar Productos - KAIZEN/mvi_cantidad_mnima_almacn'

2020-02-25 12:16:43 - [MESSAGE][PASSED] - Text '6' is set on object 'Object Repository/Page_Agregar Productos - KAIZEN/mvi_cantidad_mnima_almacn'

2020-02-25 12:16:43 - [TEST_STEP][PASSED] - setText(findTestObject("Object Repository/Page_Agregar Productos - KAIZEN/mvi_cantidad_mxima_en_almacn"), CantidadMaxima): Text '136' is set on object 'Object Repository/Page_Agregar Productos - KAIZEN/mvi_cantidad_mxima_en_almacn'

2020-02-25 12:16:44 - [MESSAGE][PASSED] - Text '136' is set on object 'Object Repository/Page_Agregar Productos - KAIZEN/mvi_cantidad_mxima_en_almacn'

2020-02-25 12:16:44 - [TEST_STEP][PASSED] - delay(7): Delayed 7 second(s)

2020-02-25 12:16:51 - [MESSAGE][PASSED] - Delayed 7 second(s)

2020-02-25 12:16:51 - [TEST_STEP][PASSED] - click(findTestObject("Object Repository/Page_Agregar Productos - KAIZEN/mvi_button_OK")): Object: 'Object Repository/Page_Agregar Productos - KAIZEN/mvi_button_OK' is clicked on

2020-02-25 12:16:51 - [MESSAGE][PASSED] - Object: 'Object Repository/Page_Agregar Productos - KAIZEN/mvi_button_OK' is clicked on

2020-02-25 12:16:51 - [TEST_STEP][PASSED] - selectOptionByValue(findTestObject("Object Repository/Page_Agregar Productos - KAIZEN/mvi_assing_almacen"), "4", true): All options with value '4' are selected in object 'Object Repository/Page_Agregar Productos - KAIZEN/mvi_assing_almacen'  using regular expression

2020-02-25 12:16:52 - [MESSAGE][PASSED] - All options with value '4' are selected in object 'Object Repository/Page_Agregar Productos - KAIZEN/mvi_assing_almacen'  using regular expression

2020-02-25 12:16:52 - [TEST_STEP][PASSED] - selectOptionByValue(findTestObject("Object Repository/Page_Agregar Productos - KAIZEN/mvi_assing_almacen"), Almacen2, true): All options with value '7' are selected in object 'Object Repository/Page_Agregar Productos - KAIZEN/mvi_assing_almacen'  using regular expression

2020-02-25 12:16:54 - [MESSAGE][PASSED] - All options with value '7' are selected in object 'Object Repository/Page_Agregar Productos - KAIZEN/mvi_assing_almacen'  using regular expression

2020-02-25 12:16:54 - [TEST_STEP][PASSED] - click(findTestObject("Object Repository/Page_Agregar Productos - KAIZEN/mvi_Guardar")): Object: 'Object Repository/Page_Agregar Productos - KAIZEN/mvi_Guardar' is clicked on

2020-02-25 12:16:56 - [MESSAGE][PASSED] - Object: 'Object Repository/Page_Agregar Productos - KAIZEN/mvi_Guardar' is clicked on

2020-02-25 12:16:56 - [MESSAGE][PASSED] - Call Test Case 'Test Cases/Individual_Tests/Anadir_Producto_Almacen' successfully

2020-02-25 12:16:56 - [TEST_STEP][PASSED] - callTestCase(findTestCase("Individual_Tests/Login"), ["Evento":"ProductoAlmacen", "Index":Index], STOP_ON_FAILURE): Call Test Case 'Test Cases/Individual_Tests/Login' successfully

2020-02-25 12:16:56 - [TEST_CASE][PASSED] - Test Cases/Individual_Tests/Login: Test Cases/Individual_Tests/Login

2020-02-25 12:16:56 - [TEST_STEP][PASSED] - print("Evento Seleccionado: " + Evento + "
"): null

2020-02-25 12:16:56 - [TEST_STEP][PASSED] - openBrowser(Web): Browser is opened with url: 'http://test.kaizendev.net/Login/Accesar?salir=true'

2020-02-25 12:16:56 - [MESSAGE][WARNING] - A browser is already opened. Closing browser and opening a new one

2020-02-25 12:16:57 - [MESSAGE][INFO] - Starting 'Chrome' driver

2020-02-25 12:17:18 - [MESSAGE][PASSED] - Browser is opened with url: 'http://test.kaizendev.net/Login/Accesar?salir=true'

2020-02-25 12:17:18 - [TEST_STEP][PASSED] - maximizeWindow(): Current window maximized

2020-02-25 12:17:19 - [MESSAGE][PASSED] - Current window maximized

2020-02-25 12:17:19 - [TEST_STEP][PASSED] - if (Evento == "Crear20"): null

2020-02-25 12:17:19 - [TEST_STEP][PASSED] - else if (Evento == "Crear40"): null

2020-02-25 12:17:19 - [TEST_STEP][PASSED] - else if (Evento == "Aprobar"): null

2020-02-25 12:17:19 - [TEST_STEP][PASSED] - else if (Evento == "Logistica"): null

2020-02-25 12:17:19 - [TEST_STEP][PASSED] - else if (Evento == "Produccion"): null

2020-02-25 12:17:19 - [TEST_STEP][PASSED] - else if (Evento == "Inventario"): null

2020-02-25 12:17:19 - [TEST_STEP][PASSED] - else if (Evento == "Despacho"): null

2020-02-25 12:17:19 - [TEST_STEP][PASSED] - else if (Evento == "ProductoAlmacen"): Object: 'Object Repository/Page_Iniciar Sesion - KAIZEN/is_btn_ingresar_sistema' is clicked on

2020-02-25 12:17:19 - [TEST_STEP][PASSED] - data7 = obtener_excels.obtener_producto_almacen.getValuesExcelProductoAlmacen(Index): obtener_excels.obtener_producto_almacen.getValuesExcelProductoAlmacen is PASSED

2020-02-25 12:17:19 - [MESSAGE][PASSED] - obtener_excels.obtener_producto_almacen.getValuesExcelProductoAlmacen is PASSED

2020-02-25 12:17:19 - [TEST_STEP][PASSED] - Usuario = data7[1]: null

2020-02-25 12:17:19 - [TEST_STEP][PASSED] - Contrasena = data7[2]: null

2020-02-25 12:17:19 - [TEST_STEP][PASSED] - setText(findTestObject("Page_Iniciar Sesion - KAIZEN/is_input_email"), Usuario): Text 'automated.test@grupokaizen.net' is set on object 'Object Repository/Page_Iniciar Sesion - KAIZEN/is_input_email'

2020-02-25 12:17:20 - [MESSAGE][PASSED] - Text 'automated.test@grupokaizen.net' is set on object 'Object Repository/Page_Iniciar Sesion - KAIZEN/is_input_email'

2020-02-25 12:17:20 - [TEST_STEP][PASSED] - setEncryptedText(findTestObject("Page_Iniciar Sesion - KAIZEN/IS_input_contrasena"), Contrasena): Text ****** has been set on object 'Object Repository/Page_Iniciar Sesion - KAIZEN/IS_input_contrasena'

2020-02-25 12:17:21 - [MESSAGE][PASSED] - Text ****** has been set on object 'Object Repository/Page_Iniciar Sesion - KAIZEN/IS_input_contrasena'

2020-02-25 12:17:21 - [TEST_STEP][PASSED] - click(findTestObject("Page_Iniciar Sesion - KAIZEN/is_btn_ingresar_sistema")): Object: 'Object Repository/Page_Iniciar Sesion - KAIZEN/is_btn_ingresar_sistema' is clicked on

2020-02-25 12:17:23 - [MESSAGE][PASSED] - Object: 'Object Repository/Page_Iniciar Sesion - KAIZEN/is_btn_ingresar_sistema' is clicked on

2020-02-25 12:17:23 - [MESSAGE][PASSED] - Call Test Case 'Test Cases/Individual_Tests/Login' successfully

2020-02-25 12:17:23 - [TEST_STEP][PASSED] - callTestCase(findTestCase("Individual_Tests/Seleccionar_Idioma"), ["Evento":"ProductoAlmacen", "Index":Index], STOP_ON_FAILURE): Call Test Case 'Test Cases/Individual_Tests/Seleccionar_Idioma' successfully

2020-02-25 12:17:24 - [TEST_CASE][PASSED] - Test Cases/Individual_Tests/Seleccionar_Idioma: Test Cases/Individual_Tests/Seleccionar_Idioma

2020-02-25 12:17:24 - [TEST_STEP][PASSED] - Idioma = 0: null

2020-02-25 12:17:24 - [TEST_STEP][PASSED] - if (Evento == "Crear20"): null

2020-02-25 12:17:24 - [TEST_STEP][PASSED] - else if (Evento == "Crear40"): null

2020-02-25 12:17:24 - [TEST_STEP][PASSED] - else if (Evento == "Aprobar"): null

2020-02-25 12:17:24 - [TEST_STEP][PASSED] - else if (Evento == "Logistica"): null

2020-02-25 12:17:24 - [TEST_STEP][PASSED] - else if (Evento == "Produccion"): null

2020-02-25 12:17:24 - [TEST_STEP][PASSED] - else if (Evento == "Inventario"): null

2020-02-25 12:17:24 - [TEST_STEP][PASSED] - else if (Evento == "Despacho"): null

2020-02-25 12:17:24 - [TEST_STEP][PASSED] - else if (Evento == "ProductoAlmacen"): null

2020-02-25 12:17:24 - [TEST_STEP][PASSED] - data8 = obtener_excels.obtener_producto_almacen.getValuesExcelProductoAlmacen(Index): obtener_excels.obtener_producto_almacen.getValuesExcelProductoAlmacen is PASSED

2020-02-25 12:17:24 - [MESSAGE][PASSED] - obtener_excels.obtener_producto_almacen.getValuesExcelProductoAlmacen is PASSED

2020-02-25 12:17:24 - [TEST_STEP][PASSED] - Idioma = data8[0]: null

2020-02-25 12:17:24 - [TEST_STEP][PASSED] - click(findTestObject("Page_- KAIZEN/si_btn_idioma")): Object: 'Object Repository/Page_- KAIZEN/si_btn_idioma' is clicked on

2020-02-25 12:17:24 - [MESSAGE][PASSED] - Object: 'Object Repository/Page_- KAIZEN/si_btn_idioma' is clicked on

2020-02-25 12:17:24 - [TEST_STEP][PASSED] - if (Idioma == "0"): null

2020-02-25 12:17:24 - [TEST_STEP][PASSED] - else: Object: 'Object Repository/Page_- KAIZEN/si_Spanish' is clicked on

2020-02-25 12:17:24 - [TEST_STEP][PASSED] - click(findTestObject("Page_- KAIZEN/si_Spanish")): Object: 'Object Repository/Page_- KAIZEN/si_Spanish' is clicked on

2020-02-25 12:17:26 - [MESSAGE][PASSED] - Object: 'Object Repository/Page_- KAIZEN/si_Spanish' is clicked on

2020-02-25 12:17:26 - [MESSAGE][PASSED] - Call Test Case 'Test Cases/Individual_Tests/Seleccionar_Idioma' successfully

2020-02-25 12:17:26 - [TEST_STEP][PASSED] - callTestCase(findTestCase("Individual_Tests/Anadir_Producto_Almacen"), ["Index":Index], STOP_ON_FAILURE): Call Test Case 'Test Cases/Individual_Tests/Anadir_Producto_Almacen' successfully

2020-02-25 12:17:26 - [TEST_CASE][PASSED] - Test Cases/Individual_Tests/Anadir_Producto_Almacen: Test Cases/Individual_Tests/Anadir_Producto_Almacen

2020-02-25 12:17:26 - [TEST_STEP][PASSED] - data = obtener_excels.obtener_producto_almacen.getValuesExcelProductoAlmacen(Index): obtener_excels.obtener_producto_almacen.getValuesExcelProductoAlmacen is PASSED

2020-02-25 12:17:26 - [MESSAGE][PASSED] - obtener_excels.obtener_producto_almacen.getValuesExcelProductoAlmacen is PASSED

2020-02-25 12:17:26 - [TEST_STEP][PASSED] - Producto = data[3]: null

2020-02-25 12:17:26 - [TEST_STEP][PASSED] - CantidadMinima = data[4]: null

2020-02-25 12:17:26 - [TEST_STEP][PASSED] - CantidadMaxima = data[5]: null

2020-02-25 12:17:26 - [TEST_STEP][PASSED] - Almacen = data[6]: null

2020-02-25 12:17:26 - [TEST_STEP][PASSED] - Almacen2 = data[7]: null

2020-02-25 12:17:26 - [TEST_STEP][PASSED] - click(findTestObject("Object Repository/Page_- KAIZEN/mvi_menu_Inventario")): Object: 'Object Repository/Page_- KAIZEN/mvi_menu_Inventario' is clicked on

2020-02-25 12:17:26 - [MESSAGE][PASSED] - Object: 'Object Repository/Page_- KAIZEN/mvi_menu_Inventario' is clicked on

2020-02-25 12:17:26 - [TEST_STEP][PASSED] - click(findTestObject("Object Repository/Page_- KAIZEN/mvi_menu_productos_por_almacen")): Object: 'Object Repository/Page_- KAIZEN/mvi_menu_productos_por_almacen' is clicked on

2020-02-25 12:17:28 - [MESSAGE][PASSED] - Object: 'Object Repository/Page_- KAIZEN/mvi_menu_productos_por_almacen' is clicked on

2020-02-25 12:17:28 - [TEST_STEP][PASSED] - click(findTestObject("Object Repository/Page_Index - KAIZEN/mvi_agregar")): Object: 'Object Repository/Page_Index - KAIZEN/mvi_agregar' is clicked on

2020-02-25 12:17:31 - [MESSAGE][PASSED] - Object: 'Object Repository/Page_Index - KAIZEN/mvi_agregar' is clicked on

2020-02-25 12:17:31 - [TEST_STEP][PASSED] - click(findTestObject("Object Repository/Page_Agregar Productos - KAIZEN/mvi_btn_seleccione")): Object: 'Object Repository/Page_Agregar Productos - KAIZEN/mvi_btn_seleccione' is clicked on

2020-02-25 12:17:32 - [MESSAGE][PASSED] - Object: 'Object Repository/Page_Agregar Productos - KAIZEN/mvi_btn_seleccione' is clicked on

2020-02-25 12:17:32 - [TEST_STEP][PASSED] - setText(findTestObject("Object Repository/Page_Agregar Productos - KAIZEN/mvi_assing_prodcuto"), Producto): Text 'TRENTON5 T-GEAR MINERAL GEAR OIL EP ISO 46' is set on object 'Object Repository/Page_Agregar Productos - KAIZEN/mvi_assing_prodcuto'

2020-02-25 12:17:34 - [MESSAGE][PASSED] - Text 'TRENTON5 T-GEAR MINERAL GEAR OIL EP ISO 46' is set on object 'Object Repository/Page_Agregar Productos - KAIZEN/mvi_assing_prodcuto'

2020-02-25 12:17:34 - [TEST_STEP][PASSED] - sendKeys(findTestObject("Object Repository/Page_Agregar Productos - KAIZEN/mvi_assing_prodcuto"), Keys.chord(ENTER)): Keys 'ENTER + ' sent to object: 'Object Repository/Page_Agregar Productos - KAIZEN/mvi_assing_prodcuto'

2020-02-25 12:17:35 - [MESSAGE][PASSED] - Keys 'ENTER + ' sent to object: 'Object Repository/Page_Agregar Productos - KAIZEN/mvi_assing_prodcuto'

2020-02-25 12:17:35 - [TEST_STEP][PASSED] - selectOptionByValue(findTestObject("Object Repository/Page_Agregar Productos - KAIZEN/mvi_assing_almacen"), Almacen, true): All options with value '7' are selected in object 'Object Repository/Page_Agregar Productos - KAIZEN/mvi_assing_almacen'  using regular expression

2020-02-25 12:17:36 - [MESSAGE][PASSED] - All options with value '7' are selected in object 'Object Repository/Page_Agregar Productos - KAIZEN/mvi_assing_almacen'  using regular expression

2020-02-25 12:17:36 - [TEST_STEP][PASSED] - delay(3): Delayed 3 second(s)

2020-02-25 12:17:39 - [MESSAGE][PASSED] - Delayed 3 second(s)

2020-02-25 12:17:39 - [TEST_STEP][PASSED] - modal = executeJavaScript("return document.querySelector('.swal2-popup');", null): Execute JavaScript 'return document.querySelector('.swal2-popup');' successfully

2020-02-25 12:17:39 - [MESSAGE][PASSED] - Execute JavaScript 'return document.querySelector('.swal2-popup');' successfully

2020-02-25 12:17:39 - [TEST_STEP][PASSED] - print(modal): null

2020-02-25 12:17:39 - [TEST_STEP][PASSED] - if (modal == null): Object: 'Object Repository/Page_Agregar Productos - KAIZEN/mvi_Guardar' is clicked on

2020-02-25 12:17:39 - [TEST_STEP][PASSED] - setText(findTestObject("Object Repository/Page_Agregar Productos - KAIZEN/mvi_cantidad_mnima_almacn"), CantidadMinima): Text '0' is set on object 'Object Repository/Page_Agregar Productos - KAIZEN/mvi_cantidad_mnima_almacn'

2020-02-25 12:17:40 - [MESSAGE][PASSED] - Text '0' is set on object 'Object Repository/Page_Agregar Productos - KAIZEN/mvi_cantidad_mnima_almacn'

2020-02-25 12:17:40 - [TEST_STEP][PASSED] - setText(findTestObject("Object Repository/Page_Agregar Productos - KAIZEN/mvi_cantidad_mxima_en_almacn"), CantidadMaxima): Text '197' is set on object 'Object Repository/Page_Agregar Productos - KAIZEN/mvi_cantidad_mxima_en_almacn'

2020-02-25 12:17:40 - [MESSAGE][PASSED] - Text '197' is set on object 'Object Repository/Page_Agregar Productos - KAIZEN/mvi_cantidad_mxima_en_almacn'

2020-02-25 12:17:40 - [TEST_STEP][PASSED] - delay(7): Delayed 7 second(s)

2020-02-25 12:17:47 - [MESSAGE][PASSED] - Delayed 7 second(s)

2020-02-25 12:17:47 - [TEST_STEP][PASSED] - click(findTestObject("Object Repository/Page_Agregar Productos - KAIZEN/mvi_button_OK")): Object: 'Object Repository/Page_Agregar Productos - KAIZEN/mvi_button_OK' is clicked on

2020-02-25 12:17:54 - [MESSAGE][PASSED] - Object: 'Object Repository/Page_Agregar Productos - KAIZEN/mvi_button_OK' is clicked on

2020-02-25 12:17:54 - [TEST_STEP][PASSED] - selectOptionByValue(findTestObject("Object Repository/Page_Agregar Productos - KAIZEN/mvi_assing_almacen"), "4", true): All options with value '4' are selected in object 'Object Repository/Page_Agregar Productos - KAIZEN/mvi_assing_almacen'  using regular expression

2020-02-25 12:18:00 - [MESSAGE][PASSED] - All options with value '4' are selected in object 'Object Repository/Page_Agregar Productos - KAIZEN/mvi_assing_almacen'  using regular expression

2020-02-25 12:18:00 - [TEST_STEP][PASSED] - selectOptionByValue(findTestObject("Object Repository/Page_Agregar Productos - KAIZEN/mvi_assing_almacen"), Almacen, true): All options with value '7' are selected in object 'Object Repository/Page_Agregar Productos - KAIZEN/mvi_assing_almacen'  using regular expression

2020-02-25 12:18:05 - [MESSAGE][PASSED] - All options with value '7' are selected in object 'Object Repository/Page_Agregar Productos - KAIZEN/mvi_assing_almacen'  using regular expression

2020-02-25 12:18:05 - [TEST_STEP][PASSED] - click(findTestObject("Object Repository/Page_Agregar Productos - KAIZEN/mvi_Guardar")): Object: 'Object Repository/Page_Agregar Productos - KAIZEN/mvi_Guardar' is clicked on

2020-02-25 12:18:06 - [MESSAGE][PASSED] - Object: 'Object Repository/Page_Agregar Productos - KAIZEN/mvi_Guardar' is clicked on

2020-02-25 12:18:06 - [TEST_STEP][PASSED] - click(findTestObject("Object Repository/Page_- KAIZEN/mvi_menu_Inventario")): Object: 'Object Repository/Page_- KAIZEN/mvi_menu_Inventario' is clicked on

2020-02-25 12:18:07 - [MESSAGE][PASSED] - Object: 'Object Repository/Page_- KAIZEN/mvi_menu_Inventario' is clicked on

2020-02-25 12:18:07 - [TEST_STEP][PASSED] - click(findTestObject("Object Repository/Page_- KAIZEN/mvi_menu_productos_por_almacen")): Object: 'Object Repository/Page_- KAIZEN/mvi_menu_productos_por_almacen' is clicked on

2020-02-25 12:18:09 - [MESSAGE][PASSED] - Object: 'Object Repository/Page_- KAIZEN/mvi_menu_productos_por_almacen' is clicked on

2020-02-25 12:18:09 - [TEST_STEP][PASSED] - click(findTestObject("Object Repository/Page_Index - KAIZEN/mvi_agregar")): Object: 'Object Repository/Page_Index - KAIZEN/mvi_agregar' is clicked on

2020-02-25 12:18:13 - [MESSAGE][PASSED] - Object: 'Object Repository/Page_Index - KAIZEN/mvi_agregar' is clicked on

2020-02-25 12:18:13 - [TEST_STEP][PASSED] - click(findTestObject("Object Repository/Page_Agregar Productos - KAIZEN/mvi_btn_seleccione")): Object: 'Object Repository/Page_Agregar Productos - KAIZEN/mvi_btn_seleccione' is clicked on

2020-02-25 12:18:14 - [MESSAGE][PASSED] - Object: 'Object Repository/Page_Agregar Productos - KAIZEN/mvi_btn_seleccione' is clicked on

2020-02-25 12:18:14 - [TEST_STEP][PASSED] - setText(findTestObject("Object Repository/Page_Agregar Productos - KAIZEN/mvi_assing_prodcuto"), Producto): Text 'TRENTON5 T-GEAR MINERAL GEAR OIL EP ISO 46' is set on object 'Object Repository/Page_Agregar Productos - KAIZEN/mvi_assing_prodcuto'

2020-02-25 12:18:15 - [MESSAGE][PASSED] - Text 'TRENTON5 T-GEAR MINERAL GEAR OIL EP ISO 46' is set on object 'Object Repository/Page_Agregar Productos - KAIZEN/mvi_assing_prodcuto'

2020-02-25 12:18:15 - [TEST_STEP][PASSED] - sendKeys(findTestObject("Object Repository/Page_Agregar Productos - KAIZEN/mvi_assing_prodcuto"), Keys.chord(ENTER)): Keys 'ENTER + ' sent to object: 'Object Repository/Page_Agregar Productos - KAIZEN/mvi_assing_prodcuto'

2020-02-25 12:18:16 - [MESSAGE][PASSED] - Keys 'ENTER + ' sent to object: 'Object Repository/Page_Agregar Productos - KAIZEN/mvi_assing_prodcuto'

2020-02-25 12:18:16 - [TEST_STEP][PASSED] - selectOptionByValue(findTestObject("Object Repository/Page_Agregar Productos - KAIZEN/mvi_assing_almacen"), Almacen2, true): All options with value '2' are selected in object 'Object Repository/Page_Agregar Productos - KAIZEN/mvi_assing_almacen'  using regular expression

2020-02-25 12:18:18 - [MESSAGE][PASSED] - All options with value '2' are selected in object 'Object Repository/Page_Agregar Productos - KAIZEN/mvi_assing_almacen'  using regular expression

2020-02-25 12:18:18 - [TEST_STEP][PASSED] - delay(3): Delayed 3 second(s)

2020-02-25 12:18:21 - [MESSAGE][PASSED] - Delayed 3 second(s)

2020-02-25 12:18:21 - [TEST_STEP][PASSED] - modal2 = executeJavaScript("return document.querySelector('.swal2-popup');", null): Execute JavaScript 'return document.querySelector('.swal2-popup');' successfully

2020-02-25 12:18:21 - [MESSAGE][PASSED] - Execute JavaScript 'return document.querySelector('.swal2-popup');' successfully

2020-02-25 12:18:21 - [TEST_STEP][PASSED] - if (modal2 == null): Object: 'Object Repository/Page_Agregar Productos - KAIZEN/mvi_Guardar' is clicked on

2020-02-25 12:18:21 - [TEST_STEP][PASSED] - setText(findTestObject("Object Repository/Page_Agregar Productos - KAIZEN/mvi_cantidad_mnima_almacn"), CantidadMinima): Text '0' is set on object 'Object Repository/Page_Agregar Productos - KAIZEN/mvi_cantidad_mnima_almacn'

2020-02-25 12:18:21 - [MESSAGE][PASSED] - Text '0' is set on object 'Object Repository/Page_Agregar Productos - KAIZEN/mvi_cantidad_mnima_almacn'

2020-02-25 12:18:21 - [TEST_STEP][PASSED] - setText(findTestObject("Object Repository/Page_Agregar Productos - KAIZEN/mvi_cantidad_mxima_en_almacn"), CantidadMaxima): Text '197' is set on object 'Object Repository/Page_Agregar Productos - KAIZEN/mvi_cantidad_mxima_en_almacn'

2020-02-25 12:18:22 - [MESSAGE][PASSED] - Text '197' is set on object 'Object Repository/Page_Agregar Productos - KAIZEN/mvi_cantidad_mxima_en_almacn'

2020-02-25 12:18:22 - [TEST_STEP][PASSED] - delay(7): Delayed 7 second(s)

2020-02-25 12:18:29 - [MESSAGE][PASSED] - Delayed 7 second(s)

2020-02-25 12:18:29 - [TEST_STEP][PASSED] - click(findTestObject("Object Repository/Page_Agregar Productos - KAIZEN/mvi_button_OK")): Object: 'Object Repository/Page_Agregar Productos - KAIZEN/mvi_button_OK' is clicked on

2020-02-25 12:18:29 - [MESSAGE][PASSED] - Object: 'Object Repository/Page_Agregar Productos - KAIZEN/mvi_button_OK' is clicked on

2020-02-25 12:18:29 - [TEST_STEP][PASSED] - selectOptionByValue(findTestObject("Object Repository/Page_Agregar Productos - KAIZEN/mvi_assing_almacen"), "4", true): All options with value '4' are selected in object 'Object Repository/Page_Agregar Productos - KAIZEN/mvi_assing_almacen'  using regular expression

2020-02-25 12:18:30 - [MESSAGE][PASSED] - All options with value '4' are selected in object 'Object Repository/Page_Agregar Productos - KAIZEN/mvi_assing_almacen'  using regular expression

2020-02-25 12:18:30 - [TEST_STEP][PASSED] - selectOptionByValue(findTestObject("Object Repository/Page_Agregar Productos - KAIZEN/mvi_assing_almacen"), Almacen2, true): All options with value '2' are selected in object 'Object Repository/Page_Agregar Productos - KAIZEN/mvi_assing_almacen'  using regular expression

2020-02-25 12:18:32 - [MESSAGE][PASSED] - All options with value '2' are selected in object 'Object Repository/Page_Agregar Productos - KAIZEN/mvi_assing_almacen'  using regular expression

2020-02-25 12:18:32 - [TEST_STEP][PASSED] - click(findTestObject("Object Repository/Page_Agregar Productos - KAIZEN/mvi_Guardar")): Object: 'Object Repository/Page_Agregar Productos - KAIZEN/mvi_Guardar' is clicked on

2020-02-25 12:18:34 - [MESSAGE][PASSED] - Object: 'Object Repository/Page_Agregar Productos - KAIZEN/mvi_Guardar' is clicked on

2020-02-25 12:18:34 - [MESSAGE][PASSED] - Call Test Case 'Test Cases/Individual_Tests/Anadir_Producto_Almacen' successfully

2020-02-25 12:18:34 - [TEST_STEP][PASSED] - callTestCase(findTestCase("Individual_Tests/Login"), ["Evento":"ProductoAlmacen", "Index":Index], STOP_ON_FAILURE): Call Test Case 'Test Cases/Individual_Tests/Login' successfully

2020-02-25 12:18:35 - [TEST_CASE][PASSED] - Test Cases/Individual_Tests/Login: Test Cases/Individual_Tests/Login

2020-02-25 12:18:35 - [TEST_STEP][PASSED] - print("Evento Seleccionado: " + Evento + "
"): null

2020-02-25 12:18:35 - [TEST_STEP][PASSED] - openBrowser(Web): Browser is opened with url: 'http://test.kaizendev.net/Login/Accesar?salir=true'

2020-02-25 12:18:35 - [MESSAGE][WARNING] - A browser is already opened. Closing browser and opening a new one

2020-02-25 12:18:35 - [MESSAGE][INFO] - Starting 'Chrome' driver

2020-02-25 12:18:48 - [MESSAGE][PASSED] - Browser is opened with url: 'http://test.kaizendev.net/Login/Accesar?salir=true'

2020-02-25 12:18:48 - [TEST_STEP][PASSED] - maximizeWindow(): Current window maximized

2020-02-25 12:18:49 - [MESSAGE][PASSED] - Current window maximized

2020-02-25 12:18:49 - [TEST_STEP][PASSED] - if (Evento == "Crear20"): null

2020-02-25 12:18:49 - [TEST_STEP][PASSED] - else if (Evento == "Crear40"): null

2020-02-25 12:18:49 - [TEST_STEP][PASSED] - else if (Evento == "Aprobar"): null

2020-02-25 12:18:49 - [TEST_STEP][PASSED] - else if (Evento == "Logistica"): null

2020-02-25 12:18:49 - [TEST_STEP][PASSED] - else if (Evento == "Produccion"): null

2020-02-25 12:18:49 - [TEST_STEP][PASSED] - else if (Evento == "Inventario"): null

2020-02-25 12:18:49 - [TEST_STEP][PASSED] - else if (Evento == "Despacho"): null

2020-02-25 12:18:49 - [TEST_STEP][PASSED] - else if (Evento == "ProductoAlmacen"): Object: 'Object Repository/Page_Iniciar Sesion - KAIZEN/is_btn_ingresar_sistema' is clicked on

2020-02-25 12:18:49 - [TEST_STEP][PASSED] - data7 = obtener_excels.obtener_producto_almacen.getValuesExcelProductoAlmacen(Index): obtener_excels.obtener_producto_almacen.getValuesExcelProductoAlmacen is PASSED

2020-02-25 12:18:49 - [MESSAGE][PASSED] - obtener_excels.obtener_producto_almacen.getValuesExcelProductoAlmacen is PASSED

2020-02-25 12:18:49 - [TEST_STEP][PASSED] - Usuario = data7[1]: null

2020-02-25 12:18:49 - [TEST_STEP][PASSED] - Contrasena = data7[2]: null

2020-02-25 12:18:49 - [TEST_STEP][PASSED] - setText(findTestObject("Page_Iniciar Sesion - KAIZEN/is_input_email"), Usuario): Text 'automated.test@grupokaizen.net' is set on object 'Object Repository/Page_Iniciar Sesion - KAIZEN/is_input_email'

2020-02-25 12:18:50 - [MESSAGE][PASSED] - Text 'automated.test@grupokaizen.net' is set on object 'Object Repository/Page_Iniciar Sesion - KAIZEN/is_input_email'

2020-02-25 12:18:50 - [TEST_STEP][PASSED] - setEncryptedText(findTestObject("Page_Iniciar Sesion - KAIZEN/IS_input_contrasena"), Contrasena): Text ****** has been set on object 'Object Repository/Page_Iniciar Sesion - KAIZEN/IS_input_contrasena'

2020-02-25 12:18:51 - [MESSAGE][PASSED] - Text ****** has been set on object 'Object Repository/Page_Iniciar Sesion - KAIZEN/IS_input_contrasena'

2020-02-25 12:18:51 - [TEST_STEP][PASSED] - click(findTestObject("Page_Iniciar Sesion - KAIZEN/is_btn_ingresar_sistema")): Object: 'Object Repository/Page_Iniciar Sesion - KAIZEN/is_btn_ingresar_sistema' is clicked on

2020-02-25 12:18:53 - [MESSAGE][PASSED] - Object: 'Object Repository/Page_Iniciar Sesion - KAIZEN/is_btn_ingresar_sistema' is clicked on

2020-02-25 12:18:53 - [MESSAGE][PASSED] - Call Test Case 'Test Cases/Individual_Tests/Login' successfully

2020-02-25 12:18:53 - [TEST_STEP][PASSED] - callTestCase(findTestCase("Individual_Tests/Seleccionar_Idioma"), ["Evento":"ProductoAlmacen", "Index":Index], STOP_ON_FAILURE): Call Test Case 'Test Cases/Individual_Tests/Seleccionar_Idioma' successfully

2020-02-25 12:18:53 - [TEST_CASE][PASSED] - Test Cases/Individual_Tests/Seleccionar_Idioma: Test Cases/Individual_Tests/Seleccionar_Idioma

2020-02-25 12:18:53 - [TEST_STEP][PASSED] - Idioma = 0: null

2020-02-25 12:18:53 - [TEST_STEP][PASSED] - if (Evento == "Crear20"): null

2020-02-25 12:18:53 - [TEST_STEP][PASSED] - else if (Evento == "Crear40"): null

2020-02-25 12:18:53 - [TEST_STEP][PASSED] - else if (Evento == "Aprobar"): null

2020-02-25 12:18:53 - [TEST_STEP][PASSED] - else if (Evento == "Logistica"): null

2020-02-25 12:18:53 - [TEST_STEP][PASSED] - else if (Evento == "Produccion"): null

2020-02-25 12:18:53 - [TEST_STEP][PASSED] - else if (Evento == "Inventario"): null

2020-02-25 12:18:53 - [TEST_STEP][PASSED] - else if (Evento == "Despacho"): null

2020-02-25 12:18:53 - [TEST_STEP][PASSED] - else if (Evento == "ProductoAlmacen"): null

2020-02-25 12:18:53 - [TEST_STEP][PASSED] - data8 = obtener_excels.obtener_producto_almacen.getValuesExcelProductoAlmacen(Index): obtener_excels.obtener_producto_almacen.getValuesExcelProductoAlmacen is PASSED

2020-02-25 12:18:53 - [MESSAGE][PASSED] - obtener_excels.obtener_producto_almacen.getValuesExcelProductoAlmacen is PASSED

2020-02-25 12:18:53 - [TEST_STEP][PASSED] - Idioma = data8[0]: null

2020-02-25 12:18:53 - [TEST_STEP][PASSED] - click(findTestObject("Page_- KAIZEN/si_btn_idioma")): Object: 'Object Repository/Page_- KAIZEN/si_btn_idioma' is clicked on

2020-02-25 12:18:54 - [MESSAGE][PASSED] - Object: 'Object Repository/Page_- KAIZEN/si_btn_idioma' is clicked on

2020-02-25 12:18:54 - [TEST_STEP][PASSED] - if (Idioma == "0"): null

2020-02-25 12:18:54 - [TEST_STEP][PASSED] - else: Object: 'Object Repository/Page_- KAIZEN/si_Spanish' is clicked on

2020-02-25 12:18:54 - [TEST_STEP][PASSED] - click(findTestObject("Page_- KAIZEN/si_Spanish")): Object: 'Object Repository/Page_- KAIZEN/si_Spanish' is clicked on

2020-02-25 12:18:55 - [MESSAGE][PASSED] - Object: 'Object Repository/Page_- KAIZEN/si_Spanish' is clicked on

2020-02-25 12:18:55 - [MESSAGE][PASSED] - Call Test Case 'Test Cases/Individual_Tests/Seleccionar_Idioma' successfully

2020-02-25 12:18:55 - [TEST_STEP][PASSED] - callTestCase(findTestCase("Individual_Tests/Anadir_Producto_Almacen"), ["Index":Index], STOP_ON_FAILURE): Call Test Case 'Test Cases/Individual_Tests/Anadir_Producto_Almacen' successfully

2020-02-25 12:18:55 - [TEST_CASE][PASSED] - Test Cases/Individual_Tests/Anadir_Producto_Almacen: Test Cases/Individual_Tests/Anadir_Producto_Almacen

2020-02-25 12:18:55 - [TEST_STEP][PASSED] - data = obtener_excels.obtener_producto_almacen.getValuesExcelProductoAlmacen(Index): obtener_excels.obtener_producto_almacen.getValuesExcelProductoAlmacen is PASSED

2020-02-25 12:18:55 - [MESSAGE][PASSED] - obtener_excels.obtener_producto_almacen.getValuesExcelProductoAlmacen is PASSED

2020-02-25 12:18:55 - [TEST_STEP][PASSED] - Producto = data[3]: null

2020-02-25 12:18:55 - [TEST_STEP][PASSED] - CantidadMinima = data[4]: null

2020-02-25 12:18:55 - [TEST_STEP][PASSED] - CantidadMaxima = data[5]: null

2020-02-25 12:18:55 - [TEST_STEP][PASSED] - Almacen = data[6]: null

2020-02-25 12:18:55 - [TEST_STEP][PASSED] - Almacen2 = data[7]: null

2020-02-25 12:18:55 - [TEST_STEP][PASSED] - click(findTestObject("Object Repository/Page_- KAIZEN/mvi_menu_Inventario")): Object: 'Object Repository/Page_- KAIZEN/mvi_menu_Inventario' is clicked on

2020-02-25 12:18:56 - [MESSAGE][PASSED] - Object: 'Object Repository/Page_- KAIZEN/mvi_menu_Inventario' is clicked on

2020-02-25 12:18:56 - [TEST_STEP][PASSED] - click(findTestObject("Object Repository/Page_- KAIZEN/mvi_menu_productos_por_almacen")): Object: 'Object Repository/Page_- KAIZEN/mvi_menu_productos_por_almacen' is clicked on

2020-02-25 12:18:58 - [MESSAGE][PASSED] - Object: 'Object Repository/Page_- KAIZEN/mvi_menu_productos_por_almacen' is clicked on

2020-02-25 12:18:58 - [TEST_STEP][PASSED] - click(findTestObject("Object Repository/Page_Index - KAIZEN/mvi_agregar")): Object: 'Object Repository/Page_Index - KAIZEN/mvi_agregar' is clicked on

2020-02-25 12:19:00 - [MESSAGE][PASSED] - Object: 'Object Repository/Page_Index - KAIZEN/mvi_agregar' is clicked on

2020-02-25 12:19:00 - [TEST_STEP][PASSED] - click(findTestObject("Object Repository/Page_Agregar Productos - KAIZEN/mvi_btn_seleccione")): Object: 'Object Repository/Page_Agregar Productos - KAIZEN/mvi_btn_seleccione' is clicked on

2020-02-25 12:19:02 - [MESSAGE][PASSED] - Object: 'Object Repository/Page_Agregar Productos - KAIZEN/mvi_btn_seleccione' is clicked on

2020-02-25 12:19:02 - [TEST_STEP][PASSED] - setText(findTestObject("Object Repository/Page_Agregar Productos - KAIZEN/mvi_assing_prodcuto"), Producto): Text 'TRENTON 5 LUBERMAX PROFESSIONAL  20W-50 ALL FLEET' is set on object 'Object Repository/Page_Agregar Productos - KAIZEN/mvi_assing_prodcuto'

2020-02-25 12:19:03 - [MESSAGE][PASSED] - Text 'TRENTON 5 LUBERMAX PROFESSIONAL  20W-50 ALL FLEET' is set on object 'Object Repository/Page_Agregar Productos - KAIZEN/mvi_assing_prodcuto'

2020-02-25 12:19:03 - [TEST_STEP][PASSED] - sendKeys(findTestObject("Object Repository/Page_Agregar Productos - KAIZEN/mvi_assing_prodcuto"), Keys.chord(ENTER)): Keys 'ENTER + ' sent to object: 'Object Repository/Page_Agregar Productos - KAIZEN/mvi_assing_prodcuto'

2020-02-25 12:19:04 - [MESSAGE][PASSED] - Keys 'ENTER + ' sent to object: 'Object Repository/Page_Agregar Productos - KAIZEN/mvi_assing_prodcuto'

2020-02-25 12:19:04 - [TEST_STEP][PASSED] - selectOptionByValue(findTestObject("Object Repository/Page_Agregar Productos - KAIZEN/mvi_assing_almacen"), Almacen, true): All options with value '1' are selected in object 'Object Repository/Page_Agregar Productos - KAIZEN/mvi_assing_almacen'  using regular expression

2020-02-25 12:19:05 - [MESSAGE][PASSED] - All options with value '1' are selected in object 'Object Repository/Page_Agregar Productos - KAIZEN/mvi_assing_almacen'  using regular expression

2020-02-25 12:19:05 - [TEST_STEP][PASSED] - delay(3): Delayed 3 second(s)

2020-02-25 12:19:08 - [MESSAGE][PASSED] - Delayed 3 second(s)

2020-02-25 12:19:08 - [TEST_STEP][PASSED] - modal = executeJavaScript("return document.querySelector('.swal2-popup');", null): Execute JavaScript 'return document.querySelector('.swal2-popup');' successfully

2020-02-25 12:19:08 - [MESSAGE][PASSED] - Execute JavaScript 'return document.querySelector('.swal2-popup');' successfully

2020-02-25 12:19:08 - [TEST_STEP][PASSED] - print(modal): null

2020-02-25 12:19:08 - [TEST_STEP][PASSED] - if (modal == null): null

2020-02-25 12:19:08 - [TEST_STEP][PASSED] - else: Execute JavaScript 'document.querySelector(".swal2-confirm").click();' successfully

2020-02-25 12:19:08 - [TEST_STEP][PASSED] - executeJavaScript("document.querySelector(".swal2-confirm").click();", null): Execute JavaScript 'document.querySelector(".swal2-confirm").click();' successfully

2020-02-25 12:19:08 - [MESSAGE][PASSED] - Execute JavaScript 'document.querySelector(".swal2-confirm").click();' successfully

2020-02-25 12:19:08 - [TEST_STEP][PASSED] - click(findTestObject("Object Repository/Page_- KAIZEN/mvi_menu_Inventario")): Object: 'Object Repository/Page_- KAIZEN/mvi_menu_Inventario' is clicked on

2020-02-25 12:19:09 - [MESSAGE][PASSED] - Object: 'Object Repository/Page_- KAIZEN/mvi_menu_Inventario' is clicked on

2020-02-25 12:19:09 - [TEST_STEP][PASSED] - click(findTestObject("Object Repository/Page_- KAIZEN/mvi_menu_productos_por_almacen")): Object: 'Object Repository/Page_- KAIZEN/mvi_menu_productos_por_almacen' is clicked on

2020-02-25 12:19:11 - [MESSAGE][PASSED] - Object: 'Object Repository/Page_- KAIZEN/mvi_menu_productos_por_almacen' is clicked on

2020-02-25 12:19:11 - [TEST_STEP][PASSED] - click(findTestObject("Object Repository/Page_Index - KAIZEN/mvi_agregar")): Object: 'Object Repository/Page_Index - KAIZEN/mvi_agregar' is clicked on

2020-02-25 12:19:13 - [MESSAGE][PASSED] - Object: 'Object Repository/Page_Index - KAIZEN/mvi_agregar' is clicked on

2020-02-25 12:19:13 - [TEST_STEP][PASSED] - click(findTestObject("Object Repository/Page_Agregar Productos - KAIZEN/mvi_btn_seleccione")): Object: 'Object Repository/Page_Agregar Productos - KAIZEN/mvi_btn_seleccione' is clicked on

2020-02-25 12:19:13 - [MESSAGE][PASSED] - Object: 'Object Repository/Page_Agregar Productos - KAIZEN/mvi_btn_seleccione' is clicked on

2020-02-25 12:19:13 - [TEST_STEP][PASSED] - setText(findTestObject("Object Repository/Page_Agregar Productos - KAIZEN/mvi_assing_prodcuto"), Producto): Text 'TRENTON 5 LUBERMAX PROFESSIONAL  20W-50 ALL FLEET' is set on object 'Object Repository/Page_Agregar Productos - KAIZEN/mvi_assing_prodcuto'

2020-02-25 12:19:15 - [MESSAGE][PASSED] - Text 'TRENTON 5 LUBERMAX PROFESSIONAL  20W-50 ALL FLEET' is set on object 'Object Repository/Page_Agregar Productos - KAIZEN/mvi_assing_prodcuto'

2020-02-25 12:19:15 - [TEST_STEP][PASSED] - sendKeys(findTestObject("Object Repository/Page_Agregar Productos - KAIZEN/mvi_assing_prodcuto"), Keys.chord(ENTER)): Keys 'ENTER + ' sent to object: 'Object Repository/Page_Agregar Productos - KAIZEN/mvi_assing_prodcuto'

2020-02-25 12:19:16 - [MESSAGE][PASSED] - Keys 'ENTER + ' sent to object: 'Object Repository/Page_Agregar Productos - KAIZEN/mvi_assing_prodcuto'

2020-02-25 12:19:16 - [TEST_STEP][PASSED] - selectOptionByValue(findTestObject("Object Repository/Page_Agregar Productos - KAIZEN/mvi_assing_almacen"), Almacen2, true): All options with value '6' are selected in object 'Object Repository/Page_Agregar Productos - KAIZEN/mvi_assing_almacen'  using regular expression

2020-02-25 12:19:17 - [MESSAGE][PASSED] - All options with value '6' are selected in object 'Object Repository/Page_Agregar Productos - KAIZEN/mvi_assing_almacen'  using regular expression

2020-02-25 12:19:17 - [TEST_STEP][PASSED] - delay(3): Delayed 3 second(s)

2020-02-25 12:19:20 - [MESSAGE][PASSED] - Delayed 3 second(s)

2020-02-25 12:19:20 - [TEST_STEP][PASSED] - modal2 = executeJavaScript("return document.querySelector('.swal2-popup');", null): Execute JavaScript 'return document.querySelector('.swal2-popup');' successfully

2020-02-25 12:19:20 - [MESSAGE][PASSED] - Execute JavaScript 'return document.querySelector('.swal2-popup');' successfully

2020-02-25 12:19:20 - [TEST_STEP][PASSED] - if (modal2 == null): null

2020-02-25 12:19:20 - [TEST_STEP][PASSED] - else: Browser is closed

2020-02-25 12:19:20 - [TEST_STEP][PASSED] - executeJavaScript("document.querySelector(".swal2-confirm").click();", null): Execute JavaScript 'document.querySelector(".swal2-confirm").click();' successfully

2020-02-25 12:19:20 - [MESSAGE][PASSED] - Execute JavaScript 'document.querySelector(".swal2-confirm").click();' successfully

2020-02-25 12:19:20 - [TEST_STEP][PASSED] - closeBrowser(): Browser is closed

2020-02-25 12:19:21 - [MESSAGE][PASSED] - Browser is closed

2020-02-25 12:19:21 - [MESSAGE][PASSED] - Call Test Case 'Test Cases/Individual_Tests/Anadir_Producto_Almacen' successfully

2020-02-25 12:19:21 - [TEST_STEP][FAILED] - callTestCase(findTestCase("Individual_Tests/Login"), ["Evento":"ProductoAlmacen", "Index":Index], STOP_ON_FAILURE): Unable to call Test Case 'Test Cases/Individual_Tests/Login' (Root cause: com.kms.katalon.core.exception.StepFailedException: Call Test Case 'Test Cases/Individual_Tests/Login' failed
	at com.kms.katalon.core.keyword.builtin.CallTestCaseKeyword$_callTestCase_closure1.doCall(CallTestCaseKeyword.groovy:63)
	at com.kms.katalon.core.keyword.builtin.CallTestCaseKeyword$_callTestCase_closure1.call(CallTestCaseKeyword.groovy)
	at com.kms.katalon.core.keyword.internal.KeywordMain.runKeyword(KeywordMain.groovy:68)
	at com.kms.katalon.core.keyword.builtin.CallTestCaseKeyword.callTestCase(CallTestCaseKeyword.groovy:81)
	at com.kms.katalon.core.keyword.builtin.CallTestCaseKeyword.execute(CallTestCaseKeyword.groovy:44)
	at com.kms.katalon.core.keyword.internal.KeywordExecutor.executeKeywordForPlatform(KeywordExecutor.groovy:72)
	at com.kms.katalon.core.keyword.BuiltinKeywords.callTestCase(BuiltinKeywords.groovy:334)
	at TC_Agregar_Producto_Almacen.run(TC_Agregar_Producto_Almacen:26)
	at com.kms.katalon.core.main.ScriptEngine.run(ScriptEngine.java:194)
	at com.kms.katalon.core.main.ScriptEngine.runScriptAsRawText(ScriptEngine.java:119)
	at com.kms.katalon.core.main.TestCaseExecutor.runScript(TestCaseExecutor.java:337)
	at com.kms.katalon.core.main.TestCaseExecutor.doExecute(TestCaseExecutor.java:328)
	at com.kms.katalon.core.main.TestCaseExecutor.processExecutionPhase(TestCaseExecutor.java:307)
	at com.kms.katalon.core.main.TestCaseExecutor.accessMainPhase(TestCaseExecutor.java:299)
	at com.kms.katalon.core.main.TestCaseExecutor.execute(TestCaseExecutor.java:233)
	at com.kms.katalon.core.main.TestSuiteExecutor.accessTestCaseMainPhase(TestSuiteExecutor.java:169)
	at com.kms.katalon.core.main.TestSuiteExecutor.accessTestSuiteMainPhase(TestSuiteExecutor.java:142)
	at com.kms.katalon.core.main.TestSuiteExecutor.execute(TestSuiteExecutor.java:91)
	at com.kms.katalon.core.main.TestCaseMain.startTestSuite(TestCaseMain.java:157)
	at com.kms.katalon.core.main.TestCaseMain$startTestSuite$0.call(Unknown Source)
	at TempTestSuite1582647327740.run(TempTestSuite1582647327740.groovy:36)
Caused by: com.kms.katalon.core.exception.StepFailedException: Unable to open browser with url: 'http://test.kaizendev.net/Login/Accesar?salir=true'
	at com.kms.katalon.core.webui.keyword.internal.WebUIKeywordMain.stepFailed(WebUIKeywordMain.groovy:64)
	at com.kms.katalon.core.webui.keyword.internal.WebUIKeywordMain.runKeyword(WebUIKeywordMain.groovy:26)
	at com.kms.katalon.core.webui.keyword.builtin.OpenBrowserKeyword.openBrowser(OpenBrowserKeyword.groovy:81)
	at com.kms.katalon.core.webui.keyword.builtin.OpenBrowserKeyword.execute(OpenBrowserKeyword.groovy:67)
	at com.kms.katalon.core.keyword.internal.KeywordExecutor.executeKeywordForPlatform(KeywordExecutor.groovy:72)
	at com.kms.katalon.core.webui.keyword.WebUiBuiltInKeywords.openBrowser(WebUiBuiltInKeywords.groovy:60)
	at com.kms.katalon.core.webui.keyword.WebUiBuiltInKeywords$openBrowser.call(Unknown Source)
	at Login.run(Login:21)
	at com.kms.katalon.core.main.ScriptEngine.run(ScriptEngine.java:194)
	at com.kms.katalon.core.main.ScriptEngine.runScriptAsRawText(ScriptEngine.java:119)
	at com.kms.katalon.core.main.TestCaseExecutor.runScript(TestCaseExecutor.java:337)
	at com.kms.katalon.core.main.TestCaseExecutor.doExecute(TestCaseExecutor.java:328)
	at com.kms.katalon.core.main.TestCaseExecutor.processExecutionPhase(TestCaseExecutor.java:307)
	at com.kms.katalon.core.main.TestCaseExecutor.accessMainPhase(TestCaseExecutor.java:299)
	at com.kms.katalon.core.main.TestCaseExecutor.execute(TestCaseExecutor.java:233)
	at com.kms.katalon.core.main.TestCaseMain.runTestCase(TestCaseMain.java:114)
	at com.kms.katalon.core.keyword.builtin.CallTestCaseKeyword$_callTestCase_closure1.doCall(CallTestCaseKeyword.groovy:59)
	... 20 more
Caused by: org.openqa.selenium.WebDriverException: unknown error: cannot determine loading status
from disconnected: received Inspector.detached event
  (Session info: chrome=80.0.3987.122)
Build info: version: '3.141.59', revision: 'e82be7d358', time: '2018-11-14T08:25:53'
System info: host: 'LAPTOP-K43U1BVQ', ip: '192.168.99.1', os.name: 'Windows 10', os.arch: 'amd64', os.version: '10.0', java.version: '1.8.0_181'
Driver info: com.kms.katalon.selenium.driver.CChromeDriver
Capabilities {acceptInsecureCerts: false, browserName: chrome, browserVersion: 80.0.3987.122, chrome: {chromedriverVersion: 79.0.3945.36 (3582db32b3389..., userDataDir: C:\Users\kaizen\AppData\Loc...}, goog:chromeOptions: {debuggerAddress: localhost:3823}, javascriptEnabled: true, networkConnectionEnabled: false, pageLoadStrategy: normal, platform: WINDOWS, platformName: WINDOWS, proxy: Proxy(), setWindowRect: true, strictFileInteractability: false, timeouts: {implicit: 0, pageLoad: 300000, script: 30000}, unhandledPromptBehavior: dismiss and notify}
Session ID: a08089e78b7e1ddef64bc98f8828a6bd
	at org.openqa.selenium.remote.http.W3CHttpResponseCodec.createException(W3CHttpResponseCodec.java:187)
	at org.openqa.selenium.remote.http.W3CHttpResponseCodec.decode(W3CHttpResponseCodec.java:122)
	at org.openqa.selenium.remote.http.W3CHttpResponseCodec.decode(W3CHttpResponseCodec.java:49)
	at org.openqa.selenium.remote.HttpCommandExecutor.execute(HttpCommandExecutor.java:158)
	at org.openqa.selenium.remote.service.DriverCommandExecutor.execute(DriverCommandExecutor.java:83)
	at org.openqa.selenium.remote.RemoteWebDriver.execute(RemoteWebDriver.java:552)
	at com.kms.katalon.selenium.driver.CChromeDriver.execute(CChromeDriver.java:19)
	at org.openqa.selenium.remote.RemoteWebDriver.get(RemoteWebDriver.java:277)
	at org.openqa.selenium.support.events.EventFiringWebDriver.lambda$new$1(EventFiringWebDriver.java:105)
	at com.sun.proxy.$Proxy8.get(Unknown Source)
	at org.openqa.selenium.support.events.EventFiringWebDriver.get(EventFiringWebDriver.java:165)
	at com.kms.katalon.core.webui.keyword.builtin.OpenBrowserKeyword$_openBrowser_closure1.doCall(OpenBrowserKeyword.groovy:78)
	at com.kms.katalon.core.webui.keyword.builtin.OpenBrowserKeyword$_openBrowser_closure1.call(OpenBrowserKeyword.groovy)
	at com.kms.katalon.core.webui.keyword.internal.WebUIKeywordMain.runKeyword(WebUIKeywordMain.groovy:20)
	... 35 more
)

2020-02-25 12:19:21 - [TEST_CASE][FAILED] - Test Cases/Individual_Tests/Login: Test Cases/Individual_Tests/Login FAILED.
Reason:
com.kms.katalon.core.exception.StepFailedException: Unable to open browser with url: 'http://test.kaizendev.net/Login/Accesar?salir=true'
	at com.kms.katalon.core.webui.keyword.internal.WebUIKeywordMain.stepFailed(WebUIKeywordMain.groovy:64)
	at com.kms.katalon.core.webui.keyword.internal.WebUIKeywordMain.runKeyword(WebUIKeywordMain.groovy:26)
	at com.kms.katalon.core.webui.keyword.builtin.OpenBrowserKeyword.openBrowser(OpenBrowserKeyword.groovy:81)
	at com.kms.katalon.core.webui.keyword.builtin.OpenBrowserKeyword.execute(OpenBrowserKeyword.groovy:67)
	at com.kms.katalon.core.keyword.internal.KeywordExecutor.executeKeywordForPlatform(KeywordExecutor.groovy:72)
	at com.kms.katalon.core.webui.keyword.WebUiBuiltInKeywords.openBrowser(WebUiBuiltInKeywords.groovy:60)
	at com.kms.katalon.core.webui.keyword.WebUiBuiltInKeywords$openBrowser.call(Unknown Source)
	at Login.run(Login:21)
	at com.kms.katalon.core.main.ScriptEngine.run(ScriptEngine.java:194)
	at com.kms.katalon.core.main.ScriptEngine.runScriptAsRawText(ScriptEngine.java:119)
	at com.kms.katalon.core.main.TestCaseExecutor.runScript(TestCaseExecutor.java:337)
	at com.kms.katalon.core.main.TestCaseExecutor.doExecute(TestCaseExecutor.java:328)
	at com.kms.katalon.core.main.TestCaseExecutor.processExecutionPhase(TestCaseExecutor.java:307)
	at com.kms.katalon.core.main.TestCaseExecutor.accessMainPhase(TestCaseExecutor.java:299)
	at com.kms.katalon.core.main.TestCaseExecutor.execute(TestCaseExecutor.java:233)
	at com.kms.katalon.core.main.TestCaseMain.runTestCase(TestCaseMain.java:114)
	at com.kms.katalon.core.keyword.builtin.CallTestCaseKeyword$_callTestCase_closure1.doCall(CallTestCaseKeyword.groovy:59)
	at com.kms.katalon.core.keyword.builtin.CallTestCaseKeyword$_callTestCase_closure1.call(CallTestCaseKeyword.groovy)
	at com.kms.katalon.core.keyword.internal.KeywordMain.runKeyword(KeywordMain.groovy:68)
	at com.kms.katalon.core.keyword.builtin.CallTestCaseKeyword.callTestCase(CallTestCaseKeyword.groovy:81)
	at com.kms.katalon.core.keyword.builtin.CallTestCaseKeyword.execute(CallTestCaseKeyword.groovy:44)
	at com.kms.katalon.core.keyword.internal.KeywordExecutor.executeKeywordForPlatform(KeywordExecutor.groovy:72)
	at com.kms.katalon.core.keyword.BuiltinKeywords.callTestCase(BuiltinKeywords.groovy:334)
	at TC_Agregar_Producto_Almacen.run(TC_Agregar_Producto_Almacen:26)
	at com.kms.katalon.core.main.ScriptEngine.run(ScriptEngine.java:194)
	at com.kms.katalon.core.main.ScriptEngine.runScriptAsRawText(ScriptEngine.java:119)
	at com.kms.katalon.core.main.TestCaseExecutor.runScript(TestCaseExecutor.java:337)
	at com.kms.katalon.core.main.TestCaseExecutor.doExecute(TestCaseExecutor.java:328)
	at com.kms.katalon.core.main.TestCaseExecutor.processExecutionPhase(TestCaseExecutor.java:307)
	at com.kms.katalon.core.main.TestCaseExecutor.accessMainPhase(TestCaseExecutor.java:299)
	at com.kms.katalon.core.main.TestCaseExecutor.execute(TestCaseExecutor.java:233)
	at com.kms.katalon.core.main.TestSuiteExecutor.accessTestCaseMainPhase(TestSuiteExecutor.java:169)
	at com.kms.katalon.core.main.TestSuiteExecutor.accessTestSuiteMainPhase(TestSuiteExecutor.java:142)
	at com.kms.katalon.core.main.TestSuiteExecutor.execute(TestSuiteExecutor.java:91)
	at com.kms.katalon.core.main.TestCaseMain.startTestSuite(TestCaseMain.java:157)
	at com.kms.katalon.core.main.TestCaseMain$startTestSuite$0.call(Unknown Source)
	at TempTestSuite1582647327740.run(TempTestSuite1582647327740.groovy:36)
Caused by: org.openqa.selenium.WebDriverException: unknown error: cannot determine loading status
from disconnected: received Inspector.detached event
  (Session info: chrome=80.0.3987.122)
Build info: version: '3.141.59', revision: 'e82be7d358', time: '2018-11-14T08:25:53'
System info: host: 'LAPTOP-K43U1BVQ', ip: '192.168.99.1', os.name: 'Windows 10', os.arch: 'amd64', os.version: '10.0', java.version: '1.8.0_181'
Driver info: com.kms.katalon.selenium.driver.CChromeDriver
Capabilities {acceptInsecureCerts: false, browserName: chrome, browserVersion: 80.0.3987.122, chrome: {chromedriverVersion: 79.0.3945.36 (3582db32b3389..., userDataDir: C:\Users\kaizen\AppData\Loc...}, goog:chromeOptions: {debuggerAddress: localhost:3823}, javascriptEnabled: true, networkConnectionEnabled: false, pageLoadStrategy: normal, platform: WINDOWS, platformName: WINDOWS, proxy: Proxy(), setWindowRect: true, strictFileInteractability: false, timeouts: {implicit: 0, pageLoad: 300000, script: 30000}, unhandledPromptBehavior: dismiss and notify}
Session ID: a08089e78b7e1ddef64bc98f8828a6bd
	at org.openqa.selenium.remote.http.W3CHttpResponseCodec.createException(W3CHttpResponseCodec.java:187)
	at org.openqa.selenium.remote.http.W3CHttpResponseCodec.decode(W3CHttpResponseCodec.java:122)
	at org.openqa.selenium.remote.http.W3CHttpResponseCodec.decode(W3CHttpResponseCodec.java:49)
	at org.openqa.selenium.remote.HttpCommandExecutor.execute(HttpCommandExecutor.java:158)
	at org.openqa.selenium.remote.service.DriverCommandExecutor.execute(DriverCommandExecutor.java:83)
	at org.openqa.selenium.remote.RemoteWebDriver.execute(RemoteWebDriver.java:552)
	at com.kms.katalon.selenium.driver.CChromeDriver.execute(CChromeDriver.java:19)
	at org.openqa.selenium.remote.RemoteWebDriver.get(RemoteWebDriver.java:277)
	at org.openqa.selenium.support.events.EventFiringWebDriver.lambda$new$1(EventFiringWebDriver.java:105)
	at com.sun.proxy.$Proxy8.get(Unknown Source)
	at org.openqa.selenium.support.events.EventFiringWebDriver.get(EventFiringWebDriver.java:165)
	at com.kms.katalon.core.webui.keyword.builtin.OpenBrowserKeyword$_openBrowser_closure1.doCall(OpenBrowserKeyword.groovy:78)
	at com.kms.katalon.core.webui.keyword.builtin.OpenBrowserKeyword$_openBrowser_closure1.call(OpenBrowserKeyword.groovy)
	at com.kms.katalon.core.webui.keyword.internal.WebUIKeywordMain.runKeyword(WebUIKeywordMain.groovy:20)
	... 35 more


2020-02-25 12:19:21 - [TEST_STEP][PASSED] - print("Evento Seleccionado: " + Evento + "
"): null

2020-02-25 12:19:21 - [TEST_STEP][FAILED] - openBrowser(Web): Unable to open browser with url: 'http://test.kaizendev.net/Login/Accesar?salir=true' (Root cause: com.kms.katalon.core.exception.StepFailedException: Unable to open browser with url: 'http://test.kaizendev.net/Login/Accesar?salir=true'
	at com.kms.katalon.core.webui.keyword.internal.WebUIKeywordMain.stepFailed(WebUIKeywordMain.groovy:64)
	at com.kms.katalon.core.webui.keyword.internal.WebUIKeywordMain.runKeyword(WebUIKeywordMain.groovy:26)
	at com.kms.katalon.core.webui.keyword.builtin.OpenBrowserKeyword.openBrowser(OpenBrowserKeyword.groovy:81)
	at com.kms.katalon.core.webui.keyword.builtin.OpenBrowserKeyword.execute(OpenBrowserKeyword.groovy:67)
	at com.kms.katalon.core.keyword.internal.KeywordExecutor.executeKeywordForPlatform(KeywordExecutor.groovy:72)
	at com.kms.katalon.core.webui.keyword.WebUiBuiltInKeywords.openBrowser(WebUiBuiltInKeywords.groovy:60)
	at com.kms.katalon.core.webui.keyword.WebUiBuiltInKeywords$openBrowser.call(Unknown Source)
	at Login.run(Login:21)
	at com.kms.katalon.core.main.ScriptEngine.run(ScriptEngine.java:194)
	at com.kms.katalon.core.main.ScriptEngine.runScriptAsRawText(ScriptEngine.java:119)
	at com.kms.katalon.core.main.TestCaseExecutor.runScript(TestCaseExecutor.java:337)
	at com.kms.katalon.core.main.TestCaseExecutor.doExecute(TestCaseExecutor.java:328)
	at com.kms.katalon.core.main.TestCaseExecutor.processExecutionPhase(TestCaseExecutor.java:307)
	at com.kms.katalon.core.main.TestCaseExecutor.accessMainPhase(TestCaseExecutor.java:299)
	at com.kms.katalon.core.main.TestCaseExecutor.execute(TestCaseExecutor.java:233)
	at com.kms.katalon.core.main.TestCaseMain.runTestCase(TestCaseMain.java:114)
	at com.kms.katalon.core.keyword.builtin.CallTestCaseKeyword$_callTestCase_closure1.doCall(CallTestCaseKeyword.groovy:59)
	at com.kms.katalon.core.keyword.builtin.CallTestCaseKeyword$_callTestCase_closure1.call(CallTestCaseKeyword.groovy)
	at com.kms.katalon.core.keyword.internal.KeywordMain.runKeyword(KeywordMain.groovy:68)
	at com.kms.katalon.core.keyword.builtin.CallTestCaseKeyword.callTestCase(CallTestCaseKeyword.groovy:81)
	at com.kms.katalon.core.keyword.builtin.CallTestCaseKeyword.execute(CallTestCaseKeyword.groovy:44)
	at com.kms.katalon.core.keyword.internal.KeywordExecutor.executeKeywordForPlatform(KeywordExecutor.groovy:72)
	at com.kms.katalon.core.keyword.BuiltinKeywords.callTestCase(BuiltinKeywords.groovy:334)
	at TC_Agregar_Producto_Almacen.run(TC_Agregar_Producto_Almacen:26)
	at com.kms.katalon.core.main.ScriptEngine.run(ScriptEngine.java:194)
	at com.kms.katalon.core.main.ScriptEngine.runScriptAsRawText(ScriptEngine.java:119)
	at com.kms.katalon.core.main.TestCaseExecutor.runScript(TestCaseExecutor.java:337)
	at com.kms.katalon.core.main.TestCaseExecutor.doExecute(TestCaseExecutor.java:328)
	at com.kms.katalon.core.main.TestCaseExecutor.processExecutionPhase(TestCaseExecutor.java:307)
	at com.kms.katalon.core.main.TestCaseExecutor.accessMainPhase(TestCaseExecutor.java:299)
	at com.kms.katalon.core.main.TestCaseExecutor.execute(TestCaseExecutor.java:233)
	at com.kms.katalon.core.main.TestSuiteExecutor.accessTestCaseMainPhase(TestSuiteExecutor.java:169)
	at com.kms.katalon.core.main.TestSuiteExecutor.accessTestSuiteMainPhase(TestSuiteExecutor.java:142)
	at com.kms.katalon.core.main.TestSuiteExecutor.execute(TestSuiteExecutor.java:91)
	at com.kms.katalon.core.main.TestCaseMain.startTestSuite(TestCaseMain.java:157)
	at com.kms.katalon.core.main.TestCaseMain$startTestSuite$0.call(Unknown Source)
	at TempTestSuite1582647327740.run(TempTestSuite1582647327740.groovy:36)
Caused by: org.openqa.selenium.WebDriverException: unknown error: cannot determine loading status
from disconnected: received Inspector.detached event
  (Session info: chrome=80.0.3987.122)
Build info: version: '3.141.59', revision: 'e82be7d358', time: '2018-11-14T08:25:53'
System info: host: 'LAPTOP-K43U1BVQ', ip: '192.168.99.1', os.name: 'Windows 10', os.arch: 'amd64', os.version: '10.0', java.version: '1.8.0_181'
Driver info: com.kms.katalon.selenium.driver.CChromeDriver
Capabilities {acceptInsecureCerts: false, browserName: chrome, browserVersion: 80.0.3987.122, chrome: {chromedriverVersion: 79.0.3945.36 (3582db32b3389..., userDataDir: C:\Users\kaizen\AppData\Loc...}, goog:chromeOptions: {debuggerAddress: localhost:3823}, javascriptEnabled: true, networkConnectionEnabled: false, pageLoadStrategy: normal, platform: WINDOWS, platformName: WINDOWS, proxy: Proxy(), setWindowRect: true, strictFileInteractability: false, timeouts: {implicit: 0, pageLoad: 300000, script: 30000}, unhandledPromptBehavior: dismiss and notify}
Session ID: a08089e78b7e1ddef64bc98f8828a6bd
	at org.openqa.selenium.remote.http.W3CHttpResponseCodec.createException(W3CHttpResponseCodec.java:187)
	at org.openqa.selenium.remote.http.W3CHttpResponseCodec.decode(W3CHttpResponseCodec.java:122)
	at org.openqa.selenium.remote.http.W3CHttpResponseCodec.decode(W3CHttpResponseCodec.java:49)
	at org.openqa.selenium.remote.HttpCommandExecutor.execute(HttpCommandExecutor.java:158)
	at org.openqa.selenium.remote.service.DriverCommandExecutor.execute(DriverCommandExecutor.java:83)
	at org.openqa.selenium.remote.RemoteWebDriver.execute(RemoteWebDriver.java:552)
	at com.kms.katalon.selenium.driver.CChromeDriver.execute(CChromeDriver.java:19)
	at org.openqa.selenium.remote.RemoteWebDriver.get(RemoteWebDriver.java:277)
	at org.openqa.selenium.support.events.EventFiringWebDriver.lambda$new$1(EventFiringWebDriver.java:105)
	at com.sun.proxy.$Proxy8.get(Unknown Source)
	at org.openqa.selenium.support.events.EventFiringWebDriver.get(EventFiringWebDriver.java:165)
	at com.kms.katalon.core.webui.keyword.builtin.OpenBrowserKeyword$_openBrowser_closure1.doCall(OpenBrowserKeyword.groovy:78)
	at com.kms.katalon.core.webui.keyword.builtin.OpenBrowserKeyword$_openBrowser_closure1.call(OpenBrowserKeyword.groovy)
	at com.kms.katalon.core.webui.keyword.internal.WebUIKeywordMain.runKeyword(WebUIKeywordMain.groovy:20)
	at com.kms.katalon.core.webui.keyword.builtin.OpenBrowserKeyword.openBrowser(OpenBrowserKeyword.groovy:81)
	at com.kms.katalon.core.webui.keyword.builtin.OpenBrowserKeyword.execute(OpenBrowserKeyword.groovy:67)
	at com.kms.katalon.core.keyword.internal.KeywordExecutor.executeKeywordForPlatform(KeywordExecutor.groovy:72)
	at com.kms.katalon.core.webui.keyword.WebUiBuiltInKeywords.openBrowser(WebUiBuiltInKeywords.groovy:60)
	at com.kms.katalon.core.webui.keyword.WebUiBuiltInKeywords$openBrowser.call(Unknown Source)
	at Script1582302053606.run(Script1582302053606.groovy:21)
	at com.kms.katalon.core.main.ScriptEngine.run(ScriptEngine.java:194)
	at com.kms.katalon.core.main.ScriptEngine.runScriptAsRawText(ScriptEngine.java:119)
	at com.kms.katalon.core.main.TestCaseExecutor.runScript(TestCaseExecutor.java:337)
	at com.kms.katalon.core.main.TestCaseExecutor.doExecute(TestCaseExecutor.java:328)
	at com.kms.katalon.core.main.TestCaseExecutor.processExecutionPhase(TestCaseExecutor.java:307)
	at com.kms.katalon.core.main.TestCaseExecutor.accessMainPhase(TestCaseExecutor.java:299)
	at com.kms.katalon.core.main.TestCaseExecutor.execute(TestCaseExecutor.java:233)
	at com.kms.katalon.core.main.TestCaseMain.runTestCase(TestCaseMain.java:114)
	at com.kms.katalon.core.keyword.builtin.CallTestCaseKeyword$_callTestCase_closure1.doCall(CallTestCaseKeyword.groovy:59)
	at com.kms.katalon.core.keyword.builtin.CallTestCaseKeyword$_callTestCase_closure1.call(CallTestCaseKeyword.groovy)
	at com.kms.katalon.core.keyword.internal.KeywordMain.runKeyword(KeywordMain.groovy:68)
	at com.kms.katalon.core.keyword.builtin.CallTestCaseKeyword.callTestCase(CallTestCaseKeyword.groovy:81)
	at com.kms.katalon.core.keyword.builtin.CallTestCaseKeyword.execute(CallTestCaseKeyword.groovy:44)
	at com.kms.katalon.core.keyword.internal.KeywordExecutor.executeKeywordForPlatform(KeywordExecutor.groovy:72)
	at com.kms.katalon.core.keyword.BuiltinKeywords.callTestCase(BuiltinKeywords.groovy:334)
	at Script1582301841574.run(Script1582301841574.groovy:26)
	... 13 more
)

2020-02-25 12:19:21 - [MESSAGE][INFO] - Starting 'Chrome' driver

2020-02-25 12:19:24 - [MESSAGE][FAILED] - Unable to open browser with url: 'http://test.kaizendev.net/Login/Accesar?salir=true' (Root cause: com.kms.katalon.core.exception.StepFailedException: Unable to open browser with url: 'http://test.kaizendev.net/Login/Accesar?salir=true'
	at com.kms.katalon.core.webui.keyword.internal.WebUIKeywordMain.stepFailed(WebUIKeywordMain.groovy:64)
	at com.kms.katalon.core.webui.keyword.internal.WebUIKeywordMain.runKeyword(WebUIKeywordMain.groovy:26)
	at com.kms.katalon.core.webui.keyword.builtin.OpenBrowserKeyword.openBrowser(OpenBrowserKeyword.groovy:81)
	at com.kms.katalon.core.webui.keyword.builtin.OpenBrowserKeyword.execute(OpenBrowserKeyword.groovy:67)
	at com.kms.katalon.core.keyword.internal.KeywordExecutor.executeKeywordForPlatform(KeywordExecutor.groovy:72)
	at com.kms.katalon.core.webui.keyword.WebUiBuiltInKeywords.openBrowser(WebUiBuiltInKeywords.groovy:60)
	at com.kms.katalon.core.webui.keyword.WebUiBuiltInKeywords$openBrowser.call(Unknown Source)
	at Login.run(Login:21)
	at com.kms.katalon.core.main.ScriptEngine.run(ScriptEngine.java:194)
	at com.kms.katalon.core.main.ScriptEngine.runScriptAsRawText(ScriptEngine.java:119)
	at com.kms.katalon.core.main.TestCaseExecutor.runScript(TestCaseExecutor.java:337)
	at com.kms.katalon.core.main.TestCaseExecutor.doExecute(TestCaseExecutor.java:328)
	at com.kms.katalon.core.main.TestCaseExecutor.processExecutionPhase(TestCaseExecutor.java:307)
	at com.kms.katalon.core.main.TestCaseExecutor.accessMainPhase(TestCaseExecutor.java:299)
	at com.kms.katalon.core.main.TestCaseExecutor.execute(TestCaseExecutor.java:233)
	at com.kms.katalon.core.main.TestCaseMain.runTestCase(TestCaseMain.java:114)
	at com.kms.katalon.core.keyword.builtin.CallTestCaseKeyword$_callTestCase_closure1.doCall(CallTestCaseKeyword.groovy:59)
	at com.kms.katalon.core.keyword.builtin.CallTestCaseKeyword$_callTestCase_closure1.call(CallTestCaseKeyword.groovy)
	at com.kms.katalon.core.keyword.internal.KeywordMain.runKeyword(KeywordMain.groovy:68)
	at com.kms.katalon.core.keyword.builtin.CallTestCaseKeyword.callTestCase(CallTestCaseKeyword.groovy:81)
	at com.kms.katalon.core.keyword.builtin.CallTestCaseKeyword.execute(CallTestCaseKeyword.groovy:44)
	at com.kms.katalon.core.keyword.internal.KeywordExecutor.executeKeywordForPlatform(KeywordExecutor.groovy:72)
	at com.kms.katalon.core.keyword.BuiltinKeywords.callTestCase(BuiltinKeywords.groovy:334)
	at TC_Agregar_Producto_Almacen.run(TC_Agregar_Producto_Almacen:26)
	at com.kms.katalon.core.main.ScriptEngine.run(ScriptEngine.java:194)
	at com.kms.katalon.core.main.ScriptEngine.runScriptAsRawText(ScriptEngine.java:119)
	at com.kms.katalon.core.main.TestCaseExecutor.runScript(TestCaseExecutor.java:337)
	at com.kms.katalon.core.main.TestCaseExecutor.doExecute(TestCaseExecutor.java:328)
	at com.kms.katalon.core.main.TestCaseExecutor.processExecutionPhase(TestCaseExecutor.java:307)
	at com.kms.katalon.core.main.TestCaseExecutor.accessMainPhase(TestCaseExecutor.java:299)
	at com.kms.katalon.core.main.TestCaseExecutor.execute(TestCaseExecutor.java:233)
	at com.kms.katalon.core.main.TestSuiteExecutor.accessTestCaseMainPhase(TestSuiteExecutor.java:169)
	at com.kms.katalon.core.main.TestSuiteExecutor.accessTestSuiteMainPhase(TestSuiteExecutor.java:142)
	at com.kms.katalon.core.main.TestSuiteExecutor.execute(TestSuiteExecutor.java:91)
	at com.kms.katalon.core.main.TestCaseMain.startTestSuite(TestCaseMain.java:157)
	at com.kms.katalon.core.main.TestCaseMain$startTestSuite$0.call(Unknown Source)
	at TempTestSuite1582647327740.run(TempTestSuite1582647327740.groovy:36)
Caused by: org.openqa.selenium.WebDriverException: unknown error: cannot determine loading status
from disconnected: received Inspector.detached event
  (Session info: chrome=80.0.3987.122)
Build info: version: '3.141.59', revision: 'e82be7d358', time: '2018-11-14T08:25:53'
System info: host: 'LAPTOP-K43U1BVQ', ip: '192.168.99.1', os.name: 'Windows 10', os.arch: 'amd64', os.version: '10.0', java.version: '1.8.0_181'
Driver info: com.kms.katalon.selenium.driver.CChromeDriver
Capabilities {acceptInsecureCerts: false, browserName: chrome, browserVersion: 80.0.3987.122, chrome: {chromedriverVersion: 79.0.3945.36 (3582db32b3389..., userDataDir: C:\Users\kaizen\AppData\Loc...}, goog:chromeOptions: {debuggerAddress: localhost:3823}, javascriptEnabled: true, networkConnectionEnabled: false, pageLoadStrategy: normal, platform: WINDOWS, platformName: WINDOWS, proxy: Proxy(), setWindowRect: true, strictFileInteractability: false, timeouts: {implicit: 0, pageLoad: 300000, script: 30000}, unhandledPromptBehavior: dismiss and notify}
Session ID: a08089e78b7e1ddef64bc98f8828a6bd
	at org.openqa.selenium.remote.http.W3CHttpResponseCodec.createException(W3CHttpResponseCodec.java:187)
	at org.openqa.selenium.remote.http.W3CHttpResponseCodec.decode(W3CHttpResponseCodec.java:122)
	at org.openqa.selenium.remote.http.W3CHttpResponseCodec.decode(W3CHttpResponseCodec.java:49)
	at org.openqa.selenium.remote.HttpCommandExecutor.execute(HttpCommandExecutor.java:158)
	at org.openqa.selenium.remote.service.DriverCommandExecutor.execute(DriverCommandExecutor.java:83)
	at org.openqa.selenium.remote.RemoteWebDriver.execute(RemoteWebDriver.java:552)
	at com.kms.katalon.selenium.driver.CChromeDriver.execute(CChromeDriver.java:19)
	at org.openqa.selenium.remote.RemoteWebDriver.get(RemoteWebDriver.java:277)
	at org.openqa.selenium.support.events.EventFiringWebDriver.lambda$new$1(EventFiringWebDriver.java:105)
	at com.sun.proxy.$Proxy8.get(Unknown Source)
	at org.openqa.selenium.support.events.EventFiringWebDriver.get(EventFiringWebDriver.java:165)
	at com.kms.katalon.core.webui.keyword.builtin.OpenBrowserKeyword$_openBrowser_closure1.doCall(OpenBrowserKeyword.groovy:78)
	at com.kms.katalon.core.webui.keyword.builtin.OpenBrowserKeyword$_openBrowser_closure1.call(OpenBrowserKeyword.groovy)
	at com.kms.katalon.core.webui.keyword.internal.WebUIKeywordMain.runKeyword(WebUIKeywordMain.groovy:20)
	at com.kms.katalon.core.webui.keyword.builtin.OpenBrowserKeyword.openBrowser(OpenBrowserKeyword.groovy:81)
	at com.kms.katalon.core.webui.keyword.builtin.OpenBrowserKeyword.execute(OpenBrowserKeyword.groovy:67)
	at com.kms.katalon.core.keyword.internal.KeywordExecutor.executeKeywordForPlatform(KeywordExecutor.groovy:72)
	at com.kms.katalon.core.webui.keyword.WebUiBuiltInKeywords.openBrowser(WebUiBuiltInKeywords.groovy:60)
	at com.kms.katalon.core.webui.keyword.WebUiBuiltInKeywords$openBrowser.call(Unknown Source)
	at Script1582302053606.run(Script1582302053606.groovy:21)
	at com.kms.katalon.core.main.ScriptEngine.run(ScriptEngine.java:194)
	at com.kms.katalon.core.main.ScriptEngine.runScriptAsRawText(ScriptEngine.java:119)
	at com.kms.katalon.core.main.TestCaseExecutor.runScript(TestCaseExecutor.java:337)
	at com.kms.katalon.core.main.TestCaseExecutor.doExecute(TestCaseExecutor.java:328)
	at com.kms.katalon.core.main.TestCaseExecutor.processExecutionPhase(TestCaseExecutor.java:307)
	at com.kms.katalon.core.main.TestCaseExecutor.accessMainPhase(TestCaseExecutor.java:299)
	at com.kms.katalon.core.main.TestCaseExecutor.execute(TestCaseExecutor.java:233)
	at com.kms.katalon.core.main.TestCaseMain.runTestCase(TestCaseMain.java:114)
	at com.kms.katalon.core.keyword.builtin.CallTestCaseKeyword$_callTestCase_closure1.doCall(CallTestCaseKeyword.groovy:59)
	at com.kms.katalon.core.keyword.builtin.CallTestCaseKeyword$_callTestCase_closure1.call(CallTestCaseKeyword.groovy)
	at com.kms.katalon.core.keyword.internal.KeywordMain.runKeyword(KeywordMain.groovy:68)
	at com.kms.katalon.core.keyword.builtin.CallTestCaseKeyword.callTestCase(CallTestCaseKeyword.groovy:81)
	at com.kms.katalon.core.keyword.builtin.CallTestCaseKeyword.execute(CallTestCaseKeyword.groovy:44)
	at com.kms.katalon.core.keyword.internal.KeywordExecutor.executeKeywordForPlatform(KeywordExecutor.groovy:72)
	at com.kms.katalon.core.keyword.BuiltinKeywords.callTestCase(BuiltinKeywords.groovy:334)
	at Script1582301841574.run(Script1582301841574.groovy:26)
	... 13 more
)

2020-02-25 12:19:24 - [MESSAGE][FAILED] - Unable to call Test Case 'Test Cases/Individual_Tests/Login' (Root cause: com.kms.katalon.core.exception.StepFailedException: Call Test Case 'Test Cases/Individual_Tests/Login' failed
	at com.kms.katalon.core.keyword.builtin.CallTestCaseKeyword$_callTestCase_closure1.doCall(CallTestCaseKeyword.groovy:63)
	at com.kms.katalon.core.keyword.builtin.CallTestCaseKeyword$_callTestCase_closure1.call(CallTestCaseKeyword.groovy)
	at com.kms.katalon.core.keyword.internal.KeywordMain.runKeyword(KeywordMain.groovy:68)
	at com.kms.katalon.core.keyword.builtin.CallTestCaseKeyword.callTestCase(CallTestCaseKeyword.groovy:81)
	at com.kms.katalon.core.keyword.builtin.CallTestCaseKeyword.execute(CallTestCaseKeyword.groovy:44)
	at com.kms.katalon.core.keyword.internal.KeywordExecutor.executeKeywordForPlatform(KeywordExecutor.groovy:72)
	at com.kms.katalon.core.keyword.BuiltinKeywords.callTestCase(BuiltinKeywords.groovy:334)
	at TC_Agregar_Producto_Almacen.run(TC_Agregar_Producto_Almacen:26)
	at com.kms.katalon.core.main.ScriptEngine.run(ScriptEngine.java:194)
	at com.kms.katalon.core.main.ScriptEngine.runScriptAsRawText(ScriptEngine.java:119)
	at com.kms.katalon.core.main.TestCaseExecutor.runScript(TestCaseExecutor.java:337)
	at com.kms.katalon.core.main.TestCaseExecutor.doExecute(TestCaseExecutor.java:328)
	at com.kms.katalon.core.main.TestCaseExecutor.processExecutionPhase(TestCaseExecutor.java:307)
	at com.kms.katalon.core.main.TestCaseExecutor.accessMainPhase(TestCaseExecutor.java:299)
	at com.kms.katalon.core.main.TestCaseExecutor.execute(TestCaseExecutor.java:233)
	at com.kms.katalon.core.main.TestSuiteExecutor.accessTestCaseMainPhase(TestSuiteExecutor.java:169)
	at com.kms.katalon.core.main.TestSuiteExecutor.accessTestSuiteMainPhase(TestSuiteExecutor.java:142)
	at com.kms.katalon.core.main.TestSuiteExecutor.execute(TestSuiteExecutor.java:91)
	at com.kms.katalon.core.main.TestCaseMain.startTestSuite(TestCaseMain.java:157)
	at com.kms.katalon.core.main.TestCaseMain$startTestSuite$0.call(Unknown Source)
	at TempTestSuite1582647327740.run(TempTestSuite1582647327740.groovy:36)
Caused by: com.kms.katalon.core.exception.StepFailedException: Unable to open browser with url: 'http://test.kaizendev.net/Login/Accesar?salir=true'
	at com.kms.katalon.core.webui.keyword.internal.WebUIKeywordMain.stepFailed(WebUIKeywordMain.groovy:64)
	at com.kms.katalon.core.webui.keyword.internal.WebUIKeywordMain.runKeyword(WebUIKeywordMain.groovy:26)
	at com.kms.katalon.core.webui.keyword.builtin.OpenBrowserKeyword.openBrowser(OpenBrowserKeyword.groovy:81)
	at com.kms.katalon.core.webui.keyword.builtin.OpenBrowserKeyword.execute(OpenBrowserKeyword.groovy:67)
	at com.kms.katalon.core.keyword.internal.KeywordExecutor.executeKeywordForPlatform(KeywordExecutor.groovy:72)
	at com.kms.katalon.core.webui.keyword.WebUiBuiltInKeywords.openBrowser(WebUiBuiltInKeywords.groovy:60)
	at com.kms.katalon.core.webui.keyword.WebUiBuiltInKeywords$openBrowser.call(Unknown Source)
	at Login.run(Login:21)
	at com.kms.katalon.core.main.ScriptEngine.run(ScriptEngine.java:194)
	at com.kms.katalon.core.main.ScriptEngine.runScriptAsRawText(ScriptEngine.java:119)
	at com.kms.katalon.core.main.TestCaseExecutor.runScript(TestCaseExecutor.java:337)
	at com.kms.katalon.core.main.TestCaseExecutor.doExecute(TestCaseExecutor.java:328)
	at com.kms.katalon.core.main.TestCaseExecutor.processExecutionPhase(TestCaseExecutor.java:307)
	at com.kms.katalon.core.main.TestCaseExecutor.accessMainPhase(TestCaseExecutor.java:299)
	at com.kms.katalon.core.main.TestCaseExecutor.execute(TestCaseExecutor.java:233)
	at com.kms.katalon.core.main.TestCaseMain.runTestCase(TestCaseMain.java:114)
	at com.kms.katalon.core.keyword.builtin.CallTestCaseKeyword$_callTestCase_closure1.doCall(CallTestCaseKeyword.groovy:59)
	... 20 more
Caused by: org.openqa.selenium.WebDriverException: unknown error: cannot determine loading status
from disconnected: received Inspector.detached event
  (Session info: chrome=80.0.3987.122)
Build info: version: '3.141.59', revision: 'e82be7d358', time: '2018-11-14T08:25:53'
System info: host: 'LAPTOP-K43U1BVQ', ip: '192.168.99.1', os.name: 'Windows 10', os.arch: 'amd64', os.version: '10.0', java.version: '1.8.0_181'
Driver info: com.kms.katalon.selenium.driver.CChromeDriver
Capabilities {acceptInsecureCerts: false, browserName: chrome, browserVersion: 80.0.3987.122, chrome: {chromedriverVersion: 79.0.3945.36 (3582db32b3389..., userDataDir: C:\Users\kaizen\AppData\Loc...}, goog:chromeOptions: {debuggerAddress: localhost:3823}, javascriptEnabled: true, networkConnectionEnabled: false, pageLoadStrategy: normal, platform: WINDOWS, platformName: WINDOWS, proxy: Proxy(), setWindowRect: true, strictFileInteractability: false, timeouts: {implicit: 0, pageLoad: 300000, script: 30000}, unhandledPromptBehavior: dismiss and notify}
Session ID: a08089e78b7e1ddef64bc98f8828a6bd
	at org.openqa.selenium.remote.http.W3CHttpResponseCodec.createException(W3CHttpResponseCodec.java:187)
	at org.openqa.selenium.remote.http.W3CHttpResponseCodec.decode(W3CHttpResponseCodec.java:122)
	at org.openqa.selenium.remote.http.W3CHttpResponseCodec.decode(W3CHttpResponseCodec.java:49)
	at org.openqa.selenium.remote.HttpCommandExecutor.execute(HttpCommandExecutor.java:158)
	at org.openqa.selenium.remote.service.DriverCommandExecutor.execute(DriverCommandExecutor.java:83)
	at org.openqa.selenium.remote.RemoteWebDriver.execute(RemoteWebDriver.java:552)
	at com.kms.katalon.selenium.driver.CChromeDriver.execute(CChromeDriver.java:19)
	at org.openqa.selenium.remote.RemoteWebDriver.get(RemoteWebDriver.java:277)
	at org.openqa.selenium.support.events.EventFiringWebDriver.lambda$new$1(EventFiringWebDriver.java:105)
	at com.sun.proxy.$Proxy8.get(Unknown Source)
	at org.openqa.selenium.support.events.EventFiringWebDriver.get(EventFiringWebDriver.java:165)
	at com.kms.katalon.core.webui.keyword.builtin.OpenBrowserKeyword$_openBrowser_closure1.doCall(OpenBrowserKeyword.groovy:78)
	at com.kms.katalon.core.webui.keyword.builtin.OpenBrowserKeyword$_openBrowser_closure1.call(OpenBrowserKeyword.groovy)
	at com.kms.katalon.core.webui.keyword.internal.WebUIKeywordMain.runKeyword(WebUIKeywordMain.groovy:20)
	... 35 more
)]]></system-out>
         <system-err><![CDATA[2020-02-25 12:15:30 - [TEST_CASE][FAILED] - Test Cases/Secuencias de Ejecucion/TC_Agregar_Producto_Almacen: Test Cases/Secuencias de Ejecucion/TC_Agregar_Producto_Almacen FAILED.
Reason:
com.kms.katalon.core.exception.StepFailedException: Call Test Case 'Test Cases/Individual_Tests/Login' failed
	at com.kms.katalon.core.keyword.builtin.CallTestCaseKeyword$_callTestCase_closure1.doCall(CallTestCaseKeyword.groovy:63)
	at com.kms.katalon.core.keyword.builtin.CallTestCaseKeyword$_callTestCase_closure1.call(CallTestCaseKeyword.groovy)
	at com.kms.katalon.core.keyword.internal.KeywordMain.runKeyword(KeywordMain.groovy:68)
	at com.kms.katalon.core.keyword.builtin.CallTestCaseKeyword.callTestCase(CallTestCaseKeyword.groovy:81)
	at com.kms.katalon.core.keyword.builtin.CallTestCaseKeyword.execute(CallTestCaseKeyword.groovy:44)
	at com.kms.katalon.core.keyword.internal.KeywordExecutor.executeKeywordForPlatform(KeywordExecutor.groovy:72)
	at com.kms.katalon.core.keyword.BuiltinKeywords.callTestCase(BuiltinKeywords.groovy:334)
	at TC_Agregar_Producto_Almacen.run(TC_Agregar_Producto_Almacen:26)
	at com.kms.katalon.core.main.ScriptEngine.run(ScriptEngine.java:194)
	at com.kms.katalon.core.main.ScriptEngine.runScriptAsRawText(ScriptEngine.java:119)
	at com.kms.katalon.core.main.TestCaseExecutor.runScript(TestCaseExecutor.java:337)
	at com.kms.katalon.core.main.TestCaseExecutor.doExecute(TestCaseExecutor.java:328)
	at com.kms.katalon.core.main.TestCaseExecutor.processExecutionPhase(TestCaseExecutor.java:307)
	at com.kms.katalon.core.main.TestCaseExecutor.accessMainPhase(TestCaseExecutor.java:299)
	at com.kms.katalon.core.main.TestCaseExecutor.execute(TestCaseExecutor.java:233)
	at com.kms.katalon.core.main.TestSuiteExecutor.accessTestCaseMainPhase(TestSuiteExecutor.java:169)
	at com.kms.katalon.core.main.TestSuiteExecutor.accessTestSuiteMainPhase(TestSuiteExecutor.java:142)
	at com.kms.katalon.core.main.TestSuiteExecutor.execute(TestSuiteExecutor.java:91)
	at com.kms.katalon.core.main.TestCaseMain.startTestSuite(TestCaseMain.java:157)
	at com.kms.katalon.core.main.TestCaseMain$startTestSuite$0.call(Unknown Source)
	at TempTestSuite1582647327740.run(TempTestSuite1582647327740.groovy:36)
Caused by: com.kms.katalon.core.exception.StepFailedException: Unable to open browser with url: 'http://test.kaizendev.net/Login/Accesar?salir=true'
	at com.kms.katalon.core.webui.keyword.internal.WebUIKeywordMain.stepFailed(WebUIKeywordMain.groovy:64)
	at com.kms.katalon.core.webui.keyword.internal.WebUIKeywordMain.runKeyword(WebUIKeywordMain.groovy:26)
	at com.kms.katalon.core.webui.keyword.builtin.OpenBrowserKeyword.openBrowser(OpenBrowserKeyword.groovy:81)
	at com.kms.katalon.core.webui.keyword.builtin.OpenBrowserKeyword.execute(OpenBrowserKeyword.groovy:67)
	at com.kms.katalon.core.keyword.internal.KeywordExecutor.executeKeywordForPlatform(KeywordExecutor.groovy:72)
	at com.kms.katalon.core.webui.keyword.WebUiBuiltInKeywords.openBrowser(WebUiBuiltInKeywords.groovy:60)
	at com.kms.katalon.core.webui.keyword.WebUiBuiltInKeywords$openBrowser.call(Unknown Source)
	at Login.run(Login:21)
	at com.kms.katalon.core.main.ScriptEngine.run(ScriptEngine.java:194)
	at com.kms.katalon.core.main.ScriptEngine.runScriptAsRawText(ScriptEngine.java:119)
	at com.kms.katalon.core.main.TestCaseExecutor.runScript(TestCaseExecutor.java:337)
	at com.kms.katalon.core.main.TestCaseExecutor.doExecute(TestCaseExecutor.java:328)
	at com.kms.katalon.core.main.TestCaseExecutor.processExecutionPhase(TestCaseExecutor.java:307)
	at com.kms.katalon.core.main.TestCaseExecutor.accessMainPhase(TestCaseExecutor.java:299)
	at com.kms.katalon.core.main.TestCaseExecutor.execute(TestCaseExecutor.java:233)
	at com.kms.katalon.core.main.TestCaseMain.runTestCase(TestCaseMain.java:114)
	at com.kms.katalon.core.keyword.builtin.CallTestCaseKeyword$_callTestCase_closure1.doCall(CallTestCaseKeyword.groovy:59)
	... 20 more
Caused by: org.openqa.selenium.WebDriverException: unknown error: cannot determine loading status
from disconnected: received Inspector.detached event
  (Session info: chrome=80.0.3987.122)
Build info: version: '3.141.59', revision: 'e82be7d358', time: '2018-11-14T08:25:53'
System info: host: 'LAPTOP-K43U1BVQ', ip: '192.168.99.1', os.name: 'Windows 10', os.arch: 'amd64', os.version: '10.0', java.version: '1.8.0_181'
Driver info: com.kms.katalon.selenium.driver.CChromeDriver
Capabilities {acceptInsecureCerts: false, browserName: chrome, browserVersion: 80.0.3987.122, chrome: {chromedriverVersion: 79.0.3945.36 (3582db32b3389..., userDataDir: C:\Users\kaizen\AppData\Loc...}, goog:chromeOptions: {debuggerAddress: localhost:3823}, javascriptEnabled: true, networkConnectionEnabled: false, pageLoadStrategy: normal, platform: WINDOWS, platformName: WINDOWS, proxy: Proxy(), setWindowRect: true, strictFileInteractability: false, timeouts: {implicit: 0, pageLoad: 300000, script: 30000}, unhandledPromptBehavior: dismiss and notify}
Session ID: a08089e78b7e1ddef64bc98f8828a6bd
	at org.openqa.selenium.remote.http.W3CHttpResponseCodec.createException(W3CHttpResponseCodec.java:187)
	at org.openqa.selenium.remote.http.W3CHttpResponseCodec.decode(W3CHttpResponseCodec.java:122)
	at org.openqa.selenium.remote.http.W3CHttpResponseCodec.decode(W3CHttpResponseCodec.java:49)
	at org.openqa.selenium.remote.HttpCommandExecutor.execute(HttpCommandExecutor.java:158)
	at org.openqa.selenium.remote.service.DriverCommandExecutor.execute(DriverCommandExecutor.java:83)
	at org.openqa.selenium.remote.RemoteWebDriver.execute(RemoteWebDriver.java:552)
	at com.kms.katalon.selenium.driver.CChromeDriver.execute(CChromeDriver.java:19)
	at org.openqa.selenium.remote.RemoteWebDriver.get(RemoteWebDriver.java:277)
	at org.openqa.selenium.support.events.EventFiringWebDriver.lambda$new$1(EventFiringWebDriver.java:105)
	at com.sun.proxy.$Proxy8.get(Unknown Source)
	at org.openqa.selenium.support.events.EventFiringWebDriver.get(EventFiringWebDriver.java:165)
	at com.kms.katalon.core.webui.keyword.builtin.OpenBrowserKeyword$_openBrowser_closure1.doCall(OpenBrowserKeyword.groovy:78)
	at com.kms.katalon.core.webui.keyword.builtin.OpenBrowserKeyword$_openBrowser_closure1.call(OpenBrowserKeyword.groovy)
	at com.kms.katalon.core.webui.keyword.internal.WebUIKeywordMain.runKeyword(WebUIKeywordMain.groovy:20)
	... 35 more]]></system-err>
      </testcase>
      <system-out><![CDATA[2020-02-25 12:15:30 - [TEST_SUITE][FAILED] - Flujo Completo Mov Inventario: Test Cases/Secuencias de Ejecucion/TC_Agregar_Producto_Almacen FAILED.
Reason:
com.kms.katalon.core.exception.StepFailedException: Call Test Case 'Test Cases/Individual_Tests/Login' failed
	at com.kms.katalon.core.keyword.builtin.CallTestCaseKeyword$_callTestCase_closure1.doCall(CallTestCaseKeyword.groovy:63)
	at com.kms.katalon.core.keyword.builtin.CallTestCaseKeyword$_callTestCase_closure1.call(CallTestCaseKeyword.groovy)
	at com.kms.katalon.core.keyword.internal.KeywordMain.runKeyword(KeywordMain.groovy:68)
	at com.kms.katalon.core.keyword.builtin.CallTestCaseKeyword.callTestCase(CallTestCaseKeyword.groovy:81)
	at com.kms.katalon.core.keyword.builtin.CallTestCaseKeyword.execute(CallTestCaseKeyword.groovy:44)
	at com.kms.katalon.core.keyword.internal.KeywordExecutor.executeKeywordForPlatform(KeywordExecutor.groovy:72)
	at com.kms.katalon.core.keyword.BuiltinKeywords.callTestCase(BuiltinKeywords.groovy:334)
	at TC_Agregar_Producto_Almacen.run(TC_Agregar_Producto_Almacen:26)
	at com.kms.katalon.core.main.ScriptEngine.run(ScriptEngine.java:194)
	at com.kms.katalon.core.main.ScriptEngine.runScriptAsRawText(ScriptEngine.java:119)
	at com.kms.katalon.core.main.TestCaseExecutor.runScript(TestCaseExecutor.java:337)
	at com.kms.katalon.core.main.TestCaseExecutor.doExecute(TestCaseExecutor.java:328)
	at com.kms.katalon.core.main.TestCaseExecutor.processExecutionPhase(TestCaseExecutor.java:307)
	at com.kms.katalon.core.main.TestCaseExecutor.accessMainPhase(TestCaseExecutor.java:299)
	at com.kms.katalon.core.main.TestCaseExecutor.execute(TestCaseExecutor.java:233)
	at com.kms.katalon.core.main.TestSuiteExecutor.accessTestCaseMainPhase(TestSuiteExecutor.java:169)
	at com.kms.katalon.core.main.TestSuiteExecutor.accessTestSuiteMainPhase(TestSuiteExecutor.java:142)
	at com.kms.katalon.core.main.TestSuiteExecutor.execute(TestSuiteExecutor.java:91)
	at com.kms.katalon.core.main.TestCaseMain.startTestSuite(TestCaseMain.java:157)
	at com.kms.katalon.core.main.TestCaseMain$startTestSuite$0.call(Unknown Source)
	at TempTestSuite1582647327740.run(TempTestSuite1582647327740.groovy:36)
Caused by: com.kms.katalon.core.exception.StepFailedException: Unable to open browser with url: 'http://test.kaizendev.net/Login/Accesar?salir=true'
	at com.kms.katalon.core.webui.keyword.internal.WebUIKeywordMain.stepFailed(WebUIKeywordMain.groovy:64)
	at com.kms.katalon.core.webui.keyword.internal.WebUIKeywordMain.runKeyword(WebUIKeywordMain.groovy:26)
	at com.kms.katalon.core.webui.keyword.builtin.OpenBrowserKeyword.openBrowser(OpenBrowserKeyword.groovy:81)
	at com.kms.katalon.core.webui.keyword.builtin.OpenBrowserKeyword.execute(OpenBrowserKeyword.groovy:67)
	at com.kms.katalon.core.keyword.internal.KeywordExecutor.executeKeywordForPlatform(KeywordExecutor.groovy:72)
	at com.kms.katalon.core.webui.keyword.WebUiBuiltInKeywords.openBrowser(WebUiBuiltInKeywords.groovy:60)
	at com.kms.katalon.core.webui.keyword.WebUiBuiltInKeywords$openBrowser.call(Unknown Source)
	at Login.run(Login:21)
	at com.kms.katalon.core.main.ScriptEngine.run(ScriptEngine.java:194)
	at com.kms.katalon.core.main.ScriptEngine.runScriptAsRawText(ScriptEngine.java:119)
	at com.kms.katalon.core.main.TestCaseExecutor.runScript(TestCaseExecutor.java:337)
	at com.kms.katalon.core.main.TestCaseExecutor.doExecute(TestCaseExecutor.java:328)
	at com.kms.katalon.core.main.TestCaseExecutor.processExecutionPhase(TestCaseExecutor.java:307)
	at com.kms.katalon.core.main.TestCaseExecutor.accessMainPhase(TestCaseExecutor.java:299)
	at com.kms.katalon.core.main.TestCaseExecutor.execute(TestCaseExecutor.java:233)
	at com.kms.katalon.core.main.TestCaseMain.runTestCase(TestCaseMain.java:114)
	at com.kms.katalon.core.keyword.builtin.CallTestCaseKeyword$_callTestCase_closure1.doCall(CallTestCaseKeyword.groovy:59)
	... 20 more
Caused by: org.openqa.selenium.WebDriverException: unknown error: cannot determine loading status
from disconnected: received Inspector.detached event
  (Session info: chrome=80.0.3987.122)
Build info: version: '3.141.59', revision: 'e82be7d358', time: '2018-11-14T08:25:53'
System info: host: 'LAPTOP-K43U1BVQ', ip: '192.168.99.1', os.name: 'Windows 10', os.arch: 'amd64', os.version: '10.0', java.version: '1.8.0_181'
Driver info: com.kms.katalon.selenium.driver.CChromeDriver
Capabilities {acceptInsecureCerts: false, browserName: chrome, browserVersion: 80.0.3987.122, chrome: {chromedriverVersion: 79.0.3945.36 (3582db32b3389..., userDataDir: C:\Users\kaizen\AppData\Loc...}, goog:chromeOptions: {debuggerAddress: localhost:3823}, javascriptEnabled: true, networkConnectionEnabled: false, pageLoadStrategy: normal, platform: WINDOWS, platformName: WINDOWS, proxy: Proxy(), setWindowRect: true, strictFileInteractability: false, timeouts: {implicit: 0, pageLoad: 300000, script: 30000}, unhandledPromptBehavior: dismiss and notify}
Session ID: a08089e78b7e1ddef64bc98f8828a6bd
	at org.openqa.selenium.remote.http.W3CHttpResponseCodec.createException(W3CHttpResponseCodec.java:187)
	at org.openqa.selenium.remote.http.W3CHttpResponseCodec.decode(W3CHttpResponseCodec.java:122)
	at org.openqa.selenium.remote.http.W3CHttpResponseCodec.decode(W3CHttpResponseCodec.java:49)
	at org.openqa.selenium.remote.HttpCommandExecutor.execute(HttpCommandExecutor.java:158)
	at org.openqa.selenium.remote.service.DriverCommandExecutor.execute(DriverCommandExecutor.java:83)
	at org.openqa.selenium.remote.RemoteWebDriver.execute(RemoteWebDriver.java:552)
	at com.kms.katalon.selenium.driver.CChromeDriver.execute(CChromeDriver.java:19)
	at org.openqa.selenium.remote.RemoteWebDriver.get(RemoteWebDriver.java:277)
	at org.openqa.selenium.support.events.EventFiringWebDriver.lambda$new$1(EventFiringWebDriver.java:105)
	at com.sun.proxy.$Proxy8.get(Unknown Source)
	at org.openqa.selenium.support.events.EventFiringWebDriver.get(EventFiringWebDriver.java:165)
	at com.kms.katalon.core.webui.keyword.builtin.OpenBrowserKeyword$_openBrowser_closure1.doCall(OpenBrowserKeyword.groovy:78)
	at com.kms.katalon.core.webui.keyword.builtin.OpenBrowserKeyword$_openBrowser_closure1.call(OpenBrowserKeyword.groovy)
	at com.kms.katalon.core.webui.keyword.internal.WebUIKeywordMain.runKeyword(WebUIKeywordMain.groovy:20)
	... 35 more]]></system-out>
      <system-err><![CDATA[2020-02-25 12:15:30 - [TEST_SUITE][FAILED] - Flujo Completo Mov Inventario: Test Cases/Secuencias de Ejecucion/TC_Agregar_Producto_Almacen FAILED.
Reason:
com.kms.katalon.core.exception.StepFailedException: Call Test Case 'Test Cases/Individual_Tests/Login' failed
	at com.kms.katalon.core.keyword.builtin.CallTestCaseKeyword$_callTestCase_closure1.doCall(CallTestCaseKeyword.groovy:63)
	at com.kms.katalon.core.keyword.builtin.CallTestCaseKeyword$_callTestCase_closure1.call(CallTestCaseKeyword.groovy)
	at com.kms.katalon.core.keyword.internal.KeywordMain.runKeyword(KeywordMain.groovy:68)
	at com.kms.katalon.core.keyword.builtin.CallTestCaseKeyword.callTestCase(CallTestCaseKeyword.groovy:81)
	at com.kms.katalon.core.keyword.builtin.CallTestCaseKeyword.execute(CallTestCaseKeyword.groovy:44)
	at com.kms.katalon.core.keyword.internal.KeywordExecutor.executeKeywordForPlatform(KeywordExecutor.groovy:72)
	at com.kms.katalon.core.keyword.BuiltinKeywords.callTestCase(BuiltinKeywords.groovy:334)
	at TC_Agregar_Producto_Almacen.run(TC_Agregar_Producto_Almacen:26)
	at com.kms.katalon.core.main.ScriptEngine.run(ScriptEngine.java:194)
	at com.kms.katalon.core.main.ScriptEngine.runScriptAsRawText(ScriptEngine.java:119)
	at com.kms.katalon.core.main.TestCaseExecutor.runScript(TestCaseExecutor.java:337)
	at com.kms.katalon.core.main.TestCaseExecutor.doExecute(TestCaseExecutor.java:328)
	at com.kms.katalon.core.main.TestCaseExecutor.processExecutionPhase(TestCaseExecutor.java:307)
	at com.kms.katalon.core.main.TestCaseExecutor.accessMainPhase(TestCaseExecutor.java:299)
	at com.kms.katalon.core.main.TestCaseExecutor.execute(TestCaseExecutor.java:233)
	at com.kms.katalon.core.main.TestSuiteExecutor.accessTestCaseMainPhase(TestSuiteExecutor.java:169)
	at com.kms.katalon.core.main.TestSuiteExecutor.accessTestSuiteMainPhase(TestSuiteExecutor.java:142)
	at com.kms.katalon.core.main.TestSuiteExecutor.execute(TestSuiteExecutor.java:91)
	at com.kms.katalon.core.main.TestCaseMain.startTestSuite(TestCaseMain.java:157)
	at com.kms.katalon.core.main.TestCaseMain$startTestSuite$0.call(Unknown Source)
	at TempTestSuite1582647327740.run(TempTestSuite1582647327740.groovy:36)
Caused by: com.kms.katalon.core.exception.StepFailedException: Unable to open browser with url: 'http://test.kaizendev.net/Login/Accesar?salir=true'
	at com.kms.katalon.core.webui.keyword.internal.WebUIKeywordMain.stepFailed(WebUIKeywordMain.groovy:64)
	at com.kms.katalon.core.webui.keyword.internal.WebUIKeywordMain.runKeyword(WebUIKeywordMain.groovy:26)
	at com.kms.katalon.core.webui.keyword.builtin.OpenBrowserKeyword.openBrowser(OpenBrowserKeyword.groovy:81)
	at com.kms.katalon.core.webui.keyword.builtin.OpenBrowserKeyword.execute(OpenBrowserKeyword.groovy:67)
	at com.kms.katalon.core.keyword.internal.KeywordExecutor.executeKeywordForPlatform(KeywordExecutor.groovy:72)
	at com.kms.katalon.core.webui.keyword.WebUiBuiltInKeywords.openBrowser(WebUiBuiltInKeywords.groovy:60)
	at com.kms.katalon.core.webui.keyword.WebUiBuiltInKeywords$openBrowser.call(Unknown Source)
	at Login.run(Login:21)
	at com.kms.katalon.core.main.ScriptEngine.run(ScriptEngine.java:194)
	at com.kms.katalon.core.main.ScriptEngine.runScriptAsRawText(ScriptEngine.java:119)
	at com.kms.katalon.core.main.TestCaseExecutor.runScript(TestCaseExecutor.java:337)
	at com.kms.katalon.core.main.TestCaseExecutor.doExecute(TestCaseExecutor.java:328)
	at com.kms.katalon.core.main.TestCaseExecutor.processExecutionPhase(TestCaseExecutor.java:307)
	at com.kms.katalon.core.main.TestCaseExecutor.accessMainPhase(TestCaseExecutor.java:299)
	at com.kms.katalon.core.main.TestCaseExecutor.execute(TestCaseExecutor.java:233)
	at com.kms.katalon.core.main.TestCaseMain.runTestCase(TestCaseMain.java:114)
	at com.kms.katalon.core.keyword.builtin.CallTestCaseKeyword$_callTestCase_closure1.doCall(CallTestCaseKeyword.groovy:59)
	... 20 more
Caused by: org.openqa.selenium.WebDriverException: unknown error: cannot determine loading status
from disconnected: received Inspector.detached event
  (Session info: chrome=80.0.3987.122)
Build info: version: '3.141.59', revision: 'e82be7d358', time: '2018-11-14T08:25:53'
System info: host: 'LAPTOP-K43U1BVQ', ip: '192.168.99.1', os.name: 'Windows 10', os.arch: 'amd64', os.version: '10.0', java.version: '1.8.0_181'
Driver info: com.kms.katalon.selenium.driver.CChromeDriver
Capabilities {acceptInsecureCerts: false, browserName: chrome, browserVersion: 80.0.3987.122, chrome: {chromedriverVersion: 79.0.3945.36 (3582db32b3389..., userDataDir: C:\Users\kaizen\AppData\Loc...}, goog:chromeOptions: {debuggerAddress: localhost:3823}, javascriptEnabled: true, networkConnectionEnabled: false, pageLoadStrategy: normal, platform: WINDOWS, platformName: WINDOWS, proxy: Proxy(), setWindowRect: true, strictFileInteractability: false, timeouts: {implicit: 0, pageLoad: 300000, script: 30000}, unhandledPromptBehavior: dismiss and notify}
Session ID: a08089e78b7e1ddef64bc98f8828a6bd
	at org.openqa.selenium.remote.http.W3CHttpResponseCodec.createException(W3CHttpResponseCodec.java:187)
	at org.openqa.selenium.remote.http.W3CHttpResponseCodec.decode(W3CHttpResponseCodec.java:122)
	at org.openqa.selenium.remote.http.W3CHttpResponseCodec.decode(W3CHttpResponseCodec.java:49)
	at org.openqa.selenium.remote.HttpCommandExecutor.execute(HttpCommandExecutor.java:158)
	at org.openqa.selenium.remote.service.DriverCommandExecutor.execute(DriverCommandExecutor.java:83)
	at org.openqa.selenium.remote.RemoteWebDriver.execute(RemoteWebDriver.java:552)
	at com.kms.katalon.selenium.driver.CChromeDriver.execute(CChromeDriver.java:19)
	at org.openqa.selenium.remote.RemoteWebDriver.get(RemoteWebDriver.java:277)
	at org.openqa.selenium.support.events.EventFiringWebDriver.lambda$new$1(EventFiringWebDriver.java:105)
	at com.sun.proxy.$Proxy8.get(Unknown Source)
	at org.openqa.selenium.support.events.EventFiringWebDriver.get(EventFiringWebDriver.java:165)
	at com.kms.katalon.core.webui.keyword.builtin.OpenBrowserKeyword$_openBrowser_closure1.doCall(OpenBrowserKeyword.groovy:78)
	at com.kms.katalon.core.webui.keyword.builtin.OpenBrowserKeyword$_openBrowser_closure1.call(OpenBrowserKeyword.groovy)
	at com.kms.katalon.core.webui.keyword.internal.WebUIKeywordMain.runKeyword(WebUIKeywordMain.groovy:20)
	... 35 more]]></system-err>
   </testsuite>
</testsuites>
